=== Started 2017-09-10T14-41-53-686 ===
[INFO ][14:41:53] [1m[32mMultiOgar 1.3.7[37m - An open source multi-protocol ogar server[0m
[ERROR][14:41:53] Unknown gameserver.ini value: serverVersionCode
[ERROR][14:41:53] Unknown gameserver.ini value: separateChatForTeams
[ERROR][14:41:53] Unknown gameserver.ini value: ejectDistance
[ERROR][14:41:53] Unknown gameserver.ini value: tourneyMaxPlayers
[ERROR][14:41:53] Unknown gameserver.ini value: tourneyPrepTime
[ERROR][14:41:53] Unknown gameserver.ini value: tourneyEndTime
[ERROR][14:41:53] Unknown gameserver.ini value: tourneyTimeLimit
[ERROR][14:41:53] Unknown gameserver.ini value: tourneyAutoFill
[ERROR][14:41:53] Unknown gameserver.ini value: tourneyAutoFillPlayers
[INFO ][14:41:53] 0 IP ban records loaded.
[WARN ][14:41:53] User account "Local Administrator" disabled
[WARN ][14:41:53] User account "Local Moderator" disabled
[WARN ][14:41:53] User account "Local User" disabled
[INFO ][14:41:53] 0 user records loaded.
[INFO ][14:41:53] 25 bad words loaded
[INFO ][14:41:53] WebSocket: ws
[INFO ][14:41:53] Started stats server on port 9999
[INFO ][14:41:53] Listening on port 1111
[INFO ][14:41:53] Current game mode is Free For All
[ERROR][14:41:54] [Tracker][ogar-tracker.tk]: statusCode = 403
[ERROR][14:41:54] [Tracker][ogar-tracker.tk]: statusCode = 403
[ERROR][14:41:54] [Tracker][ogar-tracker.tk]: statusCode = 403
[ERROR][14:41:54] [Tracker][ogar-tracker.tk]: statusCode = 403
[ERROR][14:41:54] [Tracker][c0nsume.me]: statusCode = 400
[ERROR][14:41:54] [Tracker][c0nsume.me]: statusCode = 400
[ERROR][14:41:54] [Tracker][c0nsume.me]: statusCode = 400
[ERROR][14:41:54] [Tracker][c0nsume.me]: statusCode = 400
[ERROR][14:42:05] [Tracker][c0nsume.me]: statusCode = 400
[ERROR][14:42:05] [Tracker][c0nsume.me]: statusCode = 400
[ERROR][14:42:05] [Tracker][c0nsume.me]: statusCode = 400
[ERROR][14:42:06] [Tracker][c0nsume.me]: statusCode = 400
[ERROR][14:42:06] [Tracker][ogar-tracker.tk]: statusCode = 403
[ERROR][14:42:06] [Tracker][ogar-tracker.tk]: statusCode = 403
[ERROR][14:42:08] [Tracker][ogar-tracker.tk]: statusCode = 403
[NONE ][14:42:14] CONNECTED    127.0.0.1:38305, origin: "undefined"
[ERROR][14:42:17] [Tracker][c0nsume.me]: statusCode = 400
[ERROR][14:42:17] [Tracker][ogar-tracker.tk]: statusCode = 403
[ERROR][14:42:17] [Tracker][ogar-tracker.tk]: statusCode = 403
[ERROR][14:42:17] [Tracker][ogar-tracker.tk]: statusCode = 403
[ERROR][14:42:17] [Tracker][c0nsume.me]: statusCode = 400
[ERROR][14:42:17] [Tracker][c0nsume.me]: statusCode = 400
[ERROR][14:42:17] [Tracker][c0nsume.me]: statusCode = 400
[ERROR][14:42:17] [Tracker][ogar-tracker.tk]: statusCode = 403
[ERROR][14:42:20] [Tracker][ogar-tracker.tk]: statusCode = 403
[ERROR][14:42:28] [Tracker][c0nsume.me]: statusCode = 400
[ERROR][14:42:28] [Tracker][c0nsume.me]: statusCode = 400
[ERROR][14:42:28] [Tracker][c0nsume.me]: statusCode = 400
[ERROR][14:42:29] [Tracker][c0nsume.me]: statusCode = 400
[ERROR][14:42:29] [Tracker][ogar-tracker.tk]: statusCode = 403
[ERROR][14:42:29] [Tracker][ogar-tracker.tk]: statusCode = 403
[ERROR][14:42:29] [Tracker][ogar-tracker.tk]: statusCode = 403
[ERROR][14:42:35] [Tracker][ogar-tracker.tk]: statusCode = 403
[DEBUG][14:42:37] [CHAT][127.0.0.1:38305][DeezNuts] Ok
[ERROR][14:42:40] [Tracker][c0nsume.me]: statusCode = 400
[ERROR][14:42:40] [Tracker][ogar-tracker.tk]: statusCode = 403
[ERROR][14:42:40] [Tracker][c0nsume.me]: statusCode = 400
[ERROR][14:42:40] [Tracker][ogar-tracker.tk]: statusCode = 403
[ERROR][14:42:40] [Tracker][c0nsume.me]: statusCode = 400
[ERROR][14:42:40] [Tracker][ogar-tracker.tk]: statusCode = 403
[ERROR][14:42:40] [Tracker][ogar-tracker.tk]: statusCode = 403
[ERROR][14:42:40] [Tracker][c0nsume.me]: statusCode = 400
[DEBUG][14:42:44] [CHAT][127.0.0.1:38305][DeezNuts] So Line Split
[DEBUG][14:42:49] [CHAT][127.0.0.1:38305][DeezNuts] Spectate?
[ERROR][14:42:51] [Tracker][c0nsume.me]: statusCode = 400
[ERROR][14:42:51] [Tracker][ogar-tracker.tk]: statusCode = 403
[ERROR][14:42:51] [Tracker][c0nsume.me]: statusCode = 400
[ERROR][14:42:51] [Tracker][ogar-tracker.tk]: statusCode = 403
[ERROR][14:42:51] [Tracker][ogar-tracker.tk]: statusCode = 403
[ERROR][14:42:51] [Tracker][c0nsume.me]: statusCode = 400
[ERROR][14:42:52] [Tracker][ogar-tracker.tk]: statusCode = 403
[ERROR][14:42:52] [Tracker][c0nsume.me]: statusCode = 400
[DEBUG][14:42:54] [CHAT][127.0.0.1:38305][DeezNuts] ye
[DEBUG][14:42:57] [CHAT][127.0.0.1:38305][DeezNuts] ok
[ERROR][14:43:03] [Tracker][c0nsume.me]: statusCode = 400
[ERROR][14:43:03] [Tracker][c0nsume.me]: statusCode = 400
[ERROR][14:43:03] [Tracker][c0nsume.me]: statusCode = 400
[ERROR][14:43:03] [Tracker][ogar-tracker.tk]: statusCode = 403
[ERROR][14:43:03] [Tracker][ogar-tracker.tk]: statusCode = 403
[ERROR][14:43:03] [Tracker][c0nsume.me]: statusCode = 400
[ERROR][14:43:04] [Tracker][ogar-tracker.tk]: statusCode = 403
[ERROR][14:43:04] [Tracker][ogar-tracker.tk]: statusCode = 403
[ERROR][14:43:14] [Tracker][c0nsume.me]: statusCode = 400
[ERROR][14:43:14] [Tracker][ogar-tracker.tk]: statusCode = 403
[ERROR][14:43:14] [Tracker][ogar-tracker.tk]: statusCode = 403
[ERROR][14:43:14] [Tracker][c0nsume.me]: statusCode = 400
[ERROR][14:43:14] [Tracker][ogar-tracker.tk]: statusCode = 403
[ERROR][14:43:14] [Tracker][c0nsume.me]: statusCode = 400
[ERROR][14:43:15] [Tracker][c0nsume.me]: statusCode = 400
[ERROR][14:43:15] [Tracker][ogar-tracker.tk]: statusCode = 403
[ERROR][14:43:26] [Tracker][c0nsume.me]: statusCode = 400
[ERROR][14:43:26] [Tracker][ogar-tracker.tk]: statusCode = 403
[ERROR][14:43:26] [Tracker][c0nsume.me]: statusCode = 400
[ERROR][14:43:26] [Tracker][c0nsume.me]: statusCode = 400
[ERROR][14:43:26] [Tracker][ogar-tracker.tk]: statusCode = 403
[ERROR][14:43:26] [Tracker][c0nsume.me]: statusCode = 400
[NONE ][14:43:36] >merge 1
[NONE ][14:43:36] DeezNuts is now force merging
[ERROR][14:43:37] [Tracker][c0nsume.me]: statusCode = 400
[ERROR][14:43:37] [Tracker][ogar-tracker.tk]: statusCode = 403
[ERROR][14:43:37] [Tracker][c0nsume.me]: statusCode = 400
[ERROR][14:43:38] [Tracker][c0nsume.me]: statusCode = 400
[ERROR][14:43:38] [Tracker][ogar-tracker.tk]: statusCode = 403
[ERROR][14:43:38] [Tracker][c0nsume.me]: statusCode = 400
[ERROR][14:43:49] [Tracker][ogar-tracker.tk]: statusCode = 403
[ERROR][14:43:49] [Tracker][c0nsume.me]: statusCode = 400
[ERROR][14:43:49] [Tracker][c0nsume.me]: statusCode = 400
[ERROR][14:43:49] [Tracker][c0nsume.me]: statusCode = 400
[ERROR][14:43:49] [Tracker][ogar-tracker.tk]: statusCode = 403
[ERROR][14:43:49] [Tracker][c0nsume.me]: statusCode = 400
[ERROR][14:43:49] [Tracker][ogar-tracker.tk]: statusCode = 403
[ERROR][14:43:57] [Tracker][ogar-tracker.tk]: Error: connect ETIMEDOUT 195.20.46.84:80
[ERROR][14:43:57] [Tracker][ogar-tracker.tk]: Error: connect ETIMEDOUT 195.20.46.84:80
[ERROR][14:44:00] [Tracker][c0nsume.me]: statusCode = 400
[ERROR][14:44:01] [Tracker][c0nsume.me]: statusCode = 400
[ERROR][14:44:01] [Tracker][ogar-tracker.tk]: statusCode = 403
[ERROR][14:44:01] [Tracker][ogar-tracker.tk]: statusCode = 403
[ERROR][14:44:01] [Tracker][c0nsume.me]: statusCode = 400
[ERROR][14:44:01] [Tracker][ogar-tracker.tk]: statusCode = 403
[ERROR][14:44:01] [Tracker][c0nsume.me]: statusCode = 400
[ERROR][14:44:08] [Tracker][ogar-tracker.tk]: Error: connect ETIMEDOUT 195.20.46.84:80
[ERROR][14:44:09] [Tracker][ogar-tracker.tk]: Error: connect ETIMEDOUT 195.20.46.84:80
[ERROR][14:44:12] [Tracker][ogar-tracker.tk]: statusCode = 403
[ERROR][14:44:12] [Tracker][ogar-tracker.tk]: statusCode = 403
[ERROR][14:44:12] [Tracker][c0nsume.me]: statusCode = 400
[ERROR][14:44:12] [Tracker][c0nsume.me]: statusCode = 400
[ERROR][14:44:12] [Tracker][ogar-tracker.tk]: statusCode = 403
[ERROR][14:44:12] [Tracker][c0nsume.me]: statusCode = 400
[ERROR][14:44:12] [Tracker][c0nsume.me]: statusCode = 400
[ERROR][14:44:20] [Tracker][ogar-tracker.tk]: Error: connect ETIMEDOUT 195.20.46.84:80
[ERROR][14:44:24] [Tracker][c0nsume.me]: statusCode = 400
[ERROR][14:44:24] [Tracker][ogar-tracker.tk]: statusCode = 403
[ERROR][14:44:24] [Tracker][c0nsume.me]: statusCode = 400
[ERROR][14:44:24] [Tracker][ogar-tracker.tk]: statusCode = 403
[ERROR][14:44:24] [Tracker][c0nsume.me]: statusCode = 400
[ERROR][14:44:24] [Tracker][c0nsume.me]: statusCode = 400
[ERROR][14:44:27] [Tracker][ogar-tracker.tk]: statusCode = 403
[ERROR][14:44:31] [Tracker][ogar-tracker.tk]: Error: connect ETIMEDOUT 195.20.46.84:80
[ERROR][14:44:35] [Tracker][c0nsume.me]: statusCode = 400
[ERROR][14:44:35] [Tracker][ogar-tracker.tk]: statusCode = 403
[ERROR][14:44:35] [Tracker][ogar-tracker.tk]: statusCode = 403
[ERROR][14:44:35] [Tracker][c0nsume.me]: statusCode = 400
[ERROR][14:44:35] [Tracker][ogar-tracker.tk]: statusCode = 403
[ERROR][14:44:35] [Tracker][c0nsume.me]: statusCode = 400
[ERROR][14:44:35] [Tracker][c0nsume.me]: statusCode = 400
[ERROR][14:44:39] [Tracker][ogar-tracker.tk]: statusCode = 403
[ERROR][14:44:43] [Tracker][ogar-tracker.tk]: Error: connect ETIMEDOUT 195.20.46.84:80
[NONE ][14:44:44] >exit
[WARN ][14:44:44] Closing server...
[DEBUG][14:44:44] process.exit(1)
=== Shutdown 2017-09-10T14-44-44-606 ===
