=== Started 2017-09-10T11-22-54-023 ===
[INFO ][11:22:54] [1m[32mMultiOgar 1.3.7[37m - An open source multi-protocol ogar server[0m
[ERROR][11:22:54] Unknown gameserver.ini value: serverVersionCode
[ERROR][11:22:54] Unknown gameserver.ini value: separateChatForTeams
[ERROR][11:22:54] Unknown gameserver.ini value: ejectDistance
[ERROR][11:22:54] Unknown gameserver.ini value: tourneyMaxPlayers
[ERROR][11:22:54] Unknown gameserver.ini value: tourneyPrepTime
[ERROR][11:22:54] Unknown gameserver.ini value: tourneyEndTime
[ERROR][11:22:54] Unknown gameserver.ini value: tourneyTimeLimit
[ERROR][11:22:54] Unknown gameserver.ini value: tourneyAutoFill
[ERROR][11:22:54] Unknown gameserver.ini value: tourneyAutoFillPlayers
[INFO ][11:22:54] 0 IP ban records loaded.
[WARN ][11:22:54] User account "Local Administrator" disabled
[WARN ][11:22:54] User account "Local Moderator" disabled
[WARN ][11:22:54] User account "Local User" disabled
[INFO ][11:22:54] 0 user records loaded.
[INFO ][11:22:54] 25 bad words loaded
[INFO ][11:22:54] WebSocket: ws
[INFO ][11:22:54] Started stats server on port 9999
[INFO ][11:22:54] Listening on port 1111
[INFO ][11:22:54] Current game mode is Free For All
[ERROR][11:22:54] [Tracker][ogar-tracker.tk]: statusCode = 403
[ERROR][11:22:54] [Tracker][c0nsume.me]: statusCode = 400
[ERROR][11:22:54] [Tracker][c0nsume.me]: statusCode = 400
[ERROR][11:22:54] [Tracker][ogar-tracker.tk]: statusCode = 403
[ERROR][11:22:54] [Tracker][c0nsume.me]: statusCode = 400
[ERROR][11:22:54] [Tracker][ogar-tracker.tk]: statusCode = 403
[ERROR][11:22:54] [Tracker][c0nsume.me]: statusCode = 400
[NONE ][11:22:59] CONNECTED    127.0.0.1:41732, origin: "undefined"
[ERROR][11:23:06] [Tracker][c0nsume.me]: statusCode = 400
[ERROR][11:23:06] [Tracker][c0nsume.me]: statusCode = 400
[ERROR][11:23:06] [Tracker][ogar-tracker.tk]: statusCode = 403
[ERROR][11:23:06] [Tracker][c0nsume.me]: statusCode = 400
[ERROR][11:23:06] [Tracker][c0nsume.me]: statusCode = 400
[ERROR][11:23:06] [Tracker][ogar-tracker.tk]: statusCode = 403
[NONE ][11:23:08] >minion 1 100
[NONE ][11:23:08] Added 100 minions for DeezNuts
[ERROR][11:23:17] [Tracker][c0nsume.me]: statusCode = 400
[ERROR][11:23:17] [Tracker][ogar-tracker.tk]: statusCode = 403
[ERROR][11:23:17] [Tracker][ogar-tracker.tk]: statusCode = 403
[ERROR][11:23:17] [Tracker][c0nsume.me]: statusCode = 400
[ERROR][11:23:17] [Tracker][c0nsume.me]: statusCode = 400
[ERROR][11:23:17] [Tracker][ogar-tracker.tk]: statusCode = 403
[ERROR][11:23:17] [Tracker][c0nsume.me]: statusCode = 400
[ERROR][11:23:17] [Tracker][ogar-tracker.tk]: statusCode = 403
[ERROR][11:23:25] [Tracker][ogar-tracker.tk]: Error: connect ETIMEDOUT 195.20.46.84:80
[ERROR][11:23:29] [Tracker][c0nsume.me]: statusCode = 400
[ERROR][11:23:29] [Tracker][ogar-tracker.tk]: statusCode = 403
[ERROR][11:23:29] [Tracker][ogar-tracker.tk]: statusCode = 403
[ERROR][11:23:29] [Tracker][c0nsume.me]: statusCode = 400
[ERROR][11:23:29] [Tracker][c0nsume.me]: statusCode = 400
[ERROR][11:23:29] [Tracker][ogar-tracker.tk]: statusCode = 403
[ERROR][11:23:29] [Tracker][c0nsume.me]: statusCode = 400
[ERROR][11:23:37] [Tracker][ogar-tracker.tk]: Error: connect ETIMEDOUT 195.20.46.84:80
[ERROR][11:23:37] [Tracker][ogar-tracker.tk]: Error: connect ETIMEDOUT 195.20.46.84:80
[ERROR][11:23:42] [Tracker][c0nsume.me]: statusCode = 400
[ERROR][11:23:42] [Tracker][c0nsume.me]: statusCode = 400
[ERROR][11:23:42] [Tracker][ogar-tracker.tk]: statusCode = 403
[ERROR][11:23:42] [Tracker][ogar-tracker.tk]: statusCode = 403
[ERROR][11:23:42] [Tracker][c0nsume.me]: statusCode = 400
[ERROR][11:23:42] [Tracker][ogar-tracker.tk]: statusCode = 403
[ERROR][11:23:42] [Tracker][ogar-tracker.tk]: statusCode = 403
[ERROR][11:23:42] [Tracker][c0nsume.me]: statusCode = 400
[ERROR][11:23:52] [Tracker][c0nsume.me]: statusCode = 400
[ERROR][11:23:52] [Tracker][c0nsume.me]: statusCode = 400
[ERROR][11:23:52] [Tracker][ogar-tracker.tk]: statusCode = 403
[ERROR][11:23:52] [Tracker][ogar-tracker.tk]: statusCode = 403
[ERROR][11:23:52] [Tracker][c0nsume.me]: statusCode = 400
[ERROR][11:23:52] [Tracker][ogar-tracker.tk]: statusCode = 403
[ERROR][11:23:52] [Tracker][c0nsume.me]: statusCode = 400
[ERROR][11:24:00] [Tracker][ogar-tracker.tk]: Error: connect ETIMEDOUT 195.20.46.84:80
[ERROR][11:24:07] [Tracker][ogar-tracker.tk]: statusCode = 403
[ERROR][11:24:09] [Tracker][c0nsume.me]: statusCode = 400
[ERROR][11:24:09] [Tracker][ogar-tracker.tk]: statusCode = 403
[ERROR][11:24:10] [Tracker][ogar-tracker.tk]: statusCode = 403
[ERROR][11:24:10] [Tracker][c0nsume.me]: statusCode = 400
[ERROR][11:24:10] [Tracker][ogar-tracker.tk]: statusCode = 403
[ERROR][11:24:10] [Tracker][c0nsume.me]: statusCode = 400
[ERROR][11:24:10] [Tracker][ogar-tracker.tk]: statusCode = 403
[ERROR][11:24:10] [Tracker][c0nsume.me]: statusCode = 400
[ERROR][11:24:23] [Tracker][c0nsume.me]: statusCode = 400
[ERROR][11:24:23] [Tracker][ogar-tracker.tk]: statusCode = 403
[ERROR][11:24:23] [Tracker][ogar-tracker.tk]: statusCode = 403
[ERROR][11:24:23] [Tracker][ogar-tracker.tk]: statusCode = 403
[ERROR][11:24:23] [Tracker][c0nsume.me]: statusCode = 400
[ERROR][11:24:23] [Tracker][ogar-tracker.tk]: statusCode = 403
[ERROR][11:24:23] [Tracker][c0nsume.me]: statusCode = 400
[ERROR][11:24:23] [Tracker][c0nsume.me]: statusCode = 400
[ERROR][11:24:26] [Tracker][c0nsume.me]: statusCode = 400
[ERROR][11:24:26] [Tracker][ogar-tracker.tk]: statusCode = 403
[ERROR][11:24:26] [Tracker][ogar-tracker.tk]: statusCode = 403
[ERROR][11:24:27] [Tracker][c0nsume.me]: statusCode = 400
[ERROR][11:24:27] [Tracker][c0nsume.me]: statusCode = 400
[ERROR][11:24:27] [Tracker][c0nsume.me]: statusCode = 400
[ERROR][11:24:38] [Tracker][c0nsume.me]: statusCode = 400
[ERROR][11:24:38] [Tracker][ogar-tracker.tk]: statusCode = 403
[ERROR][11:24:38] [Tracker][ogar-tracker.tk]: statusCode = 403
[ERROR][11:24:38] [Tracker][c0nsume.me]: statusCode = 400
[ERROR][11:24:38] [Tracker][ogar-tracker.tk]: statusCode = 403
[ERROR][11:24:38] [Tracker][c0nsume.me]: statusCode = 400
[ERROR][11:24:38] [Tracker][ogar-tracker.tk]: statusCode = 403
[ERROR][11:24:38] [Tracker][c0nsume.me]: statusCode = 400
[ERROR][11:24:49] [Tracker][c0nsume.me]: statusCode = 400
[ERROR][11:24:49] [Tracker][ogar-tracker.tk]: statusCode = 403
[ERROR][11:24:49] [Tracker][ogar-tracker.tk]: statusCode = 403
[ERROR][11:24:49] [Tracker][ogar-tracker.tk]: statusCode = 403
[ERROR][11:24:49] [Tracker][c0nsume.me]: statusCode = 400
[ERROR][11:24:50] [Tracker][ogar-tracker.tk]: statusCode = 403
[ERROR][11:24:50] [Tracker][c0nsume.me]: statusCode = 400
[ERROR][11:24:57] [Tracker][ogar-tracker.tk]: Error: connect ETIMEDOUT 195.20.46.84:80
[ERROR][11:24:57] [Tracker][ogar-tracker.tk]: Error: connect ETIMEDOUT 195.20.46.84:80
[ERROR][11:25:01] [Tracker][ogar-tracker.tk]: statusCode = 403
[ERROR][11:25:01] [Tracker][c0nsume.me]: statusCode = 400
[ERROR][11:25:01] [Tracker][c0nsume.me]: statusCode = 400
[ERROR][11:25:01] [Tracker][ogar-tracker.tk]: statusCode = 403
[ERROR][11:25:01] [Tracker][ogar-tracker.tk]: statusCode = 403
[ERROR][11:25:01] [Tracker][c0nsume.me]: statusCode = 400
[ERROR][11:25:01] [Tracker][ogar-tracker.tk]: statusCode = 403
[ERROR][11:25:01] [Tracker][c0nsume.me]: statusCode = 400
[NONE ][11:25:04] >help
[NONE ][11:25:04] ╭──────────────╮
[NONE ][11:25:04] │ COMMAND LIST │
[NONE ][11:25:04] ├──────────────┴──────────────┬─────────────────────────────────────────────╮
[NONE ][11:25:04] │Addbot [number]              │ Adds bots to the server                     │
[NONE ][11:25:04] │Kickbot [number]             │ Kick a number of bots                       │
[NONE ][11:25:04] │Ban [PlayerID | IP]          │ Bans a(n) (player's) IP                     │
[NONE ][11:25:04] │Banlist                      │ Get list of banned IPs.                     │
[NONE ][11:25:04] │Board [string] [string] ...  │ Set scoreboard text                         │
[NONE ][11:25:04] │Change [setting] [value]     │ Change specified settings                   │
[NONE ][11:25:04] │Clear                        │ Clear console output                        │
[NONE ][11:25:04] │Color [PlayerID] [R] [G] [B] │ Set cell(s) color by client ID              │
[NONE ][11:25:04] │Exit                         │ Stop the server                             │
[NONE ][11:25:04] │Kick [PlayerID]              │ Kick player or bot by client ID             │
[NONE ][11:25:04] │Kickall                      │ Kick all players and bots                   │
[NONE ][11:25:04] │Mute [PlayerID]              │ Mute player (block chat messages from him)  │
[NONE ][11:25:04] │Unmute [PlayerID]            │ Unmute player (allow chat messages from him)│
[NONE ][11:25:04] │Kill [PlayerID]              │ Kill cell(s) by client ID                   │
[NONE ][11:25:04] │Killall                      │ Kill everyone                               │
[NONE ][11:25:04] │Mass [PlayerID] [mass]       │ Set cell(s) mass by client ID               │
[NONE ][11:25:04] │Merge [PlayerID]             │ Merge all client's cells once               │
[NONE ][11:25:04] │Name [PlayerID] [name]       │ Change cell(s) name by client ID            │
[NONE ][11:25:04] │Pause                        │ Pause game , freeze all cells               │
[NONE ][11:25:04] │Playerlist                   │ Get list of players and bots                │
[NONE ][11:25:04] │Reload                       │ Reload config                               │
[NONE ][11:25:04] │Status                       │ Get server status                           │
[NONE ][11:25:04] |Reset                        | Resets the server by removing all nodes     |
[NONE ][11:25:04] │Unban [IP]                   │ Unban an IP                                 │
[NONE ][11:25:04] │Minion [PlayerID] [#] [name] │ Adds suicide minions to the server          │
[NONE ][11:25:04] │Spawnmass [PlayerID] [mass]  │ Sets players spawn mass                     │
[NONE ][11:25:04] │Freeze [PlayerID]            │ Freezes a player                            │
[NONE ][11:25:04] │Speed [PlayerID]             │ Sets a players base speed                   │
[NONE ][11:25:04] │Rec [PlayerID]               │ Puts a player in rec mode                   │
[NONE ][11:25:04] |Split [PlayerID] [Amount]    | Forces a player to split themselves         |
[NONE ][11:25:04] │St                           │ Alias for status                            │
[NONE ][11:25:04] │Pl                           │ Alias for playerlist                        │
[NONE ][11:25:04] │M                            │ Alias for mass                              │
[NONE ][11:25:04] │Sm                           │ Alias for spawnmass                         │
[NONE ][11:25:04] │Ka                           │ Alias for killall                           │
[NONE ][11:25:04] │K                            │ Alias for kill                              │
[NONE ][11:25:04] │Mg                           │ Alias for merge                             │
[NONE ][11:25:04] │S                            │ Alias for speed                             │
[NONE ][11:25:04] ├─────────────────────────────┴─────────────────────────────────────────────┤
[NONE ][11:25:04] │DISCLAIMER: commands do not have to be capitalized!                        │
[NONE ][11:25:04] ╰───────────────────────────────────────────────────────────────────────────╯
[ERROR][11:25:05] [Tracker][c0nsume.me]: statusCode = 400
[ERROR][11:25:12] [Tracker][c0nsume.me]: statusCode = 400
[ERROR][11:25:12] [Tracker][ogar-tracker.tk]: statusCode = 403
[ERROR][11:25:12] [Tracker][c0nsume.me]: statusCode = 400
[ERROR][11:25:12] [Tracker][ogar-tracker.tk]: statusCode = 403
[ERROR][11:25:13] [Tracker][ogar-tracker.tk]: statusCode = 403
[ERROR][11:25:13] [Tracker][c0nsume.me]: statusCode = 400
[ERROR][11:25:13] [Tracker][ogar-tracker.tk]: statusCode = 403
[ERROR][11:25:13] [Tracker][c0nsume.me]: statusCode = 400
[ERROR][11:25:24] [Tracker][ogar-tracker.tk]: statusCode = 403
[ERROR][11:25:24] [Tracker][ogar-tracker.tk]: statusCode = 403
[ERROR][11:25:24] [Tracker][c0nsume.me]: statusCode = 400
[ERROR][11:25:24] [Tracker][c0nsume.me]: statusCode = 400
[ERROR][11:25:24] [Tracker][ogar-tracker.tk]: statusCode = 403
[ERROR][11:25:24] [Tracker][c0nsume.me]: statusCode = 400
[ERROR][11:25:24] [Tracker][ogar-tracker.tk]: statusCode = 403
[ERROR][11:25:24] [Tracker][c0nsume.me]: statusCode = 400
[NONE ][11:25:24] >exit
[WARN ][11:25:24] Closing server...
[DEBUG][11:25:24] process.exit(1)
=== Shutdown 2017-09-10T11-25-24-790 ===
