=== Started 2017-09-10T16-09-02-676 ===
[INFO ][16:09:02] [1m[32mMultiOgar 1.3.7[37m - An open source multi-protocol ogar server[0m
[ERROR][16:09:02] Unknown gameserver.ini value: serverVersionCode
[ERROR][16:09:02] Unknown gameserver.ini value: separateChatForTeams
[ERROR][16:09:02] Unknown gameserver.ini value: ejectDistance
[ERROR][16:09:02] Unknown gameserver.ini value: tourneyMaxPlayers
[ERROR][16:09:02] Unknown gameserver.ini value: tourneyPrepTime
[ERROR][16:09:02] Unknown gameserver.ini value: tourneyEndTime
[ERROR][16:09:02] Unknown gameserver.ini value: tourneyTimeLimit
[ERROR][16:09:02] Unknown gameserver.ini value: tourneyAutoFill
[ERROR][16:09:02] Unknown gameserver.ini value: tourneyAutoFillPlayers
[INFO ][16:09:02] 0 IP ban records loaded.
[WARN ][16:09:02] User account "Local Administrator" disabled
[WARN ][16:09:02] User account "Local Moderator" disabled
[WARN ][16:09:02] User account "Local User" disabled
[INFO ][16:09:02] 0 user records loaded.
[INFO ][16:09:02] 25 bad words loaded
[INFO ][16:09:02] WebSocket: ws
[INFO ][16:09:02] Started stats server on port 9999
[INFO ][16:09:02] Listening on port 1111
[INFO ][16:09:02] Current game mode is Experimental
[ERROR][16:09:03] [Tracker][c0nsume.me]: statusCode = 400
[ERROR][16:09:03] [Tracker][ogar-tracker.tk]: statusCode = 403
[ERROR][16:09:03] [Tracker][ogar-tracker.tk]: statusCode = 403
[ERROR][16:09:03] [Tracker][ogar-tracker.tk]: statusCode = 403
[ERROR][16:09:03] [Tracker][c0nsume.me]: statusCode = 400
[ERROR][16:09:03] [Tracker][c0nsume.me]: statusCode = 400
[ERROR][16:09:03] [Tracker][ogar-tracker.tk]: statusCode = 403
[ERROR][16:09:03] [Tracker][c0nsume.me]: statusCode = 400
[NONE ][16:09:07] CONNECTED    127.0.0.1:51335, origin: "undefined"
[ERROR][16:09:14] [Tracker][c0nsume.me]: statusCode = 400
[ERROR][16:09:14] [Tracker][ogar-tracker.tk]: statusCode = 403
[ERROR][16:09:14] [Tracker][c0nsume.me]: statusCode = 400
[ERROR][16:09:14] [Tracker][ogar-tracker.tk]: statusCode = 403
[ERROR][16:09:14] [Tracker][ogar-tracker.tk]: statusCode = 403
[ERROR][16:09:14] [Tracker][c0nsume.me]: statusCode = 400
[ERROR][16:09:14] [Tracker][c0nsume.me]: statusCode = 400
[ERROR][16:09:14] [Tracker][ogar-tracker.tk]: statusCode = 403
[ERROR][16:09:28] [Tracker][c0nsume.me]: statusCode = 400
[ERROR][16:09:28] [Tracker][ogar-tracker.tk]: statusCode = 403
[ERROR][16:09:28] [Tracker][c0nsume.me]: statusCode = 400
[ERROR][16:09:28] [Tracker][ogar-tracker.tk]: statusCode = 403
[ERROR][16:09:28] [Tracker][ogar-tracker.tk]: statusCode = 403
[ERROR][16:09:28] [Tracker][c0nsume.me]: statusCode = 400
[ERROR][16:09:28] [Tracker][ogar-tracker.tk]: statusCode = 403
[ERROR][16:09:28] [Tracker][c0nsume.me]: statusCode = 400
[ERROR][16:09:40] [Tracker][c0nsume.me]: statusCode = 400
[ERROR][16:09:40] [Tracker][c0nsume.me]: statusCode = 400
[ERROR][16:09:40] [Tracker][ogar-tracker.tk]: statusCode = 403
[ERROR][16:09:40] [Tracker][c0nsume.me]: statusCode = 400
[ERROR][16:09:40] [Tracker][ogar-tracker.tk]: statusCode = 403
[ERROR][16:09:40] [Tracker][c0nsume.me]: statusCode = 400
[ERROR][16:09:40] [Tracker][ogar-tracker.tk]: statusCode = 403
[ERROR][16:09:49] [Tracker][c0nsume.me]: statusCode = 400
[ERROR][16:09:49] [Tracker][ogar-tracker.tk]: statusCode = 403
[ERROR][16:09:49] [Tracker][ogar-tracker.tk]: statusCode = 403
[ERROR][16:09:49] [Tracker][c0nsume.me]: statusCode = 400
[ERROR][16:09:49] [Tracker][ogar-tracker.tk]: statusCode = 403
[ERROR][16:09:49] [Tracker][c0nsume.me]: statusCode = 400
[ERROR][16:09:49] [Tracker][ogar-tracker.tk]: statusCode = 403
[ERROR][16:09:50] [Tracker][c0nsume.me]: statusCode = 400
[ERROR][16:10:00] [Tracker][c0nsume.me]: statusCode = 400
[ERROR][16:10:00] [Tracker][ogar-tracker.tk]: statusCode = 403
[ERROR][16:10:00] [Tracker][c0nsume.me]: statusCode = 400
[ERROR][16:10:01] [Tracker][ogar-tracker.tk]: statusCode = 403
[ERROR][16:10:01] [Tracker][c0nsume.me]: statusCode = 400
[ERROR][16:10:01] [Tracker][ogar-tracker.tk]: statusCode = 403
[ERROR][16:10:01] [Tracker][ogar-tracker.tk]: statusCode = 403
[ERROR][16:10:01] [Tracker][c0nsume.me]: statusCode = 400
[ERROR][16:10:11] [Tracker][ogar-tracker.tk]: Error: connect ETIMEDOUT 195.20.46.84:80
[ERROR][16:10:12] [Tracker][c0nsume.me]: statusCode = 400
[ERROR][16:10:12] [Tracker][ogar-tracker.tk]: statusCode = 403
[ERROR][16:10:12] [Tracker][c0nsume.me]: statusCode = 400
[ERROR][16:10:12] [Tracker][c0nsume.me]: statusCode = 400
[ERROR][16:10:12] [Tracker][ogar-tracker.tk]: statusCode = 403
[ERROR][16:10:12] [Tracker][c0nsume.me]: statusCode = 400
[ERROR][16:10:12] [Tracker][ogar-tracker.tk]: statusCode = 403
[NONE ][16:10:13] >killall
[NONE ][16:10:13] Removed 101 cells
[ERROR][16:10:23] [Tracker][c0nsume.me]: statusCode = 400
[ERROR][16:10:23] [Tracker][ogar-tracker.tk]: statusCode = 403
[ERROR][16:10:23] [Tracker][c0nsume.me]: statusCode = 400
[ERROR][16:10:23] [Tracker][ogar-tracker.tk]: statusCode = 403
[ERROR][16:10:24] [Tracker][ogar-tracker.tk]: statusCode = 403
[ERROR][16:10:24] [Tracker][c0nsume.me]: statusCode = 400
[ERROR][16:10:24] [Tracker][c0nsume.me]: statusCode = 400
[ERROR][16:10:27] [Tracker][ogar-tracker.tk]: statusCode = 403
[ERROR][16:10:35] [Tracker][c0nsume.me]: statusCode = 400
[ERROR][16:10:35] [Tracker][ogar-tracker.tk]: statusCode = 403
[ERROR][16:10:35] [Tracker][c0nsume.me]: statusCode = 400
[ERROR][16:10:35] [Tracker][c0nsume.me]: statusCode = 400
[ERROR][16:10:35] [Tracker][ogar-tracker.tk]: statusCode = 403
[ERROR][16:10:35] [Tracker][ogar-tracker.tk]: statusCode = 403
[ERROR][16:10:36] [Tracker][c0nsume.me]: statusCode = 400
[ERROR][16:10:49] [Tracker][c0nsume.me]: statusCode = 400
[ERROR][16:10:49] [Tracker][ogar-tracker.tk]: statusCode = 403
[ERROR][16:10:49] [Tracker][ogar-tracker.tk]: statusCode = 403
[ERROR][16:10:49] [Tracker][c0nsume.me]: statusCode = 400
[ERROR][16:10:49] [Tracker][ogar-tracker.tk]: statusCode = 403
[ERROR][16:10:49] [Tracker][c0nsume.me]: statusCode = 400
[ERROR][16:10:49] [Tracker][ogar-tracker.tk]: statusCode = 403
[ERROR][16:10:49] [Tracker][c0nsume.me]: statusCode = 400
[ERROR][16:10:55] [Tracker][ogar-tracker.tk]: Error: connect ETIMEDOUT 195.20.46.84:80
[NONE ][16:11:00] >split 1 16
[NONE ][16:11:00] Forced DeezNuts to split 16 times
[ERROR][16:11:01] [Tracker][c0nsume.me]: statusCode = 400
[ERROR][16:11:01] [Tracker][c0nsume.me]: statusCode = 400
[ERROR][16:11:01] [Tracker][ogar-tracker.tk]: statusCode = 403
[ERROR][16:11:01] [Tracker][c0nsume.me]: statusCode = 400
[ERROR][16:11:01] [Tracker][ogar-tracker.tk]: statusCode = 403
[ERROR][16:11:01] [Tracker][c0nsume.me]: statusCode = 400
[ERROR][16:11:01] [Tracker][ogar-tracker.tk]: statusCode = 403
[ERROR][16:11:06] [Tracker][ogar-tracker.tk]: Error: connect ETIMEDOUT 195.20.46.84:80
[ERROR][16:11:16] [Tracker][ogar-tracker.tk]: statusCode = 403
[ERROR][16:11:16] [Tracker][c0nsume.me]: statusCode = 400
[ERROR][16:11:16] [Tracker][ogar-tracker.tk]: statusCode = 403
[ERROR][16:11:16] [Tracker][c0nsume.me]: statusCode = 400
[ERROR][16:11:16] [Tracker][ogar-tracker.tk]: statusCode = 403
[ERROR][16:11:16] [Tracker][c0nsume.me]: statusCode = 400
[ERROR][16:11:16] [Tracker][ogar-tracker.tk]: statusCode = 403
[ERROR][16:11:16] [Tracker][c0nsume.me]: statusCode = 400
[NONE ][16:11:22] >killall
[NONE ][16:11:22] Removed 118 cells
[ERROR][16:11:32] [Tracker][c0nsume.me]: statusCode = 400
[ERROR][16:11:32] [Tracker][ogar-tracker.tk]: statusCode = 403
[ERROR][16:11:32] [Tracker][ogar-tracker.tk]: statusCode = 403
[ERROR][16:11:32] [Tracker][c0nsume.me]: statusCode = 400
[ERROR][16:11:32] [Tracker][ogar-tracker.tk]: Error: connect ETIMEDOUT 195.20.46.84:80
[ERROR][16:11:32] [Tracker][ogar-tracker.tk]: statusCode = 403
[ERROR][16:11:32] [Tracker][c0nsume.me]: statusCode = 400
[ERROR][16:11:32] [Tracker][ogar-tracker.tk]: statusCode = 403
[ERROR][16:11:32] [Tracker][c0nsume.me]: statusCode = 400
[ERROR][16:11:45] [Tracker][c0nsume.me]: statusCode = 400
[ERROR][16:11:46] [Tracker][ogar-tracker.tk]: statusCode = 403
[ERROR][16:11:46] [Tracker][c0nsume.me]: statusCode = 400
[ERROR][16:11:46] [Tracker][c0nsume.me]: statusCode = 400
[ERROR][16:11:46] [Tracker][ogar-tracker.tk]: statusCode = 403
[ERROR][16:11:46] [Tracker][c0nsume.me]: statusCode = 400
[NONE ][16:11:59] >split 1 1
[NONE ][16:11:59] Forced DeezNuts to split 1 times
[ERROR][16:12:00] [Tracker][ogar-tracker.tk]: statusCode = 403
[ERROR][16:12:00] [Tracker][c0nsume.me]: statusCode = 400
[ERROR][16:12:00] [Tracker][ogar-tracker.tk]: statusCode = 403
[ERROR][16:12:01] [Tracker][ogar-tracker.tk]: statusCode = 403
[ERROR][16:12:01] [Tracker][c0nsume.me]: statusCode = 400
[ERROR][16:12:01] [Tracker][c0nsume.me]: statusCode = 400
[ERROR][16:12:01] [Tracker][ogar-tracker.tk]: statusCode = 403
[ERROR][16:12:01] [Tracker][c0nsume.me]: statusCode = 400
[NONE ][16:12:06] >split 1 1
[NONE ][16:12:06] Forced DeezNuts to split 1 times
[NONE ][16:12:14] >split 1 2
[NONE ][16:12:14] Forced DeezNuts to split 2 times
[ERROR][16:12:16] [Tracker][ogar-tracker.tk]: Error: connect ETIMEDOUT 195.20.46.84:80
[ERROR][16:12:17] [Tracker][c0nsume.me]: statusCode = 400
[ERROR][16:12:17] [Tracker][ogar-tracker.tk]: statusCode = 403
[ERROR][16:12:18] [Tracker][ogar-tracker.tk]: statusCode = 403
[ERROR][16:12:18] [Tracker][c0nsume.me]: statusCode = 400
[ERROR][16:12:18] [Tracker][ogar-tracker.tk]: statusCode = 403
[ERROR][16:12:18] [Tracker][c0nsume.me]: statusCode = 400
[ERROR][16:12:18] [Tracker][ogar-tracker.tk]: statusCode = 403
[ERROR][16:12:18] [Tracker][c0nsume.me]: statusCode = 400
[NONE ][16:12:32] >split 1 2
[NONE ][16:12:32] Forced DeezNuts to split 2 times
[ERROR][16:12:32] [Tracker][ogar-tracker.tk]: Error: connect ETIMEDOUT 195.20.46.84:80
[ERROR][16:12:39] [Tracker][c0nsume.me]: statusCode = 400
[ERROR][16:12:39] [Tracker][ogar-tracker.tk]: statusCode = 403
[ERROR][16:12:39] [Tracker][c0nsume.me]: statusCode = 400
[ERROR][16:12:39] [Tracker][c0nsume.me]: statusCode = 400
[ERROR][16:12:39] [Tracker][c0nsume.me]: statusCode = 400
[ERROR][16:12:40] [Tracker][ogar-tracker.tk]: statusCode = 403
[ERROR][16:12:40] [Tracker][ogar-tracker.tk]: statusCode = 403
[ERROR][16:12:42] [Tracker][ogar-tracker.tk]: statusCode = 403
[NONE ][16:13:06] >rec 1
[NONE ][16:13:06] DeezNuts is now in rec mode!
[ERROR][16:13:14] [Tracker][c0nsume.me]: statusCode = 400
[ERROR][16:13:14] [Tracker][ogar-tracker.tk]: statusCode = 403
[ERROR][16:13:14] [Tracker][ogar-tracker.tk]: statusCode = 403
[ERROR][16:13:14] [Tracker][c0nsume.me]: statusCode = 400
[ERROR][16:13:14] [Tracker][ogar-tracker.tk]: statusCode = 403
[ERROR][16:13:14] [Tracker][c0nsume.me]: statusCode = 400
[ERROR][16:13:14] [Tracker][c0nsume.me]: statusCode = 400
[ERROR][16:13:44] [Tracker][c0nsume.me]: statusCode = 400
[ERROR][16:13:44] [Tracker][ogar-tracker.tk]: statusCode = 403
[ERROR][16:13:44] [Tracker][c0nsume.me]: statusCode = 400
[ERROR][16:13:44] [Tracker][ogar-tracker.tk]: statusCode = 403
[ERROR][16:13:44] [Tracker][c0nsume.me]: statusCode = 400
[ERROR][16:13:44] [Tracker][c0nsume.me]: statusCode = 400
[ERROR][16:13:45] [Tracker][ogar-tracker.tk]: statusCode = 403
[ERROR][16:13:46] [Tracker][ogar-tracker.tk]: statusCode = 403
[ERROR][16:13:46] [Tracker][ogar-tracker.tk]: Error: connect ETIMEDOUT 195.20.46.84:80
[ERROR][16:14:08] [Tracker][c0nsume.me]: statusCode = 400
[ERROR][16:14:08] [Tracker][ogar-tracker.tk]: statusCode = 403
[ERROR][16:14:08] [Tracker][ogar-tracker.tk]: statusCode = 403
[ERROR][16:14:08] [Tracker][c0nsume.me]: statusCode = 400
[ERROR][16:14:08] [Tracker][ogar-tracker.tk]: statusCode = 403
[ERROR][16:14:08] [Tracker][c0nsume.me]: statusCode = 400
[ERROR][16:14:08] [Tracker][ogar-tracker.tk]: statusCode = 403
[ERROR][16:14:08] [Tracker][c0nsume.me]: statusCode = 400
[ERROR][16:14:34] [Tracker][c0nsume.me]: statusCode = 400
[ERROR][16:14:34] [Tracker][ogar-tracker.tk]: statusCode = 403
[ERROR][16:14:34] [Tracker][ogar-tracker.tk]: statusCode = 403
[ERROR][16:14:34] [Tracker][c0nsume.me]: statusCode = 400
[ERROR][16:14:34] [Tracker][ogar-tracker.tk]: statusCode = 403
[ERROR][16:14:34] [Tracker][c0nsume.me]: statusCode = 400
[ERROR][16:14:34] [Tracker][c0nsume.me]: statusCode = 400
[NONE ][16:14:58] >split 1 1
[NONE ][16:14:58] Forced DeezNuts to split 1 times
[ERROR][16:15:04] [Tracker][c0nsume.me]: statusCode = 400
[ERROR][16:15:04] [Tracker][ogar-tracker.tk]: statusCode = 403
[ERROR][16:15:04] [Tracker][ogar-tracker.tk]: statusCode = 403
[ERROR][16:15:04] [Tracker][c0nsume.me]: statusCode = 400
[ERROR][16:15:04] [Tracker][c0nsume.me]: statusCode = 400
[ERROR][16:15:04] [Tracker][ogar-tracker.tk]: statusCode = 403
[ERROR][16:15:04] [Tracker][c0nsume.me]: statusCode = 400
[ERROR][16:15:05] [Tracker][ogar-tracker.tk]: Error: connect ETIMEDOUT 195.20.46.84:80
[NONE ][16:15:10] >speed 1 5
[NONE ][16:15:10] Set base speed of DeezNuts to 5
[ERROR][16:15:29] [Tracker][c0nsume.me]: statusCode = 400
[ERROR][16:15:29] [Tracker][ogar-tracker.tk]: statusCode = 403
[ERROR][16:15:29] [Tracker][ogar-tracker.tk]: statusCode = 403
[ERROR][16:15:29] [Tracker][c0nsume.me]: statusCode = 400
[ERROR][16:15:30] [Tracker][c0nsume.me]: statusCode = 400
[ERROR][16:15:30] [Tracker][c0nsume.me]: statusCode = 400
[ERROR][16:15:30] [Tracker][ogar-tracker.tk]: statusCode = 403
[ERROR][16:15:30] [Tracker][ogar-tracker.tk]: statusCode = 403
[ERROR][16:15:34] [Tracker][c0nsume.me]: statusCode = 400
[ERROR][16:15:34] [Tracker][ogar-tracker.tk]: statusCode = 403
[ERROR][16:15:34] [Tracker][ogar-tracker.tk]: statusCode = 403
[ERROR][16:15:34] [Tracker][c0nsume.me]: statusCode = 400
[ERROR][16:15:34] [Tracker][c0nsume.me]: statusCode = 400
[ERROR][16:15:34] [Tracker][c0nsume.me]: statusCode = 400
[ERROR][16:15:34] [Tracker][ogar-tracker.tk]: statusCode = 403
[ERROR][16:15:34] [Tracker][ogar-tracker.tk]: statusCode = 403
[ERROR][16:15:35] [Tracker][ogar-tracker.tk]: Error: connect ETIMEDOUT 195.20.46.84:80
[ERROR][16:15:37] [Tracker][ogar-tracker.tk]: statusCode = 403
[ERROR][16:15:37] [Tracker][ogar-tracker.tk]: statusCode = 403
[ERROR][16:15:37] [Tracker][c0nsume.me]: statusCode = 400
[ERROR][16:15:37] [Tracker][ogar-tracker.tk]: statusCode = 403
[ERROR][16:15:37] [Tracker][c0nsume.me]: statusCode = 400
[ERROR][16:15:37] [Tracker][ogar-tracker.tk]: statusCode = 403
[ERROR][16:15:37] [Tracker][c0nsume.me]: statusCode = 400
[ERROR][16:15:37] [Tracker][c0nsume.me]: statusCode = 400
[ERROR][16:15:39] [Tracker][c0nsume.me]: statusCode = 400
[ERROR][16:15:39] [Tracker][c0nsume.me]: statusCode = 400
[ERROR][16:15:39] [Tracker][ogar-tracker.tk]: statusCode = 403
[ERROR][16:15:39] [Tracker][c0nsume.me]: statusCode = 400
[ERROR][16:15:39] [Tracker][ogar-tracker.tk]: statusCode = 403
[ERROR][16:15:39] [Tracker][c0nsume.me]: statusCode = 400
[ERROR][16:15:40] [Tracker][c0nsume.me]: statusCode = 400
[ERROR][16:15:40] [Tracker][c0nsume.me]: statusCode = 400
[ERROR][16:15:40] [Tracker][c0nsume.me]: statusCode = 400
[ERROR][16:15:40] [Tracker][ogar-tracker.tk]: statusCode = 403
[ERROR][16:15:40] [Tracker][ogar-tracker.tk]: statusCode = 403
[ERROR][16:15:40] [Tracker][ogar-tracker.tk]: statusCode = 403
[ERROR][16:15:40] [Tracker][ogar-tracker.tk]: statusCode = 403
[ERROR][16:15:40] [Tracker][c0nsume.me]: statusCode = 400
[ERROR][16:15:41] [Tracker][c0nsume.me]: statusCode = 400
[ERROR][16:15:41] [Tracker][ogar-tracker.tk]: statusCode = 403
[ERROR][16:15:41] [Tracker][ogar-tracker.tk]: statusCode = 403
[ERROR][16:15:41] [Tracker][ogar-tracker.tk]: statusCode = 403
[ERROR][16:15:41] [Tracker][c0nsume.me]: statusCode = 400
[ERROR][16:15:41] [Tracker][c0nsume.me]: statusCode = 400
[ERROR][16:15:41] [Tracker][c0nsume.me]: statusCode = 400
[ERROR][16:15:42] [Tracker][c0nsume.me]: statusCode = 400
[ERROR][16:15:42] [Tracker][ogar-tracker.tk]: statusCode = 403
[ERROR][16:15:42] [Tracker][ogar-tracker.tk]: statusCode = 403
[ERROR][16:15:42] [Tracker][c0nsume.me]: statusCode = 400
[ERROR][16:15:42] [Tracker][ogar-tracker.tk]: statusCode = 403
[ERROR][16:15:42] [Tracker][ogar-tracker.tk]: statusCode = 403
[ERROR][16:15:42] [Tracker][c0nsume.me]: statusCode = 400
[ERROR][16:15:43] [Tracker][ogar-tracker.tk]: statusCode = 403
[ERROR][16:15:43] [Tracker][c0nsume.me]: statusCode = 400
[ERROR][16:15:43] [Tracker][c0nsume.me]: statusCode = 400
[ERROR][16:15:43] [Tracker][ogar-tracker.tk]: statusCode = 403
[ERROR][16:15:43] [Tracker][c0nsume.me]: statusCode = 400
[ERROR][16:15:44] [Tracker][ogar-tracker.tk]: statusCode = 403
[ERROR][16:15:44] [Tracker][c0nsume.me]: statusCode = 400
[ERROR][16:15:44] [Tracker][ogar-tracker.tk]: statusCode = 403
[ERROR][16:15:44] [Tracker][c0nsume.me]: statusCode = 400
[ERROR][16:15:44] [Tracker][ogar-tracker.tk]: statusCode = 403
[ERROR][16:15:44] [Tracker][c0nsume.me]: statusCode = 400
[ERROR][16:15:44] [Tracker][ogar-tracker.tk]: statusCode = 403
[ERROR][16:15:44] [Tracker][c0nsume.me]: statusCode = 400
[ERROR][16:15:46] [Tracker][c0nsume.me]: statusCode = 400
[ERROR][16:15:46] [Tracker][c0nsume.me]: statusCode = 400
[ERROR][16:15:46] [Tracker][ogar-tracker.tk]: statusCode = 403
[ERROR][16:15:46] [Tracker][ogar-tracker.tk]: statusCode = 403
[ERROR][16:15:46] [Tracker][ogar-tracker.tk]: statusCode = 403
[ERROR][16:15:46] [Tracker][c0nsume.me]: statusCode = 400
[ERROR][16:15:46] [Tracker][c0nsume.me]: statusCode = 400
[ERROR][16:15:47] [Tracker][ogar-tracker.tk]: statusCode = 403
[ERROR][16:15:47] [Tracker][ogar-tracker.tk]: statusCode = 403
[ERROR][16:15:47] [Tracker][ogar-tracker.tk]: statusCode = 403
[ERROR][16:15:47] [Tracker][c0nsume.me]: statusCode = 400
[ERROR][16:15:47] [Tracker][ogar-tracker.tk]: statusCode = 403
[ERROR][16:15:47] [Tracker][c0nsume.me]: statusCode = 400
[ERROR][16:15:47] [Tracker][c0nsume.me]: statusCode = 400
[ERROR][16:15:47] [Tracker][c0nsume.me]: statusCode = 400
[ERROR][16:15:48] [Tracker][ogar-tracker.tk]: statusCode = 403
[ERROR][16:15:48] [Tracker][ogar-tracker.tk]: statusCode = 403
[ERROR][16:15:48] [Tracker][c0nsume.me]: statusCode = 400
[ERROR][16:15:48] [Tracker][c0nsume.me]: statusCode = 400
[ERROR][16:15:48] [Tracker][c0nsume.me]: statusCode = 400
[ERROR][16:15:48] [Tracker][c0nsume.me]: statusCode = 400
[ERROR][16:15:49] [Tracker][c0nsume.me]: statusCode = 400
[ERROR][16:15:49] [Tracker][ogar-tracker.tk]: statusCode = 403
[ERROR][16:15:49] [Tracker][ogar-tracker.tk]: statusCode = 403
[ERROR][16:15:49] [Tracker][c0nsume.me]: statusCode = 400
[ERROR][16:15:49] [Tracker][c0nsume.me]: statusCode = 400
[ERROR][16:15:49] [Tracker][c0nsume.me]: statusCode = 400
[ERROR][16:15:50] [Tracker][ogar-tracker.tk]: statusCode = 403
[ERROR][16:15:50] [Tracker][c0nsume.me]: statusCode = 400
[ERROR][16:15:50] [Tracker][ogar-tracker.tk]: statusCode = 403
[ERROR][16:15:50] [Tracker][ogar-tracker.tk]: statusCode = 403
[ERROR][16:15:50] [Tracker][c0nsume.me]: statusCode = 400
[ERROR][16:15:50] [Tracker][c0nsume.me]: statusCode = 400
[ERROR][16:15:50] [Tracker][ogar-tracker.tk]: statusCode = 403
[ERROR][16:15:50] [Tracker][c0nsume.me]: statusCode = 400
[NONE ][16:15:52] >speed 1 10
[NONE ][16:15:52] Set base speed of DeezNuts to 10
[ERROR][16:15:57] [Tracker][ogar-tracker.tk]: statusCode = 403
[ERROR][16:15:57] [Tracker][c0nsume.me]: statusCode = 400
[ERROR][16:15:57] [Tracker][ogar-tracker.tk]: statusCode = 403
[ERROR][16:15:58] [Tracker][c0nsume.me]: statusCode = 400
[ERROR][16:15:58] [Tracker][ogar-tracker.tk]: statusCode = 403
[ERROR][16:15:58] [Tracker][ogar-tracker.tk]: statusCode = 403
[ERROR][16:15:58] [Tracker][c0nsume.me]: statusCode = 400
[ERROR][16:15:58] [Tracker][c0nsume.me]: statusCode = 400
[ERROR][16:15:58] [Tracker][c0nsume.me]: statusCode = 400
[ERROR][16:16:01] [Tracker][ogar-tracker.tk]: statusCode = 403
[ERROR][16:16:04] [Tracker][c0nsume.me]: statusCode = 400
[ERROR][16:16:09] [Tracker][c0nsume.me]: statusCode = 400
[ERROR][16:16:09] [Tracker][c0nsume.me]: statusCode = 400
[ERROR][16:16:09] [Tracker][c0nsume.me]: statusCode = 400
[ERROR][16:16:09] [Tracker][ogar-tracker.tk]: statusCode = 403
[ERROR][16:16:10] [Tracker][ogar-tracker.tk]: Error: connect ETIMEDOUT 195.20.46.84:80
[ERROR][16:16:10] [Tracker][ogar-tracker.tk]: Error: connect ETIMEDOUT 195.20.46.84:80
[ERROR][16:16:10] [Tracker][c0nsume.me]: statusCode = 400
[ERROR][16:16:12] [Tracker][ogar-tracker.tk]: Error: connect ETIMEDOUT 195.20.46.84:80
[ERROR][16:16:14] [Tracker][ogar-tracker.tk]: Error: connect ETIMEDOUT 195.20.46.84:80
[ERROR][16:16:14] [Tracker][ogar-tracker.tk]: Error: connect ETIMEDOUT 195.20.46.84:80
[ERROR][16:16:19] [Tracker][ogar-tracker.tk]: Error: connect ETIMEDOUT 195.20.46.84:80
[ERROR][16:16:19] [Tracker][ogar-tracker.tk]: Error: connect ETIMEDOUT 195.20.46.84:80
[ERROR][16:16:20] [Tracker][ogar-tracker.tk]: Error: connect ETIMEDOUT 195.20.46.84:80
[ERROR][16:16:20] [Tracker][ogar-tracker.tk]: Error: connect ETIMEDOUT 195.20.46.84:80
[ERROR][16:16:21] [Tracker][c0nsume.me]: statusCode = 400
[ERROR][16:16:21] [Tracker][c0nsume.me]: statusCode = 400
[ERROR][16:16:21] [Tracker][c0nsume.me]: statusCode = 400
[ERROR][16:16:22] [Tracker][ogar-tracker.tk]: statusCode = 403
[ERROR][16:16:22] [Tracker][c0nsume.me]: statusCode = 400
[ERROR][16:16:24] [Tracker][ogar-tracker.tk]: statusCode = 403
[ERROR][16:16:32] [Tracker][c0nsume.me]: statusCode = 400
[ERROR][16:16:32] [Tracker][ogar-tracker.tk]: statusCode = 403
[ERROR][16:16:32] [Tracker][c0nsume.me]: statusCode = 400
[ERROR][16:16:32] [Tracker][ogar-tracker.tk]: statusCode = 403
[ERROR][16:16:32] [Tracker][ogar-tracker.tk]: statusCode = 403
[ERROR][16:16:32] [Tracker][c0nsume.me]: statusCode = 400
[ERROR][16:16:32] [Tracker][ogar-tracker.tk]: statusCode = 403
[ERROR][16:16:35] [Tracker][c0nsume.me]: statusCode = 400
[ERROR][16:16:40] [Tracker][ogar-tracker.tk]: Error: connect ETIMEDOUT 195.20.46.84:80
[ERROR][16:16:40] [Tracker][ogar-tracker.tk]: Error: connect ETIMEDOUT 195.20.46.84:80
[ERROR][16:16:40] [Tracker][ogar-tracker.tk]: Error: connect ETIMEDOUT 195.20.46.84:80
[ERROR][16:16:43] [Tracker][c0nsume.me]: statusCode = 400
[ERROR][16:16:43] [Tracker][ogar-tracker.tk]: statusCode = 403
[ERROR][16:16:44] [Tracker][c0nsume.me]: statusCode = 400
[ERROR][16:16:44] [Tracker][ogar-tracker.tk]: statusCode = 403
[ERROR][16:16:44] [Tracker][c0nsume.me]: statusCode = 400
[ERROR][16:16:44] [Tracker][ogar-tracker.tk]: statusCode = 403
[ERROR][16:16:44] [Tracker][c0nsume.me]: statusCode = 400
[ERROR][16:16:52] [Tracker][ogar-tracker.tk]: Error: connect ETIMEDOUT 195.20.46.84:80
[ERROR][16:16:53] [Tracker][ogar-tracker.tk]: Error: connect ETIMEDOUT 195.20.46.84:80
[ERROR][16:17:15] [Tracker][ogar-tracker.tk]: Error: connect ETIMEDOUT 195.20.46.84:80
[ERROR][16:17:33] [Tracker][ogar-tracker.tk]: statusCode = 403
[ERROR][16:17:33] [Tracker][c0nsume.me]: statusCode = 400
[ERROR][16:17:34] [Tracker][ogar-tracker.tk]: statusCode = 403
[ERROR][16:17:34] [Tracker][c0nsume.me]: statusCode = 400
[ERROR][16:17:35] [Tracker][ogar-tracker.tk]: statusCode = 403
[ERROR][16:17:35] [Tracker][c0nsume.me]: statusCode = 400
[ERROR][16:17:36] [Tracker][ogar-tracker.tk]: statusCode = 403
[ERROR][16:17:36] [Tracker][c0nsume.me]: statusCode = 400
[ERROR][16:18:04] [Tracker][c0nsume.me]: statusCode = 400
[ERROR][16:18:04] [Tracker][ogar-tracker.tk]: statusCode = 403
[ERROR][16:18:04] [Tracker][c0nsume.me]: statusCode = 400
[ERROR][16:18:04] [Tracker][c0nsume.me]: statusCode = 400
[ERROR][16:18:04] [Tracker][ogar-tracker.tk]: statusCode = 403
[ERROR][16:18:04] [Tracker][ogar-tracker.tk]: statusCode = 403
[ERROR][16:18:04] [Tracker][c0nsume.me]: statusCode = 400
[ERROR][16:18:11] [Tracker][ogar-tracker.tk]: statusCode = 403
[ERROR][16:18:28] [Tracker][c0nsume.me]: statusCode = 400
[ERROR][16:18:28] [Tracker][ogar-tracker.tk]: statusCode = 403
[ERROR][16:18:29] [Tracker][c0nsume.me]: statusCode = 400
[ERROR][16:18:29] [Tracker][c0nsume.me]: statusCode = 400
[ERROR][16:18:29] [Tracker][ogar-tracker.tk]: statusCode = 403
[ERROR][16:18:29] [Tracker][ogar-tracker.tk]: statusCode = 403
[ERROR][16:18:29] [Tracker][ogar-tracker.tk]: statusCode = 403
[ERROR][16:18:29] [Tracker][c0nsume.me]: statusCode = 400
[ERROR][16:18:48] [Tracker][c0nsume.me]: statusCode = 400
[ERROR][16:18:48] [Tracker][ogar-tracker.tk]: statusCode = 403
[ERROR][16:18:48] [Tracker][ogar-tracker.tk]: statusCode = 403
[ERROR][16:18:48] [Tracker][c0nsume.me]: statusCode = 400
[ERROR][16:18:48] [Tracker][c0nsume.me]: statusCode = 400
[ERROR][16:18:48] [Tracker][ogar-tracker.tk]: statusCode = 403
[ERROR][16:18:48] [Tracker][ogar-tracker.tk]: statusCode = 403
[ERROR][16:18:48] [Tracker][c0nsume.me]: statusCode = 400
[ERROR][16:19:04] [Tracker][c0nsume.me]: statusCode = 400
[ERROR][16:19:04] [Tracker][c0nsume.me]: statusCode = 400
[ERROR][16:19:04] [Tracker][ogar-tracker.tk]: statusCode = 403
[ERROR][16:19:04] [Tracker][ogar-tracker.tk]: statusCode = 403
[ERROR][16:19:05] [Tracker][c0nsume.me]: statusCode = 400
[ERROR][16:19:05] [Tracker][ogar-tracker.tk]: statusCode = 403
[ERROR][16:19:05] [Tracker][ogar-tracker.tk]: statusCode = 403
[ERROR][16:19:05] [Tracker][c0nsume.me]: statusCode = 400
[NONE ][16:19:12] >killall
[NONE ][16:19:12] Removed 2 cells
[ERROR][16:19:13] [Tracker][c0nsume.me]: statusCode = 400
[ERROR][16:19:13] [Tracker][c0nsume.me]: statusCode = 400
[ERROR][16:19:13] [Tracker][ogar-tracker.tk]: statusCode = 403
[ERROR][16:19:13] [Tracker][ogar-tracker.tk]: statusCode = 403
[ERROR][16:19:13] [Tracker][c0nsume.me]: statusCode = 400
[ERROR][16:19:13] [Tracker][ogar-tracker.tk]: statusCode = 403
[ERROR][16:19:13] [Tracker][c0nsume.me]: statusCode = 400
[ERROR][16:19:13] [Tracker][ogar-tracker.tk]: statusCode = 403
[ERROR][16:19:14] [Tracker][ogar-tracker.tk]: statusCode = 403
[ERROR][16:19:14] [Tracker][c0nsume.me]: statusCode = 400
[ERROR][16:19:14] [Tracker][ogar-tracker.tk]: statusCode = 403
[ERROR][16:19:14] [Tracker][c0nsume.me]: statusCode = 400
[ERROR][16:19:14] [Tracker][ogar-tracker.tk]: statusCode = 403
[ERROR][16:19:14] [Tracker][c0nsume.me]: statusCode = 400
[ERROR][16:19:14] [Tracker][c0nsume.me]: statusCode = 400
[ERROR][16:19:14] [Tracker][ogar-tracker.tk]: statusCode = 403
[ERROR][16:19:15] [Tracker][ogar-tracker.tk]: statusCode = 403
[ERROR][16:19:15] [Tracker][c0nsume.me]: statusCode = 400
[ERROR][16:19:15] [Tracker][ogar-tracker.tk]: statusCode = 403
[ERROR][16:19:15] [Tracker][c0nsume.me]: statusCode = 400
[ERROR][16:19:15] [Tracker][ogar-tracker.tk]: statusCode = 403
[ERROR][16:19:15] [Tracker][ogar-tracker.tk]: statusCode = 403
[ERROR][16:19:15] [Tracker][c0nsume.me]: statusCode = 400
[ERROR][16:19:16] [Tracker][c0nsume.me]: statusCode = 400
[ERROR][16:19:16] [Tracker][ogar-tracker.tk]: statusCode = 403
[ERROR][16:19:16] [Tracker][ogar-tracker.tk]: statusCode = 403
[ERROR][16:19:16] [Tracker][ogar-tracker.tk]: statusCode = 403
[ERROR][16:19:16] [Tracker][ogar-tracker.tk]: statusCode = 403
[ERROR][16:19:16] [Tracker][c0nsume.me]: statusCode = 400
[ERROR][16:19:16] [Tracker][c0nsume.me]: statusCode = 400
[ERROR][16:19:16] [Tracker][c0nsume.me]: statusCode = 400
[ERROR][16:19:17] [Tracker][c0nsume.me]: statusCode = 400
[ERROR][16:19:17] [Tracker][ogar-tracker.tk]: statusCode = 403
[ERROR][16:19:17] [Tracker][c0nsume.me]: statusCode = 400
[ERROR][16:19:17] [Tracker][c0nsume.me]: statusCode = 400
[ERROR][16:19:17] [Tracker][ogar-tracker.tk]: statusCode = 403
[ERROR][16:19:17] [Tracker][c0nsume.me]: statusCode = 400
[ERROR][16:19:17] [Tracker][ogar-tracker.tk]: statusCode = 403
[ERROR][16:19:19] [Tracker][ogar-tracker.tk]: statusCode = 403
[ERROR][16:19:19] [Tracker][ogar-tracker.tk]: statusCode = 403
[ERROR][16:19:19] [Tracker][c0nsume.me]: statusCode = 400
[ERROR][16:19:19] [Tracker][c0nsume.me]: statusCode = 400
[ERROR][16:19:19] [Tracker][c0nsume.me]: statusCode = 400
[ERROR][16:19:19] [Tracker][ogar-tracker.tk]: statusCode = 403
[ERROR][16:19:19] [Tracker][c0nsume.me]: statusCode = 400
[ERROR][16:19:20] [Tracker][ogar-tracker.tk]: statusCode = 403
[ERROR][16:19:20] [Tracker][ogar-tracker.tk]: statusCode = 403
[ERROR][16:19:20] [Tracker][c0nsume.me]: statusCode = 400
[ERROR][16:19:20] [Tracker][c0nsume.me]: statusCode = 400
[ERROR][16:19:20] [Tracker][c0nsume.me]: statusCode = 400
[ERROR][16:19:20] [Tracker][c0nsume.me]: statusCode = 400
[ERROR][16:19:20] [Tracker][ogar-tracker.tk]: statusCode = 403
[ERROR][16:19:21] [Tracker][ogar-tracker.tk]: statusCode = 403
[ERROR][16:19:21] [Tracker][c0nsume.me]: statusCode = 400
[ERROR][16:19:21] [Tracker][ogar-tracker.tk]: statusCode = 403
[ERROR][16:19:21] [Tracker][c0nsume.me]: statusCode = 400
[ERROR][16:19:21] [Tracker][c0nsume.me]: statusCode = 400
[ERROR][16:19:25] [Tracker][c0nsume.me]: statusCode = 400
[ERROR][16:19:25] [Tracker][ogar-tracker.tk]: statusCode = 403
[ERROR][16:19:25] [Tracker][ogar-tracker.tk]: statusCode = 403
[ERROR][16:19:25] [Tracker][ogar-tracker.tk]: statusCode = 403
[ERROR][16:19:25] [Tracker][c0nsume.me]: statusCode = 400
[ERROR][16:19:25] [Tracker][c0nsume.me]: statusCode = 400
[ERROR][16:19:25] [Tracker][ogar-tracker.tk]: statusCode = 403
[ERROR][16:19:25] [Tracker][c0nsume.me]: statusCode = 400
[ERROR][16:19:30] [Tracker][c0nsume.me]: statusCode = 400
[ERROR][16:19:36] [Tracker][c0nsume.me]: statusCode = 400
[ERROR][16:19:36] [Tracker][c0nsume.me]: statusCode = 400
[ERROR][16:19:36] [Tracker][ogar-tracker.tk]: statusCode = 403
[ERROR][16:19:36] [Tracker][c0nsume.me]: statusCode = 400
[ERROR][16:19:36] [Tracker][ogar-tracker.tk]: statusCode = 403
[ERROR][16:19:36] [Tracker][c0nsume.me]: statusCode = 400
[ERROR][16:19:36] [Tracker][c0nsume.me]: statusCode = 400
[ERROR][16:19:36] [Tracker][ogar-tracker.tk]: statusCode = 403
[ERROR][16:19:48] [Tracker][c0nsume.me]: statusCode = 400
[ERROR][16:19:48] [Tracker][c0nsume.me]: statusCode = 400
[ERROR][16:19:48] [Tracker][ogar-tracker.tk]: statusCode = 403
[ERROR][16:19:48] [Tracker][ogar-tracker.tk]: statusCode = 403
[ERROR][16:19:48] [Tracker][c0nsume.me]: statusCode = 400
[ERROR][16:19:48] [Tracker][c0nsume.me]: statusCode = 400
[ERROR][16:19:48] [Tracker][ogar-tracker.tk]: Error: connect ETIMEDOUT 195.20.46.84:80
[ERROR][16:19:50] [Tracker][ogar-tracker.tk]: Error: connect ETIMEDOUT 195.20.46.84:80
[ERROR][16:19:51] [Tracker][ogar-tracker.tk]: Error: connect ETIMEDOUT 195.20.46.84:80
[ERROR][16:19:52] [Tracker][ogar-tracker.tk]: Error: connect ETIMEDOUT 195.20.46.84:80
[ERROR][16:19:52] [Tracker][ogar-tracker.tk]: Error: connect ETIMEDOUT 195.20.46.84:80
[ERROR][16:19:59] [Tracker][c0nsume.me]: statusCode = 400
[ERROR][16:19:59] [Tracker][ogar-tracker.tk]: statusCode = 403
[ERROR][16:19:59] [Tracker][c0nsume.me]: statusCode = 400
[ERROR][16:19:59] [Tracker][ogar-tracker.tk]: statusCode = 403
[ERROR][16:19:59] [Tracker][c0nsume.me]: statusCode = 400
[ERROR][16:20:00] [Tracker][ogar-tracker.tk]: statusCode = 403
[ERROR][16:20:00] [Tracker][c0nsume.me]: statusCode = 400
[ERROR][16:20:07] [Tracker][ogar-tracker.tk]: Error: connect ETIMEDOUT 195.20.46.84:80
[ERROR][16:20:11] [Tracker][ogar-tracker.tk]: statusCode = 403
[ERROR][16:20:11] [Tracker][c0nsume.me]: statusCode = 400
[ERROR][16:20:11] [Tracker][c0nsume.me]: statusCode = 400
[ERROR][16:20:11] [Tracker][ogar-tracker.tk]: statusCode = 403
[ERROR][16:20:11] [Tracker][ogar-tracker.tk]: statusCode = 403
[ERROR][16:20:11] [Tracker][c0nsume.me]: statusCode = 400
[ERROR][16:20:11] [Tracker][ogar-tracker.tk]: statusCode = 403
[ERROR][16:20:11] [Tracker][c0nsume.me]: statusCode = 400
[ERROR][16:20:19] [Tracker][ogar-tracker.tk]: Error: connect ETIMEDOUT 195.20.46.84:80
[ERROR][16:20:19] [Tracker][ogar-tracker.tk]: Error: connect ETIMEDOUT 195.20.46.84:80
[ERROR][16:20:22] [Tracker][c0nsume.me]: statusCode = 400
[ERROR][16:20:22] [Tracker][ogar-tracker.tk]: statusCode = 403
[ERROR][16:20:22] [Tracker][c0nsume.me]: statusCode = 400
[ERROR][16:20:22] [Tracker][c0nsume.me]: statusCode = 400
[ERROR][16:20:23] [Tracker][ogar-tracker.tk]: statusCode = 403
[ERROR][16:20:23] [Tracker][c0nsume.me]: statusCode = 400
[ERROR][16:20:26] [Tracker][ogar-tracker.tk]: statusCode = 403
[ERROR][16:20:30] [Tracker][ogar-tracker.tk]: Error: connect ETIMEDOUT 195.20.46.84:80
[ERROR][16:20:34] [Tracker][c0nsume.me]: statusCode = 400
[ERROR][16:20:34] [Tracker][c0nsume.me]: statusCode = 400
[ERROR][16:20:34] [Tracker][c0nsume.me]: statusCode = 400
[ERROR][16:20:34] [Tracker][c0nsume.me]: statusCode = 400
[ERROR][16:20:35] [Tracker][ogar-tracker.tk]: statusCode = 403
[ERROR][16:20:35] [Tracker][ogar-tracker.tk]: statusCode = 403
[ERROR][16:20:37] [Tracker][ogar-tracker.tk]: statusCode = 403
[ERROR][16:20:45] [Tracker][c0nsume.me]: statusCode = 400
[ERROR][16:20:45] [Tracker][ogar-tracker.tk]: statusCode = 403
[ERROR][16:20:45] [Tracker][c0nsume.me]: statusCode = 400
[ERROR][16:20:46] [Tracker][c0nsume.me]: statusCode = 400
[ERROR][16:20:46] [Tracker][c0nsume.me]: statusCode = 400
[ERROR][16:20:46] [Tracker][ogar-tracker.tk]: statusCode = 403
[ERROR][16:20:53] [Tracker][ogar-tracker.tk]: Error: connect ETIMEDOUT 195.20.46.84:80
[ERROR][16:20:57] [Tracker][c0nsume.me]: statusCode = 400
[ERROR][16:20:57] [Tracker][c0nsume.me]: statusCode = 400
[ERROR][16:20:57] [Tracker][ogar-tracker.tk]: statusCode = 403
[ERROR][16:20:57] [Tracker][c0nsume.me]: statusCode = 400
[ERROR][16:20:57] [Tracker][c0nsume.me]: statusCode = 400
[ERROR][16:21:05] [Tracker][ogar-tracker.tk]: Error: connect ETIMEDOUT 195.20.46.84:80
[ERROR][16:21:10] [Tracker][c0nsume.me]: statusCode = 400
[ERROR][16:21:10] [Tracker][ogar-tracker.tk]: statusCode = 403
[ERROR][16:21:11] [Tracker][ogar-tracker.tk]: statusCode = 403
[ERROR][16:21:11] [Tracker][c0nsume.me]: statusCode = 400
[ERROR][16:21:11] [Tracker][c0nsume.me]: statusCode = 400
[ERROR][16:21:11] [Tracker][ogar-tracker.tk]: statusCode = 403
[ERROR][16:21:11] [Tracker][c0nsume.me]: statusCode = 400
[ERROR][16:21:11] [Tracker][ogar-tracker.tk]: statusCode = 403
[ERROR][16:21:16] [Tracker][ogar-tracker.tk]: Error: connect ETIMEDOUT 195.20.46.84:80
[ERROR][16:21:17] [Tracker][ogar-tracker.tk]: Error: connect ETIMEDOUT 195.20.46.84:80
[ERROR][16:21:20] [Tracker][c0nsume.me]: statusCode = 400
[ERROR][16:21:20] [Tracker][ogar-tracker.tk]: statusCode = 403
[ERROR][16:21:20] [Tracker][ogar-tracker.tk]: statusCode = 403
[ERROR][16:21:20] [Tracker][c0nsume.me]: statusCode = 400
[ERROR][16:21:20] [Tracker][c0nsume.me]: statusCode = 400
[ERROR][16:21:20] [Tracker][ogar-tracker.tk]: statusCode = 403
[ERROR][16:21:20] [Tracker][c0nsume.me]: statusCode = 400
[ERROR][16:21:28] [Tracker][ogar-tracker.tk]: Error: connect ETIMEDOUT 195.20.46.84:80
[ERROR][16:21:28] [Tracker][ogar-tracker.tk]: Error: connect ETIMEDOUT 195.20.46.84:80
[ERROR][16:21:28] [Tracker][ogar-tracker.tk]: Error: connect ETIMEDOUT 195.20.46.84:80
[ERROR][16:21:32] [Tracker][c0nsume.me]: statusCode = 400
[ERROR][16:21:32] [Tracker][c0nsume.me]: statusCode = 400
[ERROR][16:21:32] [Tracker][ogar-tracker.tk]: statusCode = 403
[ERROR][16:21:32] [Tracker][c0nsume.me]: statusCode = 400
[ERROR][16:21:32] [Tracker][c0nsume.me]: statusCode = 400
[ERROR][16:21:32] [Tracker][ogar-tracker.tk]: statusCode = 403
[ERROR][16:21:35] [Tracker][ogar-tracker.tk]: statusCode = 403
[ERROR][16:21:43] [Tracker][c0nsume.me]: statusCode = 400
[ERROR][16:21:43] [Tracker][ogar-tracker.tk]: statusCode = 403
[ERROR][16:21:43] [Tracker][ogar-tracker.tk]: statusCode = 403
[ERROR][16:21:43] [Tracker][c0nsume.me]: statusCode = 400
[ERROR][16:21:43] [Tracker][ogar-tracker.tk]: statusCode = 403
[ERROR][16:21:43] [Tracker][c0nsume.me]: statusCode = 400
[ERROR][16:21:44] [Tracker][ogar-tracker.tk]: statusCode = 403
[ERROR][16:21:44] [Tracker][c0nsume.me]: statusCode = 400
[ERROR][16:21:47] [Tracker][ogar-tracker.tk]: statusCode = 403
[ERROR][16:21:56] [Tracker][c0nsume.me]: statusCode = 400
[ERROR][16:21:56] [Tracker][ogar-tracker.tk]: statusCode = 403
[ERROR][16:21:56] [Tracker][ogar-tracker.tk]: statusCode = 403
[ERROR][16:21:56] [Tracker][c0nsume.me]: statusCode = 400
[ERROR][16:21:56] [Tracker][c0nsume.me]: statusCode = 400
[ERROR][16:21:56] [Tracker][ogar-tracker.tk]: statusCode = 403
[ERROR][16:21:56] [Tracker][c0nsume.me]: statusCode = 400
[ERROR][16:21:56] [Tracker][ogar-tracker.tk]: statusCode = 403
[ERROR][16:22:03] [Tracker][ogar-tracker.tk]: Error: connect ETIMEDOUT 195.20.46.84:80
[ERROR][16:22:06] [Tracker][c0nsume.me]: statusCode = 400
[ERROR][16:22:06] [Tracker][ogar-tracker.tk]: statusCode = 403
[ERROR][16:22:07] [Tracker][ogar-tracker.tk]: statusCode = 403
[ERROR][16:22:07] [Tracker][c0nsume.me]: statusCode = 400
[ERROR][16:22:07] [Tracker][ogar-tracker.tk]: statusCode = 403
[ERROR][16:22:07] [Tracker][c0nsume.me]: statusCode = 400
[ERROR][16:22:07] [Tracker][ogar-tracker.tk]: statusCode = 403
[ERROR][16:22:07] [Tracker][c0nsume.me]: statusCode = 400
[ERROR][16:22:18] [Tracker][c0nsume.me]: statusCode = 400
[ERROR][16:22:18] [Tracker][ogar-tracker.tk]: statusCode = 403
[ERROR][16:22:18] [Tracker][ogar-tracker.tk]: statusCode = 403
[ERROR][16:22:18] [Tracker][c0nsume.me]: statusCode = 400
[ERROR][16:22:18] [Tracker][ogar-tracker.tk]: statusCode = 403
[ERROR][16:22:18] [Tracker][c0nsume.me]: statusCode = 400
[ERROR][16:22:18] [Tracker][ogar-tracker.tk]: statusCode = 403
[ERROR][16:22:18] [Tracker][c0nsume.me]: statusCode = 400
[ERROR][16:22:29] [Tracker][c0nsume.me]: statusCode = 400
[ERROR][16:22:29] [Tracker][ogar-tracker.tk]: statusCode = 403
[ERROR][16:22:29] [Tracker][c0nsume.me]: statusCode = 400
[ERROR][16:22:29] [Tracker][c0nsume.me]: statusCode = 400
[ERROR][16:22:29] [Tracker][ogar-tracker.tk]: statusCode = 403
[ERROR][16:22:29] [Tracker][c0nsume.me]: statusCode = 400
[ERROR][16:22:42] [Tracker][c0nsume.me]: statusCode = 400
[ERROR][16:22:42] [Tracker][c0nsume.me]: statusCode = 400
[ERROR][16:22:42] [Tracker][ogar-tracker.tk]: statusCode = 403
[ERROR][16:22:42] [Tracker][ogar-tracker.tk]: statusCode = 403
[ERROR][16:22:42] [Tracker][c0nsume.me]: statusCode = 400
[ERROR][16:22:42] [Tracker][c0nsume.me]: statusCode = 400
[ERROR][16:22:42] [Tracker][ogar-tracker.tk]: statusCode = 403
[ERROR][16:22:54] [Tracker][c0nsume.me]: statusCode = 400
[ERROR][16:22:54] [Tracker][ogar-tracker.tk]: statusCode = 403
[ERROR][16:22:54] [Tracker][ogar-tracker.tk]: statusCode = 403
[ERROR][16:22:54] [Tracker][c0nsume.me]: statusCode = 400
[ERROR][16:22:54] [Tracker][ogar-tracker.tk]: statusCode = 403
[ERROR][16:22:54] [Tracker][c0nsume.me]: statusCode = 400
[ERROR][16:22:54] [Tracker][c0nsume.me]: statusCode = 400
[ERROR][16:22:54] [Tracker][ogar-tracker.tk]: statusCode = 403
[ERROR][16:23:00] [Tracker][ogar-tracker.tk]: Error: connect ETIMEDOUT 195.20.46.84:80
[ERROR][16:23:00] [Tracker][ogar-tracker.tk]: Error: connect ETIMEDOUT 195.20.46.84:80
[ERROR][16:23:05] [Tracker][c0nsume.me]: statusCode = 400
[ERROR][16:23:05] [Tracker][ogar-tracker.tk]: statusCode = 403
[ERROR][16:23:05] [Tracker][c0nsume.me]: statusCode = 400
[ERROR][16:23:05] [Tracker][ogar-tracker.tk]: statusCode = 403
[ERROR][16:23:05] [Tracker][c0nsume.me]: statusCode = 400
[ERROR][16:23:05] [Tracker][ogar-tracker.tk]: statusCode = 403
[ERROR][16:23:06] [Tracker][c0nsume.me]: statusCode = 400
[ERROR][16:23:13] [Tracker][ogar-tracker.tk]: Error: connect ETIMEDOUT 195.20.46.84:80
[ERROR][16:23:15] [Tracker][c0nsume.me]: statusCode = 400
[ERROR][16:23:15] [Tracker][ogar-tracker.tk]: statusCode = 403
[ERROR][16:23:15] [Tracker][c0nsume.me]: statusCode = 400
[ERROR][16:23:15] [Tracker][ogar-tracker.tk]: statusCode = 403
[ERROR][16:23:15] [Tracker][ogar-tracker.tk]: statusCode = 403
[ERROR][16:23:15] [Tracker][c0nsume.me]: statusCode = 400
[ERROR][16:23:15] [Tracker][c0nsume.me]: statusCode = 400
[ERROR][16:23:18] [Tracker][ogar-tracker.tk]: statusCode = 403
[ERROR][16:23:27] [Tracker][c0nsume.me]: statusCode = 400
[ERROR][16:23:27] [Tracker][ogar-tracker.tk]: statusCode = 403
[ERROR][16:23:27] [Tracker][ogar-tracker.tk]: statusCode = 403
[ERROR][16:23:27] [Tracker][c0nsume.me]: statusCode = 400
[ERROR][16:23:27] [Tracker][ogar-tracker.tk]: statusCode = 403
[ERROR][16:23:27] [Tracker][c0nsume.me]: statusCode = 400
[ERROR][16:23:28] [Tracker][c0nsume.me]: statusCode = 400
[ERROR][16:23:34] [Tracker][ogar-tracker.tk]: statusCode = 403
[ERROR][16:23:35] [Tracker][ogar-tracker.tk]: Error: connect ETIMEDOUT 195.20.46.84:80
[ERROR][16:23:39] [Tracker][c0nsume.me]: statusCode = 400
[ERROR][16:23:39] [Tracker][ogar-tracker.tk]: statusCode = 403
[ERROR][16:23:39] [Tracker][c0nsume.me]: statusCode = 400
[ERROR][16:23:39] [Tracker][ogar-tracker.tk]: statusCode = 403
[ERROR][16:23:39] [Tracker][ogar-tracker.tk]: statusCode = 403
[ERROR][16:23:39] [Tracker][ogar-tracker.tk]: statusCode = 403
[ERROR][16:23:39] [Tracker][c0nsume.me]: statusCode = 400
[ERROR][16:23:39] [Tracker][c0nsume.me]: statusCode = 400
[ERROR][16:23:50] [Tracker][c0nsume.me]: statusCode = 400
[ERROR][16:23:50] [Tracker][ogar-tracker.tk]: statusCode = 403
[ERROR][16:23:50] [Tracker][ogar-tracker.tk]: statusCode = 403
[ERROR][16:23:50] [Tracker][c0nsume.me]: statusCode = 400
[ERROR][16:23:50] [Tracker][c0nsume.me]: statusCode = 400
[ERROR][16:23:50] [Tracker][ogar-tracker.tk]: statusCode = 403
[ERROR][16:23:50] [Tracker][ogar-tracker.tk]: statusCode = 403
[ERROR][16:23:50] [Tracker][c0nsume.me]: statusCode = 400
[ERROR][16:24:01] [Tracker][c0nsume.me]: statusCode = 400
[ERROR][16:24:01] [Tracker][ogar-tracker.tk]: statusCode = 403
[ERROR][16:24:01] [Tracker][c0nsume.me]: statusCode = 400
[ERROR][16:24:01] [Tracker][c0nsume.me]: statusCode = 400
[ERROR][16:24:01] [Tracker][ogar-tracker.tk]: statusCode = 403
[ERROR][16:24:01] [Tracker][c0nsume.me]: statusCode = 400
[ERROR][16:24:01] [Tracker][ogar-tracker.tk]: statusCode = 403
[ERROR][16:24:14] [Tracker][c0nsume.me]: statusCode = 400
[ERROR][16:24:14] [Tracker][ogar-tracker.tk]: statusCode = 403
[ERROR][16:24:14] [Tracker][ogar-tracker.tk]: statusCode = 403
[ERROR][16:24:14] [Tracker][ogar-tracker.tk]: statusCode = 403
[ERROR][16:24:14] [Tracker][c0nsume.me]: statusCode = 400
[ERROR][16:24:14] [Tracker][ogar-tracker.tk]: statusCode = 403
[ERROR][16:24:14] [Tracker][c0nsume.me]: statusCode = 400
[ERROR][16:24:15] [Tracker][c0nsume.me]: statusCode = 400
[ERROR][16:24:24] [Tracker][c0nsume.me]: statusCode = 400
[ERROR][16:24:24] [Tracker][ogar-tracker.tk]: statusCode = 403
[ERROR][16:24:24] [Tracker][ogar-tracker.tk]: statusCode = 403
[ERROR][16:24:24] [Tracker][c0nsume.me]: statusCode = 400
[ERROR][16:24:24] [Tracker][c0nsume.me]: statusCode = 400
[ERROR][16:24:24] [Tracker][ogar-tracker.tk]: statusCode = 403
[ERROR][16:24:24] [Tracker][ogar-tracker.tk]: statusCode = 403
[ERROR][16:24:25] [Tracker][c0nsume.me]: statusCode = 400
[ERROR][16:24:32] [Tracker][ogar-tracker.tk]: Error: connect ETIMEDOUT 195.20.46.84:80
[ERROR][16:24:36] [Tracker][c0nsume.me]: statusCode = 400
[ERROR][16:24:36] [Tracker][c0nsume.me]: statusCode = 400
[ERROR][16:24:36] [Tracker][c0nsume.me]: statusCode = 400
[ERROR][16:24:36] [Tracker][c0nsume.me]: statusCode = 400
[ERROR][16:24:37] [Tracker][ogar-tracker.tk]: statusCode = 403
[ERROR][16:24:43] [Tracker][ogar-tracker.tk]: statusCode = 403
[ERROR][16:24:47] [Tracker][c0nsume.me]: statusCode = 400
[ERROR][16:24:47] [Tracker][c0nsume.me]: statusCode = 400
[ERROR][16:24:48] [Tracker][c0nsume.me]: statusCode = 400
[ERROR][16:24:48] [Tracker][c0nsume.me]: statusCode = 400
[ERROR][16:24:48] [Tracker][ogar-tracker.tk]: statusCode = 403
[ERROR][16:24:49] [Tracker][ogar-tracker.tk]: statusCode = 403
[WARN ][16:24:57] 127.0.0.1ADDED 30 BOTS
[ERROR][16:24:59] [Tracker][c0nsume.me]: statusCode = 400
[ERROR][16:24:59] [Tracker][c0nsume.me]: statusCode = 400
[ERROR][16:24:59] [Tracker][ogar-tracker.tk]: statusCode = 403
[ERROR][16:24:59] [Tracker][c0nsume.me]: statusCode = 400
[ERROR][16:24:59] [Tracker][c0nsume.me]: statusCode = 400
[ERROR][16:25:02] [Tracker][ogar-tracker.tk]: statusCode = 403
[ERROR][16:25:02] [Tracker][ogar-tracker.tk]: Error: socket hang up
[ERROR][16:25:03] [Tracker][ogar-tracker.tk]: statusCode = 403
[ERROR][16:25:07] [Tracker][ogar-tracker.tk]: Error: connect ETIMEDOUT 195.20.46.84:80
[ERROR][16:25:14] [Tracker][ogar-tracker.tk]: statusCode = 403
[ERROR][16:25:14] [Tracker][ogar-tracker.tk]: statusCode = 403
[ERROR][16:25:18] [Tracker][ogar-tracker.tk]: Error: connect ETIMEDOUT 195.20.46.84:80
[ERROR][16:25:27] [Tracker][c0nsume.me]: statusCode = 400
[ERROR][16:25:27] [Tracker][c0nsume.me]: statusCode = 400
[ERROR][16:25:27] [Tracker][ogar-tracker.tk]: statusCode = 403
[ERROR][16:25:27] [Tracker][ogar-tracker.tk]: statusCode = 403
[ERROR][16:25:27] [Tracker][ogar-tracker.tk]: statusCode = 403
[ERROR][16:25:27] [Tracker][c0nsume.me]: statusCode = 400
[ERROR][16:25:27] [Tracker][c0nsume.me]: statusCode = 400
[ERROR][16:25:53] [Tracker][c0nsume.me]: statusCode = 400
[ERROR][16:25:53] [Tracker][ogar-tracker.tk]: statusCode = 403
[ERROR][16:25:53] [Tracker][c0nsume.me]: statusCode = 400
[ERROR][16:25:53] [Tracker][ogar-tracker.tk]: statusCode = 403
[ERROR][16:25:53] [Tracker][c0nsume.me]: statusCode = 400
[ERROR][16:25:53] [Tracker][ogar-tracker.tk]: statusCode = 403
[ERROR][16:25:53] [Tracker][c0nsume.me]: statusCode = 400
[ERROR][16:25:58] [Tracker][ogar-tracker.tk]: Error: connect ETIMEDOUT 195.20.46.84:80
[ERROR][16:26:14] [Tracker][c0nsume.me]: statusCode = 400
[ERROR][16:26:14] [Tracker][ogar-tracker.tk]: statusCode = 403
[ERROR][16:26:14] [Tracker][ogar-tracker.tk]: statusCode = 403
[ERROR][16:26:14] [Tracker][c0nsume.me]: statusCode = 400
[ERROR][16:26:14] [Tracker][ogar-tracker.tk]: statusCode = 403
[ERROR][16:26:14] [Tracker][c0nsume.me]: statusCode = 400
[ERROR][16:26:14] [Tracker][ogar-tracker.tk]: statusCode = 403
[ERROR][16:26:14] [Tracker][c0nsume.me]: statusCode = 400
[ERROR][16:26:25] [Tracker][ogar-tracker.tk]: Error: connect ETIMEDOUT 195.20.46.84:80
[ERROR][16:26:39] [Tracker][c0nsume.me]: statusCode = 400
[ERROR][16:26:39] [Tracker][ogar-tracker.tk]: statusCode = 403
[ERROR][16:26:39] [Tracker][c0nsume.me]: statusCode = 400
[ERROR][16:26:39] [Tracker][ogar-tracker.tk]: statusCode = 403
[ERROR][16:26:39] [Tracker][c0nsume.me]: statusCode = 400
[ERROR][16:26:39] [Tracker][ogar-tracker.tk]: statusCode = 403
[ERROR][16:26:39] [Tracker][ogar-tracker.tk]: statusCode = 403
[ERROR][16:26:39] [Tracker][c0nsume.me]: statusCode = 400
[ERROR][16:27:01] [Tracker][c0nsume.me]: statusCode = 400
[ERROR][16:27:01] [Tracker][ogar-tracker.tk]: statusCode = 403
[ERROR][16:27:02] [Tracker][ogar-tracker.tk]: statusCode = 403
[ERROR][16:27:02] [Tracker][c0nsume.me]: statusCode = 400
[ERROR][16:27:02] [Tracker][ogar-tracker.tk]: statusCode = 403
[ERROR][16:27:02] [Tracker][c0nsume.me]: statusCode = 400
[ERROR][16:27:02] [Tracker][ogar-tracker.tk]: statusCode = 403
[ERROR][16:27:02] [Tracker][c0nsume.me]: statusCode = 400
[ERROR][16:27:21] [Tracker][c0nsume.me]: statusCode = 400
[ERROR][16:27:21] [Tracker][ogar-tracker.tk]: statusCode = 403
[ERROR][16:27:21] [Tracker][ogar-tracker.tk]: statusCode = 403
[ERROR][16:27:21] [Tracker][c0nsume.me]: statusCode = 400
[ERROR][16:27:22] [Tracker][ogar-tracker.tk]: statusCode = 403
[ERROR][16:27:22] [Tracker][c0nsume.me]: statusCode = 400
[ERROR][16:27:22] [Tracker][ogar-tracker.tk]: statusCode = 403
[ERROR][16:27:22] [Tracker][c0nsume.me]: statusCode = 400
[ERROR][16:27:47] [Tracker][c0nsume.me]: statusCode = 400
[ERROR][16:27:47] [Tracker][ogar-tracker.tk]: statusCode = 403
[ERROR][16:27:47] [Tracker][c0nsume.me]: statusCode = 400
[ERROR][16:27:47] [Tracker][c0nsume.me]: statusCode = 400
[ERROR][16:27:47] [Tracker][c0nsume.me]: statusCode = 400
[ERROR][16:27:48] [Tracker][ogar-tracker.tk]: statusCode = 403
[ERROR][16:27:49] [Tracker][ogar-tracker.tk]: statusCode = 403
[ERROR][16:28:11] [Tracker][ogar-tracker.tk]: statusCode = 403
[ERROR][16:28:11] [Tracker][c0nsume.me]: statusCode = 400
[ERROR][16:28:12] [Tracker][ogar-tracker.tk]: statusCode = 403
[ERROR][16:28:12] [Tracker][c0nsume.me]: statusCode = 400
[ERROR][16:28:12] [Tracker][ogar-tracker.tk]: statusCode = 403
[ERROR][16:28:12] [Tracker][c0nsume.me]: statusCode = 400
[ERROR][16:28:12] [Tracker][ogar-tracker.tk]: statusCode = 403
[ERROR][16:28:12] [Tracker][c0nsume.me]: statusCode = 400
[ERROR][16:28:18] [Tracker][ogar-tracker.tk]: Error: connect ETIMEDOUT 195.20.46.84:80
[ERROR][16:28:34] [Tracker][c0nsume.me]: statusCode = 400
[ERROR][16:28:34] [Tracker][ogar-tracker.tk]: statusCode = 403
[ERROR][16:28:35] [Tracker][ogar-tracker.tk]: statusCode = 403
[ERROR][16:28:35] [Tracker][c0nsume.me]: statusCode = 400
[ERROR][16:28:35] [Tracker][c0nsume.me]: statusCode = 400
[ERROR][16:28:35] [Tracker][ogar-tracker.tk]: statusCode = 403
[ERROR][16:28:35] [Tracker][c0nsume.me]: statusCode = 400
[ERROR][16:28:35] [Tracker][ogar-tracker.tk]: statusCode = 403
[ERROR][16:28:49] [Tracker][c0nsume.me]: statusCode = 400
[ERROR][16:28:49] [Tracker][ogar-tracker.tk]: statusCode = 403
[ERROR][16:28:49] [Tracker][c0nsume.me]: statusCode = 400
[ERROR][16:28:49] [Tracker][c0nsume.me]: statusCode = 400
[ERROR][16:28:49] [Tracker][ogar-tracker.tk]: statusCode = 403
[ERROR][16:28:49] [Tracker][c0nsume.me]: statusCode = 400
[ERROR][16:28:50] [Tracker][ogar-tracker.tk]: statusCode = 403
[ERROR][16:29:06] [Tracker][c0nsume.me]: statusCode = 400
[ERROR][16:29:06] [Tracker][ogar-tracker.tk]: statusCode = 403
[ERROR][16:29:06] [Tracker][c0nsume.me]: statusCode = 400
[ERROR][16:29:06] [Tracker][c0nsume.me]: statusCode = 400
[ERROR][16:29:06] [Tracker][ogar-tracker.tk]: statusCode = 403
[ERROR][16:29:06] [Tracker][ogar-tracker.tk]: statusCode = 403
[ERROR][16:29:06] [Tracker][c0nsume.me]: statusCode = 400
[ERROR][16:29:20] [Tracker][ogar-tracker.tk]: Error: connect ETIMEDOUT 195.20.46.84:80
[ERROR][16:29:32] [Tracker][c0nsume.me]: statusCode = 400
[ERROR][16:29:32] [Tracker][ogar-tracker.tk]: statusCode = 403
[ERROR][16:29:33] [Tracker][ogar-tracker.tk]: statusCode = 403
[ERROR][16:29:33] [Tracker][c0nsume.me]: statusCode = 400
[ERROR][16:29:33] [Tracker][ogar-tracker.tk]: statusCode = 403
[ERROR][16:29:33] [Tracker][c0nsume.me]: statusCode = 400
[ERROR][16:29:33] [Tracker][ogar-tracker.tk]: statusCode = 403
[ERROR][16:29:33] [Tracker][c0nsume.me]: statusCode = 400
[ERROR][16:29:37] [Tracker][ogar-tracker.tk]: Error: connect ETIMEDOUT 195.20.46.84:80
[ERROR][16:29:59] [Tracker][c0nsume.me]: statusCode = 400
[ERROR][16:29:59] [Tracker][ogar-tracker.tk]: statusCode = 403
[ERROR][16:29:59] [Tracker][c0nsume.me]: statusCode = 400
[ERROR][16:30:00] [Tracker][ogar-tracker.tk]: statusCode = 403
[ERROR][16:30:00] [Tracker][c0nsume.me]: statusCode = 400
[ERROR][16:30:00] [Tracker][ogar-tracker.tk]: statusCode = 403
[ERROR][16:30:00] [Tracker][c0nsume.me]: statusCode = 400
[ERROR][16:30:06] [Tracker][ogar-tracker.tk]: statusCode = 403
[ERROR][16:30:26] [Tracker][c0nsume.me]: statusCode = 400
[ERROR][16:30:26] [Tracker][ogar-tracker.tk]: statusCode = 403
[ERROR][16:30:26] [Tracker][ogar-tracker.tk]: statusCode = 403
[ERROR][16:30:26] [Tracker][c0nsume.me]: statusCode = 400
[ERROR][16:30:26] [Tracker][ogar-tracker.tk]: statusCode = 403
[ERROR][16:30:26] [Tracker][c0nsume.me]: statusCode = 400
[ERROR][16:30:26] [Tracker][ogar-tracker.tk]: statusCode = 403
[ERROR][16:30:26] [Tracker][c0nsume.me]: statusCode = 400
[ERROR][16:30:53] [Tracker][c0nsume.me]: statusCode = 400
[ERROR][16:30:53] [Tracker][ogar-tracker.tk]: statusCode = 403
[ERROR][16:30:53] [Tracker][ogar-tracker.tk]: statusCode = 403
[ERROR][16:30:53] [Tracker][c0nsume.me]: statusCode = 400
[ERROR][16:30:53] [Tracker][c0nsume.me]: statusCode = 400
[ERROR][16:30:53] [Tracker][ogar-tracker.tk]: statusCode = 403
[ERROR][16:30:53] [Tracker][ogar-tracker.tk]: statusCode = 403
[ERROR][16:30:53] [Tracker][c0nsume.me]: statusCode = 400
[NONE ][16:31:16] >kickbot 30
[WARN ][16:31:16] Kicked 30 bots
[ERROR][16:31:16] [Tracker][c0nsume.me]: statusCode = 400
[ERROR][16:31:16] [Tracker][ogar-tracker.tk]: statusCode = 403
[ERROR][16:31:16] [Tracker][ogar-tracker.tk]: statusCode = 403
[ERROR][16:31:16] [Tracker][c0nsume.me]: statusCode = 400
[ERROR][16:31:16] [Tracker][c0nsume.me]: statusCode = 400
[ERROR][16:31:16] [Tracker][ogar-tracker.tk]: statusCode = 403
[ERROR][16:31:16] [Tracker][ogar-tracker.tk]: statusCode = 403
[ERROR][16:31:16] [Tracker][c0nsume.me]: statusCode = 400
[ERROR][16:31:36] [Tracker][c0nsume.me]: statusCode = 400
[ERROR][16:31:36] [Tracker][ogar-tracker.tk]: statusCode = 403
[ERROR][16:31:36] [Tracker][ogar-tracker.tk]: statusCode = 403
[ERROR][16:31:37] [Tracker][c0nsume.me]: statusCode = 400
[ERROR][16:31:37] [Tracker][c0nsume.me]: statusCode = 400
[ERROR][16:31:37] [Tracker][ogar-tracker.tk]: statusCode = 403
[ERROR][16:31:37] [Tracker][ogar-tracker.tk]: statusCode = 403
[ERROR][16:31:37] [Tracker][c0nsume.me]: statusCode = 400
[ERROR][16:32:07] [Tracker][c0nsume.me]: statusCode = 400
[ERROR][16:32:07] [Tracker][ogar-tracker.tk]: statusCode = 403
[ERROR][16:32:07] [Tracker][ogar-tracker.tk]: statusCode = 403
[ERROR][16:32:07] [Tracker][c0nsume.me]: statusCode = 400
[ERROR][16:32:07] [Tracker][c0nsume.me]: statusCode = 400
[ERROR][16:32:07] [Tracker][ogar-tracker.tk]: statusCode = 403
[ERROR][16:32:08] [Tracker][ogar-tracker.tk]: statusCode = 403
[ERROR][16:32:08] [Tracker][c0nsume.me]: statusCode = 400
[ERROR][16:32:32] [Tracker][c0nsume.me]: statusCode = 400
[ERROR][16:32:32] [Tracker][c0nsume.me]: statusCode = 400
[ERROR][16:32:32] [Tracker][ogar-tracker.tk]: statusCode = 403
[ERROR][16:32:32] [Tracker][c0nsume.me]: statusCode = 400
[ERROR][16:32:32] [Tracker][c0nsume.me]: statusCode = 400
[ERROR][16:32:32] [Tracker][ogar-tracker.tk]: statusCode = 403
[ERROR][16:32:34] [Tracker][ogar-tracker.tk]: statusCode = 403
[ERROR][16:32:34] [Tracker][ogar-tracker.tk]: statusCode = 403
[ERROR][16:32:34] [Tracker][ogar-tracker.tk]: statusCode = 403
[ERROR][16:32:34] [Tracker][c0nsume.me]: statusCode = 400
[ERROR][16:32:34] [Tracker][c0nsume.me]: statusCode = 400
[ERROR][16:32:34] [Tracker][c0nsume.me]: statusCode = 400
[ERROR][16:32:34] [Tracker][ogar-tracker.tk]: statusCode = 403
[ERROR][16:32:34] [Tracker][c0nsume.me]: statusCode = 400
[ERROR][16:32:37] [Tracker][c0nsume.me]: statusCode = 400
[ERROR][16:32:37] [Tracker][c0nsume.me]: statusCode = 400
[ERROR][16:32:37] [Tracker][ogar-tracker.tk]: statusCode = 403
[ERROR][16:32:37] [Tracker][ogar-tracker.tk]: statusCode = 403
[ERROR][16:32:37] [Tracker][ogar-tracker.tk]: statusCode = 403
[ERROR][16:32:37] [Tracker][c0nsume.me]: statusCode = 400
[ERROR][16:32:37] [Tracker][c0nsume.me]: statusCode = 400
[ERROR][16:32:38] [Tracker][ogar-tracker.tk]: statusCode = 403
[ERROR][16:32:38] [Tracker][ogar-tracker.tk]: statusCode = 403
[ERROR][16:32:38] [Tracker][c0nsume.me]: statusCode = 400
[ERROR][16:32:38] [Tracker][ogar-tracker.tk]: statusCode = 403
[ERROR][16:32:38] [Tracker][c0nsume.me]: statusCode = 400
[ERROR][16:32:38] [Tracker][c0nsume.me]: statusCode = 400
[ERROR][16:32:38] [Tracker][c0nsume.me]: statusCode = 400
[ERROR][16:32:40] [Tracker][ogar-tracker.tk]: statusCode = 403
[ERROR][16:32:40] [Tracker][ogar-tracker.tk]: statusCode = 403
[ERROR][16:32:40] [Tracker][ogar-tracker.tk]: statusCode = 403
[ERROR][16:32:40] [Tracker][ogar-tracker.tk]: statusCode = 403
[ERROR][16:32:40] [Tracker][c0nsume.me]: statusCode = 400
[ERROR][16:32:40] [Tracker][c0nsume.me]: statusCode = 400
[ERROR][16:32:40] [Tracker][c0nsume.me]: statusCode = 400
[ERROR][16:32:40] [Tracker][ogar-tracker.tk]: statusCode = 403
[ERROR][16:32:40] [Tracker][ogar-tracker.tk]: statusCode = 403
[ERROR][16:32:40] [Tracker][ogar-tracker.tk]: statusCode = 403
[ERROR][16:32:40] [Tracker][c0nsume.me]: statusCode = 400
[ERROR][16:32:40] [Tracker][c0nsume.me]: statusCode = 400
[ERROR][16:32:42] [Tracker][c0nsume.me]: statusCode = 400
[ERROR][16:32:42] [Tracker][ogar-tracker.tk]: statusCode = 403
[ERROR][16:32:42] [Tracker][c0nsume.me]: statusCode = 400
[ERROR][16:32:42] [Tracker][ogar-tracker.tk]: statusCode = 403
[ERROR][16:32:42] [Tracker][ogar-tracker.tk]: statusCode = 403
[ERROR][16:32:43] [Tracker][c0nsume.me]: statusCode = 400
[ERROR][16:32:43] [Tracker][c0nsume.me]: statusCode = 400
[ERROR][16:32:44] [Tracker][c0nsume.me]: statusCode = 400
[ERROR][16:32:44] [Tracker][ogar-tracker.tk]: statusCode = 403
[ERROR][16:32:44] [Tracker][c0nsume.me]: statusCode = 400
[ERROR][16:32:44] [Tracker][ogar-tracker.tk]: statusCode = 403
[ERROR][16:32:44] [Tracker][c0nsume.me]: statusCode = 400
[ERROR][16:32:44] [Tracker][c0nsume.me]: statusCode = 400
[ERROR][16:32:44] [Tracker][ogar-tracker.tk]: statusCode = 403
[ERROR][16:32:45] [Tracker][c0nsume.me]: statusCode = 400
[ERROR][16:32:45] [Tracker][ogar-tracker.tk]: statusCode = 403
[ERROR][16:32:45] [Tracker][ogar-tracker.tk]: statusCode = 403
[ERROR][16:32:45] [Tracker][c0nsume.me]: statusCode = 400
[ERROR][16:32:45] [Tracker][c0nsume.me]: statusCode = 400
[ERROR][16:32:45] [Tracker][ogar-tracker.tk]: statusCode = 403
[ERROR][16:32:45] [Tracker][c0nsume.me]: statusCode = 400
[ERROR][16:32:47] [Tracker][ogar-tracker.tk]: statusCode = 403
[ERROR][16:32:47] [Tracker][c0nsume.me]: statusCode = 400
[ERROR][16:32:47] [Tracker][ogar-tracker.tk]: statusCode = 403
[ERROR][16:32:47] [Tracker][c0nsume.me]: statusCode = 400
[ERROR][16:32:47] [Tracker][c0nsume.me]: statusCode = 400
[ERROR][16:32:47] [Tracker][ogar-tracker.tk]: statusCode = 403
[ERROR][16:32:47] [Tracker][c0nsume.me]: statusCode = 400
[ERROR][16:32:47] [Tracker][ogar-tracker.tk]: statusCode = 403
[ERROR][16:32:50] [Tracker][c0nsume.me]: statusCode = 400
[ERROR][16:32:50] [Tracker][c0nsume.me]: statusCode = 400
[ERROR][16:32:50] [Tracker][ogar-tracker.tk]: statusCode = 403
[ERROR][16:32:50] [Tracker][c0nsume.me]: statusCode = 400
[ERROR][16:32:50] [Tracker][c0nsume.me]: statusCode = 400
[ERROR][16:32:54] [Tracker][c0nsume.me]: statusCode = 400
[ERROR][16:32:54] [Tracker][ogar-tracker.tk]: statusCode = 403
[ERROR][16:32:54] [Tracker][ogar-tracker.tk]: statusCode = 403
[ERROR][16:32:54] [Tracker][c0nsume.me]: statusCode = 400
[ERROR][16:32:54] [Tracker][ogar-tracker.tk]: statusCode = 403
[ERROR][16:32:54] [Tracker][c0nsume.me]: statusCode = 400
[ERROR][16:32:54] [Tracker][c0nsume.me]: statusCode = 400
[ERROR][16:32:55] [Tracker][c0nsume.me]: statusCode = 400
[ERROR][16:32:55] [Tracker][ogar-tracker.tk]: statusCode = 403
[ERROR][16:32:55] [Tracker][c0nsume.me]: statusCode = 400
[ERROR][16:32:55] [Tracker][c0nsume.me]: statusCode = 400
[ERROR][16:32:55] [Tracker][ogar-tracker.tk]: statusCode = 403
[ERROR][16:32:55] [Tracker][ogar-tracker.tk]: statusCode = 403
[ERROR][16:32:55] [Tracker][c0nsume.me]: statusCode = 400
[ERROR][16:32:55] [Tracker][ogar-tracker.tk]: statusCode = 403
[ERROR][16:32:55] [Tracker][c0nsume.me]: statusCode = 400
[ERROR][16:32:56] [Tracker][c0nsume.me]: statusCode = 400
[ERROR][16:32:59] [Tracker][c0nsume.me]: statusCode = 400
[ERROR][16:32:59] [Tracker][ogar-tracker.tk]: statusCode = 403
[ERROR][16:32:59] [Tracker][ogar-tracker.tk]: statusCode = 403
[ERROR][16:32:59] [Tracker][c0nsume.me]: statusCode = 400
[ERROR][16:32:59] [Tracker][c0nsume.me]: statusCode = 400
[ERROR][16:32:59] [Tracker][c0nsume.me]: statusCode = 400
[ERROR][16:33:00] [Tracker][ogar-tracker.tk]: statusCode = 403
[ERROR][16:33:00] [Tracker][c0nsume.me]: statusCode = 400
[ERROR][16:33:00] [Tracker][ogar-tracker.tk]: statusCode = 403
[ERROR][16:33:00] [Tracker][c0nsume.me]: statusCode = 400
[ERROR][16:33:00] [Tracker][c0nsume.me]: statusCode = 400
[ERROR][16:33:00] [Tracker][ogar-tracker.tk]: statusCode = 403
[ERROR][16:33:00] [Tracker][c0nsume.me]: statusCode = 400
[ERROR][16:33:01] [Tracker][ogar-tracker.tk]: statusCode = 403
[ERROR][16:33:02] [Tracker][ogar-tracker.tk]: statusCode = 403
[ERROR][16:33:02] [Tracker][c0nsume.me]: statusCode = 400
[ERROR][16:33:02] [Tracker][ogar-tracker.tk]: statusCode = 403
[ERROR][16:33:02] [Tracker][c0nsume.me]: statusCode = 400
[ERROR][16:33:02] [Tracker][c0nsume.me]: statusCode = 400
[ERROR][16:33:02] [Tracker][c0nsume.me]: statusCode = 400
[ERROR][16:33:02] [Tracker][ogar-tracker.tk]: statusCode = 403
[ERROR][16:33:02] [Tracker][c0nsume.me]: statusCode = 400
[ERROR][16:33:03] [Tracker][ogar-tracker.tk]: statusCode = 403
[ERROR][16:33:03] [Tracker][c0nsume.me]: statusCode = 400
[ERROR][16:33:03] [Tracker][c0nsume.me]: statusCode = 400
[ERROR][16:33:03] [Tracker][ogar-tracker.tk]: statusCode = 403
[ERROR][16:33:03] [Tracker][c0nsume.me]: statusCode = 400
[ERROR][16:33:03] [Tracker][ogar-tracker.tk]: Error: connect ETIMEDOUT 195.20.46.84:80
[ERROR][16:33:03] [Tracker][ogar-tracker.tk]: Error: connect ETIMEDOUT 195.20.46.84:80
[ERROR][16:33:03] [Tracker][ogar-tracker.tk]: statusCode = 403
[ERROR][16:33:03] [Tracker][ogar-tracker.tk]: statusCode = 403
[ERROR][16:33:03] [Tracker][c0nsume.me]: statusCode = 400
[ERROR][16:33:03] [Tracker][c0nsume.me]: statusCode = 400
[ERROR][16:33:03] [Tracker][c0nsume.me]: statusCode = 400
[ERROR][16:33:03] [Tracker][c0nsume.me]: statusCode = 400
[ERROR][16:33:04] [Tracker][c0nsume.me]: statusCode = 400
[ERROR][16:33:04] [Tracker][ogar-tracker.tk]: statusCode = 403
[ERROR][16:33:04] [Tracker][ogar-tracker.tk]: statusCode = 403
[ERROR][16:33:04] [Tracker][c0nsume.me]: statusCode = 400
[ERROR][16:33:04] [Tracker][ogar-tracker.tk]: statusCode = 403
[ERROR][16:33:04] [Tracker][ogar-tracker.tk]: statusCode = 403
[ERROR][16:33:04] [Tracker][c0nsume.me]: statusCode = 400
[ERROR][16:33:04] [Tracker][c0nsume.me]: statusCode = 400
[ERROR][16:33:05] [Tracker][ogar-tracker.tk]: statusCode = 403
[ERROR][16:33:05] [Tracker][c0nsume.me]: statusCode = 400
[ERROR][16:33:05] [Tracker][ogar-tracker.tk]: statusCode = 403
[ERROR][16:33:05] [Tracker][ogar-tracker.tk]: statusCode = 403
[ERROR][16:33:05] [Tracker][c0nsume.me]: statusCode = 400
[ERROR][16:33:05] [Tracker][ogar-tracker.tk]: statusCode = 403
[ERROR][16:33:05] [Tracker][c0nsume.me]: statusCode = 400
[ERROR][16:33:05] [Tracker][c0nsume.me]: statusCode = 400
[ERROR][16:33:07] [Tracker][ogar-tracker.tk]: statusCode = 403
[ERROR][16:33:07] [Tracker][c0nsume.me]: statusCode = 400
[ERROR][16:33:07] [Tracker][c0nsume.me]: statusCode = 400
[ERROR][16:33:07] [Tracker][c0nsume.me]: statusCode = 400
[ERROR][16:33:07] [Tracker][c0nsume.me]: statusCode = 400
[ERROR][16:33:07] [Tracker][ogar-tracker.tk]: statusCode = 403
[ERROR][16:33:08] [Tracker][ogar-tracker.tk]: Error: connect ETIMEDOUT 195.20.46.84:80
[ERROR][16:33:08] [Tracker][ogar-tracker.tk]: statusCode = 403
[ERROR][16:33:08] [Tracker][ogar-tracker.tk]: statusCode = 403
[ERROR][16:33:08] [Tracker][c0nsume.me]: statusCode = 400
[ERROR][16:33:08] [Tracker][ogar-tracker.tk]: statusCode = 403
[ERROR][16:33:08] [Tracker][c0nsume.me]: statusCode = 400
[ERROR][16:33:08] [Tracker][c0nsume.me]: statusCode = 400
[ERROR][16:33:08] [Tracker][c0nsume.me]: statusCode = 400
[ERROR][16:33:09] [Tracker][c0nsume.me]: statusCode = 400
[ERROR][16:33:09] [Tracker][c0nsume.me]: statusCode = 400
[ERROR][16:33:09] [Tracker][ogar-tracker.tk]: statusCode = 403
[ERROR][16:33:09] [Tracker][c0nsume.me]: statusCode = 400
[ERROR][16:33:09] [Tracker][ogar-tracker.tk]: statusCode = 403
[ERROR][16:33:09] [Tracker][ogar-tracker.tk]: Error: connect ETIMEDOUT 195.20.46.84:80
[ERROR][16:33:09] [Tracker][c0nsume.me]: statusCode = 400
[ERROR][16:33:10] [Tracker][c0nsume.me]: statusCode = 400
[ERROR][16:33:10] [Tracker][ogar-tracker.tk]: statusCode = 403
[ERROR][16:33:10] [Tracker][ogar-tracker.tk]: statusCode = 403
[ERROR][16:33:10] [Tracker][c0nsume.me]: statusCode = 400
[ERROR][16:33:10] [Tracker][c0nsume.me]: statusCode = 400
[ERROR][16:33:10] [Tracker][c0nsume.me]: statusCode = 400
[ERROR][16:33:10] [Tracker][ogar-tracker.tk]: statusCode = 403
[ERROR][16:33:10] [Tracker][c0nsume.me]: statusCode = 400
[ERROR][16:33:11] [Tracker][ogar-tracker.tk]: Error: connect ETIMEDOUT 195.20.46.84:80
[ERROR][16:33:13] [Tracker][ogar-tracker.tk]: Error: connect ETIMEDOUT 195.20.46.84:80
[ERROR][16:33:14] [Tracker][c0nsume.me]: statusCode = 400
[ERROR][16:33:14] [Tracker][ogar-tracker.tk]: statusCode = 403
[ERROR][16:33:14] [Tracker][c0nsume.me]: statusCode = 400
[ERROR][16:33:14] [Tracker][ogar-tracker.tk]: statusCode = 403
[ERROR][16:33:14] [Tracker][c0nsume.me]: statusCode = 400
[ERROR][16:33:14] [Tracker][ogar-tracker.tk]: statusCode = 403
[ERROR][16:33:14] [Tracker][c0nsume.me]: statusCode = 400
[ERROR][16:33:15] [Tracker][ogar-tracker.tk]: Error: connect ETIMEDOUT 195.20.46.84:80
[ERROR][16:33:16] [Tracker][ogar-tracker.tk]: Error: connect ETIMEDOUT 195.20.46.84:80
[ERROR][16:33:17] [Tracker][ogar-tracker.tk]: statusCode = 403
[ERROR][16:33:21] [Tracker][ogar-tracker.tk]: Error: connect ETIMEDOUT 195.20.46.84:80
[ERROR][16:33:21] [Tracker][ogar-tracker.tk]: Error: connect ETIMEDOUT 195.20.46.84:80
[ERROR][16:33:25] [Tracker][ogar-tracker.tk]: Error: connect ETIMEDOUT 195.20.46.84:80
[ERROR][16:33:26] [Tracker][c0nsume.me]: statusCode = 400
[ERROR][16:33:26] [Tracker][ogar-tracker.tk]: statusCode = 403
[ERROR][16:33:26] [Tracker][c0nsume.me]: statusCode = 400
[ERROR][16:33:26] [Tracker][ogar-tracker.tk]: statusCode = 403
[ERROR][16:33:26] [Tracker][ogar-tracker.tk]: statusCode = 403
[ERROR][16:33:26] [Tracker][c0nsume.me]: statusCode = 400
[ERROR][16:33:26] [Tracker][c0nsume.me]: statusCode = 400
[ERROR][16:33:30] [Tracker][ogar-tracker.tk]: Error: connect ETIMEDOUT 195.20.46.84:80
[ERROR][16:33:30] [Tracker][ogar-tracker.tk]: Error: connect ETIMEDOUT 195.20.46.84:80
[ERROR][16:33:33] [Tracker][ogar-tracker.tk]: Error: connect ETIMEDOUT 195.20.46.84:80
[ERROR][16:33:33] [Tracker][ogar-tracker.tk]: Error: connect ETIMEDOUT 195.20.46.84:80
[ERROR][16:33:34] [Tracker][ogar-tracker.tk]: Error: connect ETIMEDOUT 195.20.46.84:80
[ERROR][16:33:34] [Tracker][ogar-tracker.tk]: Error: connect ETIMEDOUT 195.20.46.84:80
[ERROR][16:33:34] [Tracker][ogar-tracker.tk]: Error: connect ETIMEDOUT 195.20.46.84:80
[ERROR][16:33:37] [Tracker][ogar-tracker.tk]: Error: connect ETIMEDOUT 195.20.46.84:80
[ERROR][16:33:38] [Tracker][ogar-tracker.tk]: Error: connect ETIMEDOUT 195.20.46.84:80
[ERROR][16:33:38] [Tracker][ogar-tracker.tk]: Error: connect ETIMEDOUT 195.20.46.84:80
[ERROR][16:33:39] [Tracker][ogar-tracker.tk]: Error: connect ETIMEDOUT 195.20.46.84:80
[ERROR][16:33:40] [Tracker][ogar-tracker.tk]: Error: connect ETIMEDOUT 195.20.46.84:80
[ERROR][16:33:40] [Tracker][ogar-tracker.tk]: Error: connect ETIMEDOUT 195.20.46.84:80
[ERROR][16:33:41] [Tracker][ogar-tracker.tk]: Error: connect ETIMEDOUT 195.20.46.84:80
[ERROR][16:33:47] [Tracker][c0nsume.me]: statusCode = 400
[ERROR][16:33:48] [Tracker][ogar-tracker.tk]: statusCode = 403
[ERROR][16:33:48] [Tracker][c0nsume.me]: statusCode = 400
[ERROR][16:33:48] [Tracker][ogar-tracker.tk]: statusCode = 403
[ERROR][16:33:48] [Tracker][c0nsume.me]: statusCode = 400
[ERROR][16:33:48] [Tracker][ogar-tracker.tk]: statusCode = 403
[ERROR][16:33:48] [Tracker][c0nsume.me]: statusCode = 400
[ERROR][16:33:55] [Tracker][c0nsume.me]: statusCode = 400
[ERROR][16:33:55] [Tracker][c0nsume.me]: statusCode = 400
[ERROR][16:33:55] [Tracker][ogar-tracker.tk]: statusCode = 403
[ERROR][16:33:55] [Tracker][ogar-tracker.tk]: statusCode = 403
[ERROR][16:33:55] [Tracker][c0nsume.me]: statusCode = 400
[ERROR][16:33:55] [Tracker][ogar-tracker.tk]: statusCode = 403
[ERROR][16:33:55] [Tracker][c0nsume.me]: statusCode = 400
[ERROR][16:33:57] [Tracker][ogar-tracker.tk]: Error: connect ETIMEDOUT 195.20.46.84:80
[ERROR][16:34:00] [Tracker][c0nsume.me]: statusCode = 400
[ERROR][16:34:00] [Tracker][c0nsume.me]: statusCode = 400
[ERROR][16:34:00] [Tracker][c0nsume.me]: statusCode = 400
[ERROR][16:34:01] [Tracker][ogar-tracker.tk]: statusCode = 403
[ERROR][16:34:01] [Tracker][c0nsume.me]: statusCode = 400
[ERROR][16:34:02] [Tracker][ogar-tracker.tk]: statusCode = 403
[ERROR][16:34:15] [Tracker][c0nsume.me]: statusCode = 400
[ERROR][16:34:15] [Tracker][ogar-tracker.tk]: statusCode = 403
[ERROR][16:34:16] [Tracker][c0nsume.me]: statusCode = 400
[ERROR][16:34:16] [Tracker][c0nsume.me]: statusCode = 400
[ERROR][16:34:16] [Tracker][ogar-tracker.tk]: statusCode = 403
[ERROR][16:34:16] [Tracker][c0nsume.me]: statusCode = 400
[ERROR][16:34:16] [Tracker][ogar-tracker.tk]: statusCode = 403
[ERROR][16:34:18] [Tracker][ogar-tracker.tk]: Error: connect ETIMEDOUT 195.20.46.84:80
[ERROR][16:34:26] [Tracker][ogar-tracker.tk]: Error: connect ETIMEDOUT 195.20.46.84:80
[ERROR][16:34:32] [Tracker][ogar-tracker.tk]: Error: connect ETIMEDOUT 195.20.46.84:80
[ERROR][16:34:32] [Tracker][ogar-tracker.tk]: Error: connect ETIMEDOUT 195.20.46.84:80
[ERROR][16:34:35] [Tracker][c0nsume.me]: statusCode = 400
[ERROR][16:34:35] [Tracker][c0nsume.me]: statusCode = 400
[ERROR][16:34:35] [Tracker][c0nsume.me]: statusCode = 400
[ERROR][16:34:36] [Tracker][c0nsume.me]: statusCode = 400
[ERROR][16:34:36] [Tracker][ogar-tracker.tk]: statusCode = 403
[ERROR][16:34:46] [Tracker][ogar-tracker.tk]: Error: connect ETIMEDOUT 195.20.46.84:80
[ERROR][16:34:50] [Tracker][ogar-tracker.tk]: statusCode = 403
[ERROR][16:34:50] [Tracker][ogar-tracker.tk]: statusCode = 403
[ERROR][16:34:55] [Tracker][c0nsume.me]: statusCode = 400
[ERROR][16:34:55] [Tracker][ogar-tracker.tk]: statusCode = 403
[ERROR][16:34:55] [Tracker][c0nsume.me]: statusCode = 400
[ERROR][16:34:56] [Tracker][ogar-tracker.tk]: statusCode = 403
[ERROR][16:34:56] [Tracker][c0nsume.me]: statusCode = 400
[ERROR][16:34:56] [Tracker][ogar-tracker.tk]: statusCode = 403
[ERROR][16:34:56] [Tracker][c0nsume.me]: statusCode = 400
[ERROR][16:34:57] [Tracker][ogar-tracker.tk]: statusCode = 403
[ERROR][16:35:06] [Tracker][ogar-tracker.tk]: Error: connect ETIMEDOUT 195.20.46.84:80
[ERROR][16:35:18] [Tracker][ogar-tracker.tk]: statusCode = 403
[ERROR][16:35:18] [Tracker][c0nsume.me]: statusCode = 400
[ERROR][16:35:18] [Tracker][ogar-tracker.tk]: statusCode = 403
[ERROR][16:35:19] [Tracker][c0nsume.me]: statusCode = 400
[ERROR][16:35:19] [Tracker][c0nsume.me]: statusCode = 400
[ERROR][16:35:19] [Tracker][ogar-tracker.tk]: statusCode = 403
[ERROR][16:35:20] [Tracker][c0nsume.me]: statusCode = 400
[NONE ][16:35:30] DISCONNECTED 127.0.0.1:51335, code: 1006, reason: "undefined", name: "DeezNuts"
[ERROR][16:35:42] [Tracker][c0nsume.me]: statusCode = 400
[ERROR][16:35:42] [Tracker][ogar-tracker.tk]: statusCode = 403
[ERROR][16:35:42] [Tracker][c0nsume.me]: statusCode = 400
[ERROR][16:35:42] [Tracker][ogar-tracker.tk]: statusCode = 403
[ERROR][16:35:43] [Tracker][c0nsume.me]: statusCode = 400
[ERROR][16:35:43] [Tracker][ogar-tracker.tk]: statusCode = 403
[ERROR][16:35:43] [Tracker][ogar-tracker.tk]: statusCode = 403
[ERROR][16:35:43] [Tracker][c0nsume.me]: statusCode = 400
[ERROR][16:35:50] [Tracker][ogar-tracker.tk]: Error: connect ETIMEDOUT 195.20.46.84:80
[ERROR][16:36:01] [Tracker][c0nsume.me]: statusCode = 400
[ERROR][16:36:01] [Tracker][c0nsume.me]: statusCode = 400
[ERROR][16:36:01] [Tracker][ogar-tracker.tk]: statusCode = 403
[ERROR][16:36:01] [Tracker][ogar-tracker.tk]: statusCode = 403
[ERROR][16:36:01] [Tracker][ogar-tracker.tk]: statusCode = 403
[ERROR][16:36:01] [Tracker][ogar-tracker.tk]: statusCode = 403
[ERROR][16:36:01] [Tracker][c0nsume.me]: statusCode = 400
[ERROR][16:36:01] [Tracker][c0nsume.me]: statusCode = 400
[ERROR][16:36:01] [Tracker][ogar-tracker.tk]: statusCode = 403
[ERROR][16:36:01] [Tracker][ogar-tracker.tk]: statusCode = 403
[ERROR][16:36:01] [Tracker][ogar-tracker.tk]: statusCode = 403
[ERROR][16:36:01] [Tracker][ogar-tracker.tk]: statusCode = 403
[ERROR][16:36:01] [Tracker][c0nsume.me]: statusCode = 400
[ERROR][16:36:01] [Tracker][c0nsume.me]: statusCode = 400
[ERROR][16:36:01] [Tracker][c0nsume.me]: statusCode = 400
[ERROR][16:36:01] [Tracker][c0nsume.me]: statusCode = 400
[ERROR][16:36:02] [Tracker][ogar-tracker.tk]: statusCode = 403
[ERROR][16:36:02] [Tracker][ogar-tracker.tk]: statusCode = 403
[ERROR][16:36:02] [Tracker][c0nsume.me]: statusCode = 400
[ERROR][16:36:02] [Tracker][ogar-tracker.tk]: statusCode = 403
[ERROR][16:36:02] [Tracker][ogar-tracker.tk]: statusCode = 403
[ERROR][16:36:02] [Tracker][c0nsume.me]: statusCode = 400
[ERROR][16:36:02] [Tracker][c0nsume.me]: statusCode = 400
[ERROR][16:36:02] [Tracker][c0nsume.me]: statusCode = 400
[ERROR][16:36:02] [Tracker][ogar-tracker.tk]: statusCode = 403
[ERROR][16:36:02] [Tracker][ogar-tracker.tk]: statusCode = 403
[ERROR][16:36:02] [Tracker][c0nsume.me]: statusCode = 400
[ERROR][16:36:02] [Tracker][c0nsume.me]: statusCode = 400
[ERROR][16:36:02] [Tracker][c0nsume.me]: statusCode = 400
[ERROR][16:36:02] [Tracker][c0nsume.me]: statusCode = 400
[ERROR][16:36:03] [Tracker][ogar-tracker.tk]: statusCode = 403
[ERROR][16:36:03] [Tracker][ogar-tracker.tk]: statusCode = 403
[ERROR][16:36:03] [Tracker][ogar-tracker.tk]: statusCode = 403
[ERROR][16:36:03] [Tracker][c0nsume.me]: statusCode = 400
[ERROR][16:36:03] [Tracker][c0nsume.me]: statusCode = 400
[ERROR][16:36:03] [Tracker][c0nsume.me]: statusCode = 400
[ERROR][16:36:03] [Tracker][c0nsume.me]: statusCode = 400
[ERROR][16:36:07] [Tracker][c0nsume.me]: statusCode = 400
[ERROR][16:36:07] [Tracker][ogar-tracker.tk]: statusCode = 403
[ERROR][16:36:07] [Tracker][c0nsume.me]: statusCode = 400
[ERROR][16:36:07] [Tracker][ogar-tracker.tk]: statusCode = 403
[ERROR][16:36:07] [Tracker][c0nsume.me]: statusCode = 400
[ERROR][16:36:07] [Tracker][c0nsume.me]: statusCode = 400
[ERROR][16:36:07] [Tracker][ogar-tracker.tk]: statusCode = 403
[ERROR][16:36:18] [Tracker][ogar-tracker.tk]: statusCode = 403
[ERROR][16:36:19] [Tracker][ogar-tracker.tk]: statusCode = 403
[ERROR][16:36:19] [Tracker][c0nsume.me]: statusCode = 400
[ERROR][16:36:19] [Tracker][ogar-tracker.tk]: statusCode = 403
[ERROR][16:36:19] [Tracker][c0nsume.me]: statusCode = 400
[ERROR][16:36:19] [Tracker][ogar-tracker.tk]: statusCode = 403
[ERROR][16:36:19] [Tracker][c0nsume.me]: statusCode = 400
[ERROR][16:36:19] [Tracker][c0nsume.me]: statusCode = 400
[ERROR][16:36:30] [Tracker][c0nsume.me]: statusCode = 400
[ERROR][16:36:30] [Tracker][c0nsume.me]: statusCode = 400
[ERROR][16:36:30] [Tracker][c0nsume.me]: statusCode = 400
[ERROR][16:36:30] [Tracker][ogar-tracker.tk]: statusCode = 403
[ERROR][16:36:30] [Tracker][ogar-tracker.tk]: statusCode = 403
[ERROR][16:36:30] [Tracker][c0nsume.me]: statusCode = 400
[ERROR][16:36:33] [Tracker][ogar-tracker.tk]: Error: connect ETIMEDOUT 195.20.46.84:80
[ERROR][16:36:33] [Tracker][ogar-tracker.tk]: Error: connect ETIMEDOUT 195.20.46.84:80
[ERROR][16:36:34] [Tracker][ogar-tracker.tk]: Error: connect ETIMEDOUT 195.20.46.84:80
[ERROR][16:36:37] [Tracker][ogar-tracker.tk]: statusCode = 403
[ERROR][16:36:38] [Tracker][ogar-tracker.tk]: Error: connect ETIMEDOUT 195.20.46.84:80
[ERROR][16:36:42] [Tracker][c0nsume.me]: statusCode = 400
[ERROR][16:36:42] [Tracker][ogar-tracker.tk]: statusCode = 403
[ERROR][16:36:42] [Tracker][c0nsume.me]: statusCode = 400
[ERROR][16:36:42] [Tracker][c0nsume.me]: statusCode = 400
[ERROR][16:36:42] [Tracker][ogar-tracker.tk]: statusCode = 403
[ERROR][16:36:42] [Tracker][c0nsume.me]: statusCode = 400
[ERROR][16:36:53] [Tracker][c0nsume.me]: statusCode = 400
[ERROR][16:36:53] [Tracker][ogar-tracker.tk]: statusCode = 403
[ERROR][16:36:53] [Tracker][c0nsume.me]: statusCode = 400
[ERROR][16:36:53] [Tracker][c0nsume.me]: statusCode = 400
[ERROR][16:36:53] [Tracker][ogar-tracker.tk]: statusCode = 403
[ERROR][16:36:53] [Tracker][c0nsume.me]: statusCode = 400
[ERROR][16:36:53] [Tracker][ogar-tracker.tk]: statusCode = 403
[ERROR][16:37:01] [Tracker][ogar-tracker.tk]: Error: connect ETIMEDOUT 195.20.46.84:80
[ERROR][16:37:05] [Tracker][c0nsume.me]: statusCode = 400
[ERROR][16:37:05] [Tracker][ogar-tracker.tk]: statusCode = 403
[ERROR][16:37:05] [Tracker][ogar-tracker.tk]: statusCode = 403
[ERROR][16:37:05] [Tracker][c0nsume.me]: statusCode = 400
[ERROR][16:37:05] [Tracker][ogar-tracker.tk]: statusCode = 403
[ERROR][16:37:05] [Tracker][c0nsume.me]: statusCode = 400
[ERROR][16:37:05] [Tracker][ogar-tracker.tk]: statusCode = 403
[ERROR][16:37:05] [Tracker][c0nsume.me]: statusCode = 400
[ERROR][16:37:13] [Tracker][ogar-tracker.tk]: Error: connect ETIMEDOUT 195.20.46.84:80
[ERROR][16:37:13] [Tracker][ogar-tracker.tk]: Error: connect ETIMEDOUT 195.20.46.84:80
[ERROR][16:37:16] [Tracker][c0nsume.me]: statusCode = 400
[ERROR][16:37:16] [Tracker][ogar-tracker.tk]: statusCode = 403
[ERROR][16:37:16] [Tracker][ogar-tracker.tk]: statusCode = 403
[ERROR][16:37:16] [Tracker][c0nsume.me]: statusCode = 400
[ERROR][16:37:16] [Tracker][ogar-tracker.tk]: statusCode = 403
[ERROR][16:37:16] [Tracker][c0nsume.me]: statusCode = 400
[ERROR][16:37:16] [Tracker][ogar-tracker.tk]: statusCode = 403
[ERROR][16:37:17] [Tracker][c0nsume.me]: statusCode = 400
[ERROR][16:37:24] [Tracker][ogar-tracker.tk]: Error: connect ETIMEDOUT 195.20.46.84:80
[ERROR][16:37:28] [Tracker][c0nsume.me]: statusCode = 400
[ERROR][16:37:28] [Tracker][ogar-tracker.tk]: statusCode = 403
[ERROR][16:37:28] [Tracker][c0nsume.me]: statusCode = 400
[ERROR][16:37:28] [Tracker][ogar-tracker.tk]: statusCode = 403
[ERROR][16:37:28] [Tracker][c0nsume.me]: statusCode = 400
[ERROR][16:37:28] [Tracker][c0nsume.me]: statusCode = 400
[ERROR][16:37:28] [Tracker][ogar-tracker.tk]: statusCode = 403
[ERROR][16:37:39] [Tracker][c0nsume.me]: statusCode = 400
[ERROR][16:37:39] [Tracker][ogar-tracker.tk]: statusCode = 403
[ERROR][16:37:39] [Tracker][ogar-tracker.tk]: statusCode = 403
[ERROR][16:37:39] [Tracker][c0nsume.me]: statusCode = 400
[ERROR][16:37:39] [Tracker][ogar-tracker.tk]: statusCode = 403
[ERROR][16:37:39] [Tracker][c0nsume.me]: statusCode = 400
[ERROR][16:37:39] [Tracker][c0nsume.me]: statusCode = 400
[ERROR][16:37:39] [Tracker][ogar-tracker.tk]: statusCode = 403
[ERROR][16:37:51] [Tracker][c0nsume.me]: statusCode = 400
[ERROR][16:37:51] [Tracker][ogar-tracker.tk]: statusCode = 403
[ERROR][16:37:51] [Tracker][ogar-tracker.tk]: statusCode = 403
[ERROR][16:37:51] [Tracker][c0nsume.me]: statusCode = 400
[ERROR][16:37:51] [Tracker][c0nsume.me]: statusCode = 400
[ERROR][16:37:51] [Tracker][ogar-tracker.tk]: statusCode = 403
[ERROR][16:37:51] [Tracker][ogar-tracker.tk]: statusCode = 403
[ERROR][16:37:51] [Tracker][c0nsume.me]: statusCode = 400
[ERROR][16:37:59] [Tracker][ogar-tracker.tk]: Error: connect ETIMEDOUT 195.20.46.84:80
[ERROR][16:38:02] [Tracker][c0nsume.me]: statusCode = 400
[ERROR][16:38:02] [Tracker][c0nsume.me]: statusCode = 400
[ERROR][16:38:02] [Tracker][c0nsume.me]: statusCode = 400
[ERROR][16:38:02] [Tracker][ogar-tracker.tk]: statusCode = 403
[ERROR][16:38:02] [Tracker][c0nsume.me]: statusCode = 400
[ERROR][16:38:02] [Tracker][ogar-tracker.tk]: statusCode = 403
[ERROR][16:38:02] [Tracker][ogar-tracker.tk]: statusCode = 403
[ERROR][16:38:03] [Tracker][ogar-tracker.tk]: statusCode = 403
[ERROR][16:38:14] [Tracker][ogar-tracker.tk]: statusCode = 403
[ERROR][16:38:14] [Tracker][c0nsume.me]: statusCode = 400
[ERROR][16:38:14] [Tracker][c0nsume.me]: statusCode = 400
[ERROR][16:38:14] [Tracker][ogar-tracker.tk]: statusCode = 403
[ERROR][16:38:14] [Tracker][c0nsume.me]: statusCode = 400
[ERROR][16:38:14] [Tracker][c0nsume.me]: statusCode = 400
[NONE ][16:38:16] >eyit
[WARN ][16:38:16] Invalid Command!
[ERROR][16:38:17] [Tracker][ogar-tracker.tk]: statusCode = 403
[NONE ][16:38:18] >exit
[WARN ][16:38:18] Closing server...
[DEBUG][16:38:18] process.exit(1)
=== Shutdown 2017-09-10T16-38-18-483 ===
