=== Started 2017-09-10T16-51-26-177 ===
[INFO ][16:51:26] [1m[32mMultiOgar 1.3.7[37m - An open source multi-protocol ogar server[0m
[ERROR][16:51:26] Unknown gameserver.ini value: serverVersionCode
[ERROR][16:51:26] Unknown gameserver.ini value: separateChatForTeams
[ERROR][16:51:26] Unknown gameserver.ini value: ejectDistance
[ERROR][16:51:26] Unknown gameserver.ini value: tourneyMaxPlayers
[ERROR][16:51:26] Unknown gameserver.ini value: tourneyPrepTime
[ERROR][16:51:26] Unknown gameserver.ini value: tourneyEndTime
[ERROR][16:51:26] Unknown gameserver.ini value: tourneyTimeLimit
[ERROR][16:51:26] Unknown gameserver.ini value: tourneyAutoFill
[ERROR][16:51:26] Unknown gameserver.ini value: tourneyAutoFillPlayers
[INFO ][16:51:26] 0 IP ban records loaded.
[WARN ][16:51:26] User account "Local Administrator" disabled
[WARN ][16:51:26] User account "Local Moderator" disabled
[WARN ][16:51:26] User account "Local User" disabled
[INFO ][16:51:26] 0 user records loaded.
[INFO ][16:51:26] 25 bad words loaded
[INFO ][16:51:26] WebSocket: ws
[INFO ][16:51:26] Started stats server on port 9999
[INFO ][16:51:26] Listening on port 1111
[INFO ][16:51:26] Current game mode is Experimental
[ERROR][16:51:26] [Tracker][ogar-tracker.tk]: statusCode = 403
[ERROR][16:51:26] [Tracker][ogar-tracker.tk]: statusCode = 403
[ERROR][16:51:26] [Tracker][ogar-tracker.tk]: statusCode = 403
[ERROR][16:51:26] [Tracker][c0nsume.me]: statusCode = 400
[ERROR][16:51:26] [Tracker][c0nsume.me]: statusCode = 400
[ERROR][16:51:26] [Tracker][ogar-tracker.tk]: statusCode = 403
[ERROR][16:51:26] [Tracker][c0nsume.me]: statusCode = 400
[ERROR][16:51:27] [Tracker][c0nsume.me]: statusCode = 400
[ERROR][16:51:38] [Tracker][ogar-tracker.tk]: statusCode = 403
[ERROR][16:51:38] [Tracker][ogar-tracker.tk]: statusCode = 403
[ERROR][16:51:38] [Tracker][c0nsume.me]: statusCode = 400
[ERROR][16:51:38] [Tracker][c0nsume.me]: statusCode = 400
[ERROR][16:51:38] [Tracker][c0nsume.me]: statusCode = 400
[ERROR][16:51:38] [Tracker][ogar-tracker.tk]: statusCode = 403
[ERROR][16:51:38] [Tracker][c0nsume.me]: statusCode = 400
[ERROR][16:51:38] [Tracker][ogar-tracker.tk]: statusCode = 403
[ERROR][16:51:49] [Tracker][c0nsume.me]: statusCode = 400
[ERROR][16:51:49] [Tracker][ogar-tracker.tk]: statusCode = 403
[ERROR][16:51:49] [Tracker][ogar-tracker.tk]: statusCode = 403
[ERROR][16:51:49] [Tracker][c0nsume.me]: statusCode = 400
[ERROR][16:51:49] [Tracker][ogar-tracker.tk]: statusCode = 403
[ERROR][16:51:49] [Tracker][c0nsume.me]: statusCode = 400
[ERROR][16:51:49] [Tracker][ogar-tracker.tk]: statusCode = 403
[ERROR][16:51:49] [Tracker][c0nsume.me]: statusCode = 400
[NONE ][16:51:50] CONNECTED    127.0.0.1:54973, origin: "undefined"
[ERROR][16:52:01] [Tracker][c0nsume.me]: statusCode = 400
[ERROR][16:52:01] [Tracker][ogar-tracker.tk]: statusCode = 403
[ERROR][16:52:01] [Tracker][ogar-tracker.tk]: statusCode = 403
[ERROR][16:52:01] [Tracker][c0nsume.me]: statusCode = 400
[ERROR][16:52:01] [Tracker][ogar-tracker.tk]: statusCode = 403
[ERROR][16:52:01] [Tracker][c0nsume.me]: statusCode = 400
[ERROR][16:52:01] [Tracker][c0nsume.me]: statusCode = 400
[ERROR][16:52:01] [Tracker][ogar-tracker.tk]: statusCode = 403
[ERROR][16:52:12] [Tracker][c0nsume.me]: statusCode = 400
[ERROR][16:52:12] [Tracker][ogar-tracker.tk]: statusCode = 403
[ERROR][16:52:12] [Tracker][ogar-tracker.tk]: statusCode = 403
[ERROR][16:52:12] [Tracker][c0nsume.me]: statusCode = 400
[ERROR][16:52:12] [Tracker][c0nsume.me]: statusCode = 400
[ERROR][16:52:12] [Tracker][ogar-tracker.tk]: statusCode = 403
[ERROR][16:52:12] [Tracker][c0nsume.me]: statusCode = 400
[ERROR][16:52:12] [Tracker][ogar-tracker.tk]: statusCode = 403
[ERROR][16:52:24] [Tracker][c0nsume.me]: statusCode = 400
[ERROR][16:52:24] [Tracker][c0nsume.me]: statusCode = 400
[ERROR][16:52:24] [Tracker][c0nsume.me]: statusCode = 400
[ERROR][16:52:24] [Tracker][ogar-tracker.tk]: statusCode = 403
[ERROR][16:52:24] [Tracker][ogar-tracker.tk]: statusCode = 403
[ERROR][16:52:24] [Tracker][c0nsume.me]: statusCode = 400
[NONE ][16:52:32] >rec 1
[NONE ][16:52:32] DeezNuts is now in rec mode!
[ERROR][16:52:35] [Tracker][c0nsume.me]: statusCode = 400
[ERROR][16:52:35] [Tracker][c0nsume.me]: statusCode = 400
[ERROR][16:52:35] [Tracker][ogar-tracker.tk]: statusCode = 403
[ERROR][16:52:35] [Tracker][c0nsume.me]: statusCode = 400
[ERROR][16:52:35] [Tracker][ogar-tracker.tk]: statusCode = 403
[ERROR][16:52:36] [Tracker][ogar-tracker.tk]: statusCode = 403
[ERROR][16:52:36] [Tracker][c0nsume.me]: statusCode = 400
[ERROR][16:52:38] [Tracker][ogar-tracker.tk]: statusCode = 403
[ERROR][16:52:47] [Tracker][c0nsume.me]: statusCode = 400
[ERROR][16:52:47] [Tracker][ogar-tracker.tk]: statusCode = 403
[ERROR][16:52:47] [Tracker][ogar-tracker.tk]: statusCode = 403
[ERROR][16:52:47] [Tracker][c0nsume.me]: statusCode = 400
[ERROR][16:52:47] [Tracker][ogar-tracker.tk]: statusCode = 403
[ERROR][16:52:47] [Tracker][c0nsume.me]: statusCode = 400
[ERROR][16:52:47] [Tracker][ogar-tracker.tk]: statusCode = 403
[ERROR][16:52:47] [Tracker][c0nsume.me]: statusCode = 400
[ERROR][16:52:55] [Tracker][ogar-tracker.tk]: Error: connect ETIMEDOUT 195.20.46.84:80
[ERROR][16:52:55] [Tracker][ogar-tracker.tk]: Error: connect ETIMEDOUT 195.20.46.84:80
[ERROR][16:52:58] [Tracker][c0nsume.me]: statusCode = 400
[ERROR][16:52:58] [Tracker][ogar-tracker.tk]: statusCode = 403
[ERROR][16:52:58] [Tracker][c0nsume.me]: statusCode = 400
[ERROR][16:52:58] [Tracker][c0nsume.me]: statusCode = 400
[ERROR][16:52:59] [Tracker][ogar-tracker.tk]: statusCode = 403
[ERROR][16:52:59] [Tracker][c0nsume.me]: statusCode = 400
[ERROR][16:53:10] [Tracker][c0nsume.me]: statusCode = 400
[ERROR][16:53:10] [Tracker][ogar-tracker.tk]: statusCode = 403
[ERROR][16:53:10] [Tracker][c0nsume.me]: statusCode = 400
[ERROR][16:53:10] [Tracker][ogar-tracker.tk]: statusCode = 403
[ERROR][16:53:10] [Tracker][ogar-tracker.tk]: statusCode = 403
[ERROR][16:53:10] [Tracker][c0nsume.me]: statusCode = 400
[ERROR][16:53:10] [Tracker][c0nsume.me]: statusCode = 400
[ERROR][16:53:21] [Tracker][ogar-tracker.tk]: statusCode = 403
[ERROR][16:53:21] [Tracker][c0nsume.me]: statusCode = 400
[ERROR][16:53:21] [Tracker][ogar-tracker.tk]: statusCode = 403
[ERROR][16:53:21] [Tracker][c0nsume.me]: statusCode = 400
[ERROR][16:53:22] [Tracker][ogar-tracker.tk]: statusCode = 403
[ERROR][16:53:22] [Tracker][c0nsume.me]: statusCode = 400
[ERROR][16:53:22] [Tracker][c0nsume.me]: statusCode = 400
[ERROR][16:53:22] [Tracker][ogar-tracker.tk]: statusCode = 403
[NONE ][16:53:25] DISCONNECTED 127.0.0.1:54973, code: 1000, reason: "", name: "DeezNuts"
[ERROR][16:53:29] [Tracker][ogar-tracker.tk]: Error: connect ETIMEDOUT 195.20.46.84:80
[ERROR][16:53:29] [Tracker][ogar-tracker.tk]: Error: connect ETIMEDOUT 195.20.46.84:80
[ERROR][16:53:33] [Tracker][c0nsume.me]: statusCode = 400
[ERROR][16:53:33] [Tracker][ogar-tracker.tk]: statusCode = 403
[ERROR][16:53:33] [Tracker][ogar-tracker.tk]: statusCode = 403
[ERROR][16:53:33] [Tracker][c0nsume.me]: statusCode = 400
[ERROR][16:53:33] [Tracker][ogar-tracker.tk]: statusCode = 403
[ERROR][16:53:33] [Tracker][c0nsume.me]: statusCode = 400
[ERROR][16:53:33] [Tracker][ogar-tracker.tk]: statusCode = 403
[ERROR][16:53:33] [Tracker][c0nsume.me]: statusCode = 400
[ERROR][16:53:41] [Tracker][ogar-tracker.tk]: Error: connect ETIMEDOUT 195.20.46.84:80
[ERROR][16:53:44] [Tracker][c0nsume.me]: statusCode = 400
[ERROR][16:53:44] [Tracker][ogar-tracker.tk]: statusCode = 403
[ERROR][16:53:44] [Tracker][ogar-tracker.tk]: statusCode = 403
[ERROR][16:53:44] [Tracker][c0nsume.me]: statusCode = 400
[ERROR][16:53:45] [Tracker][ogar-tracker.tk]: statusCode = 403
[ERROR][16:53:45] [Tracker][c0nsume.me]: statusCode = 400
[ERROR][16:53:45] [Tracker][ogar-tracker.tk]: statusCode = 403
[ERROR][16:53:45] [Tracker][c0nsume.me]: statusCode = 400
[ERROR][16:53:56] [Tracker][c0nsume.me]: statusCode = 400
[ERROR][16:53:56] [Tracker][ogar-tracker.tk]: statusCode = 403
[ERROR][16:53:56] [Tracker][c0nsume.me]: statusCode = 400
[ERROR][16:53:56] [Tracker][ogar-tracker.tk]: statusCode = 403
[ERROR][16:53:56] [Tracker][c0nsume.me]: statusCode = 400
[ERROR][16:53:56] [Tracker][ogar-tracker.tk]: statusCode = 403
[ERROR][16:53:56] [Tracker][ogar-tracker.tk]: statusCode = 403
[ERROR][16:53:56] [Tracker][c0nsume.me]: statusCode = 400
[ERROR][16:54:07] [Tracker][c0nsume.me]: statusCode = 400
[ERROR][16:54:07] [Tracker][ogar-tracker.tk]: statusCode = 403
[ERROR][16:54:07] [Tracker][ogar-tracker.tk]: statusCode = 403
[ERROR][16:54:07] [Tracker][c0nsume.me]: statusCode = 400
[ERROR][16:54:08] [Tracker][ogar-tracker.tk]: statusCode = 403
[ERROR][16:54:08] [Tracker][c0nsume.me]: statusCode = 400
[ERROR][16:54:08] [Tracker][ogar-tracker.tk]: statusCode = 403
[ERROR][16:54:08] [Tracker][c0nsume.me]: statusCode = 400
[ERROR][16:54:19] [Tracker][c0nsume.me]: statusCode = 400
[ERROR][16:54:19] [Tracker][ogar-tracker.tk]: statusCode = 403
[ERROR][16:54:19] [Tracker][ogar-tracker.tk]: statusCode = 403
[ERROR][16:54:19] [Tracker][c0nsume.me]: statusCode = 400
[ERROR][16:54:19] [Tracker][c0nsume.me]: statusCode = 400
[ERROR][16:54:19] [Tracker][ogar-tracker.tk]: statusCode = 403
[ERROR][16:54:19] [Tracker][ogar-tracker.tk]: statusCode = 403
[ERROR][16:54:19] [Tracker][c0nsume.me]: statusCode = 400
[ERROR][16:54:30] [Tracker][c0nsume.me]: statusCode = 400
[ERROR][16:54:30] [Tracker][ogar-tracker.tk]: statusCode = 403
[ERROR][16:54:31] [Tracker][ogar-tracker.tk]: statusCode = 403
[ERROR][16:54:31] [Tracker][c0nsume.me]: statusCode = 400
[ERROR][16:54:31] [Tracker][c0nsume.me]: statusCode = 400
[ERROR][16:54:31] [Tracker][ogar-tracker.tk]: statusCode = 403
[ERROR][16:54:31] [Tracker][ogar-tracker.tk]: statusCode = 403
[ERROR][16:54:31] [Tracker][c0nsume.me]: statusCode = 400
[ERROR][16:54:42] [Tracker][c0nsume.me]: statusCode = 400
[ERROR][16:54:42] [Tracker][ogar-tracker.tk]: statusCode = 403
[ERROR][16:54:42] [Tracker][ogar-tracker.tk]: statusCode = 403
[ERROR][16:54:42] [Tracker][c0nsume.me]: statusCode = 400
[ERROR][16:54:42] [Tracker][c0nsume.me]: statusCode = 400
[ERROR][16:54:42] [Tracker][c0nsume.me]: statusCode = 400
[ERROR][16:54:42] [Tracker][ogar-tracker.tk]: statusCode = 403
[ERROR][16:54:54] [Tracker][c0nsume.me]: statusCode = 400
[ERROR][16:54:54] [Tracker][ogar-tracker.tk]: statusCode = 403
[ERROR][16:54:54] [Tracker][c0nsume.me]: statusCode = 400
[ERROR][16:54:54] [Tracker][ogar-tracker.tk]: statusCode = 403
[ERROR][16:54:54] [Tracker][ogar-tracker.tk]: statusCode = 403
[ERROR][16:54:54] [Tracker][c0nsume.me]: statusCode = 400
[ERROR][16:54:54] [Tracker][ogar-tracker.tk]: statusCode = 403
[ERROR][16:54:54] [Tracker][c0nsume.me]: statusCode = 400
[ERROR][16:55:05] [Tracker][c0nsume.me]: statusCode = 400
[ERROR][16:55:05] [Tracker][ogar-tracker.tk]: statusCode = 403
[ERROR][16:55:05] [Tracker][c0nsume.me]: statusCode = 400
[ERROR][16:55:05] [Tracker][ogar-tracker.tk]: statusCode = 403
[ERROR][16:55:05] [Tracker][c0nsume.me]: statusCode = 400
[ERROR][16:55:05] [Tracker][ogar-tracker.tk]: statusCode = 403
[ERROR][16:55:05] [Tracker][c0nsume.me]: statusCode = 400
[ERROR][16:55:13] [Tracker][ogar-tracker.tk]: Error: connect ETIMEDOUT 195.20.46.84:80
[ERROR][16:55:17] [Tracker][c0nsume.me]: statusCode = 400
[ERROR][16:55:17] [Tracker][ogar-tracker.tk]: statusCode = 403
[ERROR][16:55:17] [Tracker][c0nsume.me]: statusCode = 400
[ERROR][16:55:17] [Tracker][ogar-tracker.tk]: statusCode = 403
[ERROR][16:55:17] [Tracker][ogar-tracker.tk]: statusCode = 403
[ERROR][16:55:17] [Tracker][c0nsume.me]: statusCode = 400
[ERROR][16:55:17] [Tracker][c0nsume.me]: statusCode = 400
[ERROR][16:55:28] [Tracker][c0nsume.me]: statusCode = 400
[ERROR][16:55:28] [Tracker][ogar-tracker.tk]: statusCode = 403
[ERROR][16:55:28] [Tracker][c0nsume.me]: statusCode = 400
[ERROR][16:55:28] [Tracker][ogar-tracker.tk]: statusCode = 403
[ERROR][16:55:28] [Tracker][c0nsume.me]: statusCode = 400
[ERROR][16:55:28] [Tracker][ogar-tracker.tk]: statusCode = 403
[ERROR][16:55:28] [Tracker][ogar-tracker.tk]: statusCode = 403
[ERROR][16:55:28] [Tracker][c0nsume.me]: statusCode = 400
[ERROR][16:55:36] [Tracker][ogar-tracker.tk]: Error: connect ETIMEDOUT 195.20.46.84:80
[ERROR][16:55:40] [Tracker][c0nsume.me]: statusCode = 400
[ERROR][16:55:40] [Tracker][c0nsume.me]: statusCode = 400
[ERROR][16:55:40] [Tracker][ogar-tracker.tk]: statusCode = 403
[ERROR][16:55:40] [Tracker][c0nsume.me]: statusCode = 400
[ERROR][16:55:40] [Tracker][c0nsume.me]: statusCode = 400
[ERROR][16:55:40] [Tracker][ogar-tracker.tk]: statusCode = 403
[ERROR][16:55:48] [Tracker][ogar-tracker.tk]: Error: connect ETIMEDOUT 195.20.46.84:80
[ERROR][16:55:51] [Tracker][c0nsume.me]: statusCode = 400
[ERROR][16:55:51] [Tracker][ogar-tracker.tk]: statusCode = 403
[ERROR][16:55:51] [Tracker][c0nsume.me]: statusCode = 400
[ERROR][16:55:51] [Tracker][ogar-tracker.tk]: statusCode = 403
[ERROR][16:55:51] [Tracker][c0nsume.me]: statusCode = 400
[ERROR][16:55:51] [Tracker][c0nsume.me]: statusCode = 400
[ERROR][16:56:03] [Tracker][c0nsume.me]: statusCode = 400
[ERROR][16:56:03] [Tracker][ogar-tracker.tk]: statusCode = 403
[ERROR][16:56:03] [Tracker][c0nsume.me]: statusCode = 400
[ERROR][16:56:03] [Tracker][ogar-tracker.tk]: statusCode = 403
[ERROR][16:56:03] [Tracker][c0nsume.me]: statusCode = 400
[ERROR][16:56:03] [Tracker][c0nsume.me]: statusCode = 400
[ERROR][16:56:03] [Tracker][ogar-tracker.tk]: statusCode = 403
[ERROR][16:56:03] [Tracker][ogar-tracker.tk]: statusCode = 403
[ERROR][16:56:06] [Tracker][ogar-tracker.tk]: statusCode = 403
[ERROR][16:56:06] [Tracker][ogar-tracker.tk]: statusCode = 403
[ERROR][16:56:11] [Tracker][ogar-tracker.tk]: Error: connect ETIMEDOUT 195.20.46.84:80
[ERROR][16:56:11] [Tracker][ogar-tracker.tk]: Error: connect ETIMEDOUT 195.20.46.84:80
[ERROR][16:56:14] [Tracker][c0nsume.me]: statusCode = 400
[ERROR][16:56:14] [Tracker][ogar-tracker.tk]: statusCode = 403
[ERROR][16:56:14] [Tracker][ogar-tracker.tk]: statusCode = 403
[ERROR][16:56:14] [Tracker][c0nsume.me]: statusCode = 400
[ERROR][16:56:14] [Tracker][c0nsume.me]: statusCode = 400
[ERROR][16:56:14] [Tracker][ogar-tracker.tk]: statusCode = 403
[ERROR][16:56:14] [Tracker][c0nsume.me]: statusCode = 400
[ERROR][16:56:14] [Tracker][ogar-tracker.tk]: statusCode = 403
[ERROR][16:56:26] [Tracker][c0nsume.me]: statusCode = 400
[ERROR][16:56:26] [Tracker][ogar-tracker.tk]: statusCode = 403
[ERROR][16:56:26] [Tracker][ogar-tracker.tk]: statusCode = 403
[ERROR][16:56:26] [Tracker][c0nsume.me]: statusCode = 400
[ERROR][16:56:26] [Tracker][ogar-tracker.tk]: statusCode = 403
[ERROR][16:56:26] [Tracker][c0nsume.me]: statusCode = 400
[ERROR][16:56:26] [Tracker][c0nsume.me]: statusCode = 400
[ERROR][16:56:37] [Tracker][c0nsume.me]: statusCode = 400
[ERROR][16:56:37] [Tracker][ogar-tracker.tk]: statusCode = 403
[ERROR][16:56:37] [Tracker][c0nsume.me]: statusCode = 400
[ERROR][16:56:37] [Tracker][ogar-tracker.tk]: statusCode = 403
[ERROR][16:56:37] [Tracker][ogar-tracker.tk]: statusCode = 403
[ERROR][16:56:37] [Tracker][c0nsume.me]: statusCode = 400
[ERROR][16:56:37] [Tracker][c0nsume.me]: statusCode = 400
[ERROR][16:56:49] [Tracker][c0nsume.me]: statusCode = 400
[ERROR][16:56:49] [Tracker][ogar-tracker.tk]: statusCode = 403
[ERROR][16:56:49] [Tracker][ogar-tracker.tk]: statusCode = 403
[ERROR][16:56:49] [Tracker][c0nsume.me]: statusCode = 400
[ERROR][16:56:49] [Tracker][ogar-tracker.tk]: statusCode = 403
[ERROR][16:56:49] [Tracker][c0nsume.me]: statusCode = 400
[ERROR][16:56:49] [Tracker][ogar-tracker.tk]: statusCode = 403
[ERROR][16:56:49] [Tracker][c0nsume.me]: statusCode = 400
[ERROR][16:56:57] [Tracker][ogar-tracker.tk]: Error: connect ETIMEDOUT 195.20.46.84:80
[ERROR][16:57:00] [Tracker][c0nsume.me]: statusCode = 400
[ERROR][16:57:00] [Tracker][ogar-tracker.tk]: statusCode = 403
[ERROR][16:57:00] [Tracker][c0nsume.me]: statusCode = 400
[ERROR][16:57:00] [Tracker][c0nsume.me]: statusCode = 400
[ERROR][16:57:00] [Tracker][ogar-tracker.tk]: statusCode = 403
[ERROR][16:57:00] [Tracker][c0nsume.me]: statusCode = 400
[ERROR][16:57:03] [Tracker][ogar-tracker.tk]: statusCode = 403
[ERROR][16:57:07] [Tracker][ogar-tracker.tk]: statusCode = 403
[ERROR][16:57:08] [Tracker][ogar-tracker.tk]: Error: connect ETIMEDOUT 195.20.46.84:80
[ERROR][16:57:12] [Tracker][c0nsume.me]: statusCode = 400
[ERROR][16:57:12] [Tracker][c0nsume.me]: statusCode = 400
[ERROR][16:57:12] [Tracker][c0nsume.me]: statusCode = 400
[ERROR][16:57:12] [Tracker][c0nsume.me]: statusCode = 400
[ERROR][16:57:13] [Tracker][ogar-tracker.tk]: statusCode = 403
[ERROR][16:57:23] [Tracker][c0nsume.me]: statusCode = 400
[ERROR][16:57:23] [Tracker][ogar-tracker.tk]: statusCode = 403
[ERROR][16:57:23] [Tracker][ogar-tracker.tk]: statusCode = 403
[ERROR][16:57:23] [Tracker][c0nsume.me]: statusCode = 400
[ERROR][16:57:23] [Tracker][c0nsume.me]: statusCode = 400
[ERROR][16:57:24] [Tracker][c0nsume.me]: statusCode = 400
[ERROR][16:57:27] [Tracker][ogar-tracker.tk]: statusCode = 403
[ERROR][16:57:27] [Tracker][ogar-tracker.tk]: statusCode = 403
[ERROR][16:57:35] [Tracker][c0nsume.me]: statusCode = 400
[ERROR][16:57:35] [Tracker][ogar-tracker.tk]: statusCode = 403
[ERROR][16:57:35] [Tracker][c0nsume.me]: statusCode = 400
[ERROR][16:57:35] [Tracker][c0nsume.me]: statusCode = 400
[ERROR][16:57:35] [Tracker][c0nsume.me]: statusCode = 400
[ERROR][16:57:35] [Tracker][ogar-tracker.tk]: statusCode = 403
[ERROR][16:57:36] [Tracker][ogar-tracker.tk]: statusCode = 403
[ERROR][16:57:38] [Tracker][ogar-tracker.tk]: statusCode = 403
[ERROR][16:57:38] [Tracker][ogar-tracker.tk]: statusCode = 403
[ERROR][16:57:39] [Tracker][ogar-tracker.tk]: statusCode = 403
[ERROR][16:57:43] [Tracker][ogar-tracker.tk]: Error: connect ETIMEDOUT 195.20.46.84:80
[ERROR][16:57:46] [Tracker][c0nsume.me]: statusCode = 400
[ERROR][16:57:46] [Tracker][ogar-tracker.tk]: statusCode = 403
[ERROR][16:57:46] [Tracker][ogar-tracker.tk]: statusCode = 403
[ERROR][16:57:46] [Tracker][c0nsume.me]: statusCode = 400
[ERROR][16:57:46] [Tracker][c0nsume.me]: statusCode = 400
[ERROR][16:57:46] [Tracker][ogar-tracker.tk]: statusCode = 403
[ERROR][16:57:47] [Tracker][c0nsume.me]: statusCode = 400
[ERROR][16:57:58] [Tracker][c0nsume.me]: statusCode = 400
[ERROR][16:57:58] [Tracker][c0nsume.me]: statusCode = 400
[ERROR][16:57:58] [Tracker][ogar-tracker.tk]: statusCode = 403
[ERROR][16:57:58] [Tracker][c0nsume.me]: statusCode = 400
[ERROR][16:57:58] [Tracker][ogar-tracker.tk]: statusCode = 403
[ERROR][16:57:58] [Tracker][ogar-tracker.tk]: statusCode = 403
[ERROR][16:57:58] [Tracker][c0nsume.me]: statusCode = 400
[ERROR][16:58:09] [Tracker][c0nsume.me]: statusCode = 400
[ERROR][16:58:09] [Tracker][ogar-tracker.tk]: statusCode = 403
[ERROR][16:58:09] [Tracker][ogar-tracker.tk]: statusCode = 403
[ERROR][16:58:09] [Tracker][c0nsume.me]: statusCode = 400
[ERROR][16:58:10] [Tracker][ogar-tracker.tk]: statusCode = 403
[ERROR][16:58:10] [Tracker][c0nsume.me]: statusCode = 400
[ERROR][16:58:10] [Tracker][c0nsume.me]: statusCode = 400
[ERROR][16:58:18] [Tracker][ogar-tracker.tk]: Error: connect ETIMEDOUT 195.20.46.84:80
[ERROR][16:58:21] [Tracker][c0nsume.me]: statusCode = 400
[ERROR][16:58:21] [Tracker][c0nsume.me]: statusCode = 400
[ERROR][16:58:21] [Tracker][ogar-tracker.tk]: statusCode = 403
[ERROR][16:58:21] [Tracker][ogar-tracker.tk]: statusCode = 403
[ERROR][16:58:21] [Tracker][c0nsume.me]: statusCode = 400
[ERROR][16:58:21] [Tracker][c0nsume.me]: statusCode = 400
[ERROR][16:58:21] [Tracker][ogar-tracker.tk]: statusCode = 403
[ERROR][16:58:22] [Tracker][ogar-tracker.tk]: statusCode = 403
[ERROR][16:58:29] [Tracker][ogar-tracker.tk]: Error: connect ETIMEDOUT 195.20.46.84:80
[ERROR][16:58:32] [Tracker][c0nsume.me]: statusCode = 400
[ERROR][16:58:33] [Tracker][ogar-tracker.tk]: statusCode = 403
[ERROR][16:58:33] [Tracker][c0nsume.me]: statusCode = 400
[ERROR][16:58:33] [Tracker][c0nsume.me]: statusCode = 400
[ERROR][16:58:33] [Tracker][c0nsume.me]: statusCode = 400
[ERROR][16:58:33] [Tracker][ogar-tracker.tk]: statusCode = 403
[ERROR][16:58:33] [Tracker][ogar-tracker.tk]: statusCode = 403
[ERROR][16:58:34] [Tracker][ogar-tracker.tk]: statusCode = 403
[ERROR][16:58:41] [Tracker][ogar-tracker.tk]: Error: connect ETIMEDOUT 195.20.46.84:80
[ERROR][16:58:44] [Tracker][c0nsume.me]: statusCode = 400
[ERROR][16:58:44] [Tracker][ogar-tracker.tk]: statusCode = 403
[ERROR][16:58:44] [Tracker][ogar-tracker.tk]: statusCode = 403
[ERROR][16:58:44] [Tracker][c0nsume.me]: statusCode = 400
[ERROR][16:58:44] [Tracker][ogar-tracker.tk]: statusCode = 403
[ERROR][16:58:44] [Tracker][c0nsume.me]: statusCode = 400
[ERROR][16:58:44] [Tracker][c0nsume.me]: statusCode = 400
[ERROR][16:58:44] [Tracker][ogar-tracker.tk]: statusCode = 403
[ERROR][16:58:55] [Tracker][c0nsume.me]: statusCode = 400
[ERROR][16:58:55] [Tracker][ogar-tracker.tk]: statusCode = 403
[ERROR][16:58:55] [Tracker][ogar-tracker.tk]: statusCode = 403
[ERROR][16:58:56] [Tracker][c0nsume.me]: statusCode = 400
[ERROR][16:58:56] [Tracker][ogar-tracker.tk]: statusCode = 403
[ERROR][16:58:56] [Tracker][c0nsume.me]: statusCode = 400
[ERROR][16:58:56] [Tracker][c0nsume.me]: statusCode = 400
[ERROR][16:59:07] [Tracker][c0nsume.me]: statusCode = 400
[ERROR][16:59:07] [Tracker][ogar-tracker.tk]: statusCode = 403
[ERROR][16:59:07] [Tracker][c0nsume.me]: statusCode = 400
[ERROR][16:59:07] [Tracker][ogar-tracker.tk]: statusCode = 403
[ERROR][16:59:07] [Tracker][ogar-tracker.tk]: statusCode = 403
[ERROR][16:59:07] [Tracker][c0nsume.me]: statusCode = 400
[ERROR][16:59:07] [Tracker][ogar-tracker.tk]: statusCode = 403
[ERROR][16:59:07] [Tracker][c0nsume.me]: statusCode = 400
[ERROR][16:59:11] [Tracker][ogar-tracker.tk]: statusCode = 403
[ERROR][16:59:18] [Tracker][c0nsume.me]: statusCode = 400
[ERROR][16:59:19] [Tracker][ogar-tracker.tk]: statusCode = 403
[ERROR][16:59:19] [Tracker][ogar-tracker.tk]: statusCode = 403
[ERROR][16:59:19] [Tracker][c0nsume.me]: statusCode = 400
[ERROR][16:59:19] [Tracker][ogar-tracker.tk]: statusCode = 403
[ERROR][16:59:19] [Tracker][c0nsume.me]: statusCode = 400
[ERROR][16:59:19] [Tracker][c0nsume.me]: statusCode = 400
[ERROR][16:59:30] [Tracker][c0nsume.me]: statusCode = 400
[ERROR][16:59:30] [Tracker][ogar-tracker.tk]: statusCode = 403
[ERROR][16:59:30] [Tracker][c0nsume.me]: statusCode = 400
[ERROR][16:59:30] [Tracker][ogar-tracker.tk]: statusCode = 403
[ERROR][16:59:30] [Tracker][c0nsume.me]: statusCode = 400
[ERROR][16:59:30] [Tracker][ogar-tracker.tk]: statusCode = 403
[ERROR][16:59:30] [Tracker][c0nsume.me]: statusCode = 400
[ERROR][16:59:41] [Tracker][c0nsume.me]: statusCode = 400
[ERROR][16:59:42] [Tracker][ogar-tracker.tk]: statusCode = 403
[ERROR][16:59:42] [Tracker][ogar-tracker.tk]: statusCode = 403
[ERROR][16:59:42] [Tracker][c0nsume.me]: statusCode = 400
[ERROR][16:59:42] [Tracker][c0nsume.me]: statusCode = 400
[ERROR][16:59:42] [Tracker][ogar-tracker.tk]: statusCode = 403
[ERROR][16:59:42] [Tracker][c0nsume.me]: statusCode = 400
[ERROR][16:59:50] [Tracker][ogar-tracker.tk]: Error: connect ETIMEDOUT 195.20.46.84:80
[ERROR][16:59:53] [Tracker][c0nsume.me]: statusCode = 400
[ERROR][16:59:53] [Tracker][ogar-tracker.tk]: statusCode = 403
[ERROR][16:59:53] [Tracker][c0nsume.me]: statusCode = 400
[ERROR][16:59:53] [Tracker][ogar-tracker.tk]: statusCode = 403
[ERROR][16:59:53] [Tracker][c0nsume.me]: statusCode = 400
[ERROR][16:59:53] [Tracker][ogar-tracker.tk]: statusCode = 403
[ERROR][16:59:53] [Tracker][ogar-tracker.tk]: statusCode = 403
[ERROR][16:59:53] [Tracker][c0nsume.me]: statusCode = 400
[ERROR][17:00:01] [Tracker][ogar-tracker.tk]: Error: connect ETIMEDOUT 195.20.46.84:80
[ERROR][17:00:05] [Tracker][c0nsume.me]: statusCode = 400
[ERROR][17:00:05] [Tracker][ogar-tracker.tk]: statusCode = 403
[ERROR][17:00:05] [Tracker][ogar-tracker.tk]: statusCode = 403
[ERROR][17:00:05] [Tracker][c0nsume.me]: statusCode = 400
[ERROR][17:00:05] [Tracker][ogar-tracker.tk]: statusCode = 403
[ERROR][17:00:05] [Tracker][c0nsume.me]: statusCode = 400
[ERROR][17:00:05] [Tracker][ogar-tracker.tk]: statusCode = 403
[ERROR][17:00:05] [Tracker][c0nsume.me]: statusCode = 400
[ERROR][17:00:13] [Tracker][ogar-tracker.tk]: Error: connect ETIMEDOUT 195.20.46.84:80
[ERROR][17:00:16] [Tracker][c0nsume.me]: statusCode = 400
[ERROR][17:00:16] [Tracker][ogar-tracker.tk]: statusCode = 403
[ERROR][17:00:16] [Tracker][c0nsume.me]: statusCode = 400
[ERROR][17:00:16] [Tracker][ogar-tracker.tk]: statusCode = 403
[ERROR][17:00:16] [Tracker][ogar-tracker.tk]: statusCode = 403
[ERROR][17:00:16] [Tracker][c0nsume.me]: statusCode = 400
[ERROR][17:00:16] [Tracker][c0nsume.me]: statusCode = 400
[ERROR][17:00:16] [Tracker][ogar-tracker.tk]: statusCode = 403
[ERROR][17:00:55] [Tracker][c0nsume.me]: statusCode = 400
[ERROR][17:00:55] [Tracker][c0nsume.me]: statusCode = 400
[ERROR][17:00:55] [Tracker][ogar-tracker.tk]: statusCode = 403
[ERROR][17:00:55] [Tracker][ogar-tracker.tk]: statusCode = 403
[ERROR][17:00:55] [Tracker][ogar-tracker.tk]: statusCode = 403
[ERROR][17:00:55] [Tracker][ogar-tracker.tk]: statusCode = 403
[ERROR][17:00:55] [Tracker][c0nsume.me]: statusCode = 400
[ERROR][17:00:55] [Tracker][c0nsume.me]: statusCode = 400
[ERROR][17:00:56] [Tracker][ogar-tracker.tk]: statusCode = 403
[ERROR][17:00:56] [Tracker][ogar-tracker.tk]: statusCode = 403
[ERROR][17:00:56] [Tracker][c0nsume.me]: statusCode = 400
[ERROR][17:00:56] [Tracker][ogar-tracker.tk]: statusCode = 403
[ERROR][17:00:56] [Tracker][ogar-tracker.tk]: statusCode = 403
[ERROR][17:00:56] [Tracker][c0nsume.me]: statusCode = 400
[ERROR][17:00:56] [Tracker][c0nsume.me]: statusCode = 400
[ERROR][17:00:56] [Tracker][c0nsume.me]: statusCode = 400
[ERROR][17:00:56] [Tracker][ogar-tracker.tk]: statusCode = 403
[ERROR][17:00:56] [Tracker][ogar-tracker.tk]: statusCode = 403
[ERROR][17:00:56] [Tracker][c0nsume.me]: statusCode = 400
[ERROR][17:00:56] [Tracker][c0nsume.me]: statusCode = 400
[ERROR][17:00:56] [Tracker][ogar-tracker.tk]: statusCode = 403
[ERROR][17:00:56] [Tracker][c0nsume.me]: statusCode = 400
[ERROR][17:00:56] [Tracker][c0nsume.me]: statusCode = 400
[ERROR][17:01:02] [Tracker][c0nsume.me]: statusCode = 400
[ERROR][17:01:02] [Tracker][ogar-tracker.tk]: statusCode = 403
[ERROR][17:01:02] [Tracker][ogar-tracker.tk]: statusCode = 403
[ERROR][17:01:02] [Tracker][c0nsume.me]: statusCode = 400
[ERROR][17:01:02] [Tracker][ogar-tracker.tk]: statusCode = 403
[ERROR][17:01:02] [Tracker][c0nsume.me]: statusCode = 400
[ERROR][17:01:02] [Tracker][c0nsume.me]: statusCode = 400
[ERROR][17:01:14] [Tracker][ogar-tracker.tk]: statusCode = 403
[ERROR][17:01:14] [Tracker][c0nsume.me]: statusCode = 400
[ERROR][17:01:14] [Tracker][ogar-tracker.tk]: statusCode = 403
[ERROR][17:01:14] [Tracker][c0nsume.me]: statusCode = 400
[ERROR][17:01:14] [Tracker][ogar-tracker.tk]: statusCode = 403
[ERROR][17:01:14] [Tracker][c0nsume.me]: statusCode = 400
[ERROR][17:01:14] [Tracker][ogar-tracker.tk]: statusCode = 403
[ERROR][17:01:14] [Tracker][c0nsume.me]: statusCode = 400
[ERROR][17:01:25] [Tracker][c0nsume.me]: statusCode = 400
[ERROR][17:01:25] [Tracker][ogar-tracker.tk]: statusCode = 403
[ERROR][17:01:25] [Tracker][ogar-tracker.tk]: statusCode = 403
[ERROR][17:01:25] [Tracker][c0nsume.me]: statusCode = 400
[ERROR][17:01:25] [Tracker][c0nsume.me]: statusCode = 400
[ERROR][17:01:25] [Tracker][c0nsume.me]: statusCode = 400
[ERROR][17:01:27] [Tracker][ogar-tracker.tk]: Error: connect ETIMEDOUT 195.20.46.84:80
[ERROR][17:01:28] [Tracker][ogar-tracker.tk]: statusCode = 403
[ERROR][17:01:32] [Tracker][ogar-tracker.tk]: statusCode = 403
[ERROR][17:01:33] [Tracker][ogar-tracker.tk]: Error: connect ETIMEDOUT 195.20.46.84:80
[ERROR][17:01:37] [Tracker][ogar-tracker.tk]: statusCode = 403
[ERROR][17:01:37] [Tracker][ogar-tracker.tk]: statusCode = 403
[ERROR][17:01:37] [Tracker][c0nsume.me]: statusCode = 400
[ERROR][17:01:37] [Tracker][c0nsume.me]: statusCode = 400
[ERROR][17:01:37] [Tracker][c0nsume.me]: statusCode = 400
[ERROR][17:01:37] [Tracker][c0nsume.me]: statusCode = 400
[ERROR][17:01:40] [Tracker][ogar-tracker.tk]: statusCode = 403
[ERROR][17:01:48] [Tracker][c0nsume.me]: statusCode = 400
[ERROR][17:01:48] [Tracker][ogar-tracker.tk]: statusCode = 403
[ERROR][17:01:48] [Tracker][c0nsume.me]: statusCode = 400
[ERROR][17:01:48] [Tracker][c0nsume.me]: statusCode = 400
[ERROR][17:01:48] [Tracker][ogar-tracker.tk]: statusCode = 403
[ERROR][17:01:48] [Tracker][ogar-tracker.tk]: statusCode = 403
[ERROR][17:01:48] [Tracker][c0nsume.me]: statusCode = 400
[ERROR][17:01:49] [Tracker][ogar-tracker.tk]: statusCode = 403
[ERROR][17:01:52] [Tracker][ogar-tracker.tk]: statusCode = 403
[ERROR][17:02:00] [Tracker][c0nsume.me]: statusCode = 400
[ERROR][17:02:00] [Tracker][ogar-tracker.tk]: statusCode = 403
[ERROR][17:02:00] [Tracker][c0nsume.me]: statusCode = 400
[ERROR][17:02:00] [Tracker][c0nsume.me]: statusCode = 400
[ERROR][17:02:00] [Tracker][ogar-tracker.tk]: statusCode = 403
[ERROR][17:02:00] [Tracker][c0nsume.me]: statusCode = 400
[ERROR][17:02:11] [Tracker][c0nsume.me]: statusCode = 400
[ERROR][17:02:11] [Tracker][ogar-tracker.tk]: statusCode = 403
[ERROR][17:02:11] [Tracker][ogar-tracker.tk]: statusCode = 403
[ERROR][17:02:11] [Tracker][c0nsume.me]: statusCode = 400
[ERROR][17:02:11] [Tracker][ogar-tracker.tk]: statusCode = 403
[ERROR][17:02:11] [Tracker][c0nsume.me]: statusCode = 400
[ERROR][17:02:12] [Tracker][ogar-tracker.tk]: statusCode = 403
[ERROR][17:02:12] [Tracker][c0nsume.me]: statusCode = 400
[ERROR][17:02:15] [Tracker][ogar-tracker.tk]: statusCode = 403
[ERROR][17:02:23] [Tracker][c0nsume.me]: statusCode = 400
[ERROR][17:02:23] [Tracker][ogar-tracker.tk]: statusCode = 403
[ERROR][17:02:23] [Tracker][c0nsume.me]: statusCode = 400
[ERROR][17:02:23] [Tracker][ogar-tracker.tk]: statusCode = 403
[ERROR][17:02:23] [Tracker][ogar-tracker.tk]: statusCode = 403
[ERROR][17:02:23] [Tracker][c0nsume.me]: statusCode = 400
[ERROR][17:02:23] [Tracker][ogar-tracker.tk]: statusCode = 403
[ERROR][17:02:23] [Tracker][c0nsume.me]: statusCode = 400
[ERROR][17:02:31] [Tracker][ogar-tracker.tk]: Error: connect ETIMEDOUT 195.20.46.84:80
[ERROR][17:02:34] [Tracker][c0nsume.me]: statusCode = 400
[ERROR][17:02:34] [Tracker][ogar-tracker.tk]: statusCode = 403
[ERROR][17:02:34] [Tracker][ogar-tracker.tk]: statusCode = 403
[ERROR][17:02:34] [Tracker][c0nsume.me]: statusCode = 400
[ERROR][17:02:34] [Tracker][c0nsume.me]: statusCode = 400
[ERROR][17:02:35] [Tracker][ogar-tracker.tk]: statusCode = 403
[ERROR][17:02:35] [Tracker][c0nsume.me]: statusCode = 400
[ERROR][17:02:46] [Tracker][c0nsume.me]: statusCode = 400
[ERROR][17:02:46] [Tracker][c0nsume.me]: statusCode = 400
[ERROR][17:02:46] [Tracker][ogar-tracker.tk]: statusCode = 403
[ERROR][17:02:46] [Tracker][ogar-tracker.tk]: statusCode = 403
[ERROR][17:02:46] [Tracker][ogar-tracker.tk]: statusCode = 403
[ERROR][17:02:46] [Tracker][c0nsume.me]: statusCode = 400
[ERROR][17:02:46] [Tracker][ogar-tracker.tk]: statusCode = 403
[ERROR][17:02:46] [Tracker][c0nsume.me]: statusCode = 400
[ERROR][17:02:57] [Tracker][c0nsume.me]: statusCode = 400
[ERROR][17:02:57] [Tracker][c0nsume.me]: statusCode = 400
[ERROR][17:02:57] [Tracker][ogar-tracker.tk]: statusCode = 403
[ERROR][17:02:58] [Tracker][ogar-tracker.tk]: statusCode = 403
[ERROR][17:02:58] [Tracker][c0nsume.me]: statusCode = 400
[ERROR][17:02:58] [Tracker][c0nsume.me]: statusCode = 400
[ERROR][17:03:05] [Tracker][ogar-tracker.tk]: Error: connect ETIMEDOUT 195.20.46.84:80
[ERROR][17:03:09] [Tracker][c0nsume.me]: statusCode = 400
[ERROR][17:03:09] [Tracker][ogar-tracker.tk]: statusCode = 403
[ERROR][17:03:09] [Tracker][ogar-tracker.tk]: statusCode = 403
[ERROR][17:03:09] [Tracker][c0nsume.me]: statusCode = 400
[ERROR][17:03:09] [Tracker][ogar-tracker.tk]: statusCode = 403
[ERROR][17:03:09] [Tracker][c0nsume.me]: statusCode = 400
[ERROR][17:03:09] [Tracker][c0nsume.me]: statusCode = 400
[ERROR][17:03:12] [Tracker][ogar-tracker.tk]: statusCode = 403
[ERROR][17:03:20] [Tracker][c0nsume.me]: statusCode = 400
[ERROR][17:03:20] [Tracker][ogar-tracker.tk]: statusCode = 403
[ERROR][17:03:20] [Tracker][c0nsume.me]: statusCode = 400
[ERROR][17:03:21] [Tracker][c0nsume.me]: statusCode = 400
[ERROR][17:03:21] [Tracker][ogar-tracker.tk]: statusCode = 403
[ERROR][17:03:21] [Tracker][ogar-tracker.tk]: statusCode = 403
[ERROR][17:03:21] [Tracker][c0nsume.me]: statusCode = 400
[ERROR][17:03:29] [Tracker][ogar-tracker.tk]: Error: connect ETIMEDOUT 195.20.46.84:80
[ERROR][17:03:32] [Tracker][c0nsume.me]: statusCode = 400
[ERROR][17:03:32] [Tracker][ogar-tracker.tk]: statusCode = 403
[ERROR][17:03:32] [Tracker][c0nsume.me]: statusCode = 400
[ERROR][17:03:32] [Tracker][ogar-tracker.tk]: statusCode = 403
[ERROR][17:03:32] [Tracker][ogar-tracker.tk]: statusCode = 403
[ERROR][17:03:32] [Tracker][c0nsume.me]: statusCode = 400
[ERROR][17:03:32] [Tracker][ogar-tracker.tk]: statusCode = 403
[ERROR][17:03:33] [Tracker][c0nsume.me]: statusCode = 400
[ERROR][17:03:40] [Tracker][ogar-tracker.tk]: Error: connect ETIMEDOUT 195.20.46.84:80
[ERROR][17:03:43] [Tracker][c0nsume.me]: statusCode = 400
[ERROR][17:03:43] [Tracker][ogar-tracker.tk]: statusCode = 403
[ERROR][17:03:43] [Tracker][c0nsume.me]: statusCode = 400
[ERROR][17:03:43] [Tracker][ogar-tracker.tk]: statusCode = 403
[ERROR][17:03:44] [Tracker][ogar-tracker.tk]: statusCode = 403
[ERROR][17:03:44] [Tracker][c0nsume.me]: statusCode = 400
[ERROR][17:03:44] [Tracker][c0nsume.me]: statusCode = 400
[ERROR][17:03:51] [Tracker][ogar-tracker.tk]: Error: connect ETIMEDOUT 195.20.46.84:80
[ERROR][17:03:55] [Tracker][c0nsume.me]: statusCode = 400
[ERROR][17:03:55] [Tracker][ogar-tracker.tk]: statusCode = 403
[ERROR][17:03:55] [Tracker][c0nsume.me]: statusCode = 400
[ERROR][17:03:55] [Tracker][ogar-tracker.tk]: statusCode = 403
[ERROR][17:03:55] [Tracker][ogar-tracker.tk]: statusCode = 403
[ERROR][17:03:55] [Tracker][c0nsume.me]: statusCode = 400
[ERROR][17:03:55] [Tracker][ogar-tracker.tk]: statusCode = 403
[ERROR][17:03:55] [Tracker][c0nsume.me]: statusCode = 400
[ERROR][17:04:06] [Tracker][c0nsume.me]: statusCode = 400
[ERROR][17:04:06] [Tracker][ogar-tracker.tk]: statusCode = 403
[ERROR][17:04:07] [Tracker][ogar-tracker.tk]: statusCode = 403
[ERROR][17:04:07] [Tracker][c0nsume.me]: statusCode = 400
[ERROR][17:04:07] [Tracker][ogar-tracker.tk]: statusCode = 403
[ERROR][17:04:07] [Tracker][c0nsume.me]: statusCode = 400
[ERROR][17:04:07] [Tracker][c0nsume.me]: statusCode = 400
[ERROR][17:04:15] [Tracker][ogar-tracker.tk]: Error: connect ETIMEDOUT 195.20.46.84:80
[ERROR][17:04:18] [Tracker][c0nsume.me]: statusCode = 400
[ERROR][17:04:18] [Tracker][ogar-tracker.tk]: statusCode = 403
[ERROR][17:04:18] [Tracker][c0nsume.me]: statusCode = 400
[ERROR][17:04:18] [Tracker][ogar-tracker.tk]: statusCode = 403
[ERROR][17:04:18] [Tracker][ogar-tracker.tk]: statusCode = 403
[ERROR][17:04:18] [Tracker][c0nsume.me]: statusCode = 400
[ERROR][17:04:18] [Tracker][ogar-tracker.tk]: statusCode = 403
[ERROR][17:04:18] [Tracker][c0nsume.me]: statusCode = 400
[ERROR][17:04:29] [Tracker][c0nsume.me]: statusCode = 400
[ERROR][17:04:30] [Tracker][ogar-tracker.tk]: statusCode = 403
[ERROR][17:04:30] [Tracker][ogar-tracker.tk]: statusCode = 403
[ERROR][17:04:30] [Tracker][c0nsume.me]: statusCode = 400
[ERROR][17:04:30] [Tracker][c0nsume.me]: statusCode = 400
[ERROR][17:04:30] [Tracker][ogar-tracker.tk]: statusCode = 403
[ERROR][17:04:30] [Tracker][ogar-tracker.tk]: statusCode = 403
[ERROR][17:04:30] [Tracker][c0nsume.me]: statusCode = 400
[ERROR][17:04:38] [Tracker][ogar-tracker.tk]: Error: connect ETIMEDOUT 195.20.46.84:80
[ERROR][17:04:41] [Tracker][c0nsume.me]: statusCode = 400
[ERROR][17:04:41] [Tracker][c0nsume.me]: statusCode = 400
[ERROR][17:04:41] [Tracker][c0nsume.me]: statusCode = 400
[ERROR][17:04:41] [Tracker][c0nsume.me]: statusCode = 400
[ERROR][17:04:42] [Tracker][ogar-tracker.tk]: statusCode = 403
[ERROR][17:04:42] [Tracker][ogar-tracker.tk]: statusCode = 403
[ERROR][17:04:53] [Tracker][c0nsume.me]: statusCode = 400
[ERROR][17:04:53] [Tracker][ogar-tracker.tk]: statusCode = 403
[ERROR][17:04:53] [Tracker][ogar-tracker.tk]: statusCode = 403
[ERROR][17:04:53] [Tracker][c0nsume.me]: statusCode = 400
[ERROR][17:04:53] [Tracker][ogar-tracker.tk]: statusCode = 403
[ERROR][17:04:53] [Tracker][c0nsume.me]: statusCode = 400
[ERROR][17:04:53] [Tracker][ogar-tracker.tk]: statusCode = 403
[ERROR][17:04:53] [Tracker][c0nsume.me]: statusCode = 400
[ERROR][17:05:04] [Tracker][c0nsume.me]: statusCode = 400
[ERROR][17:05:04] [Tracker][ogar-tracker.tk]: statusCode = 403
[ERROR][17:05:04] [Tracker][c0nsume.me]: statusCode = 400
[ERROR][17:05:04] [Tracker][c0nsume.me]: statusCode = 400
[ERROR][17:05:04] [Tracker][ogar-tracker.tk]: statusCode = 403
[ERROR][17:05:04] [Tracker][c0nsume.me]: statusCode = 400
[ERROR][17:05:04] [Tracker][ogar-tracker.tk]: statusCode = 403
[ERROR][17:05:11] [Tracker][ogar-tracker.tk]: statusCode = 403
[ERROR][17:05:12] [Tracker][ogar-tracker.tk]: Error: connect ETIMEDOUT 195.20.46.84:80
[ERROR][17:05:12] [Tracker][ogar-tracker.tk]: Error: connect ETIMEDOUT 195.20.46.84:80
[ERROR][17:05:16] [Tracker][c0nsume.me]: statusCode = 400
[ERROR][17:05:16] [Tracker][ogar-tracker.tk]: statusCode = 403
[ERROR][17:05:16] [Tracker][ogar-tracker.tk]: statusCode = 403
[ERROR][17:05:16] [Tracker][c0nsume.me]: statusCode = 400
[ERROR][17:05:16] [Tracker][ogar-tracker.tk]: statusCode = 403
[ERROR][17:05:16] [Tracker][c0nsume.me]: statusCode = 400
[ERROR][17:05:16] [Tracker][ogar-tracker.tk]: statusCode = 403
[ERROR][17:05:16] [Tracker][c0nsume.me]: statusCode = 400
[ERROR][17:05:27] [Tracker][c0nsume.me]: statusCode = 400
[ERROR][17:05:27] [Tracker][ogar-tracker.tk]: statusCode = 403
[ERROR][17:05:27] [Tracker][c0nsume.me]: statusCode = 400
[ERROR][17:05:27] [Tracker][ogar-tracker.tk]: statusCode = 403
[ERROR][17:05:27] [Tracker][c0nsume.me]: statusCode = 400
[ERROR][17:05:27] [Tracker][ogar-tracker.tk]: statusCode = 403
[ERROR][17:05:27] [Tracker][c0nsume.me]: statusCode = 400
[ERROR][17:05:39] [Tracker][c0nsume.me]: statusCode = 400
[ERROR][17:05:39] [Tracker][c0nsume.me]: statusCode = 400
[ERROR][17:05:39] [Tracker][c0nsume.me]: statusCode = 400
[ERROR][17:05:39] [Tracker][c0nsume.me]: statusCode = 400
[ERROR][17:05:39] [Tracker][ogar-tracker.tk]: statusCode = 403
[ERROR][17:05:39] [Tracker][ogar-tracker.tk]: statusCode = 403
[ERROR][17:05:39] [Tracker][ogar-tracker.tk]: statusCode = 403
[ERROR][17:05:40] [Tracker][ogar-tracker.tk]: statusCode = 403
[ERROR][17:05:50] [Tracker][c0nsume.me]: statusCode = 400
[ERROR][17:05:50] [Tracker][c0nsume.me]: statusCode = 400
[ERROR][17:05:50] [Tracker][c0nsume.me]: statusCode = 400
[ERROR][17:05:50] [Tracker][c0nsume.me]: statusCode = 400
[ERROR][17:05:51] [Tracker][ogar-tracker.tk]: statusCode = 403
[ERROR][17:05:53] [Tracker][ogar-tracker.tk]: statusCode = 403
[ERROR][17:05:53] [Tracker][ogar-tracker.tk]: statusCode = 403
[ERROR][17:05:58] [Tracker][ogar-tracker.tk]: Error: connect ETIMEDOUT 195.20.46.84:80
[ERROR][17:06:02] [Tracker][c0nsume.me]: statusCode = 400
[ERROR][17:06:02] [Tracker][c0nsume.me]: statusCode = 400
[ERROR][17:06:02] [Tracker][c0nsume.me]: statusCode = 400
[ERROR][17:06:02] [Tracker][c0nsume.me]: statusCode = 400
[ERROR][17:06:05] [Tracker][ogar-tracker.tk]: statusCode = 403
[ERROR][17:06:09] [Tracker][ogar-tracker.tk]: statusCode = 403
[ERROR][17:06:09] [Tracker][ogar-tracker.tk]: statusCode = 403
[ERROR][17:06:09] [Tracker][ogar-tracker.tk]: statusCode = 403
[ERROR][17:06:13] [Tracker][c0nsume.me]: statusCode = 400
[ERROR][17:06:13] [Tracker][ogar-tracker.tk]: statusCode = 403
[ERROR][17:06:13] [Tracker][ogar-tracker.tk]: statusCode = 403
[ERROR][17:06:13] [Tracker][c0nsume.me]: statusCode = 400
[ERROR][17:06:13] [Tracker][ogar-tracker.tk]: statusCode = 403
[ERROR][17:06:13] [Tracker][c0nsume.me]: statusCode = 400
[ERROR][17:06:13] [Tracker][ogar-tracker.tk]: statusCode = 403
[ERROR][17:06:14] [Tracker][c0nsume.me]: statusCode = 400
[ERROR][17:06:21] [Tracker][ogar-tracker.tk]: Error: connect ETIMEDOUT 195.20.46.84:80
[ERROR][17:06:25] [Tracker][c0nsume.me]: statusCode = 400
[ERROR][17:06:25] [Tracker][ogar-tracker.tk]: statusCode = 403
[ERROR][17:06:25] [Tracker][ogar-tracker.tk]: statusCode = 403
[ERROR][17:06:25] [Tracker][c0nsume.me]: statusCode = 400
[ERROR][17:06:25] [Tracker][ogar-tracker.tk]: statusCode = 403
[ERROR][17:06:25] [Tracker][c0nsume.me]: statusCode = 400
[ERROR][17:06:25] [Tracker][ogar-tracker.tk]: statusCode = 403
[ERROR][17:06:25] [Tracker][c0nsume.me]: statusCode = 400
[ERROR][17:06:36] [Tracker][c0nsume.me]: statusCode = 400
[ERROR][17:06:36] [Tracker][ogar-tracker.tk]: statusCode = 403
[ERROR][17:06:36] [Tracker][ogar-tracker.tk]: statusCode = 403
[ERROR][17:06:36] [Tracker][c0nsume.me]: statusCode = 400
[ERROR][17:06:36] [Tracker][ogar-tracker.tk]: statusCode = 403
[ERROR][17:06:36] [Tracker][c0nsume.me]: statusCode = 400
[ERROR][17:06:36] [Tracker][ogar-tracker.tk]: statusCode = 403
[ERROR][17:06:36] [Tracker][c0nsume.me]: statusCode = 400
[ERROR][17:06:48] [Tracker][c0nsume.me]: statusCode = 400
[ERROR][17:06:48] [Tracker][ogar-tracker.tk]: statusCode = 403
[ERROR][17:06:48] [Tracker][c0nsume.me]: statusCode = 400
[ERROR][17:06:48] [Tracker][ogar-tracker.tk]: statusCode = 403
[ERROR][17:06:48] [Tracker][c0nsume.me]: statusCode = 400
[ERROR][17:06:48] [Tracker][ogar-tracker.tk]: statusCode = 403
[ERROR][17:06:48] [Tracker][ogar-tracker.tk]: statusCode = 403
[ERROR][17:06:48] [Tracker][c0nsume.me]: statusCode = 400
[ERROR][17:06:59] [Tracker][c0nsume.me]: statusCode = 400
[ERROR][17:06:59] [Tracker][ogar-tracker.tk]: statusCode = 403
[ERROR][17:06:59] [Tracker][ogar-tracker.tk]: statusCode = 403
[ERROR][17:06:59] [Tracker][c0nsume.me]: statusCode = 400
[ERROR][17:06:59] [Tracker][c0nsume.me]: statusCode = 400
[ERROR][17:07:00] [Tracker][ogar-tracker.tk]: statusCode = 403
[ERROR][17:07:00] [Tracker][c0nsume.me]: statusCode = 400
[ERROR][17:07:11] [Tracker][c0nsume.me]: statusCode = 400
[ERROR][17:07:11] [Tracker][ogar-tracker.tk]: statusCode = 403
[ERROR][17:07:11] [Tracker][ogar-tracker.tk]: statusCode = 403
[ERROR][17:07:11] [Tracker][c0nsume.me]: statusCode = 400
[ERROR][17:07:11] [Tracker][c0nsume.me]: statusCode = 400
[ERROR][17:07:11] [Tracker][ogar-tracker.tk]: statusCode = 403
[ERROR][17:07:11] [Tracker][ogar-tracker.tk]: statusCode = 403
[ERROR][17:07:11] [Tracker][c0nsume.me]: statusCode = 400
[ERROR][17:07:14] [Tracker][ogar-tracker.tk]: statusCode = 403
[ERROR][17:07:22] [Tracker][c0nsume.me]: statusCode = 400
[ERROR][17:07:22] [Tracker][ogar-tracker.tk]: statusCode = 403
[ERROR][17:07:22] [Tracker][c0nsume.me]: statusCode = 400
[ERROR][17:07:22] [Tracker][c0nsume.me]: statusCode = 400
[ERROR][17:07:23] [Tracker][ogar-tracker.tk]: statusCode = 403
[ERROR][17:07:23] [Tracker][c0nsume.me]: statusCode = 400
[ERROR][17:07:23] [Tracker][ogar-tracker.tk]: statusCode = 403
[ERROR][17:07:34] [Tracker][ogar-tracker.tk]: statusCode = 403
[ERROR][17:07:34] [Tracker][c0nsume.me]: statusCode = 400
[ERROR][17:07:34] [Tracker][ogar-tracker.tk]: statusCode = 403
[ERROR][17:07:34] [Tracker][c0nsume.me]: statusCode = 400
[ERROR][17:07:34] [Tracker][c0nsume.me]: statusCode = 400
[ERROR][17:07:34] [Tracker][ogar-tracker.tk]: statusCode = 403
[ERROR][17:07:34] [Tracker][c0nsume.me]: statusCode = 400
[ERROR][17:07:45] [Tracker][c0nsume.me]: statusCode = 400
[ERROR][17:07:45] [Tracker][ogar-tracker.tk]: statusCode = 403
[ERROR][17:07:45] [Tracker][ogar-tracker.tk]: statusCode = 403
[ERROR][17:07:46] [Tracker][ogar-tracker.tk]: statusCode = 403
[ERROR][17:07:46] [Tracker][ogar-tracker.tk]: statusCode = 403
[ERROR][17:07:46] [Tracker][c0nsume.me]: statusCode = 400
[ERROR][17:07:46] [Tracker][c0nsume.me]: statusCode = 400
[ERROR][17:07:46] [Tracker][c0nsume.me]: statusCode = 400
[ERROR][17:07:53] [Tracker][ogar-tracker.tk]: Error: connect ETIMEDOUT 195.20.46.84:80
[ERROR][17:07:57] [Tracker][c0nsume.me]: statusCode = 400
[ERROR][17:07:57] [Tracker][ogar-tracker.tk]: statusCode = 403
[ERROR][17:07:57] [Tracker][ogar-tracker.tk]: statusCode = 403
[ERROR][17:07:57] [Tracker][c0nsume.me]: statusCode = 400
[ERROR][17:07:57] [Tracker][c0nsume.me]: statusCode = 400
[ERROR][17:07:57] [Tracker][ogar-tracker.tk]: statusCode = 403
[ERROR][17:07:57] [Tracker][c0nsume.me]: statusCode = 400
[ERROR][17:08:04] [Tracker][ogar-tracker.tk]: statusCode = 403
[ERROR][17:08:05] [Tracker][ogar-tracker.tk]: Error: connect ETIMEDOUT 195.20.46.84:80
[ERROR][17:08:08] [Tracker][c0nsume.me]: statusCode = 400
[ERROR][17:08:08] [Tracker][ogar-tracker.tk]: statusCode = 403
[ERROR][17:08:08] [Tracker][ogar-tracker.tk]: statusCode = 403
[ERROR][17:08:08] [Tracker][c0nsume.me]: statusCode = 400
[ERROR][17:08:09] [Tracker][ogar-tracker.tk]: statusCode = 403
[ERROR][17:08:09] [Tracker][c0nsume.me]: statusCode = 400
[ERROR][17:08:09] [Tracker][ogar-tracker.tk]: statusCode = 403
[ERROR][17:08:09] [Tracker][c0nsume.me]: statusCode = 400
[ERROR][17:08:20] [Tracker][c0nsume.me]: statusCode = 400
[ERROR][17:08:20] [Tracker][ogar-tracker.tk]: statusCode = 403
[ERROR][17:08:20] [Tracker][ogar-tracker.tk]: statusCode = 403
[ERROR][17:08:20] [Tracker][c0nsume.me]: statusCode = 400
[ERROR][17:08:20] [Tracker][c0nsume.me]: statusCode = 400
[ERROR][17:08:20] [Tracker][ogar-tracker.tk]: statusCode = 403
[ERROR][17:08:20] [Tracker][c0nsume.me]: statusCode = 400
[ERROR][17:08:20] [Tracker][ogar-tracker.tk]: statusCode = 403
[ERROR][17:08:31] [Tracker][ogar-tracker.tk]: statusCode = 403
[ERROR][17:08:31] [Tracker][c0nsume.me]: statusCode = 400
[ERROR][17:08:31] [Tracker][c0nsume.me]: statusCode = 400
[ERROR][17:08:31] [Tracker][ogar-tracker.tk]: statusCode = 403
[ERROR][17:08:32] [Tracker][ogar-tracker.tk]: statusCode = 403
[ERROR][17:08:32] [Tracker][c0nsume.me]: statusCode = 400
[ERROR][17:08:32] [Tracker][c0nsume.me]: statusCode = 400
[ERROR][17:08:43] [Tracker][c0nsume.me]: statusCode = 400
[ERROR][17:08:43] [Tracker][ogar-tracker.tk]: statusCode = 403
[ERROR][17:08:43] [Tracker][c0nsume.me]: statusCode = 400
[ERROR][17:08:43] [Tracker][ogar-tracker.tk]: statusCode = 403
[ERROR][17:08:43] [Tracker][c0nsume.me]: statusCode = 400
[ERROR][17:08:43] [Tracker][c0nsume.me]: statusCode = 400
[ERROR][17:08:43] [Tracker][ogar-tracker.tk]: statusCode = 403
[ERROR][17:08:54] [Tracker][c0nsume.me]: statusCode = 400
[ERROR][17:08:55] [Tracker][ogar-tracker.tk]: statusCode = 403
[ERROR][17:08:55] [Tracker][c0nsume.me]: statusCode = 400
[ERROR][17:08:55] [Tracker][ogar-tracker.tk]: statusCode = 403
[ERROR][17:08:55] [Tracker][ogar-tracker.tk]: statusCode = 403
[ERROR][17:08:55] [Tracker][c0nsume.me]: statusCode = 400
[ERROR][17:08:55] [Tracker][ogar-tracker.tk]: statusCode = 403
[ERROR][17:08:55] [Tracker][c0nsume.me]: statusCode = 400
[ERROR][17:09:03] [Tracker][ogar-tracker.tk]: Error: connect ETIMEDOUT 195.20.46.84:80
[ERROR][17:09:06] [Tracker][c0nsume.me]: statusCode = 400
[ERROR][17:09:06] [Tracker][ogar-tracker.tk]: statusCode = 403
[ERROR][17:09:06] [Tracker][c0nsume.me]: statusCode = 400
[ERROR][17:09:06] [Tracker][c0nsume.me]: statusCode = 400
[ERROR][17:09:06] [Tracker][ogar-tracker.tk]: statusCode = 403
[ERROR][17:09:06] [Tracker][c0nsume.me]: statusCode = 400
[ERROR][17:09:06] [Tracker][ogar-tracker.tk]: statusCode = 403
[ERROR][17:09:14] [Tracker][ogar-tracker.tk]: Error: connect ETIMEDOUT 195.20.46.84:80
[ERROR][17:09:17] [Tracker][c0nsume.me]: statusCode = 400
[ERROR][17:09:18] [Tracker][ogar-tracker.tk]: statusCode = 403
[ERROR][17:09:18] [Tracker][c0nsume.me]: statusCode = 400
[ERROR][17:09:18] [Tracker][ogar-tracker.tk]: statusCode = 403
[ERROR][17:09:18] [Tracker][c0nsume.me]: statusCode = 400
[ERROR][17:09:18] [Tracker][ogar-tracker.tk]: statusCode = 403
[ERROR][17:09:18] [Tracker][c0nsume.me]: statusCode = 400
[ERROR][17:09:29] [Tracker][c0nsume.me]: statusCode = 400
[ERROR][17:09:29] [Tracker][ogar-tracker.tk]: statusCode = 403
[ERROR][17:09:29] [Tracker][c0nsume.me]: statusCode = 400
[ERROR][17:09:29] [Tracker][ogar-tracker.tk]: statusCode = 403
[ERROR][17:09:29] [Tracker][c0nsume.me]: statusCode = 400
[ERROR][17:09:29] [Tracker][c0nsume.me]: statusCode = 400
[NONE ][17:09:35] >edit
[WARN ][17:09:35] Invalid Command!
[NONE ][17:09:37] >exit
[WARN ][17:09:37] Closing server...
[DEBUG][17:09:37] process.exit(1)
=== Shutdown 2017-09-10T17-09-37-314 ===
