=== Started 2017-09-10T17-19-26-979 ===
[INFO ][17:19:27] [1m[32mMultiOgar 1.3.7[37m - An open source multi-protocol ogar server[0m
[ERROR][17:19:27] Unknown gameserver.ini value: serverVersionCode
[ERROR][17:19:27] Unknown gameserver.ini value: separateChatForTeams
[ERROR][17:19:27] Unknown gameserver.ini value: ejectDistance
[ERROR][17:19:27] Unknown gameserver.ini value: tourneyMaxPlayers
[ERROR][17:19:27] Unknown gameserver.ini value: tourneyPrepTime
[ERROR][17:19:27] Unknown gameserver.ini value: tourneyEndTime
[ERROR][17:19:27] Unknown gameserver.ini value: tourneyTimeLimit
[ERROR][17:19:27] Unknown gameserver.ini value: tourneyAutoFill
[ERROR][17:19:27] Unknown gameserver.ini value: tourneyAutoFillPlayers
[INFO ][17:19:27] 0 IP ban records loaded.
[WARN ][17:19:27] User account "Local Administrator" disabled
[WARN ][17:19:27] User account "Local Moderator" disabled
[WARN ][17:19:27] User account "Local User" disabled
[INFO ][17:19:27] 0 user records loaded.
[INFO ][17:19:27] 25 bad words loaded
[INFO ][17:19:27] WebSocket: ws
[INFO ][17:19:27] Started stats server on port 9999
[INFO ][17:19:27] Listening on port 1111
[INFO ][17:19:27] Current game mode is Experimental
[ERROR][17:19:27] [Tracker][c0nsume.me]: statusCode = 400
[ERROR][17:19:27] [Tracker][ogar-tracker.tk]: statusCode = 403
[ERROR][17:19:27] [Tracker][c0nsume.me]: statusCode = 400
[ERROR][17:19:27] [Tracker][ogar-tracker.tk]: statusCode = 403
[ERROR][17:19:27] [Tracker][ogar-tracker.tk]: statusCode = 403
[ERROR][17:19:27] [Tracker][c0nsume.me]: statusCode = 400
[ERROR][17:19:27] [Tracker][ogar-tracker.tk]: statusCode = 403
[ERROR][17:19:27] [Tracker][c0nsume.me]: statusCode = 400
[NONE ][17:19:29] CONNECTED    127.0.0.1:34469, origin: "undefined"
[ERROR][17:19:38] [Tracker][c0nsume.me]: statusCode = 400
[ERROR][17:19:39] [Tracker][c0nsume.me]: statusCode = 400
[ERROR][17:19:39] [Tracker][ogar-tracker.tk]: statusCode = 403
[ERROR][17:19:39] [Tracker][c0nsume.me]: statusCode = 400
[ERROR][17:19:39] [Tracker][c0nsume.me]: statusCode = 400
[ERROR][17:19:50] [Tracker][c0nsume.me]: statusCode = 400
[ERROR][17:19:50] [Tracker][ogar-tracker.tk]: statusCode = 403
[ERROR][17:19:50] [Tracker][ogar-tracker.tk]: statusCode = 403
[ERROR][17:19:50] [Tracker][c0nsume.me]: statusCode = 400
[ERROR][17:19:50] [Tracker][ogar-tracker.tk]: statusCode = 403
[ERROR][17:19:50] [Tracker][c0nsume.me]: statusCode = 400
[ERROR][17:19:50] [Tracker][c0nsume.me]: statusCode = 400
[ERROR][17:19:57] [Tracker][ogar-tracker.tk]: statusCode = 403
[ERROR][17:20:02] [Tracker][c0nsume.me]: statusCode = 400
[ERROR][17:20:02] [Tracker][c0nsume.me]: statusCode = 400
[ERROR][17:20:02] [Tracker][c0nsume.me]: statusCode = 400
[ERROR][17:20:02] [Tracker][c0nsume.me]: statusCode = 400
[ERROR][17:20:03] [Tracker][ogar-tracker.tk]: statusCode = 403
[ERROR][17:20:05] [Tracker][ogar-tracker.tk]: statusCode = 403
[ERROR][17:20:09] [Tracker][ogar-tracker.tk]: Error: connect ETIMEDOUT 195.20.46.84:80
[ERROR][17:20:10] [Tracker][ogar-tracker.tk]: Error: connect ETIMEDOUT 195.20.46.84:80
[ERROR][17:20:10] [Tracker][ogar-tracker.tk]: Error: connect ETIMEDOUT 195.20.46.84:80
[NONE ][17:20:12] >edit
[WARN ][17:20:12] Invalid Command!
[ERROR][17:20:13] [Tracker][c0nsume.me]: statusCode = 400
[ERROR][17:20:13] [Tracker][c0nsume.me]: statusCode = 400
[ERROR][17:20:13] [Tracker][c0nsume.me]: statusCode = 400
[NONE ][17:20:13] >exit
[WARN ][17:20:13] Closing server...
[DEBUG][17:20:13] process.exit(1)
=== Shutdown 2017-09-10T17-20-13-745 ===
