=== Started 2017-09-10T17-09-43-517 ===
[INFO ][17:09:43] [1m[32mMultiOgar 1.3.7[37m - An open source multi-protocol ogar server[0m
[ERROR][17:09:43] Unknown gameserver.ini value: serverVersionCode
[ERROR][17:09:43] Unknown gameserver.ini value: separateChatForTeams
[ERROR][17:09:43] Unknown gameserver.ini value: ejectDistance
[ERROR][17:09:43] Unknown gameserver.ini value: tourneyMaxPlayers
[ERROR][17:09:43] Unknown gameserver.ini value: tourneyPrepTime
[ERROR][17:09:43] Unknown gameserver.ini value: tourneyEndTime
[ERROR][17:09:43] Unknown gameserver.ini value: tourneyTimeLimit
[ERROR][17:09:43] Unknown gameserver.ini value: tourneyAutoFill
[ERROR][17:09:43] Unknown gameserver.ini value: tourneyAutoFillPlayers
[INFO ][17:09:43] 0 IP ban records loaded.
[WARN ][17:09:43] User account "Local Administrator" disabled
[WARN ][17:09:43] User account "Local Moderator" disabled
[WARN ][17:09:43] User account "Local User" disabled
[INFO ][17:09:43] 0 user records loaded.
[INFO ][17:09:43] 25 bad words loaded
[INFO ][17:09:43] WebSocket: ws
[INFO ][17:09:43] Started stats server on port 9999
[INFO ][17:09:43] Listening on port 1111
[INFO ][17:09:43] Current game mode is Experimental
[ERROR][17:09:44] [Tracker][c0nsume.me]: statusCode = 400
[ERROR][17:09:44] [Tracker][ogar-tracker.tk]: statusCode = 403
[ERROR][17:09:44] [Tracker][ogar-tracker.tk]: statusCode = 403
[ERROR][17:09:44] [Tracker][c0nsume.me]: statusCode = 400
[ERROR][17:09:44] [Tracker][ogar-tracker.tk]: statusCode = 403
[ERROR][17:09:44] [Tracker][c0nsume.me]: statusCode = 400
[ERROR][17:09:44] [Tracker][ogar-tracker.tk]: statusCode = 403
[ERROR][17:09:44] [Tracker][c0nsume.me]: statusCode = 400
[ERROR][17:09:55] [Tracker][c0nsume.me]: statusCode = 400
[ERROR][17:09:55] [Tracker][c0nsume.me]: statusCode = 400
[ERROR][17:09:55] [Tracker][ogar-tracker.tk]: statusCode = 403
[ERROR][17:09:55] [Tracker][c0nsume.me]: statusCode = 400
[ERROR][17:09:55] [Tracker][ogar-tracker.tk]: statusCode = 403
[ERROR][17:09:55] [Tracker][c0nsume.me]: statusCode = 400
[ERROR][17:10:07] [Tracker][c0nsume.me]: statusCode = 400
[ERROR][17:10:07] [Tracker][ogar-tracker.tk]: statusCode = 403
[ERROR][17:10:07] [Tracker][ogar-tracker.tk]: statusCode = 403
[ERROR][17:10:07] [Tracker][c0nsume.me]: statusCode = 400
[ERROR][17:10:07] [Tracker][ogar-tracker.tk]: statusCode = 403
[ERROR][17:10:07] [Tracker][c0nsume.me]: statusCode = 400
[ERROR][17:10:07] [Tracker][c0nsume.me]: statusCode = 400
[ERROR][17:10:07] [Tracker][ogar-tracker.tk]: statusCode = 403
[NONE ][17:10:10] CONNECTED    127.0.0.1:33678, origin: "undefined"
[ERROR][17:10:18] [Tracker][c0nsume.me]: statusCode = 400
[ERROR][17:10:18] [Tracker][ogar-tracker.tk]: statusCode = 403
[ERROR][17:10:18] [Tracker][c0nsume.me]: statusCode = 400
[ERROR][17:10:18] [Tracker][ogar-tracker.tk]: statusCode = 403
[ERROR][17:10:18] [Tracker][c0nsume.me]: statusCode = 400
[ERROR][17:10:18] [Tracker][ogar-tracker.tk]: statusCode = 403
[ERROR][17:10:18] [Tracker][c0nsume.me]: statusCode = 400
[NONE ][17:10:23] >rec 1
[NONE ][17:10:23] DeezNuts is now in rec mode!
[ERROR][17:10:26] [Tracker][ogar-tracker.tk]: Error: connect ETIMEDOUT 195.20.46.84:80
[ERROR][17:10:26] [Tracker][ogar-tracker.tk]: Error: connect ETIMEDOUT 195.20.46.84:80
[ERROR][17:10:30] [Tracker][c0nsume.me]: statusCode = 400
[ERROR][17:10:30] [Tracker][ogar-tracker.tk]: statusCode = 403
[ERROR][17:10:30] [Tracker][ogar-tracker.tk]: statusCode = 403
[ERROR][17:10:30] [Tracker][c0nsume.me]: statusCode = 400
[ERROR][17:10:30] [Tracker][ogar-tracker.tk]: statusCode = 403
[ERROR][17:10:30] [Tracker][c0nsume.me]: statusCode = 400
[ERROR][17:10:30] [Tracker][ogar-tracker.tk]: statusCode = 403
[ERROR][17:10:30] [Tracker][c0nsume.me]: statusCode = 400
[ERROR][17:10:41] [Tracker][c0nsume.me]: statusCode = 400
[ERROR][17:10:41] [Tracker][c0nsume.me]: statusCode = 400
[ERROR][17:10:41] [Tracker][c0nsume.me]: statusCode = 400
[ERROR][17:10:41] [Tracker][ogar-tracker.tk]: statusCode = 403
[ERROR][17:10:41] [Tracker][ogar-tracker.tk]: statusCode = 403
[ERROR][17:10:41] [Tracker][c0nsume.me]: statusCode = 400
[ERROR][17:10:49] [Tracker][ogar-tracker.tk]: Error: connect ETIMEDOUT 195.20.46.84:80
[ERROR][17:10:53] [Tracker][c0nsume.me]: statusCode = 400
[ERROR][17:10:53] [Tracker][ogar-tracker.tk]: statusCode = 403
[ERROR][17:10:53] [Tracker][ogar-tracker.tk]: statusCode = 403
[ERROR][17:10:53] [Tracker][c0nsume.me]: statusCode = 400
[ERROR][17:10:53] [Tracker][ogar-tracker.tk]: statusCode = 403
[ERROR][17:10:53] [Tracker][c0nsume.me]: statusCode = 400
[ERROR][17:10:53] [Tracker][ogar-tracker.tk]: statusCode = 403
[ERROR][17:10:53] [Tracker][c0nsume.me]: statusCode = 400
[ERROR][17:10:56] [Tracker][ogar-tracker.tk]: statusCode = 403
[NONE ][17:10:57] >rec 1
[NONE ][17:10:57] DeezNuts is no longer in rec mode
[ERROR][17:11:04] [Tracker][c0nsume.me]: statusCode = 400
[ERROR][17:11:04] [Tracker][ogar-tracker.tk]: statusCode = 403
[ERROR][17:11:04] [Tracker][ogar-tracker.tk]: statusCode = 403
[ERROR][17:11:04] [Tracker][c0nsume.me]: statusCode = 400
[ERROR][17:11:04] [Tracker][ogar-tracker.tk]: statusCode = 403
[ERROR][17:11:04] [Tracker][c0nsume.me]: statusCode = 400
[ERROR][17:11:04] [Tracker][ogar-tracker.tk]: statusCode = 403
[ERROR][17:11:04] [Tracker][c0nsume.me]: statusCode = 400
[ERROR][17:11:12] [Tracker][ogar-tracker.tk]: Error: connect ETIMEDOUT 195.20.46.84:80
[ERROR][17:11:16] [Tracker][c0nsume.me]: statusCode = 400
[ERROR][17:11:16] [Tracker][ogar-tracker.tk]: statusCode = 403
[ERROR][17:11:16] [Tracker][ogar-tracker.tk]: statusCode = 403
[ERROR][17:11:16] [Tracker][c0nsume.me]: statusCode = 400
[ERROR][17:11:16] [Tracker][ogar-tracker.tk]: statusCode = 403
[ERROR][17:11:16] [Tracker][c0nsume.me]: statusCode = 400
[ERROR][17:11:16] [Tracker][ogar-tracker.tk]: statusCode = 403
[ERROR][17:11:16] [Tracker][c0nsume.me]: statusCode = 400
[ERROR][17:11:27] [Tracker][c0nsume.me]: statusCode = 400
[ERROR][17:11:27] [Tracker][ogar-tracker.tk]: statusCode = 403
[ERROR][17:11:27] [Tracker][c0nsume.me]: statusCode = 400
[ERROR][17:11:27] [Tracker][ogar-tracker.tk]: statusCode = 403
[ERROR][17:11:27] [Tracker][c0nsume.me]: statusCode = 400
[ERROR][17:11:27] [Tracker][c0nsume.me]: statusCode = 400
[ERROR][17:11:27] [Tracker][ogar-tracker.tk]: statusCode = 403
[ERROR][17:11:39] [Tracker][ogar-tracker.tk]: statusCode = 403
[ERROR][17:11:39] [Tracker][ogar-tracker.tk]: statusCode = 403
[ERROR][17:11:39] [Tracker][ogar-tracker.tk]: statusCode = 403
[ERROR][17:11:39] [Tracker][c0nsume.me]: statusCode = 400
[ERROR][17:11:39] [Tracker][c0nsume.me]: statusCode = 400
[ERROR][17:11:39] [Tracker][c0nsume.me]: statusCode = 400
[ERROR][17:11:39] [Tracker][ogar-tracker.tk]: statusCode = 403
[ERROR][17:11:39] [Tracker][c0nsume.me]: statusCode = 400
[ERROR][17:11:50] [Tracker][c0nsume.me]: statusCode = 400
[ERROR][17:11:50] [Tracker][ogar-tracker.tk]: statusCode = 403
[ERROR][17:11:50] [Tracker][ogar-tracker.tk]: statusCode = 403
[ERROR][17:11:50] [Tracker][c0nsume.me]: statusCode = 400
[ERROR][17:11:50] [Tracker][ogar-tracker.tk]: statusCode = 403
[ERROR][17:11:50] [Tracker][c0nsume.me]: statusCode = 400
[ERROR][17:11:50] [Tracker][c0nsume.me]: statusCode = 400
[ERROR][17:11:58] [Tracker][ogar-tracker.tk]: Error: connect ETIMEDOUT 195.20.46.84:80
[ERROR][17:12:02] [Tracker][c0nsume.me]: statusCode = 400
[ERROR][17:12:02] [Tracker][ogar-tracker.tk]: statusCode = 403
[ERROR][17:12:02] [Tracker][ogar-tracker.tk]: statusCode = 403
[ERROR][17:12:02] [Tracker][ogar-tracker.tk]: statusCode = 403
[ERROR][17:12:02] [Tracker][c0nsume.me]: statusCode = 400
[ERROR][17:12:02] [Tracker][ogar-tracker.tk]: statusCode = 403
[ERROR][17:12:02] [Tracker][c0nsume.me]: statusCode = 400
[ERROR][17:12:02] [Tracker][c0nsume.me]: statusCode = 400
[ERROR][17:12:13] [Tracker][c0nsume.me]: statusCode = 400
[ERROR][17:12:13] [Tracker][ogar-tracker.tk]: statusCode = 403
[ERROR][17:12:13] [Tracker][ogar-tracker.tk]: statusCode = 403
[ERROR][17:12:13] [Tracker][c0nsume.me]: statusCode = 400
[ERROR][17:12:13] [Tracker][ogar-tracker.tk]: statusCode = 403
[ERROR][17:12:13] [Tracker][ogar-tracker.tk]: statusCode = 403
[ERROR][17:12:13] [Tracker][c0nsume.me]: statusCode = 400
[ERROR][17:12:14] [Tracker][c0nsume.me]: statusCode = 400
[ERROR][17:12:21] [Tracker][ogar-tracker.tk]: Error: connect ETIMEDOUT 195.20.46.84:80
[ERROR][17:12:25] [Tracker][ogar-tracker.tk]: statusCode = 403
[ERROR][17:12:25] [Tracker][c0nsume.me]: statusCode = 400
[ERROR][17:12:25] [Tracker][c0nsume.me]: statusCode = 400
[ERROR][17:12:25] [Tracker][c0nsume.me]: statusCode = 400
[ERROR][17:12:25] [Tracker][c0nsume.me]: statusCode = 400
[ERROR][17:12:28] [Tracker][ogar-tracker.tk]: statusCode = 403
[ERROR][17:12:32] [Tracker][ogar-tracker.tk]: statusCode = 403
[ERROR][17:12:32] [Tracker][ogar-tracker.tk]: statusCode = 403
[ERROR][17:12:36] [Tracker][c0nsume.me]: statusCode = 400
[ERROR][17:12:36] [Tracker][ogar-tracker.tk]: statusCode = 403
[ERROR][17:12:36] [Tracker][c0nsume.me]: statusCode = 400
[ERROR][17:12:36] [Tracker][ogar-tracker.tk]: statusCode = 403
[ERROR][17:12:36] [Tracker][c0nsume.me]: statusCode = 400
[ERROR][17:12:37] [Tracker][ogar-tracker.tk]: statusCode = 403
[ERROR][17:12:37] [Tracker][c0nsume.me]: statusCode = 400
[ERROR][17:12:39] [Tracker][ogar-tracker.tk]: statusCode = 403
[ERROR][17:12:48] [Tracker][c0nsume.me]: statusCode = 400
[ERROR][17:12:48] [Tracker][ogar-tracker.tk]: statusCode = 403
[ERROR][17:12:48] [Tracker][c0nsume.me]: statusCode = 400
[ERROR][17:12:48] [Tracker][ogar-tracker.tk]: statusCode = 403
[ERROR][17:12:48] [Tracker][c0nsume.me]: statusCode = 400
[ERROR][17:12:48] [Tracker][ogar-tracker.tk]: statusCode = 403
[ERROR][17:12:48] [Tracker][c0nsume.me]: statusCode = 400
[ERROR][17:12:59] [Tracker][c0nsume.me]: statusCode = 400
[ERROR][17:12:59] [Tracker][ogar-tracker.tk]: statusCode = 403
[ERROR][17:12:59] [Tracker][c0nsume.me]: statusCode = 400
[ERROR][17:12:59] [Tracker][ogar-tracker.tk]: statusCode = 403
[ERROR][17:13:00] [Tracker][c0nsume.me]: statusCode = 400
[ERROR][17:13:00] [Tracker][c0nsume.me]: statusCode = 400
[NONE ][17:13:08] DISCONNECTED 127.0.0.1:33678, code: 1006, reason: "undefined", name: "DeezNuts"
[ERROR][17:13:11] [Tracker][c0nsume.me]: statusCode = 400
[ERROR][17:13:11] [Tracker][ogar-tracker.tk]: statusCode = 403
[ERROR][17:13:11] [Tracker][ogar-tracker.tk]: statusCode = 403
[ERROR][17:13:11] [Tracker][c0nsume.me]: statusCode = 400
[ERROR][17:13:11] [Tracker][ogar-tracker.tk]: statusCode = 403
[ERROR][17:13:11] [Tracker][c0nsume.me]: statusCode = 400
[ERROR][17:13:11] [Tracker][c0nsume.me]: statusCode = 400
[ERROR][17:13:19] [Tracker][ogar-tracker.tk]: Error: connect ETIMEDOUT 195.20.46.84:80
[ERROR][17:13:22] [Tracker][c0nsume.me]: statusCode = 400
[ERROR][17:13:22] [Tracker][ogar-tracker.tk]: statusCode = 403
[ERROR][17:13:22] [Tracker][ogar-tracker.tk]: statusCode = 403
[ERROR][17:13:22] [Tracker][c0nsume.me]: statusCode = 400
[ERROR][17:13:23] [Tracker][c0nsume.me]: statusCode = 400
[ERROR][17:13:23] [Tracker][ogar-tracker.tk]: statusCode = 403
[ERROR][17:13:23] [Tracker][ogar-tracker.tk]: statusCode = 403
[ERROR][17:13:23] [Tracker][c0nsume.me]: statusCode = 400
[ERROR][17:13:30] [Tracker][ogar-tracker.tk]: Error: connect ETIMEDOUT 195.20.46.84:80
[ERROR][17:13:31] [Tracker][ogar-tracker.tk]: Error: connect ETIMEDOUT 195.20.46.84:80
[ERROR][17:13:34] [Tracker][c0nsume.me]: statusCode = 400
[ERROR][17:13:34] [Tracker][ogar-tracker.tk]: statusCode = 403
[ERROR][17:13:34] [Tracker][c0nsume.me]: statusCode = 400
[ERROR][17:13:34] [Tracker][ogar-tracker.tk]: statusCode = 403
[ERROR][17:13:34] [Tracker][c0nsume.me]: statusCode = 400
[ERROR][17:13:34] [Tracker][ogar-tracker.tk]: statusCode = 403
[ERROR][17:13:34] [Tracker][c0nsume.me]: statusCode = 400
[ERROR][17:13:42] [Tracker][ogar-tracker.tk]: Error: connect ETIMEDOUT 195.20.46.84:80
[ERROR][17:13:45] [Tracker][c0nsume.me]: statusCode = 400
[ERROR][17:13:45] [Tracker][ogar-tracker.tk]: statusCode = 403
[ERROR][17:13:45] [Tracker][c0nsume.me]: statusCode = 400
[ERROR][17:13:46] [Tracker][c0nsume.me]: statusCode = 400
[ERROR][17:13:46] [Tracker][ogar-tracker.tk]: statusCode = 403
[ERROR][17:13:46] [Tracker][c0nsume.me]: statusCode = 400
[ERROR][17:13:57] [Tracker][c0nsume.me]: statusCode = 400
[ERROR][17:13:57] [Tracker][ogar-tracker.tk]: statusCode = 403
[ERROR][17:13:57] [Tracker][c0nsume.me]: statusCode = 400
[ERROR][17:13:57] [Tracker][ogar-tracker.tk]: statusCode = 403
[ERROR][17:13:57] [Tracker][c0nsume.me]: statusCode = 400
[ERROR][17:13:57] [Tracker][ogar-tracker.tk]: statusCode = 403
[ERROR][17:13:57] [Tracker][ogar-tracker.tk]: statusCode = 403
[ERROR][17:13:57] [Tracker][c0nsume.me]: statusCode = 400
[ERROR][17:14:01] [Tracker][ogar-tracker.tk]: statusCode = 403
[ERROR][17:14:05] [Tracker][ogar-tracker.tk]: Error: connect ETIMEDOUT 195.20.46.84:80
[ERROR][17:14:08] [Tracker][c0nsume.me]: statusCode = 400
[ERROR][17:14:08] [Tracker][ogar-tracker.tk]: statusCode = 403
[ERROR][17:14:09] [Tracker][ogar-tracker.tk]: statusCode = 403
[ERROR][17:14:09] [Tracker][c0nsume.me]: statusCode = 400
[ERROR][17:14:09] [Tracker][ogar-tracker.tk]: statusCode = 403
[ERROR][17:14:09] [Tracker][c0nsume.me]: statusCode = 400
[ERROR][17:14:09] [Tracker][ogar-tracker.tk]: statusCode = 403
[ERROR][17:14:09] [Tracker][c0nsume.me]: statusCode = 400
[ERROR][17:14:16] [Tracker][ogar-tracker.tk]: Error: connect ETIMEDOUT 195.20.46.84:80
[ERROR][17:14:20] [Tracker][ogar-tracker.tk]: statusCode = 403
[ERROR][17:14:20] [Tracker][c0nsume.me]: statusCode = 400
[ERROR][17:14:20] [Tracker][ogar-tracker.tk]: statusCode = 403
[ERROR][17:14:20] [Tracker][c0nsume.me]: statusCode = 400
[ERROR][17:14:20] [Tracker][ogar-tracker.tk]: statusCode = 403
[ERROR][17:14:20] [Tracker][c0nsume.me]: statusCode = 400
[ERROR][17:14:20] [Tracker][ogar-tracker.tk]: statusCode = 403
[ERROR][17:14:20] [Tracker][c0nsume.me]: statusCode = 400
[ERROR][17:14:31] [Tracker][c0nsume.me]: statusCode = 400
[ERROR][17:14:32] [Tracker][ogar-tracker.tk]: statusCode = 403
[ERROR][17:14:32] [Tracker][ogar-tracker.tk]: statusCode = 403
[ERROR][17:14:32] [Tracker][c0nsume.me]: statusCode = 400
[ERROR][17:14:32] [Tracker][c0nsume.me]: statusCode = 400
[ERROR][17:14:32] [Tracker][ogar-tracker.tk]: statusCode = 403
[ERROR][17:14:32] [Tracker][ogar-tracker.tk]: statusCode = 403
[ERROR][17:14:32] [Tracker][c0nsume.me]: statusCode = 400
[ERROR][17:14:43] [Tracker][ogar-tracker.tk]: statusCode = 403
[ERROR][17:14:43] [Tracker][c0nsume.me]: statusCode = 400
[ERROR][17:14:43] [Tracker][c0nsume.me]: statusCode = 400
[ERROR][17:14:43] [Tracker][ogar-tracker.tk]: statusCode = 403
[ERROR][17:14:43] [Tracker][c0nsume.me]: statusCode = 400
[ERROR][17:14:43] [Tracker][ogar-tracker.tk]: statusCode = 403
[ERROR][17:14:43] [Tracker][c0nsume.me]: statusCode = 400
[ERROR][17:14:55] [Tracker][c0nsume.me]: statusCode = 400
[ERROR][17:14:55] [Tracker][ogar-tracker.tk]: statusCode = 403
[ERROR][17:14:55] [Tracker][c0nsume.me]: statusCode = 400
[ERROR][17:14:55] [Tracker][ogar-tracker.tk]: statusCode = 403
[ERROR][17:14:55] [Tracker][c0nsume.me]: statusCode = 400
[ERROR][17:14:55] [Tracker][ogar-tracker.tk]: statusCode = 403
[ERROR][17:14:55] [Tracker][ogar-tracker.tk]: statusCode = 403
[ERROR][17:14:55] [Tracker][c0nsume.me]: statusCode = 400
[ERROR][17:15:06] [Tracker][ogar-tracker.tk]: statusCode = 403
[ERROR][17:15:06] [Tracker][ogar-tracker.tk]: statusCode = 403
[ERROR][17:15:06] [Tracker][ogar-tracker.tk]: statusCode = 403
[ERROR][17:15:06] [Tracker][ogar-tracker.tk]: statusCode = 403
[ERROR][17:15:06] [Tracker][c0nsume.me]: statusCode = 400
[ERROR][17:15:06] [Tracker][c0nsume.me]: statusCode = 400
[ERROR][17:15:06] [Tracker][c0nsume.me]: statusCode = 400
[ERROR][17:15:06] [Tracker][c0nsume.me]: statusCode = 400
[ERROR][17:15:14] [Tracker][ogar-tracker.tk]: Error: connect ETIMEDOUT 195.20.46.84:80
[ERROR][17:15:18] [Tracker][c0nsume.me]: statusCode = 400
[ERROR][17:15:18] [Tracker][ogar-tracker.tk]: statusCode = 403
[ERROR][17:15:18] [Tracker][c0nsume.me]: statusCode = 400
[ERROR][17:15:18] [Tracker][ogar-tracker.tk]: statusCode = 403
[ERROR][17:15:18] [Tracker][c0nsume.me]: statusCode = 400
[ERROR][17:15:18] [Tracker][ogar-tracker.tk]: statusCode = 403
[ERROR][17:15:18] [Tracker][c0nsume.me]: statusCode = 400
[ERROR][17:15:29] [Tracker][c0nsume.me]: statusCode = 400
[ERROR][17:15:29] [Tracker][ogar-tracker.tk]: statusCode = 403
[ERROR][17:15:29] [Tracker][ogar-tracker.tk]: statusCode = 403
[ERROR][17:15:29] [Tracker][c0nsume.me]: statusCode = 400
[ERROR][17:15:29] [Tracker][ogar-tracker.tk]: statusCode = 403
[ERROR][17:15:29] [Tracker][c0nsume.me]: statusCode = 400
[ERROR][17:15:29] [Tracker][ogar-tracker.tk]: statusCode = 403
[ERROR][17:15:29] [Tracker][c0nsume.me]: statusCode = 400
[ERROR][17:15:41] [Tracker][c0nsume.me]: statusCode = 400
[ERROR][17:15:41] [Tracker][ogar-tracker.tk]: statusCode = 403
[ERROR][17:15:41] [Tracker][ogar-tracker.tk]: statusCode = 403
[ERROR][17:15:41] [Tracker][c0nsume.me]: statusCode = 400
[ERROR][17:15:41] [Tracker][ogar-tracker.tk]: statusCode = 403
[ERROR][17:15:41] [Tracker][c0nsume.me]: statusCode = 400
[ERROR][17:15:41] [Tracker][ogar-tracker.tk]: statusCode = 403
[ERROR][17:15:41] [Tracker][c0nsume.me]: statusCode = 400
[ERROR][17:15:49] [Tracker][ogar-tracker.tk]: Error: connect ETIMEDOUT 195.20.46.84:80
[ERROR][17:15:52] [Tracker][c0nsume.me]: statusCode = 400
[ERROR][17:15:52] [Tracker][ogar-tracker.tk]: statusCode = 403
[ERROR][17:15:52] [Tracker][ogar-tracker.tk]: statusCode = 403
[ERROR][17:15:52] [Tracker][c0nsume.me]: statusCode = 400
[ERROR][17:15:52] [Tracker][ogar-tracker.tk]: statusCode = 403
[ERROR][17:15:52] [Tracker][c0nsume.me]: statusCode = 400
[ERROR][17:15:52] [Tracker][c0nsume.me]: statusCode = 400
[ERROR][17:15:52] [Tracker][ogar-tracker.tk]: statusCode = 403
[ERROR][17:16:04] [Tracker][c0nsume.me]: statusCode = 400
[ERROR][17:16:04] [Tracker][ogar-tracker.tk]: statusCode = 403
[ERROR][17:16:04] [Tracker][ogar-tracker.tk]: statusCode = 403
[ERROR][17:16:04] [Tracker][c0nsume.me]: statusCode = 400
[ERROR][17:16:04] [Tracker][ogar-tracker.tk]: statusCode = 403
[ERROR][17:16:04] [Tracker][c0nsume.me]: statusCode = 400
[ERROR][17:16:04] [Tracker][ogar-tracker.tk]: statusCode = 403
[ERROR][17:16:04] [Tracker][c0nsume.me]: statusCode = 400
[ERROR][17:16:15] [Tracker][c0nsume.me]: statusCode = 400
[ERROR][17:16:15] [Tracker][ogar-tracker.tk]: statusCode = 403
[ERROR][17:16:15] [Tracker][c0nsume.me]: statusCode = 400
[ERROR][17:16:15] [Tracker][ogar-tracker.tk]: statusCode = 403
[ERROR][17:16:15] [Tracker][ogar-tracker.tk]: statusCode = 403
[ERROR][17:16:15] [Tracker][c0nsume.me]: statusCode = 400
[ERROR][17:16:15] [Tracker][c0nsume.me]: statusCode = 400
[ERROR][17:16:27] [Tracker][c0nsume.me]: statusCode = 400
[ERROR][17:16:27] [Tracker][ogar-tracker.tk]: statusCode = 403
[ERROR][17:16:27] [Tracker][ogar-tracker.tk]: statusCode = 403
[ERROR][17:16:27] [Tracker][c0nsume.me]: statusCode = 400
[ERROR][17:16:27] [Tracker][ogar-tracker.tk]: statusCode = 403
[ERROR][17:16:27] [Tracker][c0nsume.me]: statusCode = 400
[ERROR][17:16:27] [Tracker][ogar-tracker.tk]: statusCode = 403
[ERROR][17:16:27] [Tracker][c0nsume.me]: statusCode = 400
[NONE ][17:16:38] >exit
[WARN ][17:16:38] Closing server...
[DEBUG][17:16:38] process.exit(1)
=== Shutdown 2017-09-10T17-16-38-185 ===
