=== Started 2017-09-10T17-20-17-579 ===
[INFO ][17:20:17] [1m[32mMultiOgar 1.3.7[37m - An open source multi-protocol ogar server[0m
[ERROR][17:20:17] Unknown gameserver.ini value: serverVersionCode
[ERROR][17:20:17] Unknown gameserver.ini value: separateChatForTeams
[ERROR][17:20:17] Unknown gameserver.ini value: ejectDistance
[ERROR][17:20:17] Unknown gameserver.ini value: tourneyMaxPlayers
[ERROR][17:20:17] Unknown gameserver.ini value: tourneyPrepTime
[ERROR][17:20:17] Unknown gameserver.ini value: tourneyEndTime
[ERROR][17:20:17] Unknown gameserver.ini value: tourneyTimeLimit
[ERROR][17:20:17] Unknown gameserver.ini value: tourneyAutoFill
[ERROR][17:20:17] Unknown gameserver.ini value: tourneyAutoFillPlayers
[INFO ][17:20:17] 0 IP ban records loaded.
[WARN ][17:20:17] User account "Local Administrator" disabled
[WARN ][17:20:17] User account "Local Moderator" disabled
[WARN ][17:20:17] User account "Local User" disabled
[INFO ][17:20:17] 0 user records loaded.
[INFO ][17:20:17] 25 bad words loaded
[INFO ][17:20:17] WebSocket: ws
[INFO ][17:20:18] Started stats server on port 9999
[INFO ][17:20:18] Listening on port 1111
[INFO ][17:20:18] Current game mode is Experimental
[ERROR][17:20:18] [Tracker][c0nsume.me]: statusCode = 400
[ERROR][17:20:18] [Tracker][c0nsume.me]: statusCode = 400
[ERROR][17:20:18] [Tracker][c0nsume.me]: statusCode = 400
[ERROR][17:20:18] [Tracker][c0nsume.me]: statusCode = 400
[ERROR][17:20:18] [Tracker][ogar-tracker.tk]: statusCode = 403
[ERROR][17:20:21] [Tracker][ogar-tracker.tk]: statusCode = 403
[NONE ][17:20:22] CONNECTED    127.0.0.1:35852, origin: "undefined"
[ERROR][17:20:29] [Tracker][c0nsume.me]: statusCode = 400
[ERROR][17:20:29] [Tracker][ogar-tracker.tk]: statusCode = 403
[ERROR][17:20:29] [Tracker][ogar-tracker.tk]: statusCode = 403
[ERROR][17:20:29] [Tracker][c0nsume.me]: statusCode = 400
[ERROR][17:20:29] [Tracker][ogar-tracker.tk]: statusCode = 403
[ERROR][17:20:29] [Tracker][c0nsume.me]: statusCode = 400
[ERROR][17:20:29] [Tracker][ogar-tracker.tk]: statusCode = 403
[ERROR][17:20:30] [Tracker][c0nsume.me]: statusCode = 400
[ERROR][17:20:33] [Tracker][ogar-tracker.tk]: statusCode = 403
[NONE ][17:20:41] >exit
[WARN ][17:20:41] Closing server...
[DEBUG][17:20:41] process.exit(1)
=== Shutdown 2017-09-10T17-20-41-128 ===
