=== Started 2017-09-10T14-18-31-070 ===
[INFO ][14:18:31] [1m[32mMultiOgar 1.3.7[37m - An open source multi-protocol ogar server[0m
[ERROR][14:18:31] Unknown gameserver.ini value: serverVersionCode
[ERROR][14:18:31] Unknown gameserver.ini value: separateChatForTeams
[ERROR][14:18:31] Unknown gameserver.ini value: ejectDistance
[ERROR][14:18:31] Unknown gameserver.ini value: tourneyMaxPlayers
[ERROR][14:18:31] Unknown gameserver.ini value: tourneyPrepTime
[ERROR][14:18:31] Unknown gameserver.ini value: tourneyEndTime
[ERROR][14:18:31] Unknown gameserver.ini value: tourneyTimeLimit
[ERROR][14:18:31] Unknown gameserver.ini value: tourneyAutoFill
[ERROR][14:18:31] Unknown gameserver.ini value: tourneyAutoFillPlayers
[INFO ][14:18:31] 0 IP ban records loaded.
[WARN ][14:18:31] User account "Local Administrator" disabled
[WARN ][14:18:31] User account "Local Moderator" disabled
[WARN ][14:18:31] User account "Local User" disabled
[INFO ][14:18:31] 0 user records loaded.
[INFO ][14:18:31] 25 bad words loaded
[INFO ][14:18:31] WebSocket: ws
[INFO ][14:18:31] Started stats server on port 9999
[INFO ][14:18:31] Listening on port 1111
[INFO ][14:18:31] Current game mode is Free For All
[ERROR][14:18:32] [Tracker][ogar-tracker.tk]: statusCode = 403
[ERROR][14:18:32] [Tracker][c0nsume.me]: statusCode = 400
[ERROR][14:18:32] [Tracker][c0nsume.me]: statusCode = 400
[ERROR][14:18:32] [Tracker][ogar-tracker.tk]: statusCode = 403
[ERROR][14:18:32] [Tracker][ogar-tracker.tk]: statusCode = 403
[ERROR][14:18:32] [Tracker][ogar-tracker.tk]: statusCode = 403
[ERROR][14:18:32] [Tracker][c0nsume.me]: statusCode = 400
[ERROR][14:18:32] [Tracker][c0nsume.me]: statusCode = 400
[NONE ][14:18:34] CONNECTED    127.0.0.1:36535, origin: "undefined"
[ERROR][14:18:43] [Tracker][c0nsume.me]: statusCode = 400
[ERROR][14:18:43] [Tracker][ogar-tracker.tk]: statusCode = 403
[ERROR][14:18:43] [Tracker][c0nsume.me]: statusCode = 400
[ERROR][14:18:43] [Tracker][ogar-tracker.tk]: statusCode = 403
[ERROR][14:18:43] [Tracker][c0nsume.me]: statusCode = 400
[ERROR][14:18:43] [Tracker][ogar-tracker.tk]: statusCode = 403
[NONE ][14:18:46] >merge 1
[NONE ][14:18:46] DeezNuts is now force merging
[ERROR][14:18:54] [Tracker][c0nsume.me]: statusCode = 400
[ERROR][14:18:54] [Tracker][ogar-tracker.tk]: statusCode = 403
[ERROR][14:18:54] [Tracker][ogar-tracker.tk]: statusCode = 403
[ERROR][14:18:54] [Tracker][c0nsume.me]: statusCode = 400
[ERROR][14:18:55] [Tracker][c0nsume.me]: statusCode = 400
[ERROR][14:18:55] [Tracker][ogar-tracker.tk]: statusCode = 403
[ERROR][14:18:55] [Tracker][c0nsume.me]: statusCode = 400
[ERROR][14:18:58] [Tracker][c0nsume.me]: statusCode = 400
[ERROR][14:19:06] [Tracker][c0nsume.me]: statusCode = 400
[ERROR][14:19:06] [Tracker][ogar-tracker.tk]: statusCode = 403
[ERROR][14:19:06] [Tracker][c0nsume.me]: statusCode = 400
[ERROR][14:19:06] [Tracker][ogar-tracker.tk]: statusCode = 403
[ERROR][14:19:06] [Tracker][ogar-tracker.tk]: statusCode = 403
[ERROR][14:19:06] [Tracker][c0nsume.me]: statusCode = 400
[ERROR][14:19:07] [Tracker][c0nsume.me]: statusCode = 400
[ERROR][14:19:09] [Tracker][ogar-tracker.tk]: statusCode = 403
[ERROR][14:19:14] [Tracker][ogar-tracker.tk]: Error: connect ETIMEDOUT 195.20.46.84:80
[ERROR][14:19:17] [Tracker][c0nsume.me]: statusCode = 400
[ERROR][14:19:17] [Tracker][ogar-tracker.tk]: statusCode = 403
[ERROR][14:19:17] [Tracker][ogar-tracker.tk]: statusCode = 403
[ERROR][14:19:17] [Tracker][c0nsume.me]: statusCode = 400
[ERROR][14:19:18] [Tracker][c0nsume.me]: statusCode = 400
[ERROR][14:19:18] [Tracker][ogar-tracker.tk]: statusCode = 403
[ERROR][14:19:18] [Tracker][c0nsume.me]: statusCode = 400
[NONE ][14:19:24] >merge 1
[NONE ][14:19:24] DeezNuts is now force merging
[ERROR][14:19:29] [Tracker][c0nsume.me]: statusCode = 400
[ERROR][14:19:29] [Tracker][ogar-tracker.tk]: statusCode = 403
[ERROR][14:19:29] [Tracker][c0nsume.me]: statusCode = 400
[ERROR][14:19:29] [Tracker][ogar-tracker.tk]: statusCode = 403
[ERROR][14:19:29] [Tracker][c0nsume.me]: statusCode = 400
[ERROR][14:19:29] [Tracker][ogar-tracker.tk]: statusCode = 403
[ERROR][14:19:29] [Tracker][c0nsume.me]: statusCode = 400
[ERROR][14:19:33] [Tracker][ogar-tracker.tk]: statusCode = 403
[ERROR][14:19:37] [Tracker][ogar-tracker.tk]: Error: connect ETIMEDOUT 195.20.46.84:80
[ERROR][14:19:40] [Tracker][c0nsume.me]: statusCode = 400
[ERROR][14:19:40] [Tracker][ogar-tracker.tk]: statusCode = 403
[ERROR][14:19:41] [Tracker][c0nsume.me]: statusCode = 400
[ERROR][14:19:41] [Tracker][ogar-tracker.tk]: statusCode = 403
[ERROR][14:19:41] [Tracker][c0nsume.me]: statusCode = 400
[ERROR][14:19:41] [Tracker][ogar-tracker.tk]: statusCode = 403
[ERROR][14:19:41] [Tracker][c0nsume.me]: statusCode = 400
[ERROR][14:19:47] [Tracker][ogar-tracker.tk]: statusCode = 403
[ERROR][14:19:52] [Tracker][c0nsume.me]: statusCode = 400
[ERROR][14:19:52] [Tracker][ogar-tracker.tk]: statusCode = 403
[ERROR][14:19:52] [Tracker][c0nsume.me]: statusCode = 400
[ERROR][14:19:52] [Tracker][ogar-tracker.tk]: statusCode = 403
[ERROR][14:19:52] [Tracker][ogar-tracker.tk]: statusCode = 403
[ERROR][14:19:52] [Tracker][c0nsume.me]: statusCode = 400
[ERROR][14:19:52] [Tracker][c0nsume.me]: statusCode = 400
[ERROR][14:20:00] [Tracker][ogar-tracker.tk]: Error: connect ETIMEDOUT 195.20.46.84:80
[ERROR][14:20:04] [Tracker][c0nsume.me]: statusCode = 400
[ERROR][14:20:04] [Tracker][ogar-tracker.tk]: statusCode = 403
[ERROR][14:20:04] [Tracker][c0nsume.me]: statusCode = 400
[ERROR][14:20:04] [Tracker][ogar-tracker.tk]: statusCode = 403
[ERROR][14:20:04] [Tracker][ogar-tracker.tk]: statusCode = 403
[ERROR][14:20:04] [Tracker][c0nsume.me]: statusCode = 400
[ERROR][14:20:04] [Tracker][c0nsume.me]: statusCode = 400
[ERROR][14:20:15] [Tracker][c0nsume.me]: statusCode = 400
[ERROR][14:20:15] [Tracker][ogar-tracker.tk]: statusCode = 403
[ERROR][14:20:15] [Tracker][c0nsume.me]: statusCode = 400
[ERROR][14:20:15] [Tracker][ogar-tracker.tk]: statusCode = 403
[ERROR][14:20:15] [Tracker][c0nsume.me]: statusCode = 400
[ERROR][14:20:15] [Tracker][ogar-tracker.tk]: statusCode = 403
[ERROR][14:20:15] [Tracker][c0nsume.me]: statusCode = 400
[ERROR][14:20:18] [Tracker][ogar-tracker.tk]: statusCode = 403
[ERROR][14:20:19] [Tracker][ogar-tracker.tk]: statusCode = 403
[ERROR][14:20:23] [Tracker][ogar-tracker.tk]: Error: connect ETIMEDOUT 195.20.46.84:80
[ERROR][14:20:27] [Tracker][c0nsume.me]: statusCode = 400
[ERROR][14:20:27] [Tracker][c0nsume.me]: statusCode = 400
[ERROR][14:20:27] [Tracker][c0nsume.me]: statusCode = 400
[ERROR][14:20:27] [Tracker][c0nsume.me]: statusCode = 400
[ERROR][14:20:27] [Tracker][ogar-tracker.tk]: statusCode = 403
[NONE ][14:20:29] >merge 1
[NONE ][14:20:29] DeezNuts is now force merging
[ERROR][14:20:30] [Tracker][ogar-tracker.tk]: statusCode = 403
[ERROR][14:20:38] [Tracker][c0nsume.me]: statusCode = 400
[ERROR][14:20:38] [Tracker][ogar-tracker.tk]: statusCode = 403
[ERROR][14:20:38] [Tracker][c0nsume.me]: statusCode = 400
[ERROR][14:20:38] [Tracker][c0nsume.me]: statusCode = 400
[ERROR][14:20:38] [Tracker][ogar-tracker.tk]: statusCode = 403
[ERROR][14:20:38] [Tracker][ogar-tracker.tk]: statusCode = 403
[ERROR][14:20:38] [Tracker][c0nsume.me]: statusCode = 400
[ERROR][14:20:45] [Tracker][ogar-tracker.tk]: statusCode = 403
[NONE ][14:20:50] >merge 1
[NONE ][14:20:50] DeezNuts is now force merging
[ERROR][14:20:50] [Tracker][c0nsume.me]: statusCode = 400
[ERROR][14:20:50] [Tracker][ogar-tracker.tk]: statusCode = 403
[ERROR][14:20:50] [Tracker][ogar-tracker.tk]: statusCode = 403
[ERROR][14:20:50] [Tracker][c0nsume.me]: statusCode = 400
[ERROR][14:20:50] [Tracker][c0nsume.me]: statusCode = 400
[ERROR][14:20:50] [Tracker][ogar-tracker.tk]: statusCode = 403
[ERROR][14:20:50] [Tracker][c0nsume.me]: statusCode = 400
[ERROR][14:20:53] [Tracker][ogar-tracker.tk]: statusCode = 403
[ERROR][14:20:58] [Tracker][ogar-tracker.tk]: Error: connect ETIMEDOUT 195.20.46.84:80
[ERROR][14:20:58] [Tracker][ogar-tracker.tk]: Error: connect ETIMEDOUT 195.20.46.84:80
[ERROR][14:21:01] [Tracker][c0nsume.me]: statusCode = 400
[ERROR][14:21:01] [Tracker][ogar-tracker.tk]: statusCode = 403
[ERROR][14:21:01] [Tracker][c0nsume.me]: statusCode = 400
[ERROR][14:21:01] [Tracker][ogar-tracker.tk]: statusCode = 403
[ERROR][14:21:01] [Tracker][ogar-tracker.tk]: statusCode = 403
[ERROR][14:21:01] [Tracker][c0nsume.me]: statusCode = 400
[ERROR][14:21:01] [Tracker][ogar-tracker.tk]: statusCode = 403
[ERROR][14:21:01] [Tracker][c0nsume.me]: statusCode = 400
[ERROR][14:21:13] [Tracker][c0nsume.me]: statusCode = 400
[ERROR][14:21:13] [Tracker][ogar-tracker.tk]: statusCode = 403
[ERROR][14:21:13] [Tracker][ogar-tracker.tk]: statusCode = 403
[ERROR][14:21:13] [Tracker][c0nsume.me]: statusCode = 400
[ERROR][14:21:13] [Tracker][ogar-tracker.tk]: statusCode = 403
[ERROR][14:21:13] [Tracker][c0nsume.me]: statusCode = 400
[ERROR][14:21:13] [Tracker][c0nsume.me]: statusCode = 400
[ERROR][14:21:24] [Tracker][c0nsume.me]: statusCode = 400
[ERROR][14:21:24] [Tracker][ogar-tracker.tk]: statusCode = 403
[ERROR][14:21:24] [Tracker][c0nsume.me]: statusCode = 400
[ERROR][14:21:24] [Tracker][ogar-tracker.tk]: statusCode = 403
[ERROR][14:21:24] [Tracker][ogar-tracker.tk]: statusCode = 403
[ERROR][14:21:24] [Tracker][c0nsume.me]: statusCode = 400
[ERROR][14:21:24] [Tracker][ogar-tracker.tk]: statusCode = 403
[ERROR][14:21:24] [Tracker][c0nsume.me]: statusCode = 400
[ERROR][14:21:36] [Tracker][ogar-tracker.tk]: statusCode = 403
[ERROR][14:21:36] [Tracker][ogar-tracker.tk]: statusCode = 403
[ERROR][14:21:36] [Tracker][c0nsume.me]: statusCode = 400
[ERROR][14:21:36] [Tracker][c0nsume.me]: statusCode = 400
[ERROR][14:21:36] [Tracker][ogar-tracker.tk]: statusCode = 403
[ERROR][14:21:36] [Tracker][c0nsume.me]: statusCode = 400
[ERROR][14:21:36] [Tracker][ogar-tracker.tk]: statusCode = 403
[ERROR][14:21:37] [Tracker][c0nsume.me]: statusCode = 400
[ERROR][14:21:44] [Tracker][ogar-tracker.tk]: Error: connect ETIMEDOUT 195.20.46.84:80
[ERROR][14:21:47] [Tracker][ogar-tracker.tk]: statusCode = 403
[ERROR][14:21:47] [Tracker][c0nsume.me]: statusCode = 400
[ERROR][14:21:47] [Tracker][c0nsume.me]: statusCode = 400
[ERROR][14:21:47] [Tracker][ogar-tracker.tk]: statusCode = 403
[ERROR][14:21:47] [Tracker][c0nsume.me]: statusCode = 400
[ERROR][14:21:47] [Tracker][ogar-tracker.tk]: statusCode = 403
[ERROR][14:21:47] [Tracker][c0nsume.me]: statusCode = 400
[ERROR][14:21:59] [Tracker][c0nsume.me]: statusCode = 400
[ERROR][14:21:59] [Tracker][ogar-tracker.tk]: statusCode = 403
[ERROR][14:21:59] [Tracker][c0nsume.me]: statusCode = 400
[ERROR][14:21:59] [Tracker][ogar-tracker.tk]: statusCode = 403
[ERROR][14:21:59] [Tracker][ogar-tracker.tk]: statusCode = 403
[ERROR][14:21:59] [Tracker][c0nsume.me]: statusCode = 400
[ERROR][14:21:59] [Tracker][ogar-tracker.tk]: statusCode = 403
[ERROR][14:21:59] [Tracker][c0nsume.me]: statusCode = 400
[ERROR][14:22:02] [Tracker][ogar-tracker.tk]: statusCode = 403
[ERROR][14:22:10] [Tracker][c0nsume.me]: statusCode = 400
[ERROR][14:22:10] [Tracker][ogar-tracker.tk]: statusCode = 403
[ERROR][14:22:10] [Tracker][ogar-tracker.tk]: statusCode = 403
[ERROR][14:22:10] [Tracker][c0nsume.me]: statusCode = 400
[ERROR][14:22:10] [Tracker][ogar-tracker.tk]: statusCode = 403
[ERROR][14:22:10] [Tracker][c0nsume.me]: statusCode = 400
[ERROR][14:22:10] [Tracker][ogar-tracker.tk]: statusCode = 403
[ERROR][14:22:10] [Tracker][c0nsume.me]: statusCode = 400
[ERROR][14:22:22] [Tracker][c0nsume.me]: statusCode = 400
[ERROR][14:22:22] [Tracker][ogar-tracker.tk]: statusCode = 403
[ERROR][14:22:22] [Tracker][ogar-tracker.tk]: statusCode = 403
[ERROR][14:22:22] [Tracker][c0nsume.me]: statusCode = 400
[ERROR][14:22:22] [Tracker][ogar-tracker.tk]: statusCode = 403
[ERROR][14:22:22] [Tracker][c0nsume.me]: statusCode = 400
[ERROR][14:22:22] [Tracker][c0nsume.me]: statusCode = 400
[ERROR][14:22:22] [Tracker][ogar-tracker.tk]: statusCode = 403
[ERROR][14:22:33] [Tracker][c0nsume.me]: statusCode = 400
[ERROR][14:22:33] [Tracker][ogar-tracker.tk]: statusCode = 403
[ERROR][14:22:33] [Tracker][c0nsume.me]: statusCode = 400
[ERROR][14:22:33] [Tracker][ogar-tracker.tk]: statusCode = 403
[ERROR][14:22:33] [Tracker][c0nsume.me]: statusCode = 400
[ERROR][14:22:33] [Tracker][c0nsume.me]: statusCode = 400
[ERROR][14:22:45] [Tracker][c0nsume.me]: statusCode = 400
[ERROR][14:22:45] [Tracker][c0nsume.me]: statusCode = 400
[ERROR][14:22:45] [Tracker][ogar-tracker.tk]: statusCode = 403
[ERROR][14:22:45] [Tracker][ogar-tracker.tk]: statusCode = 403
[ERROR][14:22:45] [Tracker][c0nsume.me]: statusCode = 400
[ERROR][14:22:45] [Tracker][ogar-tracker.tk]: statusCode = 403
[ERROR][14:22:45] [Tracker][c0nsume.me]: statusCode = 400
[ERROR][14:22:56] [Tracker][c0nsume.me]: statusCode = 400
[ERROR][14:22:56] [Tracker][ogar-tracker.tk]: statusCode = 403
[ERROR][14:22:56] [Tracker][c0nsume.me]: statusCode = 400
[ERROR][14:22:56] [Tracker][ogar-tracker.tk]: statusCode = 403
[ERROR][14:22:56] [Tracker][ogar-tracker.tk]: statusCode = 403
[ERROR][14:22:56] [Tracker][c0nsume.me]: statusCode = 400
[ERROR][14:22:56] [Tracker][c0nsume.me]: statusCode = 400
[ERROR][14:22:56] [Tracker][ogar-tracker.tk]: statusCode = 403
[ERROR][14:23:04] [Tracker][ogar-tracker.tk]: Error: connect ETIMEDOUT 195.20.46.84:80
[ERROR][14:23:04] [Tracker][ogar-tracker.tk]: Error: connect ETIMEDOUT 195.20.46.84:80
[ERROR][14:23:08] [Tracker][c0nsume.me]: statusCode = 400
[ERROR][14:23:08] [Tracker][ogar-tracker.tk]: statusCode = 403
[ERROR][14:23:08] [Tracker][ogar-tracker.tk]: statusCode = 403
[ERROR][14:23:08] [Tracker][c0nsume.me]: statusCode = 400
[ERROR][14:23:08] [Tracker][c0nsume.me]: statusCode = 400
[ERROR][14:23:08] [Tracker][ogar-tracker.tk]: statusCode = 403
[ERROR][14:23:08] [Tracker][ogar-tracker.tk]: statusCode = 403
[ERROR][14:23:08] [Tracker][c0nsume.me]: statusCode = 400
[ERROR][14:23:16] [Tracker][ogar-tracker.tk]: Error: connect ETIMEDOUT 195.20.46.84:80
[ERROR][14:23:19] [Tracker][c0nsume.me]: statusCode = 400
[ERROR][14:23:19] [Tracker][ogar-tracker.tk]: statusCode = 403
[ERROR][14:23:19] [Tracker][ogar-tracker.tk]: statusCode = 403
[ERROR][14:23:19] [Tracker][ogar-tracker.tk]: statusCode = 403
[ERROR][14:23:19] [Tracker][c0nsume.me]: statusCode = 400
[ERROR][14:23:20] [Tracker][c0nsume.me]: statusCode = 400
[ERROR][14:23:20] [Tracker][ogar-tracker.tk]: statusCode = 403
[ERROR][14:23:20] [Tracker][c0nsume.me]: statusCode = 400
[ERROR][14:23:31] [Tracker][c0nsume.me]: statusCode = 400
[ERROR][14:23:31] [Tracker][ogar-tracker.tk]: statusCode = 403
[ERROR][14:23:31] [Tracker][ogar-tracker.tk]: statusCode = 403
[ERROR][14:23:31] [Tracker][c0nsume.me]: statusCode = 400
[ERROR][14:23:31] [Tracker][ogar-tracker.tk]: statusCode = 403
[ERROR][14:23:31] [Tracker][c0nsume.me]: statusCode = 400
[ERROR][14:23:31] [Tracker][ogar-tracker.tk]: statusCode = 403
[ERROR][14:23:31] [Tracker][c0nsume.me]: statusCode = 400
[NONE ][14:23:38] >merge 1
[NONE ][14:23:38] DeezNuts is now force merging
[ERROR][14:23:42] [Tracker][c0nsume.me]: statusCode = 400
[ERROR][14:23:42] [Tracker][ogar-tracker.tk]: statusCode = 403
[ERROR][14:23:42] [Tracker][c0nsume.me]: statusCode = 400
[ERROR][14:23:42] [Tracker][ogar-tracker.tk]: statusCode = 403
[ERROR][14:23:42] [Tracker][c0nsume.me]: statusCode = 400
[ERROR][14:23:42] [Tracker][ogar-tracker.tk]: statusCode = 403
[ERROR][14:23:43] [Tracker][ogar-tracker.tk]: statusCode = 403
[ERROR][14:23:43] [Tracker][c0nsume.me]: statusCode = 400
[ERROR][14:23:54] [Tracker][c0nsume.me]: statusCode = 400
[ERROR][14:23:54] [Tracker][ogar-tracker.tk]: statusCode = 403
[ERROR][14:23:54] [Tracker][ogar-tracker.tk]: statusCode = 403
[ERROR][14:23:54] [Tracker][c0nsume.me]: statusCode = 400
[ERROR][14:23:54] [Tracker][c0nsume.me]: statusCode = 400
[ERROR][14:23:54] [Tracker][c0nsume.me]: statusCode = 400
[ERROR][14:23:54] [Tracker][ogar-tracker.tk]: statusCode = 403
[ERROR][14:23:54] [Tracker][ogar-tracker.tk]: statusCode = 403
[ERROR][14:24:05] [Tracker][c0nsume.me]: statusCode = 400
[ERROR][14:24:05] [Tracker][ogar-tracker.tk]: statusCode = 403
[ERROR][14:24:05] [Tracker][c0nsume.me]: statusCode = 400
[ERROR][14:24:06] [Tracker][ogar-tracker.tk]: statusCode = 403
[ERROR][14:24:06] [Tracker][c0nsume.me]: statusCode = 400
[ERROR][14:24:06] [Tracker][ogar-tracker.tk]: statusCode = 403
[ERROR][14:24:06] [Tracker][c0nsume.me]: statusCode = 400
[ERROR][14:24:17] [Tracker][c0nsume.me]: statusCode = 400
[ERROR][14:24:17] [Tracker][ogar-tracker.tk]: statusCode = 403
[ERROR][14:24:17] [Tracker][c0nsume.me]: statusCode = 400
[ERROR][14:24:17] [Tracker][ogar-tracker.tk]: statusCode = 403
[ERROR][14:24:17] [Tracker][c0nsume.me]: statusCode = 400
[ERROR][14:24:17] [Tracker][c0nsume.me]: statusCode = 400
[ERROR][14:24:28] [Tracker][c0nsume.me]: statusCode = 400
[ERROR][14:24:28] [Tracker][ogar-tracker.tk]: statusCode = 403
[ERROR][14:24:29] [Tracker][c0nsume.me]: statusCode = 400
[ERROR][14:24:29] [Tracker][ogar-tracker.tk]: statusCode = 403
[ERROR][14:24:29] [Tracker][c0nsume.me]: statusCode = 400
[ERROR][14:24:29] [Tracker][ogar-tracker.tk]: statusCode = 403
[ERROR][14:24:29] [Tracker][c0nsume.me]: statusCode = 400
[ERROR][14:24:36] [Tracker][ogar-tracker.tk]: Error: connect ETIMEDOUT 195.20.46.84:80
[ERROR][14:24:40] [Tracker][c0nsume.me]: statusCode = 400
[ERROR][14:24:40] [Tracker][c0nsume.me]: statusCode = 400
[ERROR][14:24:40] [Tracker][c0nsume.me]: statusCode = 400
[ERROR][14:24:40] [Tracker][c0nsume.me]: statusCode = 400
[ERROR][14:24:43] [Tracker][ogar-tracker.tk]: statusCode = 403
[ERROR][14:24:48] [Tracker][ogar-tracker.tk]: Error: connect ETIMEDOUT 195.20.46.84:80
[ERROR][14:24:48] [Tracker][ogar-tracker.tk]: Error: connect ETIMEDOUT 195.20.46.84:80
[ERROR][14:24:51] [Tracker][c0nsume.me]: statusCode = 400
[ERROR][14:24:52] [Tracker][c0nsume.me]: statusCode = 400
[ERROR][14:24:52] [Tracker][ogar-tracker.tk]: statusCode = 403
[ERROR][14:24:52] [Tracker][c0nsume.me]: statusCode = 400
[ERROR][14:24:52] [Tracker][ogar-tracker.tk]: statusCode = 403
[ERROR][14:24:52] [Tracker][c0nsume.me]: statusCode = 400
[ERROR][14:24:52] [Tracker][ogar-tracker.tk]: statusCode = 403
[ERROR][14:24:54] [Tracker][ogar-tracker.tk]: statusCode = 403
[ERROR][14:24:55] [Tracker][ogar-tracker.tk]: statusCode = 403
[ERROR][14:24:59] [Tracker][ogar-tracker.tk]: Error: connect ETIMEDOUT 195.20.46.84:80
[ERROR][14:25:03] [Tracker][c0nsume.me]: statusCode = 400
[ERROR][14:25:03] [Tracker][c0nsume.me]: statusCode = 400
[ERROR][14:25:03] [Tracker][ogar-tracker.tk]: statusCode = 403
[ERROR][14:25:03] [Tracker][ogar-tracker.tk]: statusCode = 403
[ERROR][14:25:03] [Tracker][ogar-tracker.tk]: statusCode = 403
[ERROR][14:25:03] [Tracker][c0nsume.me]: statusCode = 400
[ERROR][14:25:03] [Tracker][c0nsume.me]: statusCode = 400
[NONE ][14:25:06] DISCONNECTED 127.0.0.1:36535, code: 1000, reason: "", name: "DeezNuts"
[ERROR][14:25:11] [Tracker][ogar-tracker.tk]: Error: connect ETIMEDOUT 195.20.46.84:80
[ERROR][14:25:11] [Tracker][ogar-tracker.tk]: Error: connect ETIMEDOUT 195.20.46.84:80
[NONE ][14:25:13] CONNECTED    127.0.0.1:41797, origin: "undefined"
[ERROR][14:25:14] [Tracker][c0nsume.me]: statusCode = 400
[ERROR][14:25:15] [Tracker][ogar-tracker.tk]: statusCode = 403
[ERROR][14:25:15] [Tracker][ogar-tracker.tk]: statusCode = 403
[ERROR][14:25:15] [Tracker][c0nsume.me]: statusCode = 400
[ERROR][14:25:15] [Tracker][c0nsume.me]: statusCode = 400
[ERROR][14:25:15] [Tracker][ogar-tracker.tk]: statusCode = 403
[ERROR][14:25:15] [Tracker][c0nsume.me]: statusCode = 400
[ERROR][14:25:26] [Tracker][c0nsume.me]: statusCode = 400
[ERROR][14:25:26] [Tracker][ogar-tracker.tk]: statusCode = 403
[ERROR][14:25:26] [Tracker][ogar-tracker.tk]: statusCode = 403
[ERROR][14:25:26] [Tracker][c0nsume.me]: statusCode = 400
[ERROR][14:25:26] [Tracker][c0nsume.me]: statusCode = 400
[ERROR][14:25:26] [Tracker][ogar-tracker.tk]: statusCode = 403
[ERROR][14:25:26] [Tracker][c0nsume.me]: statusCode = 400
[ERROR][14:25:26] [Tracker][ogar-tracker.tk]: statusCode = 403
[ERROR][14:25:34] [Tracker][ogar-tracker.tk]: Error: connect ETIMEDOUT 195.20.46.84:80
[ERROR][14:25:38] [Tracker][ogar-tracker.tk]: statusCode = 403
[ERROR][14:25:38] [Tracker][c0nsume.me]: statusCode = 400
[ERROR][14:25:38] [Tracker][c0nsume.me]: statusCode = 400
[ERROR][14:25:38] [Tracker][ogar-tracker.tk]: statusCode = 403
[ERROR][14:25:38] [Tracker][c0nsume.me]: statusCode = 400
[ERROR][14:25:38] [Tracker][ogar-tracker.tk]: statusCode = 403
[ERROR][14:25:38] [Tracker][ogar-tracker.tk]: statusCode = 403
[ERROR][14:25:38] [Tracker][c0nsume.me]: statusCode = 400
[ERROR][14:25:46] [Tracker][ogar-tracker.tk]: Error: connect ETIMEDOUT 195.20.46.84:80
[ERROR][14:25:49] [Tracker][c0nsume.me]: statusCode = 400
[ERROR][14:25:49] [Tracker][ogar-tracker.tk]: statusCode = 403
[ERROR][14:25:49] [Tracker][c0nsume.me]: statusCode = 400
[ERROR][14:25:49] [Tracker][ogar-tracker.tk]: statusCode = 403
[ERROR][14:25:49] [Tracker][c0nsume.me]: statusCode = 400
[ERROR][14:25:49] [Tracker][c0nsume.me]: statusCode = 400
[ERROR][14:25:56] [Tracker][ogar-tracker.tk]: statusCode = 403
[ERROR][14:26:01] [Tracker][c0nsume.me]: statusCode = 400
[ERROR][14:26:01] [Tracker][c0nsume.me]: statusCode = 400
[ERROR][14:26:01] [Tracker][c0nsume.me]: statusCode = 400
[ERROR][14:26:01] [Tracker][ogar-tracker.tk]: statusCode = 403
[ERROR][14:26:01] [Tracker][c0nsume.me]: statusCode = 400
[ERROR][14:26:02] [Tracker][ogar-tracker.tk]: statusCode = 403
[ERROR][14:26:02] [Tracker][ogar-tracker.tk]: statusCode = 403
[ERROR][14:26:08] [Tracker][ogar-tracker.tk]: statusCode = 403
[ERROR][14:26:12] [Tracker][c0nsume.me]: statusCode = 400
[ERROR][14:26:12] [Tracker][ogar-tracker.tk]: statusCode = 403
[ERROR][14:26:12] [Tracker][c0nsume.me]: statusCode = 400
[ERROR][14:26:12] [Tracker][ogar-tracker.tk]: statusCode = 403
[ERROR][14:26:12] [Tracker][c0nsume.me]: statusCode = 400
[ERROR][14:26:12] [Tracker][ogar-tracker.tk]: statusCode = 403
[ERROR][14:26:12] [Tracker][c0nsume.me]: statusCode = 400
[ERROR][14:26:12] [Tracker][ogar-tracker.tk]: statusCode = 403
[ERROR][14:26:20] [Tracker][ogar-tracker.tk]: Error: connect ETIMEDOUT 195.20.46.84:80
[ERROR][14:26:24] [Tracker][c0nsume.me]: statusCode = 400
[ERROR][14:26:24] [Tracker][ogar-tracker.tk]: statusCode = 403
[ERROR][14:26:24] [Tracker][ogar-tracker.tk]: statusCode = 403
[ERROR][14:26:24] [Tracker][c0nsume.me]: statusCode = 400
[ERROR][14:26:24] [Tracker][ogar-tracker.tk]: statusCode = 403
[ERROR][14:26:24] [Tracker][c0nsume.me]: statusCode = 400
[ERROR][14:26:24] [Tracker][ogar-tracker.tk]: statusCode = 403
[ERROR][14:26:24] [Tracker][c0nsume.me]: statusCode = 400
[ERROR][14:26:35] [Tracker][c0nsume.me]: statusCode = 400
[ERROR][14:26:35] [Tracker][c0nsume.me]: statusCode = 400
[ERROR][14:26:35] [Tracker][c0nsume.me]: statusCode = 400
[ERROR][14:26:35] [Tracker][c0nsume.me]: statusCode = 400
[ERROR][14:26:35] [Tracker][ogar-tracker.tk]: statusCode = 403
[ERROR][14:26:38] [Tracker][ogar-tracker.tk]: statusCode = 403
[NONE ][14:26:39] >merge 1
[WARN ][14:26:39] Client is nonexistent!
[ERROR][14:26:40] [Tracker][ogar-tracker.tk]: statusCode = 403
[ERROR][14:26:47] [Tracker][c0nsume.me]: statusCode = 400
[ERROR][14:26:47] [Tracker][c0nsume.me]: statusCode = 400
[ERROR][14:26:47] [Tracker][c0nsume.me]: statusCode = 400
[ERROR][14:26:47] [Tracker][c0nsume.me]: statusCode = 400
[ERROR][14:26:48] [Tracker][ogar-tracker.tk]: statusCode = 403
[ERROR][14:26:50] [Tracker][ogar-tracker.tk]: statusCode = 403
[ERROR][14:26:54] [Tracker][ogar-tracker.tk]: statusCode = 403
[ERROR][14:26:58] [Tracker][ogar-tracker.tk]: statusCode = 403
[ERROR][14:26:58] [Tracker][ogar-tracker.tk]: statusCode = 403
[ERROR][14:26:58] [Tracker][c0nsume.me]: statusCode = 400
[ERROR][14:26:58] [Tracker][c0nsume.me]: statusCode = 400
[ERROR][14:26:58] [Tracker][ogar-tracker.tk]: statusCode = 403
[ERROR][14:26:58] [Tracker][c0nsume.me]: statusCode = 400
[ERROR][14:26:59] [Tracker][ogar-tracker.tk]: statusCode = 403
[ERROR][14:26:59] [Tracker][c0nsume.me]: statusCode = 400
[ERROR][14:27:06] [Tracker][ogar-tracker.tk]: Error: socket hang up
[ERROR][14:27:06] [Tracker][ogar-tracker.tk]: Error: connect ETIMEDOUT 195.20.46.84:80
[ERROR][14:27:10] [Tracker][c0nsume.me]: statusCode = 400
[ERROR][14:27:10] [Tracker][ogar-tracker.tk]: statusCode = 403
[ERROR][14:27:10] [Tracker][ogar-tracker.tk]: statusCode = 403
[ERROR][14:27:10] [Tracker][c0nsume.me]: statusCode = 400
[ERROR][14:27:10] [Tracker][ogar-tracker.tk]: statusCode = 403
[ERROR][14:27:10] [Tracker][c0nsume.me]: statusCode = 400
[ERROR][14:27:11] [Tracker][c0nsume.me]: statusCode = 400
[ERROR][14:27:21] [Tracker][c0nsume.me]: statusCode = 400
[ERROR][14:27:21] [Tracker][ogar-tracker.tk]: statusCode = 403
[ERROR][14:27:21] [Tracker][ogar-tracker.tk]: statusCode = 403
[ERROR][14:27:21] [Tracker][c0nsume.me]: statusCode = 400
[ERROR][14:27:21] [Tracker][c0nsume.me]: statusCode = 400
[ERROR][14:27:21] [Tracker][ogar-tracker.tk]: statusCode = 403
[ERROR][14:27:21] [Tracker][ogar-tracker.tk]: statusCode = 403
[ERROR][14:27:21] [Tracker][c0nsume.me]: statusCode = 400
[ERROR][14:27:33] [Tracker][c0nsume.me]: statusCode = 400
[ERROR][14:27:33] [Tracker][ogar-tracker.tk]: statusCode = 403
[ERROR][14:27:33] [Tracker][c0nsume.me]: statusCode = 400
[ERROR][14:27:33] [Tracker][ogar-tracker.tk]: statusCode = 403
[ERROR][14:27:33] [Tracker][c0nsume.me]: statusCode = 400
[ERROR][14:27:33] [Tracker][ogar-tracker.tk]: statusCode = 403
[ERROR][14:27:33] [Tracker][c0nsume.me]: statusCode = 400
[ERROR][14:27:41] [Tracker][ogar-tracker.tk]: Error: connect ETIMEDOUT 195.20.46.84:80
[ERROR][14:27:44] [Tracker][c0nsume.me]: statusCode = 400
[ERROR][14:27:44] [Tracker][ogar-tracker.tk]: statusCode = 403
[ERROR][14:27:44] [Tracker][c0nsume.me]: statusCode = 400
[ERROR][14:27:44] [Tracker][c0nsume.me]: statusCode = 400
[ERROR][14:27:44] [Tracker][ogar-tracker.tk]: statusCode = 403
[ERROR][14:27:44] [Tracker][c0nsume.me]: statusCode = 400
[ERROR][14:27:44] [Tracker][ogar-tracker.tk]: statusCode = 403
[ERROR][14:27:56] [Tracker][c0nsume.me]: statusCode = 400
[ERROR][14:27:56] [Tracker][c0nsume.me]: statusCode = 400
[ERROR][14:27:56] [Tracker][c0nsume.me]: statusCode = 400
[ERROR][14:27:56] [Tracker][ogar-tracker.tk]: statusCode = 403
[ERROR][14:27:56] [Tracker][ogar-tracker.tk]: statusCode = 403
[ERROR][14:27:56] [Tracker][c0nsume.me]: statusCode = 400
[ERROR][14:27:56] [Tracker][ogar-tracker.tk]: statusCode = 403
[ERROR][14:28:04] [Tracker][ogar-tracker.tk]: Error: connect ETIMEDOUT 195.20.46.84:80
[ERROR][14:28:07] [Tracker][c0nsume.me]: statusCode = 400
[ERROR][14:28:07] [Tracker][ogar-tracker.tk]: statusCode = 403
[ERROR][14:28:07] [Tracker][ogar-tracker.tk]: statusCode = 403
[ERROR][14:28:07] [Tracker][c0nsume.me]: statusCode = 400
[ERROR][14:28:07] [Tracker][c0nsume.me]: statusCode = 400
[ERROR][14:28:07] [Tracker][ogar-tracker.tk]: statusCode = 403
[ERROR][14:28:08] [Tracker][ogar-tracker.tk]: statusCode = 403
[ERROR][14:28:08] [Tracker][c0nsume.me]: statusCode = 400
[ERROR][14:28:15] [Tracker][ogar-tracker.tk]: Error: connect ETIMEDOUT 195.20.46.84:80
[ERROR][14:28:19] [Tracker][c0nsume.me]: statusCode = 400
[ERROR][14:28:19] [Tracker][ogar-tracker.tk]: statusCode = 403
[ERROR][14:28:19] [Tracker][c0nsume.me]: statusCode = 400
[ERROR][14:28:19] [Tracker][c0nsume.me]: statusCode = 400
[ERROR][14:28:19] [Tracker][ogar-tracker.tk]: statusCode = 403
[ERROR][14:28:19] [Tracker][ogar-tracker.tk]: statusCode = 403
[ERROR][14:28:19] [Tracker][c0nsume.me]: statusCode = 400
[ERROR][14:28:27] [Tracker][ogar-tracker.tk]: Error: connect ETIMEDOUT 195.20.46.84:80
[ERROR][14:28:30] [Tracker][c0nsume.me]: statusCode = 400
[ERROR][14:28:30] [Tracker][ogar-tracker.tk]: statusCode = 403
[ERROR][14:28:30] [Tracker][ogar-tracker.tk]: statusCode = 403
[ERROR][14:28:30] [Tracker][c0nsume.me]: statusCode = 400
[ERROR][14:28:30] [Tracker][ogar-tracker.tk]: statusCode = 403
[ERROR][14:28:30] [Tracker][c0nsume.me]: statusCode = 400
[ERROR][14:28:31] [Tracker][c0nsume.me]: statusCode = 400
[ERROR][14:28:42] [Tracker][c0nsume.me]: statusCode = 400
[ERROR][14:28:42] [Tracker][ogar-tracker.tk]: statusCode = 403
[ERROR][14:28:42] [Tracker][ogar-tracker.tk]: statusCode = 403
[ERROR][14:28:42] [Tracker][c0nsume.me]: statusCode = 400
[ERROR][14:28:42] [Tracker][ogar-tracker.tk]: statusCode = 403
[ERROR][14:28:42] [Tracker][c0nsume.me]: statusCode = 400
[ERROR][14:28:42] [Tracker][ogar-tracker.tk]: statusCode = 403
[ERROR][14:28:42] [Tracker][c0nsume.me]: statusCode = 400
[ERROR][14:28:50] [Tracker][ogar-tracker.tk]: Error: connect ETIMEDOUT 195.20.46.84:80
[ERROR][14:28:53] [Tracker][c0nsume.me]: statusCode = 400
[ERROR][14:28:53] [Tracker][ogar-tracker.tk]: statusCode = 403
[ERROR][14:28:53] [Tracker][c0nsume.me]: statusCode = 400
[ERROR][14:28:54] [Tracker][ogar-tracker.tk]: statusCode = 403
[ERROR][14:28:54] [Tracker][c0nsume.me]: statusCode = 400
[ERROR][14:28:54] [Tracker][ogar-tracker.tk]: statusCode = 403
[ERROR][14:28:54] [Tracker][c0nsume.me]: statusCode = 400
[ERROR][14:29:02] [Tracker][ogar-tracker.tk]: Error: connect ETIMEDOUT 195.20.46.84:80
[ERROR][14:29:05] [Tracker][c0nsume.me]: statusCode = 400
[ERROR][14:29:05] [Tracker][ogar-tracker.tk]: statusCode = 403
[ERROR][14:29:05] [Tracker][c0nsume.me]: statusCode = 400
[ERROR][14:29:05] [Tracker][c0nsume.me]: statusCode = 400
[ERROR][14:29:05] [Tracker][ogar-tracker.tk]: statusCode = 403
[ERROR][14:29:05] [Tracker][c0nsume.me]: statusCode = 400
[ERROR][14:29:16] [Tracker][c0nsume.me]: statusCode = 400
[ERROR][14:29:16] [Tracker][ogar-tracker.tk]: statusCode = 403
[ERROR][14:29:16] [Tracker][ogar-tracker.tk]: statusCode = 403
[ERROR][14:29:17] [Tracker][ogar-tracker.tk]: statusCode = 403
[ERROR][14:29:17] [Tracker][c0nsume.me]: statusCode = 400
[ERROR][14:29:17] [Tracker][c0nsume.me]: statusCode = 400
[ERROR][14:29:18] [Tracker][c0nsume.me]: statusCode = 400
[ERROR][14:29:20] [Tracker][ogar-tracker.tk]: statusCode = 403
[ERROR][14:29:24] [Tracker][ogar-tracker.tk]: Error: connect ETIMEDOUT 195.20.46.84:80
[ERROR][14:29:28] [Tracker][c0nsume.me]: statusCode = 400
[ERROR][14:29:28] [Tracker][ogar-tracker.tk]: statusCode = 403
[ERROR][14:29:28] [Tracker][ogar-tracker.tk]: statusCode = 403
[ERROR][14:29:28] [Tracker][c0nsume.me]: statusCode = 400
[ERROR][14:29:28] [Tracker][ogar-tracker.tk]: statusCode = 403
[ERROR][14:29:28] [Tracker][c0nsume.me]: statusCode = 400
[ERROR][14:29:28] [Tracker][ogar-tracker.tk]: statusCode = 403
[ERROR][14:29:28] [Tracker][c0nsume.me]: statusCode = 400
[ERROR][14:29:36] [Tracker][ogar-tracker.tk]: Error: connect ETIMEDOUT 195.20.46.84:80
[ERROR][14:29:39] [Tracker][c0nsume.me]: statusCode = 400
[ERROR][14:29:39] [Tracker][ogar-tracker.tk]: statusCode = 403
[ERROR][14:29:40] [Tracker][c0nsume.me]: statusCode = 400
[ERROR][14:29:40] [Tracker][ogar-tracker.tk]: statusCode = 403
[ERROR][14:29:40] [Tracker][c0nsume.me]: statusCode = 400
[ERROR][14:29:40] [Tracker][ogar-tracker.tk]: statusCode = 403
[ERROR][14:29:40] [Tracker][c0nsume.me]: statusCode = 400
[ERROR][14:29:40] [Tracker][ogar-tracker.tk]: statusCode = 403
[ERROR][14:29:48] [Tracker][ogar-tracker.tk]: Error: connect ETIMEDOUT 195.20.46.84:80
[ERROR][14:29:51] [Tracker][c0nsume.me]: statusCode = 400
[ERROR][14:29:51] [Tracker][ogar-tracker.tk]: statusCode = 403
[ERROR][14:29:51] [Tracker][ogar-tracker.tk]: statusCode = 403
[ERROR][14:29:51] [Tracker][c0nsume.me]: statusCode = 400
[ERROR][14:29:51] [Tracker][ogar-tracker.tk]: statusCode = 403
[ERROR][14:29:51] [Tracker][c0nsume.me]: statusCode = 400
[ERROR][14:29:51] [Tracker][ogar-tracker.tk]: statusCode = 403
[ERROR][14:29:51] [Tracker][c0nsume.me]: statusCode = 400
[ERROR][14:30:02] [Tracker][c0nsume.me]: statusCode = 400
[ERROR][14:30:03] [Tracker][ogar-tracker.tk]: statusCode = 403
[ERROR][14:30:03] [Tracker][c0nsume.me]: statusCode = 400
[ERROR][14:30:03] [Tracker][ogar-tracker.tk]: statusCode = 403
[ERROR][14:30:03] [Tracker][c0nsume.me]: statusCode = 400
[ERROR][14:30:03] [Tracker][c0nsume.me]: statusCode = 400
[ERROR][14:30:03] [Tracker][ogar-tracker.tk]: statusCode = 403
[ERROR][14:30:14] [Tracker][c0nsume.me]: statusCode = 400
[ERROR][14:30:14] [Tracker][ogar-tracker.tk]: statusCode = 403
[ERROR][14:30:14] [Tracker][ogar-tracker.tk]: statusCode = 403
[ERROR][14:30:14] [Tracker][c0nsume.me]: statusCode = 400
[ERROR][14:30:14] [Tracker][ogar-tracker.tk]: statusCode = 403
[ERROR][14:30:14] [Tracker][c0nsume.me]: statusCode = 400
[ERROR][14:30:14] [Tracker][ogar-tracker.tk]: statusCode = 403
[ERROR][14:30:15] [Tracker][c0nsume.me]: statusCode = 400
[ERROR][14:30:26] [Tracker][c0nsume.me]: statusCode = 400
[ERROR][14:30:26] [Tracker][ogar-tracker.tk]: statusCode = 403
[ERROR][14:30:26] [Tracker][c0nsume.me]: statusCode = 400
[ERROR][14:30:26] [Tracker][ogar-tracker.tk]: statusCode = 403
[ERROR][14:30:26] [Tracker][c0nsume.me]: statusCode = 400
[ERROR][14:30:26] [Tracker][ogar-tracker.tk]: statusCode = 403
[ERROR][14:30:26] [Tracker][ogar-tracker.tk]: statusCode = 403
[ERROR][14:30:26] [Tracker][c0nsume.me]: statusCode = 400
[ERROR][14:30:34] [Tracker][ogar-tracker.tk]: Error: connect ETIMEDOUT 195.20.46.84:80
[ERROR][14:30:37] [Tracker][c0nsume.me]: statusCode = 400
[ERROR][14:30:37] [Tracker][ogar-tracker.tk]: statusCode = 403
[ERROR][14:30:37] [Tracker][c0nsume.me]: statusCode = 400
[ERROR][14:30:37] [Tracker][ogar-tracker.tk]: statusCode = 403
[ERROR][14:30:37] [Tracker][ogar-tracker.tk]: statusCode = 403
[ERROR][14:30:37] [Tracker][c0nsume.me]: statusCode = 400
[ERROR][14:30:37] [Tracker][c0nsume.me]: statusCode = 400
[ERROR][14:30:49] [Tracker][c0nsume.me]: statusCode = 400
[ERROR][14:30:49] [Tracker][ogar-tracker.tk]: statusCode = 403
[ERROR][14:30:49] [Tracker][c0nsume.me]: statusCode = 400
[ERROR][14:30:49] [Tracker][c0nsume.me]: statusCode = 400
[ERROR][14:30:49] [Tracker][ogar-tracker.tk]: statusCode = 403
[ERROR][14:30:49] [Tracker][ogar-tracker.tk]: statusCode = 403
[ERROR][14:30:49] [Tracker][c0nsume.me]: statusCode = 400
[ERROR][14:30:49] [Tracker][ogar-tracker.tk]: statusCode = 403
[ERROR][14:31:00] [Tracker][c0nsume.me]: statusCode = 400
[ERROR][14:31:00] [Tracker][ogar-tracker.tk]: statusCode = 403
[ERROR][14:31:00] [Tracker][c0nsume.me]: statusCode = 400
[ERROR][14:31:00] [Tracker][ogar-tracker.tk]: statusCode = 403
[ERROR][14:31:00] [Tracker][ogar-tracker.tk]: statusCode = 403
[ERROR][14:31:00] [Tracker][c0nsume.me]: statusCode = 400
[ERROR][14:31:00] [Tracker][c0nsume.me]: statusCode = 400
[ERROR][14:31:08] [Tracker][ogar-tracker.tk]: Error: connect ETIMEDOUT 195.20.46.84:80
[ERROR][14:31:12] [Tracker][c0nsume.me]: statusCode = 400
[ERROR][14:31:12] [Tracker][ogar-tracker.tk]: statusCode = 403
[ERROR][14:31:12] [Tracker][ogar-tracker.tk]: statusCode = 403
[ERROR][14:31:12] [Tracker][c0nsume.me]: statusCode = 400
[ERROR][14:31:12] [Tracker][ogar-tracker.tk]: statusCode = 403
[ERROR][14:31:12] [Tracker][c0nsume.me]: statusCode = 400
[ERROR][14:31:12] [Tracker][ogar-tracker.tk]: statusCode = 403
[ERROR][14:31:12] [Tracker][c0nsume.me]: statusCode = 400
[ERROR][14:31:23] [Tracker][c0nsume.me]: statusCode = 400
[ERROR][14:31:23] [Tracker][ogar-tracker.tk]: statusCode = 403
[ERROR][14:31:23] [Tracker][ogar-tracker.tk]: statusCode = 403
[ERROR][14:31:23] [Tracker][c0nsume.me]: statusCode = 400
[ERROR][14:31:23] [Tracker][ogar-tracker.tk]: statusCode = 403
[ERROR][14:31:23] [Tracker][c0nsume.me]: statusCode = 400
[ERROR][14:31:23] [Tracker][ogar-tracker.tk]: statusCode = 403
[ERROR][14:31:23] [Tracker][c0nsume.me]: statusCode = 400
[ERROR][14:31:31] [Tracker][ogar-tracker.tk]: Error: connect ETIMEDOUT 195.20.46.84:80
[ERROR][14:31:35] [Tracker][ogar-tracker.tk]: statusCode = 403
[ERROR][14:31:35] [Tracker][c0nsume.me]: statusCode = 400
[ERROR][14:31:35] [Tracker][ogar-tracker.tk]: statusCode = 403
[ERROR][14:31:35] [Tracker][c0nsume.me]: statusCode = 400
[ERROR][14:31:35] [Tracker][c0nsume.me]: statusCode = 400
[ERROR][14:31:35] [Tracker][ogar-tracker.tk]: statusCode = 403
[ERROR][14:31:35] [Tracker][c0nsume.me]: statusCode = 400
[NONE ][14:31:44] >merge 1
[WARN ][14:31:44] Client is nonexistent!
[ERROR][14:31:46] [Tracker][c0nsume.me]: statusCode = 400
[ERROR][14:31:46] [Tracker][ogar-tracker.tk]: statusCode = 403
[ERROR][14:31:46] [Tracker][c0nsume.me]: statusCode = 400
[ERROR][14:31:46] [Tracker][ogar-tracker.tk]: statusCode = 403
[ERROR][14:31:46] [Tracker][c0nsume.me]: statusCode = 400
[ERROR][14:31:46] [Tracker][ogar-tracker.tk]: statusCode = 403
[ERROR][14:31:46] [Tracker][c0nsume.me]: statusCode = 400
[NONE ][14:31:48] >merge DeezNuts
[WARN ][14:31:48] Please specify a valid player ID!
[ERROR][14:31:58] [Tracker][c0nsume.me]: statusCode = 400
[ERROR][14:31:58] [Tracker][ogar-tracker.tk]: statusCode = 403
[ERROR][14:31:58] [Tracker][c0nsume.me]: statusCode = 400
[ERROR][14:31:58] [Tracker][c0nsume.me]: statusCode = 400
[ERROR][14:31:58] [Tracker][ogar-tracker.tk]: statusCode = 403
[ERROR][14:31:58] [Tracker][c0nsume.me]: statusCode = 400
[ERROR][14:32:06] [Tracker][ogar-tracker.tk]: Error: connect ETIMEDOUT 195.20.46.84:80
[ERROR][14:32:09] [Tracker][c0nsume.me]: statusCode = 400
[ERROR][14:32:09] [Tracker][ogar-tracker.tk]: statusCode = 403
[ERROR][14:32:09] [Tracker][ogar-tracker.tk]: statusCode = 403
[ERROR][14:32:09] [Tracker][c0nsume.me]: statusCode = 400
[ERROR][14:32:09] [Tracker][ogar-tracker.tk]: statusCode = 403
[ERROR][14:32:09] [Tracker][ogar-tracker.tk]: statusCode = 403
[ERROR][14:32:10] [Tracker][c0nsume.me]: statusCode = 400
[ERROR][14:32:10] [Tracker][c0nsume.me]: statusCode = 400
[NONE ][14:32:10] >merge 12
[NONE ][14:32:10] DeezNuts is now force merging
[ERROR][14:32:17] [Tracker][ogar-tracker.tk]: Error: connect ETIMEDOUT 195.20.46.84:80
[ERROR][14:32:21] [Tracker][c0nsume.me]: statusCode = 400
[ERROR][14:32:21] [Tracker][ogar-tracker.tk]: statusCode = 403
[ERROR][14:32:21] [Tracker][ogar-tracker.tk]: statusCode = 403
[ERROR][14:32:21] [Tracker][c0nsume.me]: statusCode = 400
[ERROR][14:32:21] [Tracker][ogar-tracker.tk]: statusCode = 403
[ERROR][14:32:21] [Tracker][ogar-tracker.tk]: statusCode = 403
[ERROR][14:32:21] [Tracker][c0nsume.me]: statusCode = 400
[ERROR][14:32:21] [Tracker][c0nsume.me]: statusCode = 400
[ERROR][14:32:29] [Tracker][ogar-tracker.tk]: Error: connect ETIMEDOUT 195.20.46.84:80
[ERROR][14:32:29] [Tracker][ogar-tracker.tk]: Error: connect ETIMEDOUT 195.20.46.84:80
[ERROR][14:32:32] [Tracker][ogar-tracker.tk]: statusCode = 403
[ERROR][14:32:32] [Tracker][c0nsume.me]: statusCode = 400
[ERROR][14:32:32] [Tracker][c0nsume.me]: statusCode = 400
[ERROR][14:32:32] [Tracker][c0nsume.me]: statusCode = 400
[ERROR][14:32:33] [Tracker][ogar-tracker.tk]: statusCode = 403
[ERROR][14:32:33] [Tracker][c0nsume.me]: statusCode = 400
[ERROR][14:32:39] [Tracker][ogar-tracker.tk]: statusCode = 403
[ERROR][14:32:39] [Tracker][ogar-tracker.tk]: statusCode = 403
[ERROR][14:32:44] [Tracker][c0nsume.me]: statusCode = 400
[ERROR][14:32:44] [Tracker][ogar-tracker.tk]: statusCode = 403
[ERROR][14:32:44] [Tracker][ogar-tracker.tk]: statusCode = 403
[ERROR][14:32:44] [Tracker][c0nsume.me]: statusCode = 400
[ERROR][14:32:44] [Tracker][ogar-tracker.tk]: statusCode = 403
[ERROR][14:32:44] [Tracker][c0nsume.me]: statusCode = 400
[ERROR][14:32:44] [Tracker][ogar-tracker.tk]: statusCode = 403
[ERROR][14:32:44] [Tracker][c0nsume.me]: statusCode = 400
[ERROR][14:32:55] [Tracker][c0nsume.me]: statusCode = 400
[ERROR][14:32:55] [Tracker][ogar-tracker.tk]: statusCode = 403
[ERROR][14:32:55] [Tracker][ogar-tracker.tk]: statusCode = 403
[ERROR][14:32:55] [Tracker][c0nsume.me]: statusCode = 400
[ERROR][14:32:55] [Tracker][c0nsume.me]: statusCode = 400
[ERROR][14:32:56] [Tracker][c0nsume.me]: statusCode = 400
[ERROR][14:33:07] [Tracker][c0nsume.me]: statusCode = 400
[ERROR][14:33:07] [Tracker][ogar-tracker.tk]: statusCode = 403
[ERROR][14:33:07] [Tracker][c0nsume.me]: statusCode = 400
[ERROR][14:33:07] [Tracker][ogar-tracker.tk]: statusCode = 403
[ERROR][14:33:07] [Tracker][c0nsume.me]: statusCode = 400
[ERROR][14:33:07] [Tracker][c0nsume.me]: statusCode = 400
[ERROR][14:33:07] [Tracker][ogar-tracker.tk]: statusCode = 403
[ERROR][14:33:07] [Tracker][ogar-tracker.tk]: statusCode = 403
[NONE ][14:33:11] >merge 17
[WARN ][14:33:11] Client is nonexistent!
[NONE ][14:33:17] >merge 12
[NONE ][14:33:17] DeezNuts is now force merging
[ERROR][14:33:18] [Tracker][c0nsume.me]: statusCode = 400
[ERROR][14:33:18] [Tracker][ogar-tracker.tk]: statusCode = 403
[ERROR][14:33:18] [Tracker][c0nsume.me]: statusCode = 400
[ERROR][14:33:18] [Tracker][ogar-tracker.tk]: statusCode = 403
[ERROR][14:33:19] [Tracker][c0nsume.me]: statusCode = 400
[ERROR][14:33:19] [Tracker][ogar-tracker.tk]: statusCode = 403
[ERROR][14:33:19] [Tracker][c0nsume.me]: statusCode = 400
[ERROR][14:33:26] [Tracker][ogar-tracker.tk]: Error: connect ETIMEDOUT 195.20.46.84:80
[ERROR][14:33:27] [Tracker][ogar-tracker.tk]: Error: connect ETIMEDOUT 195.20.46.84:80
[ERROR][14:33:30] [Tracker][c0nsume.me]: statusCode = 400
[ERROR][14:33:30] [Tracker][ogar-tracker.tk]: statusCode = 403
[ERROR][14:33:30] [Tracker][ogar-tracker.tk]: statusCode = 403
[ERROR][14:33:30] [Tracker][c0nsume.me]: statusCode = 400
[ERROR][14:33:30] [Tracker][c0nsume.me]: statusCode = 400
[ERROR][14:33:30] [Tracker][c0nsume.me]: statusCode = 400
[ERROR][14:33:34] [Tracker][ogar-tracker.tk]: statusCode = 403
[ERROR][14:33:41] [Tracker][c0nsume.me]: statusCode = 400
[ERROR][14:33:41] [Tracker][c0nsume.me]: statusCode = 400
[ERROR][14:33:41] [Tracker][ogar-tracker.tk]: statusCode = 403
[ERROR][14:33:42] [Tracker][c0nsume.me]: statusCode = 400
[ERROR][14:33:42] [Tracker][ogar-tracker.tk]: statusCode = 403
[ERROR][14:33:42] [Tracker][c0nsume.me]: statusCode = 400
[ERROR][14:33:44] [Tracker][ogar-tracker.tk]: statusCode = 403
[ERROR][14:33:45] [Tracker][ogar-tracker.tk]: statusCode = 403
[ERROR][14:33:49] [Tracker][ogar-tracker.tk]: Error: connect ETIMEDOUT 195.20.46.84:80
[ERROR][14:33:53] [Tracker][c0nsume.me]: statusCode = 400
[ERROR][14:33:53] [Tracker][ogar-tracker.tk]: statusCode = 403
[ERROR][14:33:53] [Tracker][c0nsume.me]: statusCode = 400
[ERROR][14:33:53] [Tracker][ogar-tracker.tk]: statusCode = 403
[ERROR][14:33:53] [Tracker][c0nsume.me]: statusCode = 400
[ERROR][14:33:53] [Tracker][ogar-tracker.tk]: statusCode = 403
[ERROR][14:33:53] [Tracker][c0nsume.me]: statusCode = 400
[ERROR][14:34:01] [Tracker][ogar-tracker.tk]: Error: connect ETIMEDOUT 195.20.46.84:80
[ERROR][14:34:04] [Tracker][c0nsume.me]: statusCode = 400
[ERROR][14:34:04] [Tracker][ogar-tracker.tk]: statusCode = 403
[ERROR][14:34:04] [Tracker][c0nsume.me]: statusCode = 400
[ERROR][14:34:04] [Tracker][ogar-tracker.tk]: statusCode = 403
[ERROR][14:34:05] [Tracker][ogar-tracker.tk]: statusCode = 403
[ERROR][14:34:05] [Tracker][c0nsume.me]: statusCode = 400
[ERROR][14:34:05] [Tracker][ogar-tracker.tk]: statusCode = 403
[ERROR][14:34:05] [Tracker][c0nsume.me]: statusCode = 400
[ERROR][14:34:16] [Tracker][c0nsume.me]: statusCode = 400
[ERROR][14:34:16] [Tracker][ogar-tracker.tk]: statusCode = 403
[ERROR][14:34:16] [Tracker][c0nsume.me]: statusCode = 400
[ERROR][14:34:16] [Tracker][c0nsume.me]: statusCode = 400
[ERROR][14:34:16] [Tracker][ogar-tracker.tk]: statusCode = 403
[ERROR][14:34:16] [Tracker][c0nsume.me]: statusCode = 400
[ERROR][14:34:16] [Tracker][ogar-tracker.tk]: statusCode = 403
[ERROR][14:34:17] [Tracker][ogar-tracker.tk]: statusCode = 403
[ERROR][14:34:24] [Tracker][ogar-tracker.tk]: Error: connect ETIMEDOUT 195.20.46.84:80
[ERROR][14:34:27] [Tracker][c0nsume.me]: statusCode = 400
[ERROR][14:34:28] [Tracker][ogar-tracker.tk]: statusCode = 403
[ERROR][14:34:28] [Tracker][c0nsume.me]: statusCode = 400
[ERROR][14:34:28] [Tracker][ogar-tracker.tk]: statusCode = 403
[ERROR][14:34:28] [Tracker][c0nsume.me]: statusCode = 400
[ERROR][14:34:28] [Tracker][c0nsume.me]: statusCode = 400
[ERROR][14:34:39] [Tracker][c0nsume.me]: statusCode = 400
[ERROR][14:34:39] [Tracker][ogar-tracker.tk]: statusCode = 403
[ERROR][14:34:39] [Tracker][c0nsume.me]: statusCode = 400
[ERROR][14:34:39] [Tracker][ogar-tracker.tk]: statusCode = 403
[ERROR][14:34:39] [Tracker][ogar-tracker.tk]: statusCode = 403
[ERROR][14:34:39] [Tracker][c0nsume.me]: statusCode = 400
[ERROR][14:34:39] [Tracker][ogar-tracker.tk]: statusCode = 403
[ERROR][14:34:39] [Tracker][c0nsume.me]: statusCode = 400
[ERROR][14:34:43] [Tracker][ogar-tracker.tk]: statusCode = 403
[ERROR][14:34:51] [Tracker][ogar-tracker.tk]: statusCode = 403
[ERROR][14:34:51] [Tracker][c0nsume.me]: statusCode = 400
[ERROR][14:34:51] [Tracker][c0nsume.me]: statusCode = 400
[ERROR][14:34:51] [Tracker][c0nsume.me]: statusCode = 400
[ERROR][14:34:51] [Tracker][c0nsume.me]: statusCode = 400
[ERROR][14:34:52] [Tracker][ogar-tracker.tk]: statusCode = 403
[NONE ][14:34:52] >merge 12
[NONE ][14:34:52] DeezNuts is now force merging
[ERROR][14:34:59] [Tracker][ogar-tracker.tk]: Error: connect ETIMEDOUT 195.20.46.84:80
[ERROR][14:35:02] [Tracker][c0nsume.me]: statusCode = 400
[ERROR][14:35:02] [Tracker][ogar-tracker.tk]: statusCode = 403
[ERROR][14:35:02] [Tracker][ogar-tracker.tk]: statusCode = 403
[ERROR][14:35:02] [Tracker][c0nsume.me]: statusCode = 400
[ERROR][14:35:02] [Tracker][ogar-tracker.tk]: statusCode = 403
[ERROR][14:35:02] [Tracker][c0nsume.me]: statusCode = 400
[ERROR][14:35:02] [Tracker][ogar-tracker.tk]: statusCode = 403
[ERROR][14:35:02] [Tracker][c0nsume.me]: statusCode = 400
[ERROR][14:35:06] [Tracker][ogar-tracker.tk]: statusCode = 403
[ERROR][14:35:14] [Tracker][c0nsume.me]: statusCode = 400
[ERROR][14:35:14] [Tracker][ogar-tracker.tk]: statusCode = 403
[ERROR][14:35:14] [Tracker][c0nsume.me]: statusCode = 400
[ERROR][14:35:14] [Tracker][ogar-tracker.tk]: statusCode = 403
[ERROR][14:35:14] [Tracker][ogar-tracker.tk]: statusCode = 403
[ERROR][14:35:14] [Tracker][c0nsume.me]: statusCode = 400
[ERROR][14:35:14] [Tracker][ogar-tracker.tk]: statusCode = 403
[ERROR][14:35:14] [Tracker][c0nsume.me]: statusCode = 400
[ERROR][14:35:21] [Tracker][ogar-tracker.tk]: Error: connect ETIMEDOUT 195.20.46.84:80
[ERROR][14:35:25] [Tracker][c0nsume.me]: statusCode = 400
[ERROR][14:35:25] [Tracker][ogar-tracker.tk]: statusCode = 403
[ERROR][14:35:25] [Tracker][ogar-tracker.tk]: statusCode = 403
[ERROR][14:35:25] [Tracker][c0nsume.me]: statusCode = 400
[ERROR][14:35:25] [Tracker][c0nsume.me]: statusCode = 400
[ERROR][14:35:25] [Tracker][ogar-tracker.tk]: statusCode = 403
[ERROR][14:35:25] [Tracker][c0nsume.me]: statusCode = 400
[ERROR][14:35:37] [Tracker][c0nsume.me]: statusCode = 400
[ERROR][14:35:37] [Tracker][c0nsume.me]: statusCode = 400
[ERROR][14:35:37] [Tracker][c0nsume.me]: statusCode = 400
[ERROR][14:35:37] [Tracker][ogar-tracker.tk]: statusCode = 403
[ERROR][14:35:37] [Tracker][c0nsume.me]: statusCode = 400
[ERROR][14:35:38] [Tracker][ogar-tracker.tk]: statusCode = 403
[ERROR][14:35:38] [Tracker][ogar-tracker.tk]: statusCode = 403
[ERROR][14:35:48] [Tracker][c0nsume.me]: statusCode = 400
[ERROR][14:35:48] [Tracker][ogar-tracker.tk]: statusCode = 403
[ERROR][14:35:48] [Tracker][ogar-tracker.tk]: statusCode = 403
[ERROR][14:35:48] [Tracker][c0nsume.me]: statusCode = 400
[ERROR][14:35:48] [Tracker][ogar-tracker.tk]: statusCode = 403
[ERROR][14:35:48] [Tracker][c0nsume.me]: statusCode = 400
[ERROR][14:35:48] [Tracker][ogar-tracker.tk]: statusCode = 403
[ERROR][14:35:48] [Tracker][c0nsume.me]: statusCode = 400
[ERROR][14:35:52] [Tracker][ogar-tracker.tk]: statusCode = 403
[ERROR][14:35:56] [Tracker][ogar-tracker.tk]: Error: connect ETIMEDOUT 195.20.46.84:80
[ERROR][14:36:00] [Tracker][c0nsume.me]: statusCode = 400
[ERROR][14:36:00] [Tracker][ogar-tracker.tk]: statusCode = 403
[ERROR][14:36:00] [Tracker][ogar-tracker.tk]: statusCode = 403
[ERROR][14:36:00] [Tracker][c0nsume.me]: statusCode = 400
[ERROR][14:36:00] [Tracker][ogar-tracker.tk]: statusCode = 403
[ERROR][14:36:00] [Tracker][c0nsume.me]: statusCode = 400
[ERROR][14:36:00] [Tracker][ogar-tracker.tk]: statusCode = 403
[ERROR][14:36:00] [Tracker][c0nsume.me]: statusCode = 400
[ERROR][14:36:11] [Tracker][c0nsume.me]: statusCode = 400
[ERROR][14:36:11] [Tracker][ogar-tracker.tk]: statusCode = 403
[ERROR][14:36:11] [Tracker][c0nsume.me]: statusCode = 400
[ERROR][14:36:11] [Tracker][ogar-tracker.tk]: statusCode = 403
[ERROR][14:36:11] [Tracker][c0nsume.me]: statusCode = 400
[ERROR][14:36:11] [Tracker][c0nsume.me]: statusCode = 400
[ERROR][14:36:11] [Tracker][ogar-tracker.tk]: statusCode = 403
[ERROR][14:36:12] [Tracker][ogar-tracker.tk]: statusCode = 403
[ERROR][14:36:23] [Tracker][c0nsume.me]: statusCode = 400
[ERROR][14:36:23] [Tracker][ogar-tracker.tk]: statusCode = 403
[ERROR][14:36:23] [Tracker][ogar-tracker.tk]: statusCode = 403
[ERROR][14:36:23] [Tracker][c0nsume.me]: statusCode = 400
[ERROR][14:36:23] [Tracker][ogar-tracker.tk]: statusCode = 403
[ERROR][14:36:23] [Tracker][c0nsume.me]: statusCode = 400
[ERROR][14:36:23] [Tracker][ogar-tracker.tk]: statusCode = 403
[ERROR][14:36:23] [Tracker][c0nsume.me]: statusCode = 400
[ERROR][14:36:34] [Tracker][c0nsume.me]: statusCode = 400
[ERROR][14:36:34] [Tracker][ogar-tracker.tk]: statusCode = 403
[ERROR][14:36:34] [Tracker][ogar-tracker.tk]: statusCode = 403
[ERROR][14:36:34] [Tracker][c0nsume.me]: statusCode = 400
[ERROR][14:36:34] [Tracker][c0nsume.me]: statusCode = 400
[ERROR][14:36:34] [Tracker][ogar-tracker.tk]: statusCode = 403
[ERROR][14:36:34] [Tracker][c0nsume.me]: statusCode = 400
[ERROR][14:36:46] [Tracker][c0nsume.me]: statusCode = 400
[ERROR][14:36:46] [Tracker][ogar-tracker.tk]: statusCode = 403
[ERROR][14:36:46] [Tracker][ogar-tracker.tk]: statusCode = 403
[ERROR][14:36:46] [Tracker][c0nsume.me]: statusCode = 400
[ERROR][14:36:46] [Tracker][c0nsume.me]: statusCode = 400
[ERROR][14:36:46] [Tracker][ogar-tracker.tk]: statusCode = 403
[ERROR][14:36:46] [Tracker][c0nsume.me]: statusCode = 400
[NONE ][14:36:49] >kickall
[NONE ][14:36:50] Kicked "DeezNuts"
[NONE ][14:36:50] DISCONNECTED 127.0.0.1:41797, code: 1000, reason: "Kicked from server", name: "DeezNuts"
[NONE ][14:36:50] Kicked "DeezNutsBot"
[NONE ][14:36:50] Kicked "DeezNutsBot"
[ERROR][14:36:57] [Tracker][c0nsume.me]: statusCode = 400
[ERROR][14:36:57] [Tracker][ogar-tracker.tk]: statusCode = 403
[ERROR][14:36:57] [Tracker][ogar-tracker.tk]: statusCode = 403
[ERROR][14:36:57] [Tracker][c0nsume.me]: statusCode = 400
[NONE ][14:36:57] CONNECTED    127.0.0.1:37778, origin: "undefined"
[ERROR][14:36:57] [Tracker][c0nsume.me]: statusCode = 400
[ERROR][14:36:57] [Tracker][ogar-tracker.tk]: statusCode = 403
[ERROR][14:36:58] [Tracker][c0nsume.me]: statusCode = 400
[NONE ][14:37:05] >edit
[WARN ][14:37:05] Invalid Command!
[ERROR][14:37:05] [Tracker][ogar-tracker.tk]: Error: connect ETIMEDOUT 195.20.46.84:80
[NONE ][14:37:06] >eyit
[WARN ][14:37:06] Invalid Command!
[NONE ][14:37:08] >exit
[WARN ][14:37:08] Closing server...
[DEBUG][14:37:08] process.exit(1)
=== Shutdown 2017-09-10T14-37-08-389 ===
