=== Started 2017-09-10T12-18-50-391 ===
[INFO ][12:18:50] [1m[32mMultiOgar 1.3.7[37m - An open source multi-protocol ogar server[0m
[ERROR][12:18:50] Unknown gameserver.ini value: serverVersionCode
[ERROR][12:18:50] Unknown gameserver.ini value: separateChatForTeams
[ERROR][12:18:50] Unknown gameserver.ini value: ejectDistance
[ERROR][12:18:50] Unknown gameserver.ini value: tourneyMaxPlayers
[ERROR][12:18:50] Unknown gameserver.ini value: tourneyPrepTime
[ERROR][12:18:50] Unknown gameserver.ini value: tourneyEndTime
[ERROR][12:18:50] Unknown gameserver.ini value: tourneyTimeLimit
[ERROR][12:18:50] Unknown gameserver.ini value: tourneyAutoFill
[ERROR][12:18:50] Unknown gameserver.ini value: tourneyAutoFillPlayers
[INFO ][12:18:50] 0 IP ban records loaded.
[WARN ][12:18:50] User account "Local Administrator" disabled
[WARN ][12:18:50] User account "Local Moderator" disabled
[WARN ][12:18:50] User account "Local User" disabled
[INFO ][12:18:50] 0 user records loaded.
[INFO ][12:18:50] 25 bad words loaded
[INFO ][12:18:50] WebSocket: ws
[INFO ][12:18:50] Started stats server on port 9999
[INFO ][12:18:50] Listening on port 1111
[INFO ][12:18:50] Current game mode is Free For All
[ERROR][12:18:51] [Tracker][ogar-tracker.tk]: statusCode = 403
[ERROR][12:18:51] [Tracker][ogar-tracker.tk]: statusCode = 403
[ERROR][12:18:51] [Tracker][c0nsume.me]: statusCode = 400
[ERROR][12:18:51] [Tracker][c0nsume.me]: statusCode = 400
[ERROR][12:18:51] [Tracker][ogar-tracker.tk]: statusCode = 403
[ERROR][12:18:51] [Tracker][ogar-tracker.tk]: statusCode = 403
[ERROR][12:18:51] [Tracker][c0nsume.me]: statusCode = 400
[ERROR][12:18:51] [Tracker][c0nsume.me]: statusCode = 400
[ERROR][12:19:02] [Tracker][c0nsume.me]: statusCode = 400
[ERROR][12:19:02] [Tracker][ogar-tracker.tk]: statusCode = 403
[ERROR][12:19:02] [Tracker][ogar-tracker.tk]: statusCode = 403
[ERROR][12:19:02] [Tracker][c0nsume.me]: statusCode = 400
[ERROR][12:19:02] [Tracker][c0nsume.me]: statusCode = 400
[ERROR][12:19:02] [Tracker][ogar-tracker.tk]: statusCode = 403
[ERROR][12:19:02] [Tracker][c0nsume.me]: statusCode = 400
[ERROR][12:19:14] [Tracker][ogar-tracker.tk]: statusCode = 403
[ERROR][12:19:14] [Tracker][c0nsume.me]: statusCode = 400
[ERROR][12:19:14] [Tracker][ogar-tracker.tk]: statusCode = 403
[ERROR][12:19:14] [Tracker][c0nsume.me]: statusCode = 400
[ERROR][12:19:14] [Tracker][ogar-tracker.tk]: statusCode = 403
[ERROR][12:19:14] [Tracker][c0nsume.me]: statusCode = 400
[ERROR][12:19:14] [Tracker][ogar-tracker.tk]: statusCode = 403
[ERROR][12:19:14] [Tracker][c0nsume.me]: statusCode = 400
[ERROR][12:19:25] [Tracker][ogar-tracker.tk]: statusCode = 403
[ERROR][12:19:25] [Tracker][c0nsume.me]: statusCode = 400
[ERROR][12:19:25] [Tracker][ogar-tracker.tk]: statusCode = 403
[ERROR][12:19:25] [Tracker][c0nsume.me]: statusCode = 400
[ERROR][12:19:25] [Tracker][ogar-tracker.tk]: statusCode = 403
[ERROR][12:19:25] [Tracker][c0nsume.me]: statusCode = 400
[ERROR][12:19:25] [Tracker][ogar-tracker.tk]: statusCode = 403
[ERROR][12:19:25] [Tracker][c0nsume.me]: statusCode = 400
[ERROR][12:19:33] [Tracker][ogar-tracker.tk]: Error: connect ETIMEDOUT 195.20.46.84:80
[ERROR][12:19:37] [Tracker][ogar-tracker.tk]: statusCode = 403
[ERROR][12:19:37] [Tracker][c0nsume.me]: statusCode = 400
[ERROR][12:19:37] [Tracker][ogar-tracker.tk]: statusCode = 403
[ERROR][12:19:37] [Tracker][ogar-tracker.tk]: statusCode = 403
[ERROR][12:19:37] [Tracker][c0nsume.me]: statusCode = 400
[ERROR][12:19:37] [Tracker][ogar-tracker.tk]: statusCode = 403
[ERROR][12:19:37] [Tracker][c0nsume.me]: statusCode = 400
[ERROR][12:19:37] [Tracker][c0nsume.me]: statusCode = 400
[NONE ][12:19:41] CONNECTED    127.0.0.1:43556, origin: "undefined"
[ERROR][12:19:48] [Tracker][ogar-tracker.tk]: statusCode = 403
[ERROR][12:19:48] [Tracker][c0nsume.me]: statusCode = 400
[ERROR][12:19:48] [Tracker][ogar-tracker.tk]: statusCode = 403
[ERROR][12:19:48] [Tracker][c0nsume.me]: statusCode = 400
[ERROR][12:19:48] [Tracker][ogar-tracker.tk]: statusCode = 403
[ERROR][12:19:48] [Tracker][c0nsume.me]: statusCode = 400
[ERROR][12:19:48] [Tracker][ogar-tracker.tk]: statusCode = 403
[ERROR][12:19:48] [Tracker][c0nsume.me]: statusCode = 400
[ERROR][12:20:00] [Tracker][ogar-tracker.tk]: statusCode = 403
[ERROR][12:20:00] [Tracker][c0nsume.me]: statusCode = 400
[ERROR][12:20:00] [Tracker][c0nsume.me]: statusCode = 400
[ERROR][12:20:00] [Tracker][ogar-tracker.tk]: statusCode = 403
[ERROR][12:20:00] [Tracker][ogar-tracker.tk]: statusCode = 403
[ERROR][12:20:00] [Tracker][c0nsume.me]: statusCode = 400
[ERROR][12:20:00] [Tracker][ogar-tracker.tk]: statusCode = 403
[ERROR][12:20:00] [Tracker][c0nsume.me]: statusCode = 400
[NONE ][12:20:11] >merge 1
[NONE ][12:20:11] DeezNuts is now force merging
[ERROR][12:20:11] [Tracker][ogar-tracker.tk]: statusCode = 403
[ERROR][12:20:11] [Tracker][c0nsume.me]: statusCode = 400
[ERROR][12:20:11] [Tracker][c0nsume.me]: statusCode = 400
[ERROR][12:20:11] [Tracker][c0nsume.me]: statusCode = 400
[ERROR][12:20:11] [Tracker][ogar-tracker.tk]: statusCode = 403
[ERROR][12:20:11] [Tracker][c0nsume.me]: statusCode = 400
[ERROR][12:20:23] [Tracker][ogar-tracker.tk]: statusCode = 403
[ERROR][12:20:23] [Tracker][c0nsume.me]: statusCode = 400
[ERROR][12:20:23] [Tracker][ogar-tracker.tk]: statusCode = 403
[ERROR][12:20:23] [Tracker][c0nsume.me]: statusCode = 400
[ERROR][12:20:23] [Tracker][ogar-tracker.tk]: statusCode = 403
[ERROR][12:20:23] [Tracker][c0nsume.me]: statusCode = 400
[ERROR][12:20:23] [Tracker][ogar-tracker.tk]: statusCode = 403
[ERROR][12:20:23] [Tracker][c0nsume.me]: statusCode = 400
[ERROR][12:20:38] [Tracker][c0nsume.me]: statusCode = 400
[ERROR][12:20:38] [Tracker][ogar-tracker.tk]: statusCode = 403
[ERROR][12:20:38] [Tracker][ogar-tracker.tk]: statusCode = 403
[ERROR][12:20:38] [Tracker][c0nsume.me]: statusCode = 400
[ERROR][12:20:38] [Tracker][ogar-tracker.tk]: statusCode = 403
[ERROR][12:20:38] [Tracker][c0nsume.me]: statusCode = 400
[ERROR][12:20:38] [Tracker][ogar-tracker.tk]: statusCode = 403
[ERROR][12:20:38] [Tracker][c0nsume.me]: statusCode = 400
[ERROR][12:20:42] [Tracker][ogar-tracker.tk]: Error: connect ETIMEDOUT 195.20.46.84:80
[ERROR][12:20:42] [Tracker][ogar-tracker.tk]: Error: connect ETIMEDOUT 195.20.46.84:80
[ERROR][12:20:54] [Tracker][ogar-tracker.tk]: statusCode = 403
[ERROR][12:20:54] [Tracker][c0nsume.me]: statusCode = 400
[ERROR][12:20:54] [Tracker][ogar-tracker.tk]: statusCode = 403
[ERROR][12:20:54] [Tracker][c0nsume.me]: statusCode = 400
[ERROR][12:20:54] [Tracker][c0nsume.me]: statusCode = 400
[ERROR][12:20:54] [Tracker][ogar-tracker.tk]: statusCode = 403
[ERROR][12:20:54] [Tracker][c0nsume.me]: statusCode = 400
[ERROR][12:20:54] [Tracker][ogar-tracker.tk]: statusCode = 403
[ERROR][12:21:06] [Tracker][c0nsume.me]: statusCode = 400
[ERROR][12:21:06] [Tracker][ogar-tracker.tk]: statusCode = 403
[ERROR][12:21:06] [Tracker][ogar-tracker.tk]: statusCode = 403
[ERROR][12:21:06] [Tracker][c0nsume.me]: statusCode = 400
[ERROR][12:21:06] [Tracker][c0nsume.me]: statusCode = 400
[ERROR][12:21:06] [Tracker][ogar-tracker.tk]: statusCode = 403
[ERROR][12:21:06] [Tracker][ogar-tracker.tk]: statusCode = 403
[ERROR][12:21:06] [Tracker][c0nsume.me]: statusCode = 400
[ERROR][12:21:18] [Tracker][ogar-tracker.tk]: statusCode = 403
[ERROR][12:21:18] [Tracker][c0nsume.me]: statusCode = 400
[ERROR][12:21:18] [Tracker][ogar-tracker.tk]: statusCode = 403
[ERROR][12:21:18] [Tracker][c0nsume.me]: statusCode = 400
[ERROR][12:21:18] [Tracker][ogar-tracker.tk]: statusCode = 403
[ERROR][12:21:18] [Tracker][c0nsume.me]: statusCode = 400
[ERROR][12:21:18] [Tracker][ogar-tracker.tk]: statusCode = 403
[ERROR][12:21:18] [Tracker][c0nsume.me]: statusCode = 400
[NONE ][12:21:29] >killall
[NONE ][12:21:29] Removed 218 cells
[ERROR][12:21:29] [Tracker][ogar-tracker.tk]: statusCode = 403
[ERROR][12:21:29] [Tracker][c0nsume.me]: statusCode = 400
[ERROR][12:21:29] [Tracker][ogar-tracker.tk]: statusCode = 403
[ERROR][12:21:29] [Tracker][c0nsume.me]: statusCode = 400
[ERROR][12:21:29] [Tracker][ogar-tracker.tk]: statusCode = 403
[ERROR][12:21:29] [Tracker][c0nsume.me]: statusCode = 400
[ERROR][12:21:29] [Tracker][c0nsume.me]: statusCode = 400
[ERROR][12:21:29] [Tracker][ogar-tracker.tk]: statusCode = 403
[ERROR][12:21:39] [Tracker][c0nsume.me]: statusCode = 400
[ERROR][12:21:39] [Tracker][ogar-tracker.tk]: statusCode = 403
[ERROR][12:21:39] [Tracker][ogar-tracker.tk]: statusCode = 403
[ERROR][12:21:39] [Tracker][c0nsume.me]: statusCode = 400
[ERROR][12:21:39] [Tracker][c0nsume.me]: statusCode = 400
[ERROR][12:21:39] [Tracker][ogar-tracker.tk]: statusCode = 403
[ERROR][12:21:39] [Tracker][c0nsume.me]: statusCode = 400
[ERROR][12:21:48] [Tracker][c0nsume.me]: statusCode = 400
[ERROR][12:21:48] [Tracker][ogar-tracker.tk]: statusCode = 403
[ERROR][12:21:48] [Tracker][c0nsume.me]: statusCode = 400
[ERROR][12:21:48] [Tracker][c0nsume.me]: statusCode = 400
[ERROR][12:21:48] [Tracker][ogar-tracker.tk]: statusCode = 403
[ERROR][12:21:48] [Tracker][c0nsume.me]: statusCode = 400
[ERROR][12:21:58] [Tracker][c0nsume.me]: statusCode = 400
[ERROR][12:21:58] [Tracker][c0nsume.me]: statusCode = 400
[ERROR][12:21:58] [Tracker][ogar-tracker.tk]: statusCode = 403
[ERROR][12:21:58] [Tracker][ogar-tracker.tk]: statusCode = 403
[ERROR][12:21:58] [Tracker][c0nsume.me]: statusCode = 400
[ERROR][12:21:59] [Tracker][c0nsume.me]: statusCode = 400
[ERROR][12:21:59] [Tracker][ogar-tracker.tk]: statusCode = 403
[ERROR][12:22:09] [Tracker][ogar-tracker.tk]: statusCode = 403
[ERROR][12:22:09] [Tracker][c0nsume.me]: statusCode = 400
[ERROR][12:22:09] [Tracker][ogar-tracker.tk]: statusCode = 403
[ERROR][12:22:09] [Tracker][c0nsume.me]: statusCode = 400
[ERROR][12:22:09] [Tracker][ogar-tracker.tk]: statusCode = 403
[ERROR][12:22:09] [Tracker][c0nsume.me]: statusCode = 400
[ERROR][12:22:09] [Tracker][ogar-tracker.tk]: statusCode = 403
[ERROR][12:22:09] [Tracker][c0nsume.me]: statusCode = 400
[ERROR][12:22:10] [Tracker][ogar-tracker.tk]: Error: connect ETIMEDOUT 195.20.46.84:80
[ERROR][12:22:19] [Tracker][ogar-tracker.tk]: Error: connect ETIMEDOUT 195.20.46.84:80
[ERROR][12:22:19] [Tracker][ogar-tracker.tk]: Error: connect ETIMEDOUT 195.20.46.84:80
[ERROR][12:22:20] [Tracker][c0nsume.me]: statusCode = 400
[ERROR][12:22:20] [Tracker][ogar-tracker.tk]: statusCode = 403
[ERROR][12:22:20] [Tracker][c0nsume.me]: statusCode = 400
[ERROR][12:22:20] [Tracker][c0nsume.me]: statusCode = 400
[ERROR][12:22:20] [Tracker][ogar-tracker.tk]: statusCode = 403
[ERROR][12:22:20] [Tracker][c0nsume.me]: statusCode = 400
[ERROR][12:22:29] [Tracker][ogar-tracker.tk]: Error: connect ETIMEDOUT 195.20.46.84:80
[ERROR][12:22:29] [Tracker][c0nsume.me]: statusCode = 400
[ERROR][12:22:30] [Tracker][ogar-tracker.tk]: statusCode = 403
[ERROR][12:22:30] [Tracker][c0nsume.me]: statusCode = 400
[ERROR][12:22:30] [Tracker][c0nsume.me]: statusCode = 400
[ERROR][12:22:30] [Tracker][ogar-tracker.tk]: statusCode = 403
[ERROR][12:22:30] [Tracker][c0nsume.me]: statusCode = 400
[ERROR][12:22:35] [Tracker][ogar-tracker.tk]: statusCode = 403
[ERROR][12:22:41] [Tracker][c0nsume.me]: statusCode = 400
[ERROR][12:22:41] [Tracker][c0nsume.me]: statusCode = 400
[ERROR][12:22:41] [Tracker][ogar-tracker.tk]: statusCode = 403
[ERROR][12:22:41] [Tracker][ogar-tracker.tk]: statusCode = 403
[ERROR][12:22:41] [Tracker][c0nsume.me]: statusCode = 400
[ERROR][12:22:41] [Tracker][c0nsume.me]: statusCode = 400
[ERROR][12:22:41] [Tracker][ogar-tracker.tk]: statusCode = 403
[ERROR][12:22:45] [Tracker][ogar-tracker.tk]: statusCode = 403
[DEBUG][12:22:45] [CHAT][127.0.0.1:43556][DeezNuts] látod ennyi
[ERROR][12:22:51] [Tracker][ogar-tracker.tk]: Error: connect ETIMEDOUT 195.20.46.84:80
[ERROR][12:22:53] [Tracker][c0nsume.me]: statusCode = 400
[ERROR][12:22:53] [Tracker][c0nsume.me]: statusCode = 400
[ERROR][12:22:53] [Tracker][ogar-tracker.tk]: statusCode = 403
[ERROR][12:22:53] [Tracker][c0nsume.me]: statusCode = 400
[ERROR][12:22:53] [Tracker][ogar-tracker.tk]: statusCode = 403
[ERROR][12:22:53] [Tracker][c0nsume.me]: statusCode = 400
[ERROR][12:23:01] [Tracker][ogar-tracker.tk]: Error: connect ETIMEDOUT 195.20.46.84:80
[ERROR][12:23:04] [Tracker][ogar-tracker.tk]: statusCode = 403
[ERROR][12:23:04] [Tracker][ogar-tracker.tk]: statusCode = 403
[ERROR][12:23:04] [Tracker][c0nsume.me]: statusCode = 400
[ERROR][12:23:04] [Tracker][c0nsume.me]: statusCode = 400
[ERROR][12:23:04] [Tracker][ogar-tracker.tk]: statusCode = 403
[ERROR][12:23:04] [Tracker][c0nsume.me]: statusCode = 400
[ERROR][12:23:04] [Tracker][c0nsume.me]: statusCode = 400
[ERROR][12:23:05] [Tracker][ogar-tracker.tk]: statusCode = 403
[ERROR][12:23:12] [Tracker][ogar-tracker.tk]: Error: connect ETIMEDOUT 195.20.46.84:80
[ERROR][12:23:16] [Tracker][c0nsume.me]: statusCode = 400
[ERROR][12:23:16] [Tracker][ogar-tracker.tk]: statusCode = 403
[ERROR][12:23:16] [Tracker][c0nsume.me]: statusCode = 400
[ERROR][12:23:16] [Tracker][ogar-tracker.tk]: statusCode = 403
[ERROR][12:23:16] [Tracker][c0nsume.me]: statusCode = 400
[ERROR][12:23:16] [Tracker][ogar-tracker.tk]: statusCode = 403
[ERROR][12:23:16] [Tracker][c0nsume.me]: statusCode = 400
[ERROR][12:23:23] [Tracker][ogar-tracker.tk]: Error: connect ETIMEDOUT 195.20.46.84:80
[ERROR][12:23:23] [Tracker][ogar-tracker.tk]: Error: connect ETIMEDOUT 195.20.46.84:80
[ERROR][12:23:27] [Tracker][ogar-tracker.tk]: statusCode = 403
[ERROR][12:23:27] [Tracker][c0nsume.me]: statusCode = 400
[ERROR][12:23:27] [Tracker][ogar-tracker.tk]: statusCode = 403
[ERROR][12:23:27] [Tracker][ogar-tracker.tk]: statusCode = 403
[ERROR][12:23:27] [Tracker][c0nsume.me]: statusCode = 400
[ERROR][12:23:27] [Tracker][c0nsume.me]: statusCode = 400
[ERROR][12:23:27] [Tracker][ogar-tracker.tk]: statusCode = 403
[ERROR][12:23:28] [Tracker][c0nsume.me]: statusCode = 400
[ERROR][12:23:39] [Tracker][c0nsume.me]: statusCode = 400
[ERROR][12:23:39] [Tracker][c0nsume.me]: statusCode = 400
[ERROR][12:23:39] [Tracker][c0nsume.me]: statusCode = 400
[ERROR][12:23:39] [Tracker][ogar-tracker.tk]: statusCode = 403
[ERROR][12:23:39] [Tracker][c0nsume.me]: statusCode = 400
[ERROR][12:23:40] [Tracker][ogar-tracker.tk]: statusCode = 403
[ERROR][12:23:47] [Tracker][ogar-tracker.tk]: Error: connect ETIMEDOUT 195.20.46.84:80
[ERROR][12:23:50] [Tracker][ogar-tracker.tk]: statusCode = 403
[ERROR][12:23:50] [Tracker][ogar-tracker.tk]: statusCode = 403
[ERROR][12:23:50] [Tracker][c0nsume.me]: statusCode = 400
[ERROR][12:23:50] [Tracker][c0nsume.me]: statusCode = 400
[ERROR][12:23:50] [Tracker][c0nsume.me]: statusCode = 400
[ERROR][12:23:50] [Tracker][ogar-tracker.tk]: statusCode = 403
[ERROR][12:23:50] [Tracker][c0nsume.me]: statusCode = 400
[ERROR][12:23:50] [Tracker][ogar-tracker.tk]: statusCode = 403
[ERROR][12:24:02] [Tracker][ogar-tracker.tk]: statusCode = 403
[ERROR][12:24:02] [Tracker][c0nsume.me]: statusCode = 400
[ERROR][12:24:02] [Tracker][c0nsume.me]: statusCode = 400
[ERROR][12:24:02] [Tracker][ogar-tracker.tk]: statusCode = 403
[ERROR][12:24:02] [Tracker][ogar-tracker.tk]: statusCode = 403
[ERROR][12:24:02] [Tracker][ogar-tracker.tk]: statusCode = 403
[ERROR][12:24:02] [Tracker][c0nsume.me]: statusCode = 400
[ERROR][12:24:05] [Tracker][c0nsume.me]: statusCode = 400
[ERROR][12:24:10] [Tracker][ogar-tracker.tk]: Error: connect ETIMEDOUT 195.20.46.84:80
[ERROR][12:24:10] [Tracker][ogar-tracker.tk]: Error: connect ETIMEDOUT 195.20.46.84:80
[ERROR][12:24:13] [Tracker][ogar-tracker.tk]: statusCode = 403
[ERROR][12:24:13] [Tracker][c0nsume.me]: statusCode = 400
[ERROR][12:24:13] [Tracker][ogar-tracker.tk]: statusCode = 403
[ERROR][12:24:13] [Tracker][c0nsume.me]: statusCode = 400
[ERROR][12:24:13] [Tracker][c0nsume.me]: statusCode = 400
[ERROR][12:24:13] [Tracker][ogar-tracker.tk]: statusCode = 403
[ERROR][12:24:13] [Tracker][c0nsume.me]: statusCode = 400
[ERROR][12:24:13] [Tracker][ogar-tracker.tk]: statusCode = 403
[ERROR][12:24:25] [Tracker][c0nsume.me]: statusCode = 400
[ERROR][12:24:25] [Tracker][ogar-tracker.tk]: statusCode = 403
[ERROR][12:24:25] [Tracker][c0nsume.me]: statusCode = 400
[ERROR][12:24:25] [Tracker][ogar-tracker.tk]: statusCode = 403
[ERROR][12:24:25] [Tracker][ogar-tracker.tk]: statusCode = 403
[ERROR][12:24:25] [Tracker][ogar-tracker.tk]: statusCode = 403
[ERROR][12:24:25] [Tracker][c0nsume.me]: statusCode = 400
[ERROR][12:24:25] [Tracker][c0nsume.me]: statusCode = 400
[ERROR][12:24:36] [Tracker][c0nsume.me]: statusCode = 400
[ERROR][12:24:36] [Tracker][ogar-tracker.tk]: statusCode = 403
[ERROR][12:24:36] [Tracker][c0nsume.me]: statusCode = 400
[ERROR][12:24:36] [Tracker][ogar-tracker.tk]: statusCode = 403
[ERROR][12:24:36] [Tracker][c0nsume.me]: statusCode = 400
[ERROR][12:24:36] [Tracker][c0nsume.me]: statusCode = 400
[ERROR][12:24:36] [Tracker][ogar-tracker.tk]: statusCode = 403
[ERROR][12:24:48] [Tracker][c0nsume.me]: statusCode = 400
[ERROR][12:24:48] [Tracker][ogar-tracker.tk]: statusCode = 403
[ERROR][12:24:48] [Tracker][c0nsume.me]: statusCode = 400
[ERROR][12:24:48] [Tracker][ogar-tracker.tk]: statusCode = 403
[ERROR][12:24:48] [Tracker][ogar-tracker.tk]: statusCode = 403
[ERROR][12:24:48] [Tracker][c0nsume.me]: statusCode = 400
[ERROR][12:24:48] [Tracker][ogar-tracker.tk]: statusCode = 403
[ERROR][12:24:48] [Tracker][c0nsume.me]: statusCode = 400
[NONE ][12:24:57] DISCONNECTED 127.0.0.1:43556, code: 1006, reason: "undefined", name: "DeezNuts"
[ERROR][12:24:59] [Tracker][c0nsume.me]: statusCode = 400
[ERROR][12:24:59] [Tracker][ogar-tracker.tk]: statusCode = 403
[ERROR][12:24:59] [Tracker][c0nsume.me]: statusCode = 400
[ERROR][12:24:59] [Tracker][ogar-tracker.tk]: statusCode = 403
[ERROR][12:24:59] [Tracker][ogar-tracker.tk]: statusCode = 403
[ERROR][12:24:59] [Tracker][c0nsume.me]: statusCode = 400
[ERROR][12:24:59] [Tracker][c0nsume.me]: statusCode = 400
[ERROR][12:24:59] [Tracker][ogar-tracker.tk]: statusCode = 403
[ERROR][12:25:07] [Tracker][ogar-tracker.tk]: Error: connect ETIMEDOUT 195.20.46.84:80
[ERROR][12:25:11] [Tracker][c0nsume.me]: statusCode = 400
[ERROR][12:25:11] [Tracker][ogar-tracker.tk]: statusCode = 403
[ERROR][12:25:11] [Tracker][ogar-tracker.tk]: statusCode = 403
[ERROR][12:25:11] [Tracker][c0nsume.me]: statusCode = 400
[ERROR][12:25:11] [Tracker][ogar-tracker.tk]: statusCode = 403
[ERROR][12:25:11] [Tracker][c0nsume.me]: statusCode = 400
[ERROR][12:25:11] [Tracker][ogar-tracker.tk]: statusCode = 403
[ERROR][12:25:11] [Tracker][c0nsume.me]: statusCode = 400
[ERROR][12:25:22] [Tracker][c0nsume.me]: statusCode = 400
[ERROR][12:25:22] [Tracker][ogar-tracker.tk]: statusCode = 403
[ERROR][12:25:22] [Tracker][c0nsume.me]: statusCode = 400
[ERROR][12:25:22] [Tracker][ogar-tracker.tk]: statusCode = 403
[ERROR][12:25:22] [Tracker][c0nsume.me]: statusCode = 400
[ERROR][12:25:22] [Tracker][ogar-tracker.tk]: statusCode = 403
[ERROR][12:25:22] [Tracker][c0nsume.me]: statusCode = 400
[ERROR][12:25:34] [Tracker][c0nsume.me]: statusCode = 400
[ERROR][12:25:34] [Tracker][ogar-tracker.tk]: statusCode = 403
[ERROR][12:25:34] [Tracker][c0nsume.me]: statusCode = 400
[ERROR][12:25:34] [Tracker][ogar-tracker.tk]: statusCode = 403
[ERROR][12:25:34] [Tracker][c0nsume.me]: statusCode = 400
[ERROR][12:25:34] [Tracker][ogar-tracker.tk]: statusCode = 403
[ERROR][12:25:34] [Tracker][c0nsume.me]: statusCode = 400
[ERROR][12:25:39] [Tracker][ogar-tracker.tk]: statusCode = 403
[ERROR][12:25:45] [Tracker][ogar-tracker.tk]: statusCode = 403
[ERROR][12:25:45] [Tracker][c0nsume.me]: statusCode = 400
[ERROR][12:25:45] [Tracker][ogar-tracker.tk]: statusCode = 403
[ERROR][12:25:45] [Tracker][c0nsume.me]: statusCode = 400
[ERROR][12:25:45] [Tracker][ogar-tracker.tk]: statusCode = 403
[ERROR][12:25:45] [Tracker][c0nsume.me]: statusCode = 400
[ERROR][12:25:45] [Tracker][ogar-tracker.tk]: statusCode = 403
[ERROR][12:25:46] [Tracker][c0nsume.me]: statusCode = 400
[ERROR][12:25:53] [Tracker][ogar-tracker.tk]: Error: connect ETIMEDOUT 195.20.46.84:80
[ERROR][12:25:57] [Tracker][c0nsume.me]: statusCode = 400
[ERROR][12:25:57] [Tracker][ogar-tracker.tk]: statusCode = 403
[ERROR][12:25:57] [Tracker][ogar-tracker.tk]: statusCode = 403
[ERROR][12:25:57] [Tracker][c0nsume.me]: statusCode = 400
[ERROR][12:25:57] [Tracker][c0nsume.me]: statusCode = 400
[ERROR][12:25:57] [Tracker][ogar-tracker.tk]: statusCode = 403
[ERROR][12:25:57] [Tracker][ogar-tracker.tk]: statusCode = 403
[ERROR][12:25:57] [Tracker][c0nsume.me]: statusCode = 400
[ERROR][12:26:08] [Tracker][c0nsume.me]: statusCode = 400
[ERROR][12:26:08] [Tracker][ogar-tracker.tk]: statusCode = 403
[ERROR][12:26:08] [Tracker][ogar-tracker.tk]: statusCode = 403
[ERROR][12:26:08] [Tracker][c0nsume.me]: statusCode = 400
[ERROR][12:26:08] [Tracker][ogar-tracker.tk]: statusCode = 403
[ERROR][12:26:08] [Tracker][c0nsume.me]: statusCode = 400
[ERROR][12:26:09] [Tracker][c0nsume.me]: statusCode = 400
[ERROR][12:26:20] [Tracker][c0nsume.me]: statusCode = 400
[ERROR][12:26:20] [Tracker][ogar-tracker.tk]: statusCode = 403
[ERROR][12:26:20] [Tracker][ogar-tracker.tk]: statusCode = 403
[ERROR][12:26:20] [Tracker][c0nsume.me]: statusCode = 400
[ERROR][12:26:21] [Tracker][ogar-tracker.tk]: statusCode = 403
[ERROR][12:26:24] [Tracker][ogar-tracker.tk]: statusCode = 403
[ERROR][12:26:26] [Tracker][c0nsume.me]: statusCode = 400
[ERROR][12:26:26] [Tracker][c0nsume.me]: statusCode = 400
[ERROR][12:26:31] [Tracker][c0nsume.me]: statusCode = 400
[ERROR][12:26:31] [Tracker][ogar-tracker.tk]: statusCode = 403
[ERROR][12:26:31] [Tracker][ogar-tracker.tk]: statusCode = 403
[ERROR][12:26:31] [Tracker][c0nsume.me]: statusCode = 400
[ERROR][12:26:31] [Tracker][ogar-tracker.tk]: statusCode = 403
[ERROR][12:26:31] [Tracker][c0nsume.me]: statusCode = 400
[ERROR][12:26:32] [Tracker][c0nsume.me]: statusCode = 400
[ERROR][12:26:43] [Tracker][ogar-tracker.tk]: statusCode = 403
[ERROR][12:26:43] [Tracker][c0nsume.me]: statusCode = 400
[ERROR][12:26:43] [Tracker][ogar-tracker.tk]: statusCode = 403
[ERROR][12:26:43] [Tracker][c0nsume.me]: statusCode = 400
[ERROR][12:26:43] [Tracker][ogar-tracker.tk]: statusCode = 403
[ERROR][12:26:43] [Tracker][c0nsume.me]: statusCode = 400
[ERROR][12:26:43] [Tracker][c0nsume.me]: statusCode = 400
[ERROR][12:26:51] [Tracker][ogar-tracker.tk]: Error: connect ETIMEDOUT 195.20.46.84:80
[ERROR][12:26:54] [Tracker][ogar-tracker.tk]: statusCode = 403
[ERROR][12:26:54] [Tracker][c0nsume.me]: statusCode = 400
[ERROR][12:26:54] [Tracker][ogar-tracker.tk]: statusCode = 403
[ERROR][12:26:54] [Tracker][c0nsume.me]: statusCode = 400
[ERROR][12:26:54] [Tracker][ogar-tracker.tk]: statusCode = 403
[ERROR][12:26:54] [Tracker][c0nsume.me]: statusCode = 400
[ERROR][12:26:55] [Tracker][ogar-tracker.tk]: statusCode = 403
[ERROR][12:26:55] [Tracker][c0nsume.me]: statusCode = 400
[ERROR][12:26:58] [Tracker][ogar-tracker.tk]: statusCode = 403
[ERROR][12:27:02] [Tracker][ogar-tracker.tk]: Error: connect ETIMEDOUT 195.20.46.84:80
[ERROR][12:27:06] [Tracker][c0nsume.me]: statusCode = 400
[ERROR][12:27:06] [Tracker][ogar-tracker.tk]: statusCode = 403
[ERROR][12:27:06] [Tracker][c0nsume.me]: statusCode = 400
[ERROR][12:27:06] [Tracker][c0nsume.me]: statusCode = 400
[ERROR][12:27:06] [Tracker][ogar-tracker.tk]: statusCode = 403
[ERROR][12:27:06] [Tracker][ogar-tracker.tk]: statusCode = 403
[ERROR][12:27:06] [Tracker][c0nsume.me]: statusCode = 400
[ERROR][12:27:17] [Tracker][ogar-tracker.tk]: statusCode = 403
[ERROR][12:27:17] [Tracker][c0nsume.me]: statusCode = 400
[ERROR][12:27:17] [Tracker][ogar-tracker.tk]: statusCode = 403
[ERROR][12:27:17] [Tracker][c0nsume.me]: statusCode = 400
[ERROR][12:27:18] [Tracker][c0nsume.me]: statusCode = 400
[ERROR][12:27:18] [Tracker][ogar-tracker.tk]: statusCode = 403
[ERROR][12:27:18] [Tracker][ogar-tracker.tk]: statusCode = 403
[ERROR][12:27:18] [Tracker][c0nsume.me]: statusCode = 400
[ERROR][12:27:29] [Tracker][c0nsume.me]: statusCode = 400
[ERROR][12:27:29] [Tracker][c0nsume.me]: statusCode = 400
[ERROR][12:27:29] [Tracker][ogar-tracker.tk]: statusCode = 403
[ERROR][12:27:29] [Tracker][ogar-tracker.tk]: statusCode = 403
[ERROR][12:27:29] [Tracker][c0nsume.me]: statusCode = 400
[ERROR][12:27:29] [Tracker][ogar-tracker.tk]: statusCode = 403
[ERROR][12:27:29] [Tracker][c0nsume.me]: statusCode = 400
[ERROR][12:27:34] [Tracker][ogar-tracker.tk]: statusCode = 403
[ERROR][12:27:37] [Tracker][ogar-tracker.tk]: Error: connect ETIMEDOUT 195.20.46.84:80
[ERROR][12:27:40] [Tracker][c0nsume.me]: statusCode = 400
[ERROR][12:27:40] [Tracker][c0nsume.me]: statusCode = 400
[ERROR][12:27:40] [Tracker][ogar-tracker.tk]: statusCode = 403
[ERROR][12:27:41] [Tracker][c0nsume.me]: statusCode = 400
[ERROR][12:27:41] [Tracker][c0nsume.me]: statusCode = 400
[ERROR][12:27:52] [Tracker][c0nsume.me]: statusCode = 400
[ERROR][12:27:52] [Tracker][ogar-tracker.tk]: statusCode = 403
[ERROR][12:27:52] [Tracker][ogar-tracker.tk]: statusCode = 403
[ERROR][12:27:52] [Tracker][c0nsume.me]: statusCode = 400
[ERROR][12:27:52] [Tracker][ogar-tracker.tk]: statusCode = 403
[ERROR][12:27:52] [Tracker][c0nsume.me]: statusCode = 400
[ERROR][12:27:52] [Tracker][ogar-tracker.tk]: statusCode = 403
[ERROR][12:27:52] [Tracker][c0nsume.me]: statusCode = 400
[ERROR][12:27:56] [Tracker][ogar-tracker.tk]: statusCode = 403
[ERROR][12:28:03] [Tracker][c0nsume.me]: statusCode = 400
[ERROR][12:28:03] [Tracker][ogar-tracker.tk]: statusCode = 403
[ERROR][12:28:04] [Tracker][ogar-tracker.tk]: statusCode = 403
[ERROR][12:28:04] [Tracker][c0nsume.me]: statusCode = 400
[ERROR][12:28:04] [Tracker][c0nsume.me]: statusCode = 400
[ERROR][12:28:04] [Tracker][ogar-tracker.tk]: statusCode = 403
[ERROR][12:28:04] [Tracker][c0nsume.me]: statusCode = 400
[ERROR][12:28:12] [Tracker][ogar-tracker.tk]: Error: connect ETIMEDOUT 195.20.46.84:80
[ERROR][12:28:12] [Tracker][ogar-tracker.tk]: Error: connect ETIMEDOUT 195.20.46.84:80
[ERROR][12:28:15] [Tracker][c0nsume.me]: statusCode = 400
[ERROR][12:28:15] [Tracker][ogar-tracker.tk]: statusCode = 403
[ERROR][12:28:15] [Tracker][ogar-tracker.tk]: statusCode = 403
[ERROR][12:28:15] [Tracker][c0nsume.me]: statusCode = 400
[ERROR][12:28:15] [Tracker][ogar-tracker.tk]: statusCode = 403
[ERROR][12:28:15] [Tracker][c0nsume.me]: statusCode = 400
[ERROR][12:28:15] [Tracker][c0nsume.me]: statusCode = 400
[ERROR][12:28:27] [Tracker][c0nsume.me]: statusCode = 400
[ERROR][12:28:27] [Tracker][ogar-tracker.tk]: statusCode = 403
[ERROR][12:28:27] [Tracker][ogar-tracker.tk]: statusCode = 403
[ERROR][12:28:27] [Tracker][c0nsume.me]: statusCode = 400
[ERROR][12:28:27] [Tracker][ogar-tracker.tk]: statusCode = 403
[ERROR][12:28:27] [Tracker][c0nsume.me]: statusCode = 400
[ERROR][12:28:27] [Tracker][c0nsume.me]: statusCode = 400
[ERROR][12:28:27] [Tracker][ogar-tracker.tk]: statusCode = 403
[ERROR][12:28:35] [Tracker][ogar-tracker.tk]: Error: connect ETIMEDOUT 195.20.46.84:80
[ERROR][12:28:38] [Tracker][ogar-tracker.tk]: statusCode = 403
[ERROR][12:28:38] [Tracker][c0nsume.me]: statusCode = 400
[ERROR][12:28:38] [Tracker][ogar-tracker.tk]: statusCode = 403
[ERROR][12:28:38] [Tracker][ogar-tracker.tk]: statusCode = 403
[ERROR][12:28:38] [Tracker][c0nsume.me]: statusCode = 400
[ERROR][12:28:38] [Tracker][c0nsume.me]: statusCode = 400
[ERROR][12:28:38] [Tracker][c0nsume.me]: statusCode = 400
[ERROR][12:28:38] [Tracker][ogar-tracker.tk]: statusCode = 403
[ERROR][12:28:46] [Tracker][ogar-tracker.tk]: Error: connect ETIMEDOUT 195.20.46.84:80
[ERROR][12:28:50] [Tracker][ogar-tracker.tk]: statusCode = 403
[ERROR][12:28:50] [Tracker][c0nsume.me]: statusCode = 400
[ERROR][12:28:50] [Tracker][ogar-tracker.tk]: statusCode = 403
[ERROR][12:28:50] [Tracker][c0nsume.me]: statusCode = 400
[ERROR][12:28:50] [Tracker][ogar-tracker.tk]: statusCode = 403
[ERROR][12:28:50] [Tracker][c0nsume.me]: statusCode = 400
[ERROR][12:28:50] [Tracker][ogar-tracker.tk]: statusCode = 403
[ERROR][12:28:50] [Tracker][c0nsume.me]: statusCode = 400
[ERROR][12:29:01] [Tracker][ogar-tracker.tk]: statusCode = 403
[ERROR][12:29:01] [Tracker][ogar-tracker.tk]: statusCode = 403
[ERROR][12:29:01] [Tracker][c0nsume.me]: statusCode = 400
[ERROR][12:29:01] [Tracker][c0nsume.me]: statusCode = 400
[ERROR][12:29:01] [Tracker][ogar-tracker.tk]: statusCode = 403
[ERROR][12:29:01] [Tracker][c0nsume.me]: statusCode = 400
[ERROR][12:29:01] [Tracker][ogar-tracker.tk]: statusCode = 403
[ERROR][12:29:01] [Tracker][c0nsume.me]: statusCode = 400
[NONE ][12:29:04] CONNECTED    127.0.0.1:47005, origin: "undefined"
[ERROR][12:29:13] [Tracker][c0nsume.me]: statusCode = 400
[ERROR][12:29:13] [Tracker][ogar-tracker.tk]: statusCode = 403
[ERROR][12:29:13] [Tracker][ogar-tracker.tk]: statusCode = 403
[ERROR][12:29:13] [Tracker][c0nsume.me]: statusCode = 400
[ERROR][12:29:13] [Tracker][ogar-tracker.tk]: statusCode = 403
[ERROR][12:29:13] [Tracker][c0nsume.me]: statusCode = 400
[ERROR][12:29:13] [Tracker][c0nsume.me]: statusCode = 400
[ERROR][12:29:24] [Tracker][ogar-tracker.tk]: statusCode = 403
[ERROR][12:29:24] [Tracker][ogar-tracker.tk]: statusCode = 403
[ERROR][12:29:24] [Tracker][c0nsume.me]: statusCode = 400
[ERROR][12:29:24] [Tracker][c0nsume.me]: statusCode = 400
[ERROR][12:29:24] [Tracker][c0nsume.me]: statusCode = 400
[ERROR][12:29:24] [Tracker][ogar-tracker.tk]: statusCode = 403
[ERROR][12:29:24] [Tracker][ogar-tracker.tk]: statusCode = 403
[ERROR][12:29:24] [Tracker][c0nsume.me]: statusCode = 400
[ERROR][12:29:36] [Tracker][c0nsume.me]: statusCode = 400
[ERROR][12:29:36] [Tracker][ogar-tracker.tk]: statusCode = 403
[ERROR][12:29:36] [Tracker][ogar-tracker.tk]: statusCode = 403
[ERROR][12:29:36] [Tracker][c0nsume.me]: statusCode = 400
[ERROR][12:29:36] [Tracker][ogar-tracker.tk]: statusCode = 403
[ERROR][12:29:36] [Tracker][c0nsume.me]: statusCode = 400
[ERROR][12:29:36] [Tracker][ogar-tracker.tk]: statusCode = 403
[ERROR][12:29:36] [Tracker][c0nsume.me]: statusCode = 400
[ERROR][12:29:44] [Tracker][ogar-tracker.tk]: Error: connect ETIMEDOUT 195.20.46.84:80
[ERROR][12:29:47] [Tracker][c0nsume.me]: statusCode = 400
[ERROR][12:29:47] [Tracker][c0nsume.me]: statusCode = 400
[ERROR][12:29:47] [Tracker][c0nsume.me]: statusCode = 400
[ERROR][12:29:47] [Tracker][ogar-tracker.tk]: statusCode = 403
[ERROR][12:29:47] [Tracker][ogar-tracker.tk]: statusCode = 403
[ERROR][12:29:47] [Tracker][c0nsume.me]: statusCode = 400
[ERROR][12:29:59] [Tracker][c0nsume.me]: statusCode = 400
[ERROR][12:29:59] [Tracker][c0nsume.me]: statusCode = 400
[ERROR][12:29:59] [Tracker][ogar-tracker.tk]: statusCode = 403
[ERROR][12:29:59] [Tracker][ogar-tracker.tk]: statusCode = 403
[ERROR][12:29:59] [Tracker][c0nsume.me]: statusCode = 400
[ERROR][12:29:59] [Tracker][ogar-tracker.tk]: statusCode = 403
[ERROR][12:29:59] [Tracker][c0nsume.me]: statusCode = 400
[ERROR][12:30:10] [Tracker][c0nsume.me]: statusCode = 400
[ERROR][12:30:10] [Tracker][ogar-tracker.tk]: statusCode = 403
[ERROR][12:30:10] [Tracker][ogar-tracker.tk]: statusCode = 403
[ERROR][12:30:10] [Tracker][c0nsume.me]: statusCode = 400
[ERROR][12:30:10] [Tracker][ogar-tracker.tk]: statusCode = 403
[ERROR][12:30:10] [Tracker][c0nsume.me]: statusCode = 400
[ERROR][12:30:10] [Tracker][ogar-tracker.tk]: statusCode = 403
[ERROR][12:30:10] [Tracker][c0nsume.me]: statusCode = 400
[ERROR][12:30:18] [Tracker][ogar-tracker.tk]: Error: connect ETIMEDOUT 195.20.46.84:80
[ERROR][12:30:18] [Tracker][ogar-tracker.tk]: Error: connect ETIMEDOUT 195.20.46.84:80
[ERROR][12:30:22] [Tracker][c0nsume.me]: statusCode = 400
[ERROR][12:30:22] [Tracker][ogar-tracker.tk]: statusCode = 403
[ERROR][12:30:22] [Tracker][ogar-tracker.tk]: statusCode = 403
[ERROR][12:30:22] [Tracker][ogar-tracker.tk]: statusCode = 403
[ERROR][12:30:22] [Tracker][c0nsume.me]: statusCode = 400
[ERROR][12:30:22] [Tracker][ogar-tracker.tk]: statusCode = 403
[ERROR][12:30:22] [Tracker][c0nsume.me]: statusCode = 400
[ERROR][12:30:23] [Tracker][c0nsume.me]: statusCode = 400
[ERROR][12:30:30] [Tracker][ogar-tracker.tk]: Error: connect ETIMEDOUT 195.20.46.84:80
[ERROR][12:30:33] [Tracker][c0nsume.me]: statusCode = 400
[ERROR][12:30:33] [Tracker][ogar-tracker.tk]: statusCode = 403
[ERROR][12:30:33] [Tracker][ogar-tracker.tk]: statusCode = 403
[ERROR][12:30:33] [Tracker][c0nsume.me]: statusCode = 400
[ERROR][12:30:33] [Tracker][ogar-tracker.tk]: statusCode = 403
[ERROR][12:30:33] [Tracker][c0nsume.me]: statusCode = 400
[ERROR][12:30:33] [Tracker][ogar-tracker.tk]: statusCode = 403
[ERROR][12:30:34] [Tracker][c0nsume.me]: statusCode = 400
[ERROR][12:30:45] [Tracker][c0nsume.me]: statusCode = 400
[ERROR][12:30:45] [Tracker][ogar-tracker.tk]: statusCode = 403
[ERROR][12:30:45] [Tracker][c0nsume.me]: statusCode = 400
[ERROR][12:30:45] [Tracker][c0nsume.me]: statusCode = 400
[ERROR][12:30:45] [Tracker][ogar-tracker.tk]: statusCode = 403
[ERROR][12:30:45] [Tracker][c0nsume.me]: statusCode = 400
[ERROR][12:30:45] [Tracker][ogar-tracker.tk]: statusCode = 403
[ERROR][12:30:56] [Tracker][c0nsume.me]: statusCode = 400
[ERROR][12:30:56] [Tracker][ogar-tracker.tk]: statusCode = 403
[ERROR][12:30:56] [Tracker][ogar-tracker.tk]: statusCode = 403
[ERROR][12:30:56] [Tracker][c0nsume.me]: statusCode = 400
[ERROR][12:30:56] [Tracker][ogar-tracker.tk]: statusCode = 403
[ERROR][12:30:56] [Tracker][c0nsume.me]: statusCode = 400
[ERROR][12:30:57] [Tracker][c0nsume.me]: statusCode = 400
[ERROR][12:30:57] [Tracker][ogar-tracker.tk]: statusCode = 403
[ERROR][12:31:08] [Tracker][c0nsume.me]: statusCode = 400
[ERROR][12:31:08] [Tracker][ogar-tracker.tk]: statusCode = 403
[ERROR][12:31:08] [Tracker][ogar-tracker.tk]: statusCode = 403
[ERROR][12:31:08] [Tracker][c0nsume.me]: statusCode = 400
[ERROR][12:31:08] [Tracker][c0nsume.me]: statusCode = 400
[ERROR][12:31:08] [Tracker][ogar-tracker.tk]: statusCode = 403
[ERROR][12:31:08] [Tracker][c0nsume.me]: statusCode = 400
[ERROR][12:31:08] [Tracker][ogar-tracker.tk]: statusCode = 403
[ERROR][12:31:16] [Tracker][ogar-tracker.tk]: Error: connect ETIMEDOUT 195.20.46.84:80
[ERROR][12:31:19] [Tracker][c0nsume.me]: statusCode = 400
[ERROR][12:31:19] [Tracker][ogar-tracker.tk]: statusCode = 403
[ERROR][12:31:19] [Tracker][ogar-tracker.tk]: statusCode = 403
[ERROR][12:31:19] [Tracker][c0nsume.me]: statusCode = 400
[ERROR][12:31:19] [Tracker][ogar-tracker.tk]: statusCode = 403
[ERROR][12:31:20] [Tracker][c0nsume.me]: statusCode = 400
[ERROR][12:31:20] [Tracker][ogar-tracker.tk]: statusCode = 403
[ERROR][12:31:20] [Tracker][c0nsume.me]: statusCode = 400
