=== Started 2017-09-10T17-18-22-902 ===
[INFO ][17:18:22] [1m[32mMultiOgar 1.3.7[37m - An open source multi-protocol ogar server[0m
[ERROR][17:18:22] Unknown gameserver.ini value: serverVersionCode
[ERROR][17:18:22] Unknown gameserver.ini value: separateChatForTeams
[ERROR][17:18:22] Unknown gameserver.ini value: ejectDistance
[ERROR][17:18:23] Unknown gameserver.ini value: tourneyMaxPlayers
[ERROR][17:18:23] Unknown gameserver.ini value: tourneyPrepTime
[ERROR][17:18:23] Unknown gameserver.ini value: tourneyEndTime
[ERROR][17:18:23] Unknown gameserver.ini value: tourneyTimeLimit
[ERROR][17:18:23] Unknown gameserver.ini value: tourneyAutoFill
[ERROR][17:18:23] Unknown gameserver.ini value: tourneyAutoFillPlayers
[INFO ][17:18:23] 0 IP ban records loaded.
[WARN ][17:18:23] User account "Local Administrator" disabled
[WARN ][17:18:23] User account "Local Moderator" disabled
[WARN ][17:18:23] User account "Local User" disabled
[INFO ][17:18:23] 0 user records loaded.
[INFO ][17:18:23] 25 bad words loaded
[INFO ][17:18:23] WebSocket: ws
[INFO ][17:18:23] Started stats server on port 9999
[INFO ][17:18:23] Listening on port 1111
[INFO ][17:18:23] Current game mode is Experimental
[ERROR][17:18:23] [Tracker][ogar-tracker.tk]: statusCode = 403
[ERROR][17:18:23] [Tracker][ogar-tracker.tk]: statusCode = 403
[ERROR][17:18:23] [Tracker][c0nsume.me]: statusCode = 400
[ERROR][17:18:23] [Tracker][c0nsume.me]: statusCode = 400
[ERROR][17:18:23] [Tracker][c0nsume.me]: statusCode = 400
[ERROR][17:18:23] [Tracker][ogar-tracker.tk]: statusCode = 403
[ERROR][17:18:23] [Tracker][c0nsume.me]: statusCode = 400
[ERROR][17:18:26] [Tracker][ogar-tracker.tk]: statusCode = 403
[NONE ][17:18:27] CONNECTED    127.0.0.1:45104, origin: "undefined"
[ERROR][17:18:34] [Tracker][c0nsume.me]: statusCode = 400
[ERROR][17:18:34] [Tracker][ogar-tracker.tk]: statusCode = 403
[ERROR][17:18:34] [Tracker][ogar-tracker.tk]: statusCode = 403
[ERROR][17:18:34] [Tracker][c0nsume.me]: statusCode = 400
[ERROR][17:18:35] [Tracker][ogar-tracker.tk]: statusCode = 403
[ERROR][17:18:35] [Tracker][c0nsume.me]: statusCode = 400
[ERROR][17:18:35] [Tracker][c0nsume.me]: statusCode = 400
[ERROR][17:18:35] [Tracker][ogar-tracker.tk]: statusCode = 403
[ERROR][17:18:46] [Tracker][c0nsume.me]: statusCode = 400
[ERROR][17:18:46] [Tracker][ogar-tracker.tk]: statusCode = 403
[ERROR][17:18:46] [Tracker][c0nsume.me]: statusCode = 400
[ERROR][17:18:46] [Tracker][c0nsume.me]: statusCode = 400
[ERROR][17:18:46] [Tracker][c0nsume.me]: statusCode = 400
[ERROR][17:18:46] [Tracker][ogar-tracker.tk]: statusCode = 403
[ERROR][17:18:57] [Tracker][c0nsume.me]: statusCode = 400
[ERROR][17:18:57] [Tracker][c0nsume.me]: statusCode = 400
[ERROR][17:18:58] [Tracker][ogar-tracker.tk]: statusCode = 403
[ERROR][17:18:58] [Tracker][c0nsume.me]: statusCode = 400
[ERROR][17:18:58] [Tracker][c0nsume.me]: statusCode = 400
[ERROR][17:18:58] [Tracker][ogar-tracker.tk]: statusCode = 403
[ERROR][17:19:00] [Tracker][ogar-tracker.tk]: statusCode = 403
[ERROR][17:19:05] [Tracker][ogar-tracker.tk]: statusCode = 403
[ERROR][17:19:09] [Tracker][c0nsume.me]: statusCode = 400
[ERROR][17:19:09] [Tracker][c0nsume.me]: statusCode = 400
[ERROR][17:19:09] [Tracker][ogar-tracker.tk]: statusCode = 403
[ERROR][17:19:09] [Tracker][c0nsume.me]: statusCode = 400
[ERROR][17:19:09] [Tracker][c0nsume.me]: statusCode = 400
[ERROR][17:19:10] [Tracker][ogar-tracker.tk]: statusCode = 403
[ERROR][17:19:16] [Tracker][ogar-tracker.tk]: statusCode = 403
[ERROR][17:19:17] [Tracker][ogar-tracker.tk]: Error: connect ETIMEDOUT 195.20.46.84:80
[ERROR][17:19:17] [Tracker][ogar-tracker.tk]: Error: connect ETIMEDOUT 195.20.46.84:80
[ERROR][17:19:20] [Tracker][c0nsume.me]: statusCode = 400
[ERROR][17:19:20] [Tracker][ogar-tracker.tk]: statusCode = 403
[ERROR][17:19:21] [Tracker][c0nsume.me]: statusCode = 400
[ERROR][17:19:21] [Tracker][ogar-tracker.tk]: statusCode = 403
[ERROR][17:19:21] [Tracker][ogar-tracker.tk]: statusCode = 403
[ERROR][17:19:21] [Tracker][c0nsume.me]: statusCode = 400
[ERROR][17:19:21] [Tracker][c0nsume.me]: statusCode = 400
[ERROR][17:19:21] [Tracker][ogar-tracker.tk]: statusCode = 403
[NONE ][17:19:22] >exit
[WARN ][17:19:22] Closing server...
[DEBUG][17:19:22] process.exit(1)
=== Shutdown 2017-09-10T17-19-22-645 ===
