=== Started 2017-09-10T17-20-44-968 ===
[INFO ][17:20:45] [1m[32mMultiOgar 1.3.7[37m - An open source multi-protocol ogar server[0m
[ERROR][17:20:45] Unknown gameserver.ini value: serverVersionCode
[ERROR][17:20:45] Unknown gameserver.ini value: separateChatForTeams
[ERROR][17:20:45] Unknown gameserver.ini value: ejectDistance
[ERROR][17:20:45] Unknown gameserver.ini value: tourneyMaxPlayers
[ERROR][17:20:45] Unknown gameserver.ini value: tourneyPrepTime
[ERROR][17:20:45] Unknown gameserver.ini value: tourneyEndTime
[ERROR][17:20:45] Unknown gameserver.ini value: tourneyTimeLimit
[ERROR][17:20:45] Unknown gameserver.ini value: tourneyAutoFill
[ERROR][17:20:45] Unknown gameserver.ini value: tourneyAutoFillPlayers
[INFO ][17:20:45] 0 IP ban records loaded.
[WARN ][17:20:45] User account "Local Administrator" disabled
[WARN ][17:20:45] User account "Local Moderator" disabled
[WARN ][17:20:45] User account "Local User" disabled
[INFO ][17:20:45] 0 user records loaded.
[INFO ][17:20:45] 25 bad words loaded
[INFO ][17:20:45] WebSocket: ws
[INFO ][17:20:45] Started stats server on port 9999
[INFO ][17:20:45] Listening on port 1111
[INFO ][17:20:45] Current game mode is Experimental
[ERROR][17:20:45] [Tracker][c0nsume.me]: statusCode = 400
[ERROR][17:20:45] [Tracker][c0nsume.me]: statusCode = 400
[ERROR][17:20:45] [Tracker][c0nsume.me]: statusCode = 400
[ERROR][17:20:45] [Tracker][ogar-tracker.tk]: statusCode = 403
[ERROR][17:20:45] [Tracker][ogar-tracker.tk]: statusCode = 403
[ERROR][17:20:45] [Tracker][ogar-tracker.tk]: statusCode = 403
[ERROR][17:20:45] [Tracker][c0nsume.me]: statusCode = 400
[NONE ][17:20:49] CONNECTED    127.0.0.1:48415, origin: "undefined"
[ERROR][17:20:56] [Tracker][ogar-tracker.tk]: statusCode = 403
[ERROR][17:20:56] [Tracker][c0nsume.me]: statusCode = 400
[ERROR][17:20:57] [Tracker][ogar-tracker.tk]: statusCode = 403
[ERROR][17:20:57] [Tracker][c0nsume.me]: statusCode = 400
[ERROR][17:20:57] [Tracker][ogar-tracker.tk]: statusCode = 403
[ERROR][17:20:57] [Tracker][c0nsume.me]: statusCode = 400
[ERROR][17:20:57] [Tracker][c0nsume.me]: statusCode = 400
[ERROR][17:21:08] [Tracker][c0nsume.me]: statusCode = 400
[ERROR][17:21:08] [Tracker][ogar-tracker.tk]: statusCode = 403
[ERROR][17:21:08] [Tracker][c0nsume.me]: statusCode = 400
[ERROR][17:21:08] [Tracker][c0nsume.me]: statusCode = 400
[ERROR][17:21:08] [Tracker][ogar-tracker.tk]: statusCode = 403
[ERROR][17:21:08] [Tracker][c0nsume.me]: statusCode = 400
[ERROR][17:21:09] [Tracker][ogar-tracker.tk]: statusCode = 403
[ERROR][17:21:16] [Tracker][ogar-tracker.tk]: Error: connect ETIMEDOUT 195.20.46.84:80
[ERROR][17:21:20] [Tracker][ogar-tracker.tk]: statusCode = 403
[ERROR][17:21:20] [Tracker][c0nsume.me]: statusCode = 400
[ERROR][17:21:20] [Tracker][ogar-tracker.tk]: statusCode = 403
[ERROR][17:21:20] [Tracker][c0nsume.me]: statusCode = 400
[ERROR][17:21:20] [Tracker][c0nsume.me]: statusCode = 400
[ERROR][17:21:20] [Tracker][ogar-tracker.tk]: statusCode = 403
[ERROR][17:21:20] [Tracker][c0nsume.me]: statusCode = 400
[ERROR][17:21:23] [Tracker][ogar-tracker.tk]: statusCode = 403
[ERROR][17:21:28] [Tracker][ogar-tracker.tk]: Error: connect ETIMEDOUT 195.20.46.84:80
[ERROR][17:21:31] [Tracker][c0nsume.me]: statusCode = 400
[ERROR][17:21:31] [Tracker][ogar-tracker.tk]: statusCode = 403
[ERROR][17:21:31] [Tracker][c0nsume.me]: statusCode = 400
[ERROR][17:21:31] [Tracker][c0nsume.me]: statusCode = 400
[ERROR][17:21:31] [Tracker][c0nsume.me]: statusCode = 400
[ERROR][17:21:32] [Tracker][ogar-tracker.tk]: statusCode = 403
[ERROR][17:21:32] [Tracker][ogar-tracker.tk]: statusCode = 403
[ERROR][17:21:34] [Tracker][ogar-tracker.tk]: statusCode = 403
[ERROR][17:21:39] [Tracker][ogar-tracker.tk]: Error: connect ETIMEDOUT 195.20.46.84:80
[ERROR][17:21:43] [Tracker][c0nsume.me]: statusCode = 400
[ERROR][17:21:43] [Tracker][c0nsume.me]: statusCode = 400
[ERROR][17:21:43] [Tracker][ogar-tracker.tk]: statusCode = 403
[ERROR][17:21:43] [Tracker][ogar-tracker.tk]: statusCode = 403
[ERROR][17:21:43] [Tracker][c0nsume.me]: statusCode = 400
[ERROR][17:21:43] [Tracker][c0nsume.me]: statusCode = 400
[ERROR][17:21:54] [Tracker][c0nsume.me]: statusCode = 400
[ERROR][17:21:54] [Tracker][ogar-tracker.tk]: statusCode = 403
[ERROR][17:21:54] [Tracker][ogar-tracker.tk]: statusCode = 403
[ERROR][17:21:54] [Tracker][c0nsume.me]: statusCode = 400
[ERROR][17:21:54] [Tracker][ogar-tracker.tk]: statusCode = 403
[ERROR][17:21:54] [Tracker][c0nsume.me]: statusCode = 400
[ERROR][17:21:54] [Tracker][ogar-tracker.tk]: statusCode = 403
[ERROR][17:21:54] [Tracker][c0nsume.me]: statusCode = 400
[ERROR][17:22:06] [Tracker][c0nsume.me]: statusCode = 400
[ERROR][17:22:06] [Tracker][ogar-tracker.tk]: statusCode = 403
[ERROR][17:22:06] [Tracker][c0nsume.me]: statusCode = 400
[ERROR][17:22:06] [Tracker][ogar-tracker.tk]: statusCode = 403
[ERROR][17:22:06] [Tracker][c0nsume.me]: statusCode = 400
[ERROR][17:22:06] [Tracker][c0nsume.me]: statusCode = 400
[ERROR][17:22:06] [Tracker][ogar-tracker.tk]: statusCode = 403
[ERROR][17:22:14] [Tracker][ogar-tracker.tk]: Error: connect ETIMEDOUT 195.20.46.84:80
[ERROR][17:22:14] [Tracker][ogar-tracker.tk]: Error: connect ETIMEDOUT 195.20.46.84:80
[ERROR][17:22:17] [Tracker][ogar-tracker.tk]: statusCode = 403
[ERROR][17:22:17] [Tracker][c0nsume.me]: statusCode = 400
[ERROR][17:22:17] [Tracker][ogar-tracker.tk]: statusCode = 403
[ERROR][17:22:17] [Tracker][c0nsume.me]: statusCode = 400
[ERROR][17:22:17] [Tracker][c0nsume.me]: statusCode = 400
[ERROR][17:22:17] [Tracker][ogar-tracker.tk]: statusCode = 403
[ERROR][17:22:17] [Tracker][c0nsume.me]: statusCode = 400
[ERROR][17:22:29] [Tracker][c0nsume.me]: statusCode = 400
[ERROR][17:22:29] [Tracker][ogar-tracker.tk]: statusCode = 403
[ERROR][17:22:29] [Tracker][c0nsume.me]: statusCode = 400
[ERROR][17:22:29] [Tracker][c0nsume.me]: statusCode = 400
[ERROR][17:22:29] [Tracker][ogar-tracker.tk]: statusCode = 403
[ERROR][17:22:29] [Tracker][ogar-tracker.tk]: statusCode = 403
[ERROR][17:22:29] [Tracker][c0nsume.me]: statusCode = 400
[NONE ][17:22:35] DISCONNECTED 127.0.0.1:48415, code: 1006, reason: "undefined", name: "DeezNuts"
[ERROR][17:22:36] [Tracker][ogar-tracker.tk]: statusCode = 403
[NONE ][17:22:36] >exit
[WARN ][17:22:36] Closing server...
[DEBUG][17:22:36] process.exit(1)
=== Shutdown 2017-09-10T17-22-36-281 ===
