=== Started 2017-09-10T11-58-01-387 ===
[INFO ][11:58:01] [1m[32mMultiOgar 1.3.7[37m - An open source multi-protocol ogar server[0m
[ERROR][11:58:01] Unknown gameserver.ini value: serverVersionCode
[ERROR][11:58:01] Unknown gameserver.ini value: separateChatForTeams
[ERROR][11:58:01] Unknown gameserver.ini value: ejectDistance
[ERROR][11:58:01] Unknown gameserver.ini value: tourneyMaxPlayers
[ERROR][11:58:01] Unknown gameserver.ini value: tourneyPrepTime
[ERROR][11:58:01] Unknown gameserver.ini value: tourneyEndTime
[ERROR][11:58:01] Unknown gameserver.ini value: tourneyTimeLimit
[ERROR][11:58:01] Unknown gameserver.ini value: tourneyAutoFill
[ERROR][11:58:01] Unknown gameserver.ini value: tourneyAutoFillPlayers
[INFO ][11:58:01] 0 IP ban records loaded.
[WARN ][11:58:01] User account "Local Administrator" disabled
[WARN ][11:58:01] User account "Local Moderator" disabled
[WARN ][11:58:01] User account "Local User" disabled
[INFO ][11:58:01] 0 user records loaded.
[INFO ][11:58:01] 25 bad words loaded
[INFO ][11:58:01] WebSocket: ws
[INFO ][11:58:01] Started stats server on port 9999
[INFO ][11:58:01] Listening on port 1111
[INFO ][11:58:01] Current game mode is Free For All
[ERROR][11:58:02] [Tracker][c0nsume.me]: statusCode = 400
[ERROR][11:58:02] [Tracker][ogar-tracker.tk]: statusCode = 403
[ERROR][11:58:02] [Tracker][ogar-tracker.tk]: statusCode = 403
[ERROR][11:58:02] [Tracker][c0nsume.me]: statusCode = 400
[ERROR][11:58:02] [Tracker][c0nsume.me]: statusCode = 400
[ERROR][11:58:02] [Tracker][ogar-tracker.tk]: statusCode = 403
[ERROR][11:58:02] [Tracker][c0nsume.me]: statusCode = 400
[ERROR][11:58:02] [Tracker][ogar-tracker.tk]: statusCode = 403
[NONE ][11:58:09] CONNECTED    127.0.0.1:43472, origin: "undefined"
[ERROR][11:58:13] [Tracker][ogar-tracker.tk]: statusCode = 403
[ERROR][11:58:13] [Tracker][ogar-tracker.tk]: statusCode = 403
[ERROR][11:58:13] [Tracker][c0nsume.me]: statusCode = 400
[ERROR][11:58:13] [Tracker][c0nsume.me]: statusCode = 400
[ERROR][11:58:13] [Tracker][c0nsume.me]: statusCode = 400
[ERROR][11:58:13] [Tracker][ogar-tracker.tk]: statusCode = 403
[ERROR][11:58:13] [Tracker][c0nsume.me]: statusCode = 400
[ERROR][11:58:24] [Tracker][c0nsume.me]: statusCode = 400
[ERROR][11:58:24] [Tracker][ogar-tracker.tk]: statusCode = 403
[ERROR][11:58:25] [Tracker][c0nsume.me]: statusCode = 400
[ERROR][11:58:25] [Tracker][ogar-tracker.tk]: statusCode = 403
[ERROR][11:58:25] [Tracker][c0nsume.me]: statusCode = 400
[ERROR][11:58:25] [Tracker][c0nsume.me]: statusCode = 400
[ERROR][11:58:36] [Tracker][c0nsume.me]: statusCode = 400
[ERROR][11:58:36] [Tracker][ogar-tracker.tk]: statusCode = 403
[ERROR][11:58:36] [Tracker][ogar-tracker.tk]: statusCode = 403
[ERROR][11:58:36] [Tracker][c0nsume.me]: statusCode = 400
[ERROR][11:58:36] [Tracker][c0nsume.me]: statusCode = 400
[ERROR][11:58:36] [Tracker][ogar-tracker.tk]: statusCode = 403
[ERROR][11:58:36] [Tracker][ogar-tracker.tk]: statusCode = 403
[ERROR][11:58:36] [Tracker][c0nsume.me]: statusCode = 400
[ERROR][11:58:40] [Tracker][ogar-tracker.tk]: statusCode = 403
[ERROR][11:58:44] [Tracker][ogar-tracker.tk]: Error: connect ETIMEDOUT 195.20.46.84:80
[ERROR][11:58:48] [Tracker][c0nsume.me]: statusCode = 400
[ERROR][11:58:48] [Tracker][ogar-tracker.tk]: statusCode = 403
[ERROR][11:58:48] [Tracker][ogar-tracker.tk]: statusCode = 403
[ERROR][11:58:48] [Tracker][c0nsume.me]: statusCode = 400
[ERROR][11:58:48] [Tracker][ogar-tracker.tk]: statusCode = 403
[ERROR][11:58:48] [Tracker][c0nsume.me]: statusCode = 400
[ERROR][11:58:48] [Tracker][c0nsume.me]: statusCode = 400
[ERROR][11:58:48] [Tracker][ogar-tracker.tk]: statusCode = 403
[ERROR][11:58:56] [Tracker][ogar-tracker.tk]: Error: connect ETIMEDOUT 195.20.46.84:80
[ERROR][11:58:59] [Tracker][c0nsume.me]: statusCode = 400
[ERROR][11:58:59] [Tracker][ogar-tracker.tk]: statusCode = 403
[ERROR][11:58:59] [Tracker][ogar-tracker.tk]: statusCode = 403
[ERROR][11:58:59] [Tracker][c0nsume.me]: statusCode = 400
[ERROR][11:58:59] [Tracker][c0nsume.me]: statusCode = 400
[ERROR][11:58:59] [Tracker][c0nsume.me]: statusCode = 400
[ERROR][11:58:59] [Tracker][ogar-tracker.tk]: statusCode = 403
[ERROR][11:59:11] [Tracker][c0nsume.me]: statusCode = 400
[ERROR][11:59:11] [Tracker][c0nsume.me]: statusCode = 400
[ERROR][11:59:11] [Tracker][ogar-tracker.tk]: statusCode = 403
[ERROR][11:59:11] [Tracker][ogar-tracker.tk]: statusCode = 403
[ERROR][11:59:11] [Tracker][c0nsume.me]: statusCode = 400
[ERROR][11:59:11] [Tracker][c0nsume.me]: statusCode = 400
[ERROR][11:59:11] [Tracker][ogar-tracker.tk]: statusCode = 403
[ERROR][11:59:12] [Tracker][ogar-tracker.tk]: statusCode = 403
[ERROR][11:59:14] [Tracker][ogar-tracker.tk]: statusCode = 403
[ERROR][11:59:22] [Tracker][c0nsume.me]: statusCode = 400
[ERROR][11:59:22] [Tracker][ogar-tracker.tk]: statusCode = 403
[ERROR][11:59:22] [Tracker][ogar-tracker.tk]: statusCode = 403
[ERROR][11:59:22] [Tracker][c0nsume.me]: statusCode = 400
[ERROR][11:59:22] [Tracker][ogar-tracker.tk]: statusCode = 403
[ERROR][11:59:22] [Tracker][c0nsume.me]: statusCode = 400
[ERROR][11:59:22] [Tracker][c0nsume.me]: statusCode = 400
[ERROR][11:59:34] [Tracker][c0nsume.me]: statusCode = 400
[ERROR][11:59:34] [Tracker][ogar-tracker.tk]: statusCode = 403
[ERROR][11:59:34] [Tracker][ogar-tracker.tk]: statusCode = 403
[ERROR][11:59:34] [Tracker][c0nsume.me]: statusCode = 400
[ERROR][11:59:34] [Tracker][ogar-tracker.tk]: statusCode = 403
[ERROR][11:59:34] [Tracker][c0nsume.me]: statusCode = 400
[ERROR][11:59:34] [Tracker][ogar-tracker.tk]: statusCode = 403
[ERROR][11:59:34] [Tracker][c0nsume.me]: statusCode = 400
[ERROR][11:59:45] [Tracker][c0nsume.me]: statusCode = 400
[ERROR][11:59:45] [Tracker][ogar-tracker.tk]: statusCode = 403
[ERROR][11:59:45] [Tracker][c0nsume.me]: statusCode = 400
[ERROR][11:59:45] [Tracker][ogar-tracker.tk]: statusCode = 403
[ERROR][11:59:45] [Tracker][ogar-tracker.tk]: statusCode = 403
[ERROR][11:59:45] [Tracker][c0nsume.me]: statusCode = 400
[ERROR][11:59:45] [Tracker][ogar-tracker.tk]: statusCode = 403
[ERROR][11:59:45] [Tracker][c0nsume.me]: statusCode = 400
[ERROR][11:59:53] [Tracker][ogar-tracker.tk]: Error: connect ETIMEDOUT 195.20.46.84:80
[ERROR][11:59:58] [Tracker][c0nsume.me]: statusCode = 400
[ERROR][12:00:00] [Tracker][ogar-tracker.tk]: statusCode = 403
[ERROR][12:00:00] [Tracker][ogar-tracker.tk]: statusCode = 403
[ERROR][12:00:00] [Tracker][ogar-tracker.tk]: statusCode = 403
[ERROR][12:00:02] [Tracker][c0nsume.me]: statusCode = 400
[ERROR][12:00:02] [Tracker][c0nsume.me]: statusCode = 400
[ERROR][12:00:02] [Tracker][c0nsume.me]: statusCode = 400
[ERROR][12:00:08] [Tracker][c0nsume.me]: statusCode = 400
[ERROR][12:00:08] [Tracker][ogar-tracker.tk]: statusCode = 403
[ERROR][12:00:08] [Tracker][c0nsume.me]: statusCode = 400
[ERROR][12:00:08] [Tracker][c0nsume.me]: statusCode = 400
[ERROR][12:00:08] [Tracker][c0nsume.me]: statusCode = 400
[ERROR][12:00:09] [Tracker][ogar-tracker.tk]: statusCode = 403
[ERROR][12:00:09] [Tracker][ogar-tracker.tk]: statusCode = 403
[ERROR][12:00:20] [Tracker][c0nsume.me]: statusCode = 400
[ERROR][12:00:20] [Tracker][c0nsume.me]: statusCode = 400
[ERROR][12:00:20] [Tracker][c0nsume.me]: statusCode = 400
[ERROR][12:00:20] [Tracker][ogar-tracker.tk]: statusCode = 403
[ERROR][12:00:20] [Tracker][c0nsume.me]: statusCode = 400
[ERROR][12:00:21] [Tracker][ogar-tracker.tk]: statusCode = 403
[ERROR][12:00:23] [Tracker][ogar-tracker.tk]: statusCode = 403
[ERROR][12:00:28] [Tracker][ogar-tracker.tk]: Error: connect ETIMEDOUT 195.20.46.84:80
[ERROR][12:00:31] [Tracker][c0nsume.me]: statusCode = 400
[ERROR][12:00:31] [Tracker][c0nsume.me]: statusCode = 400
[ERROR][12:00:31] [Tracker][ogar-tracker.tk]: statusCode = 403
[ERROR][12:00:31] [Tracker][ogar-tracker.tk]: statusCode = 403
[ERROR][12:00:31] [Tracker][ogar-tracker.tk]: statusCode = 403
[ERROR][12:00:31] [Tracker][c0nsume.me]: statusCode = 400
[ERROR][12:00:31] [Tracker][c0nsume.me]: statusCode = 400
[ERROR][12:00:39] [Tracker][ogar-tracker.tk]: Error: connect ETIMEDOUT 195.20.46.84:80
[ERROR][12:00:43] [Tracker][c0nsume.me]: statusCode = 400
[ERROR][12:00:43] [Tracker][ogar-tracker.tk]: statusCode = 403
[ERROR][12:00:43] [Tracker][c0nsume.me]: statusCode = 400
[ERROR][12:00:43] [Tracker][ogar-tracker.tk]: statusCode = 403
[ERROR][12:00:43] [Tracker][ogar-tracker.tk]: statusCode = 403
[ERROR][12:00:43] [Tracker][c0nsume.me]: statusCode = 400
[ERROR][12:00:43] [Tracker][ogar-tracker.tk]: statusCode = 403
[ERROR][12:00:43] [Tracker][c0nsume.me]: statusCode = 400
[ERROR][12:00:51] [Tracker][ogar-tracker.tk]: Error: connect ETIMEDOUT 195.20.46.84:80
[ERROR][12:00:54] [Tracker][c0nsume.me]: statusCode = 400
[ERROR][12:00:54] [Tracker][ogar-tracker.tk]: statusCode = 403
[ERROR][12:00:54] [Tracker][c0nsume.me]: statusCode = 400
[ERROR][12:00:54] [Tracker][ogar-tracker.tk]: statusCode = 403
[ERROR][12:00:54] [Tracker][ogar-tracker.tk]: statusCode = 403
[ERROR][12:00:54] [Tracker][c0nsume.me]: statusCode = 400
[ERROR][12:00:54] [Tracker][ogar-tracker.tk]: statusCode = 403
[ERROR][12:00:54] [Tracker][c0nsume.me]: statusCode = 400
[ERROR][12:01:02] [Tracker][ogar-tracker.tk]: Error: connect ETIMEDOUT 195.20.46.84:80
[ERROR][12:01:06] [Tracker][c0nsume.me]: statusCode = 400
[ERROR][12:01:06] [Tracker][ogar-tracker.tk]: statusCode = 403
[ERROR][12:01:06] [Tracker][ogar-tracker.tk]: statusCode = 403
[ERROR][12:01:06] [Tracker][c0nsume.me]: statusCode = 400
[ERROR][12:01:06] [Tracker][c0nsume.me]: statusCode = 400
[ERROR][12:01:06] [Tracker][ogar-tracker.tk]: statusCode = 403
[ERROR][12:01:06] [Tracker][c0nsume.me]: statusCode = 400
[ERROR][12:01:06] [Tracker][ogar-tracker.tk]: statusCode = 403
[ERROR][12:01:17] [Tracker][c0nsume.me]: statusCode = 400
[ERROR][12:01:17] [Tracker][ogar-tracker.tk]: statusCode = 403
[ERROR][12:01:17] [Tracker][ogar-tracker.tk]: statusCode = 403
[ERROR][12:01:17] [Tracker][c0nsume.me]: statusCode = 400
[ERROR][12:01:17] [Tracker][ogar-tracker.tk]: statusCode = 403
[ERROR][12:01:17] [Tracker][c0nsume.me]: statusCode = 400
[ERROR][12:01:17] [Tracker][ogar-tracker.tk]: statusCode = 403
[ERROR][12:01:18] [Tracker][c0nsume.me]: statusCode = 400
[ERROR][12:01:29] [Tracker][ogar-tracker.tk]: statusCode = 403
[ERROR][12:01:29] [Tracker][c0nsume.me]: statusCode = 400
[ERROR][12:01:29] [Tracker][c0nsume.me]: statusCode = 400
[ERROR][12:01:29] [Tracker][ogar-tracker.tk]: statusCode = 403
[ERROR][12:01:29] [Tracker][c0nsume.me]: statusCode = 400
[ERROR][12:01:29] [Tracker][ogar-tracker.tk]: statusCode = 403
[ERROR][12:01:29] [Tracker][c0nsume.me]: statusCode = 400
[ERROR][12:01:40] [Tracker][c0nsume.me]: statusCode = 400
[ERROR][12:01:40] [Tracker][ogar-tracker.tk]: statusCode = 403
[ERROR][12:01:40] [Tracker][ogar-tracker.tk]: statusCode = 403
[ERROR][12:01:40] [Tracker][c0nsume.me]: statusCode = 400
[ERROR][12:01:40] [Tracker][ogar-tracker.tk]: statusCode = 403
[ERROR][12:01:40] [Tracker][c0nsume.me]: statusCode = 400
[ERROR][12:01:41] [Tracker][ogar-tracker.tk]: statusCode = 403
[ERROR][12:01:41] [Tracker][c0nsume.me]: statusCode = 400
[ERROR][12:01:52] [Tracker][c0nsume.me]: statusCode = 400
[ERROR][12:01:52] [Tracker][ogar-tracker.tk]: statusCode = 403
[ERROR][12:01:52] [Tracker][c0nsume.me]: statusCode = 400
[ERROR][12:01:52] [Tracker][ogar-tracker.tk]: statusCode = 403
[ERROR][12:01:52] [Tracker][c0nsume.me]: statusCode = 400
[ERROR][12:01:52] [Tracker][ogar-tracker.tk]: statusCode = 403
[ERROR][12:01:52] [Tracker][c0nsume.me]: statusCode = 400
[ERROR][12:02:00] [Tracker][ogar-tracker.tk]: Error: connect ETIMEDOUT 195.20.46.84:80
[ERROR][12:02:03] [Tracker][c0nsume.me]: statusCode = 400
[ERROR][12:02:03] [Tracker][ogar-tracker.tk]: statusCode = 403
[ERROR][12:02:03] [Tracker][c0nsume.me]: statusCode = 400
[ERROR][12:02:04] [Tracker][ogar-tracker.tk]: statusCode = 403
[ERROR][12:02:04] [Tracker][c0nsume.me]: statusCode = 400
[ERROR][12:02:04] [Tracker][c0nsume.me]: statusCode = 400
[ERROR][12:02:15] [Tracker][c0nsume.me]: statusCode = 400
[ERROR][12:02:15] [Tracker][ogar-tracker.tk]: statusCode = 403
[ERROR][12:02:15] [Tracker][c0nsume.me]: statusCode = 400
[ERROR][12:02:15] [Tracker][ogar-tracker.tk]: statusCode = 403
[ERROR][12:02:15] [Tracker][ogar-tracker.tk]: statusCode = 403
[ERROR][12:02:15] [Tracker][c0nsume.me]: statusCode = 400
[ERROR][12:02:15] [Tracker][ogar-tracker.tk]: statusCode = 403
[ERROR][12:02:15] [Tracker][c0nsume.me]: statusCode = 400
[ERROR][12:02:18] [Tracker][ogar-tracker.tk]: statusCode = 403
[ERROR][12:02:19] [Tracker][ogar-tracker.tk]: statusCode = 403
[ERROR][12:02:23] [Tracker][ogar-tracker.tk]: Error: connect ETIMEDOUT 195.20.46.84:80
[ERROR][12:02:26] [Tracker][c0nsume.me]: statusCode = 400
[ERROR][12:02:26] [Tracker][c0nsume.me]: statusCode = 400
[ERROR][12:02:27] [Tracker][ogar-tracker.tk]: statusCode = 403
[ERROR][12:02:27] [Tracker][c0nsume.me]: statusCode = 400
[ERROR][12:02:27] [Tracker][ogar-tracker.tk]: statusCode = 403
[ERROR][12:02:27] [Tracker][c0nsume.me]: statusCode = 400
[ERROR][12:02:38] [Tracker][c0nsume.me]: statusCode = 400
[ERROR][12:02:38] [Tracker][ogar-tracker.tk]: statusCode = 403
[ERROR][12:02:38] [Tracker][ogar-tracker.tk]: statusCode = 403
[ERROR][12:02:38] [Tracker][c0nsume.me]: statusCode = 400
[ERROR][12:02:38] [Tracker][ogar-tracker.tk]: statusCode = 403
[ERROR][12:02:38] [Tracker][c0nsume.me]: statusCode = 400
[ERROR][12:02:38] [Tracker][ogar-tracker.tk]: statusCode = 403
[ERROR][12:02:38] [Tracker][c0nsume.me]: statusCode = 400
[ERROR][12:02:49] [Tracker][c0nsume.me]: statusCode = 400
[ERROR][12:02:49] [Tracker][ogar-tracker.tk]: statusCode = 403
[ERROR][12:02:49] [Tracker][c0nsume.me]: statusCode = 400
[ERROR][12:02:50] [Tracker][c0nsume.me]: statusCode = 400
[ERROR][12:02:50] [Tracker][ogar-tracker.tk]: statusCode = 403
[ERROR][12:02:50] [Tracker][ogar-tracker.tk]: statusCode = 403
[ERROR][12:02:50] [Tracker][c0nsume.me]: statusCode = 400
[ERROR][12:02:57] [Tracker][ogar-tracker.tk]: Error: connect ETIMEDOUT 195.20.46.84:80
[ERROR][12:02:57] [Tracker][ogar-tracker.tk]: Error: connect ETIMEDOUT 195.20.46.84:80
[ERROR][12:03:01] [Tracker][c0nsume.me]: statusCode = 400
[ERROR][12:03:01] [Tracker][ogar-tracker.tk]: statusCode = 403
[ERROR][12:03:01] [Tracker][c0nsume.me]: statusCode = 400
[ERROR][12:03:01] [Tracker][ogar-tracker.tk]: statusCode = 403
[ERROR][12:03:01] [Tracker][c0nsume.me]: statusCode = 400
[ERROR][12:03:01] [Tracker][ogar-tracker.tk]: statusCode = 403
[ERROR][12:03:01] [Tracker][c0nsume.me]: statusCode = 400
[ERROR][12:03:13] [Tracker][c0nsume.me]: statusCode = 400
[ERROR][12:03:13] [Tracker][c0nsume.me]: statusCode = 400
[ERROR][12:03:13] [Tracker][ogar-tracker.tk]: statusCode = 403
[ERROR][12:03:13] [Tracker][c0nsume.me]: statusCode = 400
[ERROR][12:03:13] [Tracker][ogar-tracker.tk]: statusCode = 403
[ERROR][12:03:13] [Tracker][ogar-tracker.tk]: statusCode = 403
[ERROR][12:03:13] [Tracker][ogar-tracker.tk]: statusCode = 403
[ERROR][12:03:13] [Tracker][c0nsume.me]: statusCode = 400
[NONE ][12:03:17] >kickall
[NONE ][12:03:17] Kicked "DeezNuts"
[NONE ][12:03:17] DISCONNECTED 127.0.0.1:43472, code: 1000, reason: "Kicked from server", name: "DeezNuts"
[NONE ][12:03:17] Kicked "MineMoore"
[NONE ][12:03:17] Kicked "MineMoore"
[NONE ][12:03:17] Kicked "MineMoore"
[NONE ][12:03:17] Kicked "MineMoore"
[NONE ][12:03:17] Kicked "MineMoore"
[NONE ][12:03:17] Kicked "MineMoore"
[NONE ][12:03:17] Kicked "MineMoore"
[NONE ][12:03:17] Kicked "MineMoore"
[NONE ][12:03:17] Kicked "MineMoore"
[NONE ][12:03:17] Kicked "MineMoore"
[NONE ][12:03:17] Kicked "MineMoore"
[NONE ][12:03:17] Kicked "MineMoore"
[NONE ][12:03:17] Kicked "MineMoore"
[NONE ][12:03:17] Kicked "MineMoore"
[NONE ][12:03:17] Kicked "MineMoore"
[NONE ][12:03:17] Kicked "MineMoore"
[NONE ][12:03:17] Kicked "MineMoore"
[NONE ][12:03:17] Kicked "MineMoore"
[NONE ][12:03:17] Kicked "MineMoore"
[NONE ][12:03:17] Kicked "MineMoore"
[ERROR][12:03:20] [Tracker][ogar-tracker.tk]: Error: connect ETIMEDOUT 195.20.46.84:80
[NONE ][12:03:21] CONNECTED    127.0.0.1:41222, origin: "undefined"
[ERROR][12:03:24] [Tracker][c0nsume.me]: statusCode = 400
[ERROR][12:03:24] [Tracker][c0nsume.me]: statusCode = 400
[ERROR][12:03:24] [Tracker][c0nsume.me]: statusCode = 400
[ERROR][12:03:24] [Tracker][c0nsume.me]: statusCode = 400
[ERROR][12:03:25] [Tracker][ogar-tracker.tk]: statusCode = 403
[ERROR][12:03:31] [Tracker][ogar-tracker.tk]: statusCode = 403
[ERROR][12:03:32] [Tracker][ogar-tracker.tk]: Error: connect ETIMEDOUT 195.20.46.84:80
[ERROR][12:03:36] [Tracker][c0nsume.me]: statusCode = 400
[ERROR][12:03:36] [Tracker][ogar-tracker.tk]: statusCode = 403
[ERROR][12:03:36] [Tracker][ogar-tracker.tk]: statusCode = 403
[ERROR][12:03:36] [Tracker][c0nsume.me]: statusCode = 400
[ERROR][12:03:36] [Tracker][c0nsume.me]: statusCode = 400
[ERROR][12:03:36] [Tracker][ogar-tracker.tk]: statusCode = 403
[ERROR][12:03:36] [Tracker][c0nsume.me]: statusCode = 400
[ERROR][12:03:39] [Tracker][ogar-tracker.tk]: statusCode = 403
[ERROR][12:03:47] [Tracker][c0nsume.me]: statusCode = 400
[ERROR][12:03:47] [Tracker][ogar-tracker.tk]: statusCode = 403
[ERROR][12:03:47] [Tracker][c0nsume.me]: statusCode = 400
[ERROR][12:03:47] [Tracker][ogar-tracker.tk]: statusCode = 403
[ERROR][12:03:47] [Tracker][c0nsume.me]: statusCode = 400
[ERROR][12:03:47] [Tracker][ogar-tracker.tk]: statusCode = 403
[ERROR][12:03:47] [Tracker][ogar-tracker.tk]: statusCode = 403
[ERROR][12:03:47] [Tracker][c0nsume.me]: statusCode = 400
[ERROR][12:03:55] [Tracker][ogar-tracker.tk]: Error: connect ETIMEDOUT 195.20.46.84:80
[ERROR][12:03:59] [Tracker][c0nsume.me]: statusCode = 400
[ERROR][12:03:59] [Tracker][ogar-tracker.tk]: statusCode = 403
[ERROR][12:03:59] [Tracker][c0nsume.me]: statusCode = 400
[ERROR][12:03:59] [Tracker][ogar-tracker.tk]: statusCode = 403
[ERROR][12:03:59] [Tracker][ogar-tracker.tk]: statusCode = 403
[ERROR][12:03:59] [Tracker][c0nsume.me]: statusCode = 400
[ERROR][12:03:59] [Tracker][ogar-tracker.tk]: statusCode = 403
[ERROR][12:03:59] [Tracker][c0nsume.me]: statusCode = 400
[ERROR][12:04:07] [Tracker][ogar-tracker.tk]: Error: connect ETIMEDOUT 195.20.46.84:80
[ERROR][12:04:10] [Tracker][c0nsume.me]: statusCode = 400
[ERROR][12:04:10] [Tracker][ogar-tracker.tk]: statusCode = 403
[ERROR][12:04:10] [Tracker][c0nsume.me]: statusCode = 400
[ERROR][12:04:10] [Tracker][ogar-tracker.tk]: statusCode = 403
[ERROR][12:04:10] [Tracker][c0nsume.me]: statusCode = 400
[ERROR][12:04:10] [Tracker][ogar-tracker.tk]: statusCode = 403
[ERROR][12:04:10] [Tracker][c0nsume.me]: statusCode = 400
[ERROR][12:04:22] [Tracker][c0nsume.me]: statusCode = 400
[ERROR][12:04:22] [Tracker][ogar-tracker.tk]: statusCode = 403
[ERROR][12:04:22] [Tracker][ogar-tracker.tk]: statusCode = 403
[ERROR][12:04:22] [Tracker][c0nsume.me]: statusCode = 400
[ERROR][12:04:22] [Tracker][ogar-tracker.tk]: statusCode = 403
[ERROR][12:04:22] [Tracker][c0nsume.me]: statusCode = 400
[ERROR][12:04:22] [Tracker][ogar-tracker.tk]: statusCode = 403
[ERROR][12:04:22] [Tracker][c0nsume.me]: statusCode = 400
[ERROR][12:04:33] [Tracker][c0nsume.me]: statusCode = 400
[ERROR][12:04:33] [Tracker][ogar-tracker.tk]: statusCode = 403
[ERROR][12:04:33] [Tracker][c0nsume.me]: statusCode = 400
[ERROR][12:04:33] [Tracker][ogar-tracker.tk]: statusCode = 403
[ERROR][12:04:33] [Tracker][c0nsume.me]: statusCode = 400
[ERROR][12:04:33] [Tracker][ogar-tracker.tk]: statusCode = 403
[ERROR][12:04:33] [Tracker][c0nsume.me]: statusCode = 400
[ERROR][12:04:41] [Tracker][ogar-tracker.tk]: Error: connect ETIMEDOUT 195.20.46.84:80
[ERROR][12:04:45] [Tracker][c0nsume.me]: statusCode = 400
[ERROR][12:04:45] [Tracker][ogar-tracker.tk]: statusCode = 403
[ERROR][12:04:45] [Tracker][ogar-tracker.tk]: statusCode = 403
[ERROR][12:04:45] [Tracker][c0nsume.me]: statusCode = 400
[ERROR][12:04:45] [Tracker][ogar-tracker.tk]: statusCode = 403
[ERROR][12:04:45] [Tracker][c0nsume.me]: statusCode = 400
[ERROR][12:04:45] [Tracker][c0nsume.me]: statusCode = 400
[ERROR][12:04:56] [Tracker][c0nsume.me]: statusCode = 400
[ERROR][12:04:56] [Tracker][ogar-tracker.tk]: statusCode = 403
[ERROR][12:04:56] [Tracker][ogar-tracker.tk]: statusCode = 403
[ERROR][12:04:56] [Tracker][c0nsume.me]: statusCode = 400
[ERROR][12:04:56] [Tracker][ogar-tracker.tk]: statusCode = 403
[ERROR][12:04:56] [Tracker][c0nsume.me]: statusCode = 400
[ERROR][12:04:56] [Tracker][ogar-tracker.tk]: statusCode = 403
[ERROR][12:04:56] [Tracker][c0nsume.me]: statusCode = 400
[ERROR][12:05:04] [Tracker][ogar-tracker.tk]: Error: connect ETIMEDOUT 195.20.46.84:80
[ERROR][12:05:08] [Tracker][c0nsume.me]: statusCode = 400
[ERROR][12:05:08] [Tracker][ogar-tracker.tk]: statusCode = 403
[ERROR][12:05:08] [Tracker][c0nsume.me]: statusCode = 400
[ERROR][12:05:08] [Tracker][ogar-tracker.tk]: statusCode = 403
[ERROR][12:05:08] [Tracker][ogar-tracker.tk]: statusCode = 403
[ERROR][12:05:08] [Tracker][c0nsume.me]: statusCode = 400
[ERROR][12:05:08] [Tracker][ogar-tracker.tk]: statusCode = 403
[ERROR][12:05:08] [Tracker][c0nsume.me]: statusCode = 400
[ERROR][12:05:16] [Tracker][ogar-tracker.tk]: Error: connect ETIMEDOUT 195.20.46.84:80
[ERROR][12:05:19] [Tracker][c0nsume.me]: statusCode = 400
[ERROR][12:05:19] [Tracker][ogar-tracker.tk]: statusCode = 403
[ERROR][12:05:19] [Tracker][c0nsume.me]: statusCode = 400
[ERROR][12:05:19] [Tracker][ogar-tracker.tk]: statusCode = 403
[ERROR][12:05:19] [Tracker][c0nsume.me]: statusCode = 400
[ERROR][12:05:20] [Tracker][c0nsume.me]: statusCode = 400
[ERROR][12:05:20] [Tracker][ogar-tracker.tk]: statusCode = 403
[ERROR][12:05:31] [Tracker][c0nsume.me]: statusCode = 400
[ERROR][12:05:31] [Tracker][c0nsume.me]: statusCode = 400
[ERROR][12:05:31] [Tracker][ogar-tracker.tk]: statusCode = 403
[ERROR][12:05:31] [Tracker][ogar-tracker.tk]: statusCode = 403
[ERROR][12:05:31] [Tracker][c0nsume.me]: statusCode = 400
[ERROR][12:05:31] [Tracker][ogar-tracker.tk]: statusCode = 403
[ERROR][12:05:31] [Tracker][c0nsume.me]: statusCode = 400
[ERROR][12:05:42] [Tracker][c0nsume.me]: statusCode = 400
[ERROR][12:05:42] [Tracker][ogar-tracker.tk]: statusCode = 403
[ERROR][12:05:42] [Tracker][ogar-tracker.tk]: statusCode = 403
[ERROR][12:05:42] [Tracker][c0nsume.me]: statusCode = 400
[ERROR][12:05:42] [Tracker][c0nsume.me]: statusCode = 400
[ERROR][12:05:42] [Tracker][c0nsume.me]: statusCode = 400
[ERROR][12:05:42] [Tracker][ogar-tracker.tk]: statusCode = 403
[ERROR][12:05:46] [Tracker][ogar-tracker.tk]: statusCode = 403
[ERROR][12:05:50] [Tracker][ogar-tracker.tk]: Error: connect ETIMEDOUT 195.20.46.84:80
[ERROR][12:05:54] [Tracker][c0nsume.me]: statusCode = 400
[ERROR][12:05:54] [Tracker][ogar-tracker.tk]: statusCode = 403
[ERROR][12:05:54] [Tracker][ogar-tracker.tk]: statusCode = 403
[ERROR][12:05:54] [Tracker][c0nsume.me]: statusCode = 400
[ERROR][12:05:54] [Tracker][ogar-tracker.tk]: statusCode = 403
[ERROR][12:05:54] [Tracker][c0nsume.me]: statusCode = 400
[ERROR][12:05:54] [Tracker][ogar-tracker.tk]: statusCode = 403
[ERROR][12:05:57] [Tracker][c0nsume.me]: statusCode = 400
[ERROR][12:05:57] [Tracker][ogar-tracker.tk]: statusCode = 403
[NONE ][12:06:03] DISCONNECTED 127.0.0.1:41222, code: 1000, reason: "", name: "DeezNuts"
[ERROR][12:06:05] [Tracker][c0nsume.me]: statusCode = 400
[ERROR][12:06:05] [Tracker][ogar-tracker.tk]: statusCode = 403
[ERROR][12:06:05] [Tracker][c0nsume.me]: statusCode = 400
[ERROR][12:06:05] [Tracker][c0nsume.me]: statusCode = 400
[ERROR][12:06:05] [Tracker][ogar-tracker.tk]: statusCode = 403
[ERROR][12:06:06] [Tracker][ogar-tracker.tk]: statusCode = 403
[ERROR][12:06:06] [Tracker][c0nsume.me]: statusCode = 400
[ERROR][12:06:12] [Tracker][ogar-tracker.tk]: statusCode = 403
[ERROR][12:06:17] [Tracker][c0nsume.me]: statusCode = 400
[ERROR][12:06:17] [Tracker][ogar-tracker.tk]: statusCode = 403
[ERROR][12:06:17] [Tracker][ogar-tracker.tk]: statusCode = 403
[ERROR][12:06:17] [Tracker][c0nsume.me]: statusCode = 400
[ERROR][12:06:17] [Tracker][ogar-tracker.tk]: statusCode = 403
[ERROR][12:06:17] [Tracker][c0nsume.me]: statusCode = 400
[ERROR][12:06:17] [Tracker][ogar-tracker.tk]: statusCode = 403
[ERROR][12:06:17] [Tracker][c0nsume.me]: statusCode = 400
[ERROR][12:06:28] [Tracker][c0nsume.me]: statusCode = 400
[ERROR][12:06:28] [Tracker][ogar-tracker.tk]: statusCode = 403
[ERROR][12:06:28] [Tracker][ogar-tracker.tk]: statusCode = 403
[ERROR][12:06:28] [Tracker][c0nsume.me]: statusCode = 400
[ERROR][12:06:28] [Tracker][ogar-tracker.tk]: statusCode = 403
[ERROR][12:06:28] [Tracker][c0nsume.me]: statusCode = 400
[ERROR][12:06:29] [Tracker][ogar-tracker.tk]: statusCode = 403
[ERROR][12:06:29] [Tracker][c0nsume.me]: statusCode = 400
[ERROR][12:06:40] [Tracker][c0nsume.me]: statusCode = 400
[ERROR][12:06:40] [Tracker][ogar-tracker.tk]: statusCode = 403
[ERROR][12:06:40] [Tracker][ogar-tracker.tk]: statusCode = 403
[ERROR][12:06:40] [Tracker][c0nsume.me]: statusCode = 400
[ERROR][12:06:40] [Tracker][ogar-tracker.tk]: statusCode = 403
[ERROR][12:06:40] [Tracker][c0nsume.me]: statusCode = 400
[ERROR][12:06:40] [Tracker][c0nsume.me]: statusCode = 400
[ERROR][12:06:40] [Tracker][ogar-tracker.tk]: statusCode = 403
[ERROR][12:06:51] [Tracker][c0nsume.me]: statusCode = 400
[ERROR][12:06:51] [Tracker][ogar-tracker.tk]: statusCode = 403
[ERROR][12:06:51] [Tracker][ogar-tracker.tk]: statusCode = 403
[ERROR][12:06:51] [Tracker][c0nsume.me]: statusCode = 400
[ERROR][12:06:52] [Tracker][ogar-tracker.tk]: statusCode = 403
[ERROR][12:06:52] [Tracker][c0nsume.me]: statusCode = 400
[ERROR][12:06:52] [Tracker][c0nsume.me]: statusCode = 400
[ERROR][12:06:52] [Tracker][ogar-tracker.tk]: statusCode = 403
[ERROR][12:07:03] [Tracker][c0nsume.me]: statusCode = 400
[ERROR][12:07:03] [Tracker][ogar-tracker.tk]: statusCode = 403
[ERROR][12:07:03] [Tracker][c0nsume.me]: statusCode = 400
[ERROR][12:07:03] [Tracker][ogar-tracker.tk]: statusCode = 403
[ERROR][12:07:03] [Tracker][c0nsume.me]: statusCode = 400
[ERROR][12:07:03] [Tracker][ogar-tracker.tk]: statusCode = 403
[ERROR][12:07:03] [Tracker][c0nsume.me]: statusCode = 400
[ERROR][12:07:14] [Tracker][ogar-tracker.tk]: statusCode = 403
[ERROR][12:07:14] [Tracker][c0nsume.me]: statusCode = 400
[ERROR][12:07:15] [Tracker][c0nsume.me]: statusCode = 400
[ERROR][12:07:15] [Tracker][ogar-tracker.tk]: statusCode = 403
[ERROR][12:07:15] [Tracker][c0nsume.me]: statusCode = 400
[ERROR][12:07:17] [Tracker][c0nsume.me]: statusCode = 400
[NONE ][12:07:22] >exit
[WARN ][12:07:22] Closing server...
[DEBUG][12:07:22] process.exit(1)
=== Shutdown 2017-09-10T12-07-22-238 ===
