=== Started 2016-11-28T19-54-18-440 ===
[INFO ][19:54:18] 0 IP ban records loaded.
[WARN ][19:54:18] User account "Local Administrator" disabled
[WARN ][19:54:18] User account "Local Moderator" disabled
[WARN ][19:54:18] User account "Local User" disabled
[INFO ][19:54:18] 0 user records loaded.
[INFO ][19:54:18] 25 bad words loaded
[INFO ][19:54:18] [1m[32mMultiOgar-Edited 1.3.7[37m - An open source multi-protocol ogar server[0m
[INFO ][19:54:18] WebSocket: ws
[INFO ][19:54:18] Started stats server on port 88
[INFO ][19:54:18] Listening on port 777
[INFO ][19:54:18] Current game mode is Free For All
[NONE ][19:54:18] CONNECTED    127.0.0.1:49910, origin: "http://agar.io"
[NONE ][19:54:34] >playerlist
[NONE ][19:54:34] Current players: 16
[NONE ][19:54:34] Do "playerlist m" or "pl m" to list minions
[NONE ][19:54:34]  ID     | IP              | P | NICK            | CELLS | SCORE  | POSITION    
[NONE ][19:54:34] -------------------------------------------------------------------------------
[NONE ][19:54:34]       1 | 127.0.0.1       | 9 | HEART           |     1 |     87 | -4644, -2565
[NONE ][19:54:41] >minion 1 100 <r>MineMoore
[NONE ][19:54:41] Added 100 minions for HEART
