=== Started 2017-09-10T11-21-37-720 ===
[INFO ][11:21:37] [1m[32mMultiOgar 1.3.7[37m - An open source multi-protocol ogar server[0m
[ERROR][11:21:37] Unknown gameserver.ini value: serverVersionCode
[ERROR][11:21:37] Unknown gameserver.ini value: separateChatForTeams
[ERROR][11:21:37] Unknown gameserver.ini value: ejectDistance
[ERROR][11:21:37] Unknown gameserver.ini value: tourneyMaxPlayers
[ERROR][11:21:37] Unknown gameserver.ini value: tourneyPrepTime
[ERROR][11:21:37] Unknown gameserver.ini value: tourneyEndTime
[ERROR][11:21:37] Unknown gameserver.ini value: tourneyTimeLimit
[ERROR][11:21:37] Unknown gameserver.ini value: tourneyAutoFill
[ERROR][11:21:37] Unknown gameserver.ini value: tourneyAutoFillPlayers
[INFO ][11:21:37] 0 IP ban records loaded.
[WARN ][11:21:37] User account "Local Administrator" disabled
[WARN ][11:21:37] User account "Local Moderator" disabled
[WARN ][11:21:37] User account "Local User" disabled
[INFO ][11:21:37] 0 user records loaded.
[INFO ][11:21:37] 25 bad words loaded
[INFO ][11:21:37] WebSocket: ws
[INFO ][11:21:38] Started stats server on port 9999
[INFO ][11:21:38] Listening on port 1111
[INFO ][11:21:38] Current game mode is Free For All
[ERROR][11:21:38] [Tracker][c0nsume.me]: statusCode = 400
[ERROR][11:21:38] [Tracker][c0nsume.me]: statusCode = 400
[ERROR][11:21:38] [Tracker][ogar-tracker.tk]: statusCode = 403
[ERROR][11:21:38] [Tracker][ogar-tracker.tk]: statusCode = 403
[ERROR][11:21:38] [Tracker][ogar-tracker.tk]: statusCode = 403
[ERROR][11:21:38] [Tracker][c0nsume.me]: statusCode = 400
[ERROR][11:21:38] [Tracker][c0nsume.me]: statusCode = 400
[ERROR][11:21:38] [Tracker][ogar-tracker.tk]: statusCode = 403
[NONE ][11:21:45] >s
[NONE ][11:21:45] Please specify a valid player ID!
[ERROR][11:21:49] [Tracker][c0nsume.me]: statusCode = 400
[ERROR][11:21:49] [Tracker][ogar-tracker.tk]: statusCode = 403
[ERROR][11:21:49] [Tracker][ogar-tracker.tk]: statusCode = 403
[ERROR][11:21:49] [Tracker][c0nsume.me]: statusCode = 400
[ERROR][11:21:49] [Tracker][ogar-tracker.tk]: statusCode = 403
[ERROR][11:21:49] [Tracker][c0nsume.me]: statusCode = 400
[ERROR][11:21:49] [Tracker][ogar-tracker.tk]: statusCode = 403
[ERROR][11:21:49] [Tracker][c0nsume.me]: statusCode = 400
[ERROR][11:22:01] [Tracker][c0nsume.me]: statusCode = 400
[ERROR][11:22:01] [Tracker][ogar-tracker.tk]: statusCode = 403
[ERROR][11:22:01] [Tracker][ogar-tracker.tk]: statusCode = 403
[ERROR][11:22:01] [Tracker][c0nsume.me]: statusCode = 400
[ERROR][11:22:01] [Tracker][ogar-tracker.tk]: statusCode = 403
[ERROR][11:22:01] [Tracker][c0nsume.me]: statusCode = 400
[ERROR][11:22:01] [Tracker][ogar-tracker.tk]: statusCode = 403
[ERROR][11:22:01] [Tracker][c0nsume.me]: statusCode = 400
[NONE ][11:22:06] CONNECTED    127.0.0.1:36245, origin: "undefined"
[ERROR][11:22:12] [Tracker][c0nsume.me]: statusCode = 400
[ERROR][11:22:12] [Tracker][ogar-tracker.tk]: statusCode = 403
[ERROR][11:22:12] [Tracker][ogar-tracker.tk]: statusCode = 403
[ERROR][11:22:12] [Tracker][c0nsume.me]: statusCode = 400
[ERROR][11:22:12] [Tracker][ogar-tracker.tk]: statusCode = 403
[ERROR][11:22:12] [Tracker][c0nsume.me]: statusCode = 400
[ERROR][11:22:13] [Tracker][ogar-tracker.tk]: statusCode = 403
[ERROR][11:22:13] [Tracker][c0nsume.me]: statusCode = 400
[NONE ][11:22:14] >minion
[WARN ][11:22:14] Please specify a valid player id!
[NONE ][11:22:17] >minion 1 1
[NONE ][11:22:17] Added 1 minions for DeezNuts
[ERROR][11:22:24] [Tracker][c0nsume.me]: statusCode = 400
[ERROR][11:22:24] [Tracker][ogar-tracker.tk]: statusCode = 403
[ERROR][11:22:24] [Tracker][ogar-tracker.tk]: statusCode = 403
[ERROR][11:22:24] [Tracker][c0nsume.me]: statusCode = 400
[ERROR][11:22:24] [Tracker][ogar-tracker.tk]: statusCode = 403
[ERROR][11:22:24] [Tracker][c0nsume.me]: statusCode = 400
[ERROR][11:22:24] [Tracker][c0nsume.me]: statusCode = 400
[ERROR][11:22:24] [Tracker][ogar-tracker.tk]: statusCode = 403
[ERROR][11:22:35] [Tracker][c0nsume.me]: statusCode = 400
[ERROR][11:22:35] [Tracker][ogar-tracker.tk]: statusCode = 403
[ERROR][11:22:35] [Tracker][ogar-tracker.tk]: statusCode = 403
[ERROR][11:22:35] [Tracker][c0nsume.me]: statusCode = 400
[ERROR][11:22:35] [Tracker][ogar-tracker.tk]: statusCode = 403
[ERROR][11:22:35] [Tracker][c0nsume.me]: statusCode = 400
[ERROR][11:22:36] [Tracker][ogar-tracker.tk]: statusCode = 403
[ERROR][11:22:36] [Tracker][c0nsume.me]: statusCode = 400
[ERROR][11:22:47] [Tracker][ogar-tracker.tk]: statusCode = 403
[ERROR][11:22:47] [Tracker][c0nsume.me]: statusCode = 400
[ERROR][11:22:47] [Tracker][ogar-tracker.tk]: statusCode = 403
[ERROR][11:22:47] [Tracker][c0nsume.me]: statusCode = 400
[ERROR][11:22:47] [Tracker][ogar-tracker.tk]: statusCode = 403
[ERROR][11:22:47] [Tracker][c0nsume.me]: statusCode = 400
[ERROR][11:22:47] [Tracker][ogar-tracker.tk]: statusCode = 403
[ERROR][11:22:47] [Tracker][c0nsume.me]: statusCode = 400
[NONE ][11:22:50] >exit
[WARN ][11:22:50] Closing server...
[DEBUG][11:22:50] process.exit(1)
=== Shutdown 2017-09-10T11-22-50-081 ===
