=== Started 2017-09-10T14-13-15-461 ===
[INFO ][14:13:15] [1m[32mMultiOgar 1.3.7[37m - An open source multi-protocol ogar server[0m
[ERROR][14:13:15] Unknown gameserver.ini value: serverVersionCode
[ERROR][14:13:15] Unknown gameserver.ini value: separateChatForTeams
[ERROR][14:13:15] Unknown gameserver.ini value: ejectDistance
[ERROR][14:13:15] Unknown gameserver.ini value: tourneyMaxPlayers
[ERROR][14:13:15] Unknown gameserver.ini value: tourneyPrepTime
[ERROR][14:13:15] Unknown gameserver.ini value: tourneyEndTime
[ERROR][14:13:15] Unknown gameserver.ini value: tourneyTimeLimit
[ERROR][14:13:15] Unknown gameserver.ini value: tourneyAutoFill
[ERROR][14:13:15] Unknown gameserver.ini value: tourneyAutoFillPlayers
[INFO ][14:13:15] 0 IP ban records loaded.
[WARN ][14:13:15] User account "Local Administrator" disabled
[WARN ][14:13:15] User account "Local Moderator" disabled
[WARN ][14:13:15] User account "Local User" disabled
[INFO ][14:13:15] 0 user records loaded.
[INFO ][14:13:15] 25 bad words loaded
[INFO ][14:13:15] WebSocket: ws
[INFO ][14:13:15] Started stats server on port 9999
[INFO ][14:13:15] Listening on port 1111
[INFO ][14:13:15] Current game mode is Free For All
[ERROR][14:13:16] [Tracker][c0nsume.me]: statusCode = 400
[ERROR][14:13:16] [Tracker][ogar-tracker.tk]: statusCode = 403
[ERROR][14:13:16] [Tracker][ogar-tracker.tk]: statusCode = 403
[ERROR][14:13:16] [Tracker][c0nsume.me]: statusCode = 400
[ERROR][14:13:16] [Tracker][c0nsume.me]: statusCode = 400
[ERROR][14:13:16] [Tracker][ogar-tracker.tk]: statusCode = 403
[ERROR][14:13:16] [Tracker][ogar-tracker.tk]: statusCode = 403
[ERROR][14:13:16] [Tracker][c0nsume.me]: statusCode = 400
[NONE ][14:13:17] CONNECTED    127.0.0.1:43557, origin: "undefined"
[ERROR][14:13:27] [Tracker][c0nsume.me]: statusCode = 400
[ERROR][14:13:27] [Tracker][ogar-tracker.tk]: statusCode = 403
[ERROR][14:13:27] [Tracker][ogar-tracker.tk]: statusCode = 403
[ERROR][14:13:27] [Tracker][c0nsume.me]: statusCode = 400
[ERROR][14:13:27] [Tracker][c0nsume.me]: statusCode = 400
[ERROR][14:13:27] [Tracker][ogar-tracker.tk]: statusCode = 403
[ERROR][14:13:28] [Tracker][c0nsume.me]: statusCode = 400
[ERROR][14:13:39] [Tracker][ogar-tracker.tk]: statusCode = 403
[ERROR][14:13:39] [Tracker][c0nsume.me]: statusCode = 400
[ERROR][14:13:39] [Tracker][ogar-tracker.tk]: statusCode = 403
[ERROR][14:13:39] [Tracker][c0nsume.me]: statusCode = 400
[ERROR][14:13:39] [Tracker][c0nsume.me]: statusCode = 400
[ERROR][14:13:39] [Tracker][ogar-tracker.tk]: statusCode = 403
[ERROR][14:13:39] [Tracker][c0nsume.me]: statusCode = 400
[ERROR][14:13:39] [Tracker][ogar-tracker.tk]: statusCode = 403
[ERROR][14:13:55] [Tracker][c0nsume.me]: statusCode = 400
[ERROR][14:13:55] [Tracker][ogar-tracker.tk]: statusCode = 403
[ERROR][14:13:55] [Tracker][ogar-tracker.tk]: statusCode = 403
[ERROR][14:13:55] [Tracker][c0nsume.me]: statusCode = 400
[ERROR][14:13:55] [Tracker][c0nsume.me]: statusCode = 400
[ERROR][14:13:55] [Tracker][ogar-tracker.tk]: statusCode = 403
[ERROR][14:13:55] [Tracker][c0nsume.me]: statusCode = 400
[ERROR][14:13:55] [Tracker][ogar-tracker.tk]: statusCode = 403
[ERROR][14:13:58] [Tracker][ogar-tracker.tk]: Error: connect ETIMEDOUT 195.20.46.84:80
[ERROR][14:14:08] [Tracker][c0nsume.me]: statusCode = 400
[ERROR][14:14:08] [Tracker][ogar-tracker.tk]: statusCode = 403
[ERROR][14:14:08] [Tracker][ogar-tracker.tk]: statusCode = 403
[ERROR][14:14:08] [Tracker][c0nsume.me]: statusCode = 400
[ERROR][14:14:09] [Tracker][c0nsume.me]: statusCode = 400
[ERROR][14:14:09] [Tracker][c0nsume.me]: statusCode = 400
[ERROR][14:14:09] [Tracker][ogar-tracker.tk]: statusCode = 403
[ERROR][14:14:19] [Tracker][c0nsume.me]: statusCode = 400
[ERROR][14:14:19] [Tracker][c0nsume.me]: statusCode = 400
[ERROR][14:14:19] [Tracker][c0nsume.me]: statusCode = 400
[ERROR][14:14:19] [Tracker][c0nsume.me]: statusCode = 400
[ERROR][14:14:20] [Tracker][ogar-tracker.tk]: statusCode = 403
[ERROR][14:14:23] [Tracker][ogar-tracker.tk]: statusCode = 403
[ERROR][14:14:29] [Tracker][c0nsume.me]: statusCode = 400
[ERROR][14:14:29] [Tracker][c0nsume.me]: statusCode = 400
[ERROR][14:14:29] [Tracker][c0nsume.me]: statusCode = 400
[ERROR][14:14:29] [Tracker][ogar-tracker.tk]: statusCode = 403
[ERROR][14:14:30] [Tracker][ogar-tracker.tk]: statusCode = 403
[ERROR][14:14:32] [Tracker][c0nsume.me]: statusCode = 400
[ERROR][14:14:39] [Tracker][c0nsume.me]: statusCode = 400
[ERROR][14:14:39] [Tracker][ogar-tracker.tk]: Error: connect ETIMEDOUT 195.20.46.84:80
[ERROR][14:14:39] [Tracker][c0nsume.me]: statusCode = 400
[ERROR][14:14:39] [Tracker][ogar-tracker.tk]: statusCode = 403
[ERROR][14:14:40] [Tracker][c0nsume.me]: statusCode = 400
[ERROR][14:14:40] [Tracker][c0nsume.me]: statusCode = 400
[ERROR][14:14:40] [Tracker][ogar-tracker.tk]: statusCode = 403
[ERROR][14:14:46] [Tracker][ogar-tracker.tk]: statusCode = 403
[ERROR][14:14:49] [Tracker][ogar-tracker.tk]: statusCode = 403
[ERROR][14:14:49] [Tracker][c0nsume.me]: statusCode = 400
[ERROR][14:14:49] [Tracker][ogar-tracker.tk]: statusCode = 403
[ERROR][14:14:49] [Tracker][c0nsume.me]: statusCode = 400
[ERROR][14:14:49] [Tracker][c0nsume.me]: statusCode = 400
[ERROR][14:14:49] [Tracker][ogar-tracker.tk]: statusCode = 403
[ERROR][14:14:49] [Tracker][c0nsume.me]: statusCode = 400
[ERROR][14:14:49] [Tracker][ogar-tracker.tk]: statusCode = 403
[ERROR][14:14:50] [Tracker][ogar-tracker.tk]: Error: connect ETIMEDOUT 195.20.46.84:80
[ERROR][14:14:50] [Tracker][ogar-tracker.tk]: Error: connect ETIMEDOUT 195.20.46.84:80
[NONE ][14:14:53] >merge 1
[NONE ][14:14:53] DeezNuts is now force merging
[ERROR][14:14:55] [Tracker][ogar-tracker.tk]: statusCode = 403
[ERROR][14:14:59] [Tracker][c0nsume.me]: statusCode = 400
[ERROR][14:14:59] [Tracker][ogar-tracker.tk]: statusCode = 403
[ERROR][14:14:59] [Tracker][ogar-tracker.tk]: statusCode = 403
[ERROR][14:14:59] [Tracker][c0nsume.me]: statusCode = 400
[ERROR][14:14:59] [Tracker][ogar-tracker.tk]: statusCode = 403
[ERROR][14:14:59] [Tracker][ogar-tracker.tk]: statusCode = 403
[ERROR][14:14:59] [Tracker][c0nsume.me]: statusCode = 400
[ERROR][14:15:00] [Tracker][ogar-tracker.tk]: Error: connect ETIMEDOUT 195.20.46.84:80
[ERROR][14:15:00] [Tracker][ogar-tracker.tk]: Error: connect ETIMEDOUT 195.20.46.84:80
[ERROR][14:15:02] [Tracker][c0nsume.me]: statusCode = 400
[ERROR][14:15:11] [Tracker][c0nsume.me]: statusCode = 400
[ERROR][14:15:11] [Tracker][ogar-tracker.tk]: statusCode = 403
[ERROR][14:15:11] [Tracker][c0nsume.me]: statusCode = 400
[ERROR][14:15:11] [Tracker][ogar-tracker.tk]: statusCode = 403
[ERROR][14:15:11] [Tracker][c0nsume.me]: statusCode = 400
[ERROR][14:15:11] [Tracker][ogar-tracker.tk]: statusCode = 403
[ERROR][14:15:11] [Tracker][c0nsume.me]: statusCode = 400
[ERROR][14:15:11] [Tracker][ogar-tracker.tk]: statusCode = 403
[ERROR][14:15:22] [Tracker][c0nsume.me]: statusCode = 400
[ERROR][14:15:22] [Tracker][ogar-tracker.tk]: statusCode = 403
[ERROR][14:15:22] [Tracker][c0nsume.me]: statusCode = 400
[ERROR][14:15:22] [Tracker][ogar-tracker.tk]: statusCode = 403
[ERROR][14:15:22] [Tracker][c0nsume.me]: statusCode = 400
[ERROR][14:15:22] [Tracker][ogar-tracker.tk]: statusCode = 403
[ERROR][14:15:23] [Tracker][c0nsume.me]: statusCode = 400
[ERROR][14:15:34] [Tracker][c0nsume.me]: statusCode = 400
[ERROR][14:15:34] [Tracker][c0nsume.me]: statusCode = 400
[ERROR][14:15:34] [Tracker][ogar-tracker.tk]: statusCode = 403
[ERROR][14:15:35] [Tracker][c0nsume.me]: statusCode = 400
[ERROR][14:15:35] [Tracker][c0nsume.me]: statusCode = 400
[ERROR][14:15:35] [Tracker][ogar-tracker.tk]: statusCode = 403
[ERROR][14:15:38] [Tracker][ogar-tracker.tk]: statusCode = 403
[ERROR][14:15:47] [Tracker][c0nsume.me]: statusCode = 400
[ERROR][14:15:47] [Tracker][c0nsume.me]: statusCode = 400
[ERROR][14:15:47] [Tracker][c0nsume.me]: statusCode = 400
[ERROR][14:15:47] [Tracker][c0nsume.me]: statusCode = 400
[ERROR][14:15:48] [Tracker][ogar-tracker.tk]: statusCode = 403
[ERROR][14:15:48] [Tracker][ogar-tracker.tk]: statusCode = 403
[ERROR][14:15:53] [Tracker][ogar-tracker.tk]: Error: connect ETIMEDOUT 195.20.46.84:80
[ERROR][14:15:57] [Tracker][c0nsume.me]: statusCode = 400
[ERROR][14:15:57] [Tracker][ogar-tracker.tk]: statusCode = 403
[ERROR][14:15:57] [Tracker][c0nsume.me]: statusCode = 400
[ERROR][14:15:57] [Tracker][c0nsume.me]: statusCode = 400
[ERROR][14:15:57] [Tracker][ogar-tracker.tk]: statusCode = 403
[ERROR][14:15:57] [Tracker][c0nsume.me]: statusCode = 400
[ERROR][14:15:58] [Tracker][ogar-tracker.tk]: statusCode = 403
[ERROR][14:16:02] [Tracker][ogar-tracker.tk]: statusCode = 403
[ERROR][14:16:02] [Tracker][ogar-tracker.tk]: statusCode = 403
[ERROR][14:16:05] [Tracker][ogar-tracker.tk]: Error: connect ETIMEDOUT 195.20.46.84:80
[ERROR][14:16:08] [Tracker][c0nsume.me]: statusCode = 400
[ERROR][14:16:08] [Tracker][ogar-tracker.tk]: statusCode = 403
[ERROR][14:16:08] [Tracker][ogar-tracker.tk]: statusCode = 403
[ERROR][14:16:08] [Tracker][c0nsume.me]: statusCode = 400
[ERROR][14:16:09] [Tracker][ogar-tracker.tk]: statusCode = 403
[ERROR][14:16:09] [Tracker][c0nsume.me]: statusCode = 400
[ERROR][14:16:09] [Tracker][c0nsume.me]: statusCode = 400
[ERROR][14:16:09] [Tracker][ogar-tracker.tk]: statusCode = 403
[ERROR][14:16:20] [Tracker][c0nsume.me]: statusCode = 400
[ERROR][14:16:21] [Tracker][c0nsume.me]: statusCode = 400
[ERROR][14:16:21] [Tracker][ogar-tracker.tk]: statusCode = 403
[ERROR][14:16:21] [Tracker][ogar-tracker.tk]: statusCode = 403
[ERROR][14:16:21] [Tracker][c0nsume.me]: statusCode = 400
[ERROR][14:16:21] [Tracker][c0nsume.me]: statusCode = 400
[ERROR][14:16:21] [Tracker][ogar-tracker.tk]: statusCode = 403
[ERROR][14:16:28] [Tracker][ogar-tracker.tk]: Error: connect ETIMEDOUT 195.20.46.84:80
[ERROR][14:16:31] [Tracker][ogar-tracker.tk]: statusCode = 403
[ERROR][14:16:31] [Tracker][c0nsume.me]: statusCode = 400
[ERROR][14:16:31] [Tracker][ogar-tracker.tk]: statusCode = 403
[ERROR][14:16:31] [Tracker][ogar-tracker.tk]: statusCode = 403
[ERROR][14:16:31] [Tracker][c0nsume.me]: statusCode = 400
[ERROR][14:16:32] [Tracker][c0nsume.me]: statusCode = 400
[ERROR][14:16:32] [Tracker][c0nsume.me]: statusCode = 400
[ERROR][14:16:43] [Tracker][c0nsume.me]: statusCode = 400
[ERROR][14:16:43] [Tracker][c0nsume.me]: statusCode = 400
[ERROR][14:16:43] [Tracker][c0nsume.me]: statusCode = 400
[ERROR][14:16:43] [Tracker][c0nsume.me]: statusCode = 400
[ERROR][14:16:44] [Tracker][ogar-tracker.tk]: statusCode = 403
[ERROR][14:16:50] [Tracker][ogar-tracker.tk]: statusCode = 403
[ERROR][14:16:51] [Tracker][ogar-tracker.tk]: Error: connect ETIMEDOUT 195.20.46.84:80
[ERROR][14:16:54] [Tracker][c0nsume.me]: statusCode = 400
[ERROR][14:16:54] [Tracker][c0nsume.me]: statusCode = 400
[ERROR][14:16:55] [Tracker][c0nsume.me]: statusCode = 400
[ERROR][14:16:55] [Tracker][ogar-tracker.tk]: statusCode = 403
[ERROR][14:16:55] [Tracker][c0nsume.me]: statusCode = 400
[ERROR][14:16:56] [Tracker][ogar-tracker.tk]: statusCode = 403
[ERROR][14:17:03] [Tracker][ogar-tracker.tk]: Error: connect ETIMEDOUT 195.20.46.84:80
[ERROR][14:17:06] [Tracker][c0nsume.me]: statusCode = 400
[ERROR][14:17:06] [Tracker][ogar-tracker.tk]: statusCode = 403
[ERROR][14:17:06] [Tracker][c0nsume.me]: statusCode = 400
[ERROR][14:17:06] [Tracker][c0nsume.me]: statusCode = 400
[ERROR][14:17:06] [Tracker][c0nsume.me]: statusCode = 400
[ERROR][14:17:09] [Tracker][ogar-tracker.tk]: statusCode = 403
[ERROR][14:17:09] [Tracker][ogar-tracker.tk]: statusCode = 403
[ERROR][14:17:09] [Tracker][ogar-tracker.tk]: statusCode = 403
[ERROR][14:17:09] [Tracker][ogar-tracker.tk]: statusCode = 403
[ERROR][14:17:14] [Tracker][ogar-tracker.tk]: Error: connect ETIMEDOUT 195.20.46.84:80
[ERROR][14:17:14] [Tracker][ogar-tracker.tk]: Error: connect ETIMEDOUT 195.20.46.84:80
[ERROR][14:17:17] [Tracker][c0nsume.me]: statusCode = 400
[ERROR][14:17:17] [Tracker][ogar-tracker.tk]: statusCode = 403
[ERROR][14:17:18] [Tracker][c0nsume.me]: statusCode = 400
[ERROR][14:17:18] [Tracker][c0nsume.me]: statusCode = 400
[ERROR][14:17:18] [Tracker][c0nsume.me]: statusCode = 400
[ERROR][14:17:18] [Tracker][ogar-tracker.tk]: statusCode = 403
[ERROR][14:17:25] [Tracker][ogar-tracker.tk]: Error: connect ETIMEDOUT 195.20.46.84:80
[ERROR][14:17:29] [Tracker][c0nsume.me]: statusCode = 400
[ERROR][14:17:29] [Tracker][c0nsume.me]: statusCode = 400
[ERROR][14:17:29] [Tracker][ogar-tracker.tk]: statusCode = 403
[ERROR][14:17:29] [Tracker][ogar-tracker.tk]: statusCode = 403
[ERROR][14:17:29] [Tracker][c0nsume.me]: statusCode = 400
[ERROR][14:17:29] [Tracker][ogar-tracker.tk]: statusCode = 403
[ERROR][14:17:29] [Tracker][c0nsume.me]: statusCode = 400
[ERROR][14:17:40] [Tracker][c0nsume.me]: statusCode = 400
[ERROR][14:17:40] [Tracker][ogar-tracker.tk]: statusCode = 403
[ERROR][14:17:41] [Tracker][c0nsume.me]: statusCode = 400
[ERROR][14:17:41] [Tracker][ogar-tracker.tk]: statusCode = 403
[ERROR][14:17:41] [Tracker][c0nsume.me]: statusCode = 400
[ERROR][14:17:41] [Tracker][c0nsume.me]: statusCode = 400
[ERROR][14:17:44] [Tracker][ogar-tracker.tk]: statusCode = 403
[ERROR][14:17:48] [Tracker][ogar-tracker.tk]: Error: connect ETIMEDOUT 195.20.46.84:80
[ERROR][14:17:49] [Tracker][ogar-tracker.tk]: Error: connect ETIMEDOUT 195.20.46.84:80
[ERROR][14:17:52] [Tracker][c0nsume.me]: statusCode = 400
[ERROR][14:17:52] [Tracker][c0nsume.me]: statusCode = 400
[ERROR][14:17:52] [Tracker][c0nsume.me]: statusCode = 400
[ERROR][14:17:52] [Tracker][c0nsume.me]: statusCode = 400
[ERROR][14:17:53] [Tracker][ogar-tracker.tk]: statusCode = 403
[ERROR][14:17:53] [Tracker][ogar-tracker.tk]: statusCode = 403
[ERROR][14:17:55] [Tracker][ogar-tracker.tk]: statusCode = 403
[ERROR][14:17:55] [Tracker][ogar-tracker.tk]: statusCode = 403
[ERROR][14:18:03] [Tracker][c0nsume.me]: statusCode = 400
[ERROR][14:18:03] [Tracker][ogar-tracker.tk]: statusCode = 403
[ERROR][14:18:04] [Tracker][c0nsume.me]: statusCode = 400
[ERROR][14:18:04] [Tracker][ogar-tracker.tk]: statusCode = 403
[ERROR][14:18:04] [Tracker][c0nsume.me]: statusCode = 400
[ERROR][14:18:04] [Tracker][c0nsume.me]: statusCode = 400
[ERROR][14:18:04] [Tracker][ogar-tracker.tk]: statusCode = 403
[ERROR][14:18:12] [Tracker][ogar-tracker.tk]: Error: connect ETIMEDOUT 195.20.46.84:80
[ERROR][14:18:12] [Tracker][ogar-tracker.tk]: Error: connect ETIMEDOUT 195.20.46.84:80
[ERROR][14:18:15] [Tracker][c0nsume.me]: statusCode = 400
[ERROR][14:18:15] [Tracker][ogar-tracker.tk]: statusCode = 403
[ERROR][14:18:15] [Tracker][ogar-tracker.tk]: statusCode = 403
[ERROR][14:18:15] [Tracker][c0nsume.me]: statusCode = 400
[ERROR][14:18:15] [Tracker][c0nsume.me]: statusCode = 400
[ERROR][14:18:15] [Tracker][ogar-tracker.tk]: statusCode = 403
[ERROR][14:18:15] [Tracker][c0nsume.me]: statusCode = 400
[ERROR][14:18:27] [Tracker][c0nsume.me]: statusCode = 400
[ERROR][14:18:27] [Tracker][ogar-tracker.tk]: statusCode = 403
[NONE ][14:18:27] >exit
[WARN ][14:18:27] Closing server...
[DEBUG][14:18:27] process.exit(1)
=== Shutdown 2017-09-10T14-18-27-102 ===
