=== Started 2016-11-28T19-42-28-210 ===
[INFO ][19:42:28] 0 IP ban records loaded.
[WARN ][19:42:28] User account "Local Administrator" disabled
[WARN ][19:42:28] User account "Local Moderator" disabled
[WARN ][19:42:28] User account "Local User" disabled
[INFO ][19:42:28] 0 user records loaded.
[INFO ][19:42:28] 25 bad words loaded
[INFO ][19:42:28] [1m[32mMultiOgar-Edited 1.3.7[37m - An open source multi-protocol ogar server[0m
[INFO ][19:42:28] WebSocket: ws
[INFO ][19:42:28] Started stats server on port 88
[INFO ][19:42:28] Listening on port 777
[INFO ][19:42:28] Current game mode is Free For All
[NONE ][19:42:41] CONNECTED    127.0.0.1:64997, origin: "http://astr.io"
[NONE ][19:42:54] >minion 1 500 </random?
[NONE ][19:42:54] Added 500 minions for MineMoore
[NONE ][19:43:32] DISCONNECTED 127.0.0.1:64997, code: 1001, reason: "", name: "MineMoore"
[NONE ][19:43:43] CONNECTED    127.0.0.1:65131, origin: "http://agar.io"
[NONE ][19:43:55] >playerlist
[NONE ][19:43:55] Current players: 17
[NONE ][19:43:55] Do "playerlist m" or "pl m" to list minions
[NONE ][19:43:55]  ID     | IP              | P | NICK            | CELLS | SCORE  | POSITION    
[NONE ][19:43:55] -------------------------------------------------------------------------------
[NONE ][19:43:55]       1 | 127.0.0.1       | 6 | [DISCONNECTED] [1001] 
[NONE ][19:43:55]     517 | 127.0.0.1       | 9 | MineMoore       |     1 |     55 |  1975,  7033
[NONE ][19:44:03] >minion 517 500 </random>
[NONE ][19:44:03] Added 500 minions for MineMoore
[NONE ][19:44:23] >minion 517 500 < /random >
[NONE ][19:44:23] Added 500 minions for MineMoore
[NONE ][19:45:10] >gamemode 5
[WARN ][19:45:10] Invalid Command!
