=== Started 2016-11-28T20-21-34-832 ===
[INFO ][20:21:34] 0 IP ban records loaded.
[WARN ][20:21:34] User account "Local Administrator" disabled
[WARN ][20:21:34] User account "Local Moderator" disabled
[WARN ][20:21:34] User account "Local User" disabled
[INFO ][20:21:34] 0 user records loaded.
[INFO ][20:21:34] 25 bad words loaded
[INFO ][20:21:34] [1m[32mMultiOgar-Edited 1.3.7[37m - An open source multi-protocol ogar server Credit to MineMoore and MegaByte918[0m
[INFO ][20:21:34] WebSocket: ws
[INFO ][20:21:34] Started stats server on port 88
[INFO ][20:21:34] Listening on port 777
[INFO ][20:21:34] Current game mode is Free For All
[NONE ][20:21:47] CONNECTED    127.0.0.1:53823, origin: "http://agar.io"
[NONE ][20:21:59] >playerlist
[NONE ][20:21:59] Current players: 16
[NONE ][20:21:59] Do "playerlist m" or "pl m" to list minions
[NONE ][20:21:59]  ID     | IP              | P | NICK            | CELLS | SCORE  | POSITION    
[NONE ][20:21:59] -------------------------------------------------------------------------------
[NONE ][20:21:59]       1 | 127.0.0.1       | 9 | MineMoore++     |     1 |     42 | -6013,  7038
[NONE ][20:22:04] >minion 1 500 <r>MineMoore
[NONE ][20:22:05] Added 500 minions for MineMoore++
[NONE ][20:22:49] DISCONNECTED 127.0.0.1:53823, code: 1006, reason: "", name: "MineMoore++"
