=== Started 2017-09-10T17-22-40-099 ===
[INFO ][17:22:40] [1m[32mMultiOgar 1.3.7[37m - An open source multi-protocol ogar server[0m
[ERROR][17:22:40] Unknown gameserver.ini value: serverVersionCode
[ERROR][17:22:40] Unknown gameserver.ini value: separateChatForTeams
[ERROR][17:22:40] Unknown gameserver.ini value: ejectDistance
[ERROR][17:22:40] Unknown gameserver.ini value: tourneyMaxPlayers
[ERROR][17:22:40] Unknown gameserver.ini value: tourneyPrepTime
[ERROR][17:22:40] Unknown gameserver.ini value: tourneyEndTime
[ERROR][17:22:40] Unknown gameserver.ini value: tourneyTimeLimit
[ERROR][17:22:40] Unknown gameserver.ini value: tourneyAutoFill
[ERROR][17:22:40] Unknown gameserver.ini value: tourneyAutoFillPlayers
[INFO ][17:22:40] 0 IP ban records loaded.
[WARN ][17:22:40] User account "Local Administrator" disabled
[WARN ][17:22:40] User account "Local Moderator" disabled
[WARN ][17:22:40] User account "Local User" disabled
[INFO ][17:22:40] 0 user records loaded.
[INFO ][17:22:40] 25 bad words loaded
[INFO ][17:22:40] WebSocket: ws
[INFO ][17:22:40] Started stats server on port 9999
[INFO ][17:22:40] Listening on port 1111
[INFO ][17:22:40] Current game mode is Experimental
[ERROR][17:22:40] [Tracker][c0nsume.me]: statusCode = 400
[ERROR][17:22:40] [Tracker][ogar-tracker.tk]: statusCode = 403
[ERROR][17:22:40] [Tracker][ogar-tracker.tk]: statusCode = 403
[ERROR][17:22:40] [Tracker][ogar-tracker.tk]: statusCode = 403
[ERROR][17:22:40] [Tracker][c0nsume.me]: statusCode = 400
[ERROR][17:22:40] [Tracker][c0nsume.me]: statusCode = 400
[ERROR][17:22:40] [Tracker][ogar-tracker.tk]: statusCode = 403
[ERROR][17:22:40] [Tracker][c0nsume.me]: statusCode = 400
[ERROR][17:22:52] [Tracker][c0nsume.me]: statusCode = 400
[ERROR][17:22:52] [Tracker][ogar-tracker.tk]: statusCode = 403
[ERROR][17:22:52] [Tracker][c0nsume.me]: statusCode = 400
[ERROR][17:22:52] [Tracker][ogar-tracker.tk]: statusCode = 403
[ERROR][17:22:52] [Tracker][ogar-tracker.tk]: statusCode = 403
[ERROR][17:22:52] [Tracker][c0nsume.me]: statusCode = 400
[ERROR][17:22:52] [Tracker][ogar-tracker.tk]: statusCode = 403
[ERROR][17:22:52] [Tracker][c0nsume.me]: statusCode = 400
[NONE ][17:22:57] CONNECTED    127.0.0.1:58595, origin: "undefined"
[ERROR][17:23:03] [Tracker][c0nsume.me]: statusCode = 400
[ERROR][17:23:03] [Tracker][ogar-tracker.tk]: statusCode = 403
[ERROR][17:23:03] [Tracker][c0nsume.me]: statusCode = 400
[ERROR][17:23:03] [Tracker][ogar-tracker.tk]: statusCode = 403
[ERROR][17:23:03] [Tracker][ogar-tracker.tk]: statusCode = 403
[ERROR][17:23:03] [Tracker][c0nsume.me]: statusCode = 400
[ERROR][17:23:03] [Tracker][ogar-tracker.tk]: statusCode = 403
[ERROR][17:23:03] [Tracker][c0nsume.me]: statusCode = 400
[ERROR][17:23:15] [Tracker][c0nsume.me]: statusCode = 400
[ERROR][17:23:15] [Tracker][ogar-tracker.tk]: statusCode = 403
[ERROR][17:23:15] [Tracker][c0nsume.me]: statusCode = 400
[ERROR][17:23:15] [Tracker][ogar-tracker.tk]: statusCode = 403
[ERROR][17:23:15] [Tracker][c0nsume.me]: statusCode = 400
[ERROR][17:23:15] [Tracker][ogar-tracker.tk]: statusCode = 403
[ERROR][17:23:15] [Tracker][c0nsume.me]: statusCode = 400
[ERROR][17:23:26] [Tracker][c0nsume.me]: statusCode = 400
[ERROR][17:23:26] [Tracker][ogar-tracker.tk]: statusCode = 403
[ERROR][17:23:26] [Tracker][ogar-tracker.tk]: statusCode = 403
[ERROR][17:23:26] [Tracker][c0nsume.me]: statusCode = 400
[ERROR][17:23:26] [Tracker][ogar-tracker.tk]: statusCode = 403
[ERROR][17:23:26] [Tracker][c0nsume.me]: statusCode = 400
[ERROR][17:23:26] [Tracker][ogar-tracker.tk]: statusCode = 403
[ERROR][17:23:26] [Tracker][c0nsume.me]: statusCode = 400
[ERROR][17:23:38] [Tracker][c0nsume.me]: statusCode = 400
[ERROR][17:23:38] [Tracker][ogar-tracker.tk]: statusCode = 403
[ERROR][17:23:38] [Tracker][ogar-tracker.tk]: statusCode = 403
[ERROR][17:23:38] [Tracker][c0nsume.me]: statusCode = 400
[ERROR][17:23:38] [Tracker][c0nsume.me]: statusCode = 400
[ERROR][17:23:38] [Tracker][ogar-tracker.tk]: statusCode = 403
[ERROR][17:23:38] [Tracker][ogar-tracker.tk]: statusCode = 403
[ERROR][17:23:38] [Tracker][c0nsume.me]: statusCode = 400
[ERROR][17:23:46] [Tracker][ogar-tracker.tk]: Error: connect ETIMEDOUT 195.20.46.84:80
[ERROR][17:23:49] [Tracker][c0nsume.me]: statusCode = 400
[ERROR][17:23:49] [Tracker][ogar-tracker.tk]: statusCode = 403
[ERROR][17:23:49] [Tracker][ogar-tracker.tk]: statusCode = 403
[ERROR][17:23:49] [Tracker][c0nsume.me]: statusCode = 400
[ERROR][17:23:49] [Tracker][c0nsume.me]: statusCode = 400
[ERROR][17:23:49] [Tracker][ogar-tracker.tk]: statusCode = 403
[ERROR][17:23:49] [Tracker][c0nsume.me]: statusCode = 400
[ERROR][17:24:01] [Tracker][c0nsume.me]: statusCode = 400
[ERROR][17:24:01] [Tracker][c0nsume.me]: statusCode = 400
[ERROR][17:24:01] [Tracker][c0nsume.me]: statusCode = 400
[ERROR][17:24:01] [Tracker][ogar-tracker.tk]: statusCode = 403
[ERROR][17:24:01] [Tracker][ogar-tracker.tk]: statusCode = 403
[ERROR][17:24:01] [Tracker][c0nsume.me]: statusCode = 400
[ERROR][17:24:02] [Tracker][ogar-tracker.tk]: statusCode = 403
[ERROR][17:24:04] [Tracker][ogar-tracker.tk]: statusCode = 403
[ERROR][17:24:12] [Tracker][c0nsume.me]: statusCode = 400
[ERROR][17:24:12] [Tracker][ogar-tracker.tk]: statusCode = 403
[ERROR][17:24:12] [Tracker][c0nsume.me]: statusCode = 400
[ERROR][17:24:12] [Tracker][ogar-tracker.tk]: statusCode = 403
[ERROR][17:24:12] [Tracker][ogar-tracker.tk]: statusCode = 403
[ERROR][17:24:12] [Tracker][c0nsume.me]: statusCode = 400
[ERROR][17:24:12] [Tracker][c0nsume.me]: statusCode = 400
[ERROR][17:24:12] [Tracker][ogar-tracker.tk]: statusCode = 403
[ERROR][17:24:20] [Tracker][ogar-tracker.tk]: Error: connect ETIMEDOUT 195.20.46.84:80
[ERROR][17:24:24] [Tracker][c0nsume.me]: statusCode = 400
[ERROR][17:24:24] [Tracker][ogar-tracker.tk]: statusCode = 403
[ERROR][17:24:24] [Tracker][ogar-tracker.tk]: statusCode = 403
[ERROR][17:24:24] [Tracker][c0nsume.me]: statusCode = 400
[ERROR][17:24:24] [Tracker][c0nsume.me]: statusCode = 400
[ERROR][17:24:24] [Tracker][ogar-tracker.tk]: statusCode = 403
[ERROR][17:24:24] [Tracker][c0nsume.me]: statusCode = 400
[ERROR][17:24:24] [Tracker][ogar-tracker.tk]: statusCode = 403
[ERROR][17:24:35] [Tracker][c0nsume.me]: statusCode = 400
[ERROR][17:24:35] [Tracker][ogar-tracker.tk]: statusCode = 403
[ERROR][17:24:35] [Tracker][c0nsume.me]: statusCode = 400
[ERROR][17:24:35] [Tracker][ogar-tracker.tk]: statusCode = 403
[ERROR][17:24:35] [Tracker][ogar-tracker.tk]: statusCode = 403
[ERROR][17:24:35] [Tracker][c0nsume.me]: statusCode = 400
[ERROR][17:24:36] [Tracker][c0nsume.me]: statusCode = 400
[ERROR][17:24:36] [Tracker][ogar-tracker.tk]: statusCode = 403
[ERROR][17:24:47] [Tracker][c0nsume.me]: statusCode = 400
[ERROR][17:24:47] [Tracker][ogar-tracker.tk]: statusCode = 403
[ERROR][17:24:47] [Tracker][c0nsume.me]: statusCode = 400
[ERROR][17:24:47] [Tracker][ogar-tracker.tk]: statusCode = 403
[ERROR][17:24:47] [Tracker][ogar-tracker.tk]: statusCode = 403
[ERROR][17:24:47] [Tracker][c0nsume.me]: statusCode = 400
[ERROR][17:24:47] [Tracker][c0nsume.me]: statusCode = 400
[ERROR][17:24:58] [Tracker][c0nsume.me]: statusCode = 400
[ERROR][17:24:58] [Tracker][ogar-tracker.tk]: statusCode = 403
[ERROR][17:24:58] [Tracker][ogar-tracker.tk]: statusCode = 403
[ERROR][17:24:58] [Tracker][c0nsume.me]: statusCode = 400
[ERROR][17:24:58] [Tracker][c0nsume.me]: statusCode = 400
[ERROR][17:24:59] [Tracker][ogar-tracker.tk]: statusCode = 403
[ERROR][17:24:59] [Tracker][c0nsume.me]: statusCode = 400
[ERROR][17:24:59] [Tracker][ogar-tracker.tk]: statusCode = 403
[NONE ][17:25:03] DISCONNECTED 127.0.0.1:58595, code: 1006, reason: "undefined", name: "DeezNuts"
[ERROR][17:25:10] [Tracker][c0nsume.me]: statusCode = 400
[ERROR][17:25:10] [Tracker][ogar-tracker.tk]: statusCode = 403
[ERROR][17:25:10] [Tracker][c0nsume.me]: statusCode = 400
[ERROR][17:25:10] [Tracker][ogar-tracker.tk]: statusCode = 403
[ERROR][17:25:10] [Tracker][c0nsume.me]: statusCode = 400
[ERROR][17:25:10] [Tracker][c0nsume.me]: statusCode = 400
[ERROR][17:25:18] [Tracker][ogar-tracker.tk]: Error: connect ETIMEDOUT 195.20.46.84:80
[ERROR][17:25:21] [Tracker][c0nsume.me]: statusCode = 400
[ERROR][17:25:21] [Tracker][ogar-tracker.tk]: statusCode = 403
[ERROR][17:25:21] [Tracker][c0nsume.me]: statusCode = 400
[ERROR][17:25:22] [Tracker][ogar-tracker.tk]: statusCode = 403
[ERROR][17:25:22] [Tracker][c0nsume.me]: statusCode = 400
[ERROR][17:25:22] [Tracker][ogar-tracker.tk]: statusCode = 403
[ERROR][17:25:22] [Tracker][c0nsume.me]: statusCode = 400
[ERROR][17:25:33] [Tracker][c0nsume.me]: statusCode = 400
[ERROR][17:25:33] [Tracker][ogar-tracker.tk]: statusCode = 403
[ERROR][17:25:33] [Tracker][ogar-tracker.tk]: statusCode = 403
[ERROR][17:25:33] [Tracker][c0nsume.me]: statusCode = 400
[ERROR][17:25:33] [Tracker][ogar-tracker.tk]: statusCode = 403
[ERROR][17:25:33] [Tracker][c0nsume.me]: statusCode = 400
[ERROR][17:25:33] [Tracker][c0nsume.me]: statusCode = 400
[ERROR][17:25:33] [Tracker][ogar-tracker.tk]: statusCode = 403
[ERROR][17:25:41] [Tracker][ogar-tracker.tk]: Error: connect ETIMEDOUT 195.20.46.84:80
[ERROR][17:25:41] [Tracker][ogar-tracker.tk]: Error: connect ETIMEDOUT 195.20.46.84:80
[ERROR][17:25:44] [Tracker][c0nsume.me]: statusCode = 400
[ERROR][17:25:44] [Tracker][ogar-tracker.tk]: statusCode = 403
[ERROR][17:25:44] [Tracker][c0nsume.me]: statusCode = 400
[ERROR][17:25:45] [Tracker][c0nsume.me]: statusCode = 400
[ERROR][17:25:45] [Tracker][ogar-tracker.tk]: statusCode = 403
[ERROR][17:25:45] [Tracker][c0nsume.me]: statusCode = 400
[NONE ][17:25:51] >exit
[WARN ][17:25:51] Closing server...
[DEBUG][17:25:51] process.exit(1)
=== Shutdown 2017-09-10T17-25-51-862 ===
