=== Started 2017-09-10T14-09-47-504 ===
[INFO ][14:09:47] [1m[32mMultiOgar 1.3.7[37m - An open source multi-protocol ogar server[0m
[ERROR][14:09:47] Unknown gameserver.ini value: serverVersionCode
[ERROR][14:09:47] Unknown gameserver.ini value: separateChatForTeams
[ERROR][14:09:47] Unknown gameserver.ini value: ejectDistance
[ERROR][14:09:47] Unknown gameserver.ini value: tourneyMaxPlayers
[ERROR][14:09:47] Unknown gameserver.ini value: tourneyPrepTime
[ERROR][14:09:47] Unknown gameserver.ini value: tourneyEndTime
[ERROR][14:09:47] Unknown gameserver.ini value: tourneyTimeLimit
[ERROR][14:09:47] Unknown gameserver.ini value: tourneyAutoFill
[ERROR][14:09:47] Unknown gameserver.ini value: tourneyAutoFillPlayers
[INFO ][14:09:47] 0 IP ban records loaded.
[WARN ][14:09:47] User account "Local Administrator" disabled
[WARN ][14:09:47] User account "Local Moderator" disabled
[WARN ][14:09:47] User account "Local User" disabled
[INFO ][14:09:47] 0 user records loaded.
[INFO ][14:09:47] 25 bad words loaded
[INFO ][14:09:47] WebSocket: ws
[INFO ][14:09:47] Started stats server on port 9999
[INFO ][14:09:47] Listening on port 1111
[INFO ][14:09:47] Current game mode is Free For All
[ERROR][14:09:48] [Tracker][c0nsume.me]: statusCode = 400
[ERROR][14:09:48] [Tracker][ogar-tracker.tk]: statusCode = 403
[ERROR][14:09:48] [Tracker][ogar-tracker.tk]: statusCode = 403
[ERROR][14:09:48] [Tracker][ogar-tracker.tk]: statusCode = 403
[ERROR][14:09:48] [Tracker][c0nsume.me]: statusCode = 400
[ERROR][14:09:48] [Tracker][c0nsume.me]: statusCode = 400
[ERROR][14:09:48] [Tracker][ogar-tracker.tk]: statusCode = 403
[ERROR][14:09:48] [Tracker][c0nsume.me]: statusCode = 400
[ERROR][14:09:59] [Tracker][c0nsume.me]: statusCode = 400
[ERROR][14:09:59] [Tracker][ogar-tracker.tk]: statusCode = 403
[ERROR][14:09:59] [Tracker][ogar-tracker.tk]: statusCode = 403
[ERROR][14:09:59] [Tracker][c0nsume.me]: statusCode = 400
[ERROR][14:09:59] [Tracker][ogar-tracker.tk]: statusCode = 403
[ERROR][14:09:59] [Tracker][c0nsume.me]: statusCode = 400
[ERROR][14:09:59] [Tracker][ogar-tracker.tk]: statusCode = 403
[ERROR][14:09:59] [Tracker][c0nsume.me]: statusCode = 400
[NONE ][14:10:05] CONNECTED    127.0.0.1:52756, origin: "undefined"
[FATAL][14:10:06] TypeError: this.gameServer.getTick is not a function
    at Cell.PlayerCell.updateRemerge (/storage/emulated/0/Android/data/com.termux/BlobServer/src/entity/PlayerCell.js:16:43)
    at GameServer.mainLoop (/storage/emulated/0/Android/data/com.termux/BlobServer/src/GameServer.js:752:23)
    at ontimeout (timers.js:386:14)
    at tryOnTimeout (timers.js:250:5)
    at Timer.listOnTimeout (timers.js:214:5)
[DEBUG][14:10:06] process.exit(1)
=== Shutdown 2017-09-10T14-10-06-939 ===
