=== Started 2017-09-10T16-07-34-632 ===
[INFO ][16:07:34] [1m[32mMultiOgar 1.3.7[37m - An open source multi-protocol ogar server[0m
[ERROR][16:07:34] Unknown gameserver.ini value: serverVersionCode
[ERROR][16:07:34] Unknown gameserver.ini value: separateChatForTeams
[ERROR][16:07:34] Unknown gameserver.ini value: ejectDistance
[ERROR][16:07:34] Unknown gameserver.ini value: tourneyMaxPlayers
[ERROR][16:07:34] Unknown gameserver.ini value: tourneyPrepTime
[ERROR][16:07:34] Unknown gameserver.ini value: tourneyEndTime
[ERROR][16:07:34] Unknown gameserver.ini value: tourneyTimeLimit
[ERROR][16:07:34] Unknown gameserver.ini value: tourneyAutoFill
[ERROR][16:07:34] Unknown gameserver.ini value: tourneyAutoFillPlayers
[INFO ][16:07:34] 0 IP ban records loaded.
[WARN ][16:07:34] User account "Local Administrator" disabled
[WARN ][16:07:34] User account "Local Moderator" disabled
[WARN ][16:07:34] User account "Local User" disabled
[INFO ][16:07:34] 0 user records loaded.
[INFO ][16:07:34] 25 bad words loaded
[INFO ][16:07:34] WebSocket: ws
[INFO ][16:07:34] Started stats server on port 9999
[INFO ][16:07:34] Listening on port 1111
[INFO ][16:07:34] Current game mode is Experimental
[ERROR][16:07:35] [Tracker][ogar-tracker.tk]: statusCode = 403
[ERROR][16:07:35] [Tracker][ogar-tracker.tk]: statusCode = 403
[ERROR][16:07:35] [Tracker][c0nsume.me]: statusCode = 400
[ERROR][16:07:35] [Tracker][c0nsume.me]: statusCode = 400
[ERROR][16:07:35] [Tracker][c0nsume.me]: statusCode = 400
[ERROR][16:07:35] [Tracker][ogar-tracker.tk]: statusCode = 403
[ERROR][16:07:35] [Tracker][ogar-tracker.tk]: statusCode = 403
[ERROR][16:07:35] [Tracker][c0nsume.me]: statusCode = 400
[ERROR][16:07:46] [Tracker][c0nsume.me]: statusCode = 400
[ERROR][16:07:46] [Tracker][ogar-tracker.tk]: statusCode = 403
[ERROR][16:07:46] [Tracker][ogar-tracker.tk]: statusCode = 403
[ERROR][16:07:46] [Tracker][c0nsume.me]: statusCode = 400
[ERROR][16:07:46] [Tracker][ogar-tracker.tk]: statusCode = 403
[ERROR][16:07:46] [Tracker][c0nsume.me]: statusCode = 400
[ERROR][16:07:46] [Tracker][ogar-tracker.tk]: statusCode = 403
[ERROR][16:07:46] [Tracker][c0nsume.me]: statusCode = 400
[ERROR][16:07:58] [Tracker][c0nsume.me]: statusCode = 400
[ERROR][16:07:58] [Tracker][ogar-tracker.tk]: statusCode = 403
[ERROR][16:07:58] [Tracker][ogar-tracker.tk]: statusCode = 403
[ERROR][16:07:58] [Tracker][c0nsume.me]: statusCode = 400
[NONE ][16:07:58] CONNECTED    127.0.0.1:34339, origin: "undefined"
[ERROR][16:07:58] [Tracker][c0nsume.me]: statusCode = 400
[ERROR][16:07:58] [Tracker][ogar-tracker.tk]: statusCode = 403
[ERROR][16:07:58] [Tracker][c0nsume.me]: statusCode = 400
[NONE ][16:08:08] DISCONNECTED 127.0.0.1:34339, code: 1000, reason: "", name: "DeezNuts"
[ERROR][16:08:09] [Tracker][c0nsume.me]: statusCode = 400
[ERROR][16:08:09] [Tracker][ogar-tracker.tk]: statusCode = 403
[ERROR][16:08:09] [Tracker][ogar-tracker.tk]: statusCode = 403
[ERROR][16:08:09] [Tracker][c0nsume.me]: statusCode = 400
[ERROR][16:08:09] [Tracker][ogar-tracker.tk]: statusCode = 403
[ERROR][16:08:09] [Tracker][c0nsume.me]: statusCode = 400
[ERROR][16:08:09] [Tracker][c0nsume.me]: statusCode = 400
[ERROR][16:08:13] [Tracker][ogar-tracker.tk]: statusCode = 403
[NONE ][16:08:14] CONNECTED    127.0.0.1:44545, origin: "undefined"
[NONE ][16:08:19] DISCONNECTED 127.0.0.1:44545, code: 1000, reason: "", name: "DeezNuts"
[ERROR][16:08:21] [Tracker][c0nsume.me]: statusCode = 400
[ERROR][16:08:21] [Tracker][ogar-tracker.tk]: statusCode = 403
[ERROR][16:08:21] [Tracker][ogar-tracker.tk]: statusCode = 403
[ERROR][16:08:21] [Tracker][c0nsume.me]: statusCode = 400
[ERROR][16:08:21] [Tracker][c0nsume.me]: statusCode = 400
[ERROR][16:08:21] [Tracker][ogar-tracker.tk]: statusCode = 403
[ERROR][16:08:21] [Tracker][ogar-tracker.tk]: statusCode = 403
[ERROR][16:08:21] [Tracker][c0nsume.me]: statusCode = 400
