=== Started 2017-09-10T17-25-56-349 ===
[INFO ][17:25:56] [1m[32mMultiOgar 1.3.7[37m - An open source multi-protocol ogar server[0m
[ERROR][17:25:56] Unknown gameserver.ini value: serverVersionCode
[ERROR][17:25:56] Unknown gameserver.ini value: separateChatForTeams
[ERROR][17:25:56] Unknown gameserver.ini value: ejectDistance
[ERROR][17:25:56] Unknown gameserver.ini value: tourneyMaxPlayers
[ERROR][17:25:56] Unknown gameserver.ini value: tourneyPrepTime
[ERROR][17:25:56] Unknown gameserver.ini value: tourneyEndTime
[ERROR][17:25:56] Unknown gameserver.ini value: tourneyTimeLimit
[ERROR][17:25:56] Unknown gameserver.ini value: tourneyAutoFill
[ERROR][17:25:56] Unknown gameserver.ini value: tourneyAutoFillPlayers
[INFO ][17:25:56] 0 IP ban records loaded.
[WARN ][17:25:56] User account "Local Administrator" disabled
[WARN ][17:25:56] User account "Local Moderator" disabled
[WARN ][17:25:56] User account "Local User" disabled
[INFO ][17:25:56] 0 user records loaded.
[INFO ][17:25:56] 25 bad words loaded
[INFO ][17:25:56] WebSocket: ws
[INFO ][17:25:56] Started stats server on port 9999
[INFO ][17:25:56] Listening on port 1111
[INFO ][17:25:56] Current game mode is Free For All
[ERROR][17:25:56] [Tracker][c0nsume.me]: statusCode = 400
[ERROR][17:25:56] [Tracker][ogar-tracker.tk]: statusCode = 403
[ERROR][17:25:56] [Tracker][ogar-tracker.tk]: statusCode = 403
[ERROR][17:25:56] [Tracker][ogar-tracker.tk]: statusCode = 403
[ERROR][17:25:56] [Tracker][c0nsume.me]: statusCode = 400
[ERROR][17:25:57] [Tracker][c0nsume.me]: statusCode = 400
[ERROR][17:25:57] [Tracker][ogar-tracker.tk]: statusCode = 403
[ERROR][17:25:57] [Tracker][c0nsume.me]: statusCode = 400
[ERROR][17:26:08] [Tracker][ogar-tracker.tk]: statusCode = 403
[ERROR][17:26:08] [Tracker][c0nsume.me]: statusCode = 400
[ERROR][17:26:08] [Tracker][ogar-tracker.tk]: statusCode = 403
[ERROR][17:26:08] [Tracker][c0nsume.me]: statusCode = 400
[ERROR][17:26:08] [Tracker][ogar-tracker.tk]: statusCode = 403
[ERROR][17:26:08] [Tracker][c0nsume.me]: statusCode = 400
[ERROR][17:26:08] [Tracker][ogar-tracker.tk]: statusCode = 403
[ERROR][17:26:08] [Tracker][c0nsume.me]: statusCode = 400
[ERROR][17:26:19] [Tracker][c0nsume.me]: statusCode = 400
[ERROR][17:26:19] [Tracker][ogar-tracker.tk]: statusCode = 403
[ERROR][17:26:19] [Tracker][ogar-tracker.tk]: statusCode = 403
[ERROR][17:26:19] [Tracker][c0nsume.me]: statusCode = 400
[ERROR][17:26:19] [Tracker][ogar-tracker.tk]: statusCode = 403
[ERROR][17:26:20] [Tracker][c0nsume.me]: statusCode = 400
[ERROR][17:26:20] [Tracker][c0nsume.me]: statusCode = 400
[ERROR][17:26:31] [Tracker][c0nsume.me]: statusCode = 400
[ERROR][17:26:31] [Tracker][ogar-tracker.tk]: statusCode = 403
[ERROR][17:26:31] [Tracker][ogar-tracker.tk]: statusCode = 403
[ERROR][17:26:31] [Tracker][c0nsume.me]: statusCode = 400
[ERROR][17:26:31] [Tracker][c0nsume.me]: statusCode = 400
[ERROR][17:26:31] [Tracker][ogar-tracker.tk]: statusCode = 403
[ERROR][17:26:31] [Tracker][c0nsume.me]: statusCode = 400
[ERROR][17:26:38] [Tracker][ogar-tracker.tk]: statusCode = 403
[ERROR][17:26:42] [Tracker][c0nsume.me]: statusCode = 400
[ERROR][17:26:42] [Tracker][ogar-tracker.tk]: statusCode = 403
[ERROR][17:26:42] [Tracker][c0nsume.me]: statusCode = 400
[ERROR][17:26:43] [Tracker][ogar-tracker.tk]: statusCode = 403
[ERROR][17:26:43] [Tracker][ogar-tracker.tk]: statusCode = 403
[ERROR][17:26:43] [Tracker][c0nsume.me]: statusCode = 400
[ERROR][17:26:43] [Tracker][ogar-tracker.tk]: statusCode = 403
[ERROR][17:26:43] [Tracker][c0nsume.me]: statusCode = 400
[NONE ][17:26:44] CONNECTED    127.0.0.1:34943, origin: "undefined"
[ERROR][17:26:51] [Tracker][ogar-tracker.tk]: Error: connect ETIMEDOUT 195.20.46.84:80
[ERROR][17:26:54] [Tracker][c0nsume.me]: statusCode = 400
[ERROR][17:26:54] [Tracker][c0nsume.me]: statusCode = 400
[ERROR][17:26:54] [Tracker][ogar-tracker.tk]: statusCode = 403
[ERROR][17:26:54] [Tracker][c0nsume.me]: statusCode = 400
[ERROR][17:26:54] [Tracker][ogar-tracker.tk]: statusCode = 403
[ERROR][17:26:54] [Tracker][c0nsume.me]: statusCode = 400
[ERROR][17:26:54] [Tracker][ogar-tracker.tk]: statusCode = 403
[ERROR][17:27:05] [Tracker][c0nsume.me]: statusCode = 400
[ERROR][17:27:05] [Tracker][c0nsume.me]: statusCode = 400
[ERROR][17:27:05] [Tracker][ogar-tracker.tk]: statusCode = 403
[ERROR][17:27:06] [Tracker][c0nsume.me]: statusCode = 400
[ERROR][17:27:06] [Tracker][ogar-tracker.tk]: statusCode = 403
[ERROR][17:27:06] [Tracker][c0nsume.me]: statusCode = 400
[ERROR][17:27:17] [Tracker][ogar-tracker.tk]: statusCode = 403
[ERROR][17:27:17] [Tracker][c0nsume.me]: statusCode = 400
[ERROR][17:27:17] [Tracker][ogar-tracker.tk]: statusCode = 403
[ERROR][17:27:17] [Tracker][c0nsume.me]: statusCode = 400
[ERROR][17:27:17] [Tracker][c0nsume.me]: statusCode = 400
[ERROR][17:27:17] [Tracker][ogar-tracker.tk]: statusCode = 403
[ERROR][17:27:17] [Tracker][c0nsume.me]: statusCode = 400
[ERROR][17:27:25] [Tracker][ogar-tracker.tk]: Error: connect ETIMEDOUT 195.20.46.84:80
[ERROR][17:27:28] [Tracker][c0nsume.me]: statusCode = 400
[ERROR][17:27:28] [Tracker][ogar-tracker.tk]: statusCode = 403
[ERROR][17:27:29] [Tracker][ogar-tracker.tk]: statusCode = 403
[ERROR][17:27:29] [Tracker][c0nsume.me]: statusCode = 400
[ERROR][17:27:29] [Tracker][ogar-tracker.tk]: statusCode = 403
[ERROR][17:27:29] [Tracker][c0nsume.me]: statusCode = 400
[ERROR][17:27:29] [Tracker][ogar-tracker.tk]: statusCode = 403
[ERROR][17:27:29] [Tracker][c0nsume.me]: statusCode = 400
[ERROR][17:27:36] [Tracker][ogar-tracker.tk]: Error: connect ETIMEDOUT 195.20.46.84:80
[ERROR][17:27:37] [Tracker][ogar-tracker.tk]: Error: connect ETIMEDOUT 195.20.46.84:80
[ERROR][17:27:40] [Tracker][c0nsume.me]: statusCode = 400
[ERROR][17:27:40] [Tracker][ogar-tracker.tk]: statusCode = 403
[ERROR][17:27:40] [Tracker][c0nsume.me]: statusCode = 400
[ERROR][17:27:40] [Tracker][ogar-tracker.tk]: statusCode = 403
[ERROR][17:27:40] [Tracker][ogar-tracker.tk]: statusCode = 403
[ERROR][17:27:40] [Tracker][c0nsume.me]: statusCode = 400
[ERROR][17:27:40] [Tracker][ogar-tracker.tk]: statusCode = 403
[ERROR][17:27:40] [Tracker][c0nsume.me]: statusCode = 400
[ERROR][17:27:48] [Tracker][ogar-tracker.tk]: Error: connect ETIMEDOUT 195.20.46.84:80
[NONE ][17:27:50] DISCONNECTED 127.0.0.1:34943, code: 1000, reason: "", name: "DeezNuts"
[ERROR][17:27:51] [Tracker][c0nsume.me]: statusCode = 400
[ERROR][17:27:51] [Tracker][ogar-tracker.tk]: statusCode = 403
[ERROR][17:27:52] [Tracker][ogar-tracker.tk]: statusCode = 403
[ERROR][17:27:52] [Tracker][c0nsume.me]: statusCode = 400
[ERROR][17:27:52] [Tracker][ogar-tracker.tk]: statusCode = 403
[ERROR][17:27:52] [Tracker][c0nsume.me]: statusCode = 400
[ERROR][17:27:52] [Tracker][ogar-tracker.tk]: statusCode = 403
[ERROR][17:27:52] [Tracker][c0nsume.me]: statusCode = 400
[ERROR][17:28:03] [Tracker][c0nsume.me]: statusCode = 400
[ERROR][17:28:03] [Tracker][ogar-tracker.tk]: statusCode = 403
[ERROR][17:28:03] [Tracker][ogar-tracker.tk]: statusCode = 403
[ERROR][17:28:03] [Tracker][c0nsume.me]: statusCode = 400
[ERROR][17:28:03] [Tracker][c0nsume.me]: statusCode = 400
[ERROR][17:28:03] [Tracker][ogar-tracker.tk]: statusCode = 403
[ERROR][17:28:03] [Tracker][ogar-tracker.tk]: statusCode = 403
[ERROR][17:28:03] [Tracker][c0nsume.me]: statusCode = 400
[ERROR][17:28:15] [Tracker][c0nsume.me]: statusCode = 400
[ERROR][17:28:15] [Tracker][ogar-tracker.tk]: statusCode = 403
[ERROR][17:28:15] [Tracker][ogar-tracker.tk]: statusCode = 403
[ERROR][17:28:15] [Tracker][c0nsume.me]: statusCode = 400
[ERROR][17:28:15] [Tracker][ogar-tracker.tk]: statusCode = 403
[ERROR][17:28:15] [Tracker][c0nsume.me]: statusCode = 400
[ERROR][17:28:15] [Tracker][ogar-tracker.tk]: statusCode = 403
[ERROR][17:28:15] [Tracker][c0nsume.me]: statusCode = 400
[ERROR][17:28:26] [Tracker][c0nsume.me]: statusCode = 400
[ERROR][17:28:26] [Tracker][ogar-tracker.tk]: statusCode = 403
[ERROR][17:28:26] [Tracker][c0nsume.me]: statusCode = 400
[ERROR][17:28:26] [Tracker][ogar-tracker.tk]: statusCode = 403
[ERROR][17:28:26] [Tracker][c0nsume.me]: statusCode = 400
[ERROR][17:28:26] [Tracker][ogar-tracker.tk]: statusCode = 403
[ERROR][17:28:26] [Tracker][c0nsume.me]: statusCode = 400
[ERROR][17:28:38] [Tracker][c0nsume.me]: statusCode = 400
[ERROR][17:28:38] [Tracker][ogar-tracker.tk]: statusCode = 403
[ERROR][17:28:38] [Tracker][ogar-tracker.tk]: statusCode = 403
[ERROR][17:28:38] [Tracker][c0nsume.me]: statusCode = 400
[ERROR][17:28:38] [Tracker][ogar-tracker.tk]: statusCode = 403
[ERROR][17:28:38] [Tracker][c0nsume.me]: statusCode = 400
[ERROR][17:28:38] [Tracker][ogar-tracker.tk]: statusCode = 403
[ERROR][17:28:38] [Tracker][c0nsume.me]: statusCode = 400
[ERROR][17:28:49] [Tracker][c0nsume.me]: statusCode = 400
[ERROR][17:28:49] [Tracker][ogar-tracker.tk]: statusCode = 403
[ERROR][17:28:49] [Tracker][ogar-tracker.tk]: statusCode = 403
[ERROR][17:28:49] [Tracker][c0nsume.me]: statusCode = 400
[ERROR][17:28:49] [Tracker][ogar-tracker.tk]: statusCode = 403
[ERROR][17:28:49] [Tracker][c0nsume.me]: statusCode = 400
[ERROR][17:28:49] [Tracker][c0nsume.me]: statusCode = 400
[ERROR][17:28:50] [Tracker][ogar-tracker.tk]: statusCode = 403
[ERROR][17:28:57] [Tracker][ogar-tracker.tk]: Error: connect ETIMEDOUT 195.20.46.84:80
[ERROR][17:29:01] [Tracker][ogar-tracker.tk]: statusCode = 403
[ERROR][17:29:01] [Tracker][c0nsume.me]: statusCode = 400
[ERROR][17:29:01] [Tracker][ogar-tracker.tk]: statusCode = 403
[ERROR][17:29:01] [Tracker][c0nsume.me]: statusCode = 400
[ERROR][17:29:01] [Tracker][ogar-tracker.tk]: statusCode = 403
[ERROR][17:29:01] [Tracker][c0nsume.me]: statusCode = 400
[ERROR][17:29:01] [Tracker][ogar-tracker.tk]: statusCode = 403
[ERROR][17:29:01] [Tracker][c0nsume.me]: statusCode = 400
[ERROR][17:29:12] [Tracker][ogar-tracker.tk]: statusCode = 403
[ERROR][17:29:12] [Tracker][c0nsume.me]: statusCode = 400
[ERROR][17:29:12] [Tracker][ogar-tracker.tk]: statusCode = 403
[ERROR][17:29:12] [Tracker][c0nsume.me]: statusCode = 400
[ERROR][17:29:12] [Tracker][c0nsume.me]: statusCode = 400
[ERROR][17:29:12] [Tracker][ogar-tracker.tk]: statusCode = 403
[ERROR][17:29:12] [Tracker][c0nsume.me]: statusCode = 400
[ERROR][17:29:24] [Tracker][c0nsume.me]: statusCode = 400
[ERROR][17:29:24] [Tracker][ogar-tracker.tk]: statusCode = 403
[ERROR][17:29:24] [Tracker][c0nsume.me]: statusCode = 400
[ERROR][17:29:24] [Tracker][ogar-tracker.tk]: statusCode = 403
[ERROR][17:29:24] [Tracker][c0nsume.me]: statusCode = 400
[ERROR][17:29:24] [Tracker][ogar-tracker.tk]: statusCode = 403
[ERROR][17:29:24] [Tracker][c0nsume.me]: statusCode = 400
[ERROR][17:29:35] [Tracker][c0nsume.me]: statusCode = 400
[ERROR][17:29:35] [Tracker][ogar-tracker.tk]: statusCode = 403
[ERROR][17:29:35] [Tracker][ogar-tracker.tk]: statusCode = 403
[ERROR][17:29:35] [Tracker][c0nsume.me]: statusCode = 400
[ERROR][17:29:35] [Tracker][ogar-tracker.tk]: statusCode = 403
[ERROR][17:29:35] [Tracker][c0nsume.me]: statusCode = 400
[ERROR][17:29:35] [Tracker][ogar-tracker.tk]: statusCode = 403
[ERROR][17:29:35] [Tracker][c0nsume.me]: statusCode = 400
[ERROR][17:29:43] [Tracker][ogar-tracker.tk]: Error: connect ETIMEDOUT 195.20.46.84:80
[ERROR][17:29:47] [Tracker][c0nsume.me]: statusCode = 400
[ERROR][17:29:47] [Tracker][ogar-tracker.tk]: statusCode = 403
[ERROR][17:29:47] [Tracker][ogar-tracker.tk]: statusCode = 403
[ERROR][17:29:47] [Tracker][c0nsume.me]: statusCode = 400
[ERROR][17:29:47] [Tracker][ogar-tracker.tk]: statusCode = 403
[ERROR][17:29:47] [Tracker][c0nsume.me]: statusCode = 400
[ERROR][17:29:47] [Tracker][ogar-tracker.tk]: statusCode = 403
[ERROR][17:29:47] [Tracker][c0nsume.me]: statusCode = 400
[ERROR][17:29:55] [Tracker][ogar-tracker.tk]: Error: connect ETIMEDOUT 195.20.46.84:80
[ERROR][17:29:58] [Tracker][c0nsume.me]: statusCode = 400
[ERROR][17:29:58] [Tracker][ogar-tracker.tk]: statusCode = 403
[ERROR][17:29:58] [Tracker][ogar-tracker.tk]: statusCode = 403
[ERROR][17:29:58] [Tracker][c0nsume.me]: statusCode = 400
[ERROR][17:29:58] [Tracker][ogar-tracker.tk]: statusCode = 403
[ERROR][17:29:58] [Tracker][c0nsume.me]: statusCode = 400
[ERROR][17:29:58] [Tracker][c0nsume.me]: statusCode = 400
[ERROR][17:30:00] [Tracker][ogar-tracker.tk]: statusCode = 403
[ERROR][17:30:10] [Tracker][c0nsume.me]: statusCode = 400
[ERROR][17:30:10] [Tracker][ogar-tracker.tk]: statusCode = 403
[ERROR][17:30:10] [Tracker][ogar-tracker.tk]: statusCode = 403
[ERROR][17:30:10] [Tracker][c0nsume.me]: statusCode = 400
[ERROR][17:30:10] [Tracker][ogar-tracker.tk]: statusCode = 403
[ERROR][17:30:10] [Tracker][c0nsume.me]: statusCode = 400
[ERROR][17:30:10] [Tracker][ogar-tracker.tk]: statusCode = 403
[ERROR][17:30:10] [Tracker][c0nsume.me]: statusCode = 400
[ERROR][17:30:21] [Tracker][c0nsume.me]: statusCode = 400
[ERROR][17:30:21] [Tracker][ogar-tracker.tk]: statusCode = 403
[ERROR][17:30:21] [Tracker][ogar-tracker.tk]: statusCode = 403
[ERROR][17:30:21] [Tracker][c0nsume.me]: statusCode = 400
[ERROR][17:30:21] [Tracker][ogar-tracker.tk]: statusCode = 403
[ERROR][17:30:21] [Tracker][c0nsume.me]: statusCode = 400
[ERROR][17:30:21] [Tracker][ogar-tracker.tk]: statusCode = 403
[ERROR][17:30:22] [Tracker][c0nsume.me]: statusCode = 400
[ERROR][17:30:33] [Tracker][c0nsume.me]: statusCode = 400
[ERROR][17:30:33] [Tracker][c0nsume.me]: statusCode = 400
[ERROR][17:30:33] [Tracker][ogar-tracker.tk]: statusCode = 403
[ERROR][17:30:33] [Tracker][c0nsume.me]: statusCode = 400
[ERROR][17:30:33] [Tracker][ogar-tracker.tk]: statusCode = 403
[ERROR][17:30:33] [Tracker][c0nsume.me]: statusCode = 400
[ERROR][17:30:33] [Tracker][ogar-tracker.tk]: statusCode = 403
[ERROR][17:30:40] [Tracker][ogar-tracker.tk]: statusCode = 403
[ERROR][17:30:44] [Tracker][ogar-tracker.tk]: statusCode = 403
[ERROR][17:30:44] [Tracker][c0nsume.me]: statusCode = 400
[ERROR][17:30:44] [Tracker][c0nsume.me]: statusCode = 400
[ERROR][17:30:44] [Tracker][ogar-tracker.tk]: statusCode = 403
[ERROR][17:30:44] [Tracker][c0nsume.me]: statusCode = 400
[ERROR][17:30:45] [Tracker][ogar-tracker.tk]: statusCode = 403
[ERROR][17:30:45] [Tracker][c0nsume.me]: statusCode = 400
[ERROR][17:30:56] [Tracker][c0nsume.me]: statusCode = 400
[ERROR][17:30:56] [Tracker][ogar-tracker.tk]: statusCode = 403
[ERROR][17:30:56] [Tracker][ogar-tracker.tk]: statusCode = 403
[ERROR][17:30:56] [Tracker][c0nsume.me]: statusCode = 400
[ERROR][17:30:56] [Tracker][ogar-tracker.tk]: statusCode = 403
[ERROR][17:30:56] [Tracker][ogar-tracker.tk]: statusCode = 403
[ERROR][17:30:56] [Tracker][c0nsume.me]: statusCode = 400
[ERROR][17:30:56] [Tracker][c0nsume.me]: statusCode = 400
[ERROR][17:31:07] [Tracker][c0nsume.me]: statusCode = 400
[ERROR][17:31:07] [Tracker][ogar-tracker.tk]: statusCode = 403
[ERROR][17:31:07] [Tracker][ogar-tracker.tk]: statusCode = 403
[ERROR][17:31:07] [Tracker][c0nsume.me]: statusCode = 400
[ERROR][17:31:07] [Tracker][ogar-tracker.tk]: statusCode = 403
[ERROR][17:31:07] [Tracker][c0nsume.me]: statusCode = 400
[ERROR][17:31:08] [Tracker][ogar-tracker.tk]: statusCode = 403
[ERROR][17:31:08] [Tracker][c0nsume.me]: statusCode = 400
[ERROR][17:31:15] [Tracker][ogar-tracker.tk]: Error: connect ETIMEDOUT 195.20.46.84:80
[ERROR][17:31:19] [Tracker][c0nsume.me]: statusCode = 400
[ERROR][17:31:19] [Tracker][c0nsume.me]: statusCode = 400
[ERROR][17:31:19] [Tracker][c0nsume.me]: statusCode = 400
[ERROR][17:31:19] [Tracker][ogar-tracker.tk]: statusCode = 403
[ERROR][17:31:19] [Tracker][ogar-tracker.tk]: statusCode = 403
[ERROR][17:31:19] [Tracker][ogar-tracker.tk]: statusCode = 403
[ERROR][17:31:19] [Tracker][c0nsume.me]: statusCode = 400
[ERROR][17:31:30] [Tracker][c0nsume.me]: statusCode = 400
[ERROR][17:31:30] [Tracker][ogar-tracker.tk]: statusCode = 403
[ERROR][17:31:30] [Tracker][ogar-tracker.tk]: statusCode = 403
[ERROR][17:31:30] [Tracker][c0nsume.me]: statusCode = 400
[ERROR][17:31:31] [Tracker][ogar-tracker.tk]: statusCode = 403
[ERROR][17:31:31] [Tracker][c0nsume.me]: statusCode = 400
[ERROR][17:31:31] [Tracker][ogar-tracker.tk]: statusCode = 403
[ERROR][17:31:31] [Tracker][c0nsume.me]: statusCode = 400
[ERROR][17:31:42] [Tracker][c0nsume.me]: statusCode = 400
[ERROR][17:31:42] [Tracker][ogar-tracker.tk]: statusCode = 403
[ERROR][17:31:42] [Tracker][c0nsume.me]: statusCode = 400
[ERROR][17:31:42] [Tracker][ogar-tracker.tk]: statusCode = 403
[ERROR][17:31:42] [Tracker][c0nsume.me]: statusCode = 400
[ERROR][17:31:42] [Tracker][ogar-tracker.tk]: statusCode = 403
[ERROR][17:31:42] [Tracker][c0nsume.me]: statusCode = 400
[ERROR][17:31:50] [Tracker][ogar-tracker.tk]: Error: connect ETIMEDOUT 195.20.46.84:80
